PollenDist	MaxPollenDist	WDivFathers
4.2910104	11.066817	0.45454547
11.609189	41.88431	0.14
7.671652	16.34814	0.2231405
13.900149	20.735798	0.1875
13.204524	25.669027	0.13609467
17.30594	23.13388	0.53125
6.7847433	28.428427	0.30612245
15.590193	22.627417	0.21875
11.153773	24.273045	0.2755102
21.700296	22.311398	0.5
NaN	0.0	NaN
11.920695	17.970339	0.20987654
9.416394	25.563507	0.33333334
10.650468	16.52005	0.3125
11.661302	17.855394	0.2244898
11.41253	28.180372	0.2244898
11.0099325	22.627417	0.3125
12.901133	36.39621	0.22727273
9.455855	22.892227	0.30612245
15.098109	27.388493	0.22222222
15.58517	27.11838	0.2
22.559671	77.418564	0.42011833
14.046765	40.108852	0.17580341
4.9089484	13.355662	0.328125
8.143031	22.516575	0.5510204
7.4720087	8.599877	0.5
13.328723	32.3975	0.16444445
5.5163965	20.958067	0.20634921
10.969159	18.66582	0.26
5.02667	11.682433	0.5972222
10.469043	27.374722	0.19723183
12.820146	22.759506	0.21893491
11.793928	21.85565	0.135
22.809893	45.821667	0.25333333
14.267478	28.412327	0.38271606
4.7005944	8.386045	0.3877551
17.812246	53.240414	0.15088758
11.464765	27.922775	0.33333334
4.824148	17.313002	0.30864197
16.142025	20.17539	0.22
2.8721814	20.58596	0.63580245
9.553741	9.553741	1.0
16.675367	33.26796	0.203125
8.465456	15.0795555	0.24
45.24501	66.979904	0.5
13.730037	27.865196	0.24260356
10.282067	21.097141	0.19526628
4.83241	16.742886	0.375
14.233356	31.36963	0.25925925
8.210271	8.210271	1.0
15.196533	15.196533	1.0
10.196144	14.380913	0.25
8.896947	21.05412	0.34911242
14.816288	37.50749	0.375
4.3828583	12.063652	0.3888889
12.71064	17.535728	0.625
10.688339	25.88455	0.23545706
10.731134	40.314045	0.15432099
12.698264	20.843344	0.25619835
11.052425	21.397991	0.2231405
15.021595	29.626661	0.10743801
4.8780107	16.351944	0.59375
17.348967	33.398914	0.4814815
10.551061	26.634705	0.42222223
5.337233	25.279188	0.42
24.39315	32.649837	0.20987654
13.7218275	18.823648	0.22222222
10.951094	15.360343	0.38271606
9.682308	10.722088	0.36
9.017777	12.780277	0.30578512
11.014288	31.063986	0.28994083
10.304741	19.907589	0.3472222
16.076275	28.230143	0.21893491
14.342029	19.842731	0.33333334
6.6302557	25.335379	0.59375
15.65953	23.862537	0.16863905
4.926788	27.493402	0.2857143
4.6734986	4.756558	0.7222222
11.580565	24.475851	0.28125
6.709014	10.9038315	0.40625
4.740431	10.105415	0.553719
7.8065057	15.958999	0.3472222
15.0736265	22.944685	0.24
28.1294	49.770855	0.18367347
21.87924	67.33677	0.20408164
18.709213	32.258007	0.375
5.587853	14.132767	0.28
13.809428	22.551264	0.2345679
10.378733	17.403725	0.25443786
11.7218	21.257467	0.171875
11.446889	22.402205	0.375
7.1710043	20.949825	0.625
13.015294	26.087406	0.25
11.388818	29.30859	0.21875
3.8962014	10.025157	0.3888889
8.539064	15.8947315	0.34375
8.846049	17.388996	0.625
12.369265	42.026695	0.21875
8.599877	8.599877	1.0
6.2425265	28.750284	0.75510204
11.940113	25.311886	0.30246913
4.4749737	11.953871	0.24489796
3.5712113	5.438115	0.5
11.506236	22.113916	0.328125
10.242671	10.669322	0.625
13.427198	25.380098	0.18518518
10.544102	24.675737	0.25619835
12.335415	13.945213	0.36
10.745297	30.603241	0.5
6.7820344	17.897112	0.29777777
10.668934	24.84026	0.2249135
17.250217	31.687107	0.16666667
7.2157736	33.260696	0.5555556
11.662879	16.615875	0.5
13.165211	18.516457	0.20987654
12.21449	19.710073	0.23966943
9.290214	20.898176	0.2231405
18.718994	41.394287	0.16
8.383885	20.744543	0.22222222
2.0745623	2.0745623	1.0
3.6780865	18.614435	0.80246913
11.269539	15.031693	0.2132964
7.600635	20.34941	0.14127424
6.455368	22.228428	0.5644444
18.641125	34.110764	0.147929
3.0842373	6.7062497	0.5822222
4.2276216	4.2276216	1.0
15.255623	31.586273	0.3265306
6.7497983	12.949306	0.37190083
7.300272	15.219984	0.4375
17.761877	23.366198	0.375
9.567444	19.607475	0.2318339
9.556118	20.523178	0.36888888
8.079486	11.234532	0.3888889
5.1085777	9.964002	0.80246913
12.689415	24.447025	0.16262975
18.21775	26.242197	0.36
6.2799525	9.4932995	0.3877551
5.030406	18.328932	0.31944445
4.8923397	9.704441	0.34375
17.576397	42.605396	0.147929
14.9774	16.615875	0.5
24.374754	27.785637	0.35180056
9.427051	22.777565	0.26530612
14.589132	32.0087	0.18343195
5.1474543	17.893072	0.37
32.496998	51.559692	0.33333334
10.331618	19.4563	0.34911242
8.419779	42.290012	0.22437674
6.9167085	23.443062	0.5401662
14.111165	14.111165	1.0
9.492122	24.65439	0.31944445
11.525702	11.525702	1.0
13.561876	17.7362	0.5
12.1123	22.015991	0.5
11.969064	14.5707855	0.44
8.125076	30.625612	0.5078125
11.176502	26.72183	0.28395063
23.80154	23.840586	0.5
9.959232	16.746124	0.18
6.987447	17.821722	0.82
7.6109962	16.731401	0.30612245
13.362106	29.12156	0.21875
12.383809	37.354034	0.2777778
5.132123	8.96272	0.25925925
17.937922	46.457047	0.20987654
8.153343	13.945213	0.28125
10.177381	28.635166	0.3877551
5.804022	22.54766	0.38271606
14.927708	42.118618	0.27272728
6.9756527	22.352243	0.63434905
4.4370675	6.95077	0.3877551
7.9749813	15.340157	0.20661157
17.71991	46.691048	0.13573407
6.7889028	14.643529	0.147929
16.058485	21.736221	0.24385633
15.500486	50.078304	0.255
9.6719475	32.11158	0.43758574
17.880919	28.515812	0.1875
8.146836	14.64713	0.24
18.598274	32.734386	0.2777778
7.763473	8.875461	0.53846157
6.6865063	18.14804	0.3148148
7.2717257	18.186666	0.21487603
7.562924	16.857244	0.36734694
18.275665	27.016905	0.16323732
4.92783	17.972775	0.3877551
9.55797	21.483435	0.22222222
16.936186	45.613842	0.24489796
14.3256645	33.356358	0.25
7.504126	20.644737	0.235
5.92944	23.986406	0.43209878
8.4064455	26.490229	0.23469388
17.322166	28.50809	0.25
11.917076	30.115362	0.5555556
19.26276	44.603703	0.13777778
8.367598	30.336267	0.26530612
10.878888	46.7122	0.28531855
11.195556	22.401709	0.33333334
10.413034	18.186342	0.42857143
25.431244	25.431244	1.0
14.026863	27.176193	0.33333334
6.0861764	41.56796	0.26222223
6.086555	9.236809	0.46938777
6.8535247	19.589539	0.23555556
15.40425	42.661076	0.1122449
17.548328	59.88237	0.10034602
11.267931	34.493565	0.2299169
11.001707	24.775692	0.18367347
10.885805	33.268322	0.31855956
15.9095125	45.33478	0.34
11.712959	31.047304	0.30612245
8.470028	31.534292	0.12465374
2.481438	2.90538	0.625
17.081957	50.369156	0.26530612
6.4453545	16.900393	0.328125
7.6616473	8.778689	0.28994083
17.1652	51.076317	0.3580247
6.210397	15.920376	0.46875
9.018567	19.013285	0.3422222
7.880949	13.72862	0.30666667
3.4679704	8.398989	0.3125
8.01725	18.406427	0.3696145
5.7307534	16.843243	0.32444444
13.214023	25.299917	0.3125
11.486568	17.534374	0.5
4.6532874	15.192608	0.4814815
5.7306705	22.740475	0.32
12.932632	15.724188	0.28
5.6592846	10.408412	0.375
10.167891	18.279152	0.25
16.115864	27.70505	0.2244898
10.040679	17.705154	0.27272728
31.905832	45.28304	0.26
18.137684	37.298172	0.21875
15.155	21.92817	0.5
15.361158	29.85319	0.5
10.446414	42.984768	0.26
10.712434	31.021538	0.22222222
9.899141	30.141352	0.24
6.816761	10.696776	0.33333334
19.25396	35.82709	0.19444445
9.882383	23.305164	0.22666667
11.546717	24.837233	0.4375
7.418254	22.045235	0.24
15.848396	28.543741	0.18367347
20.23436	21.111082	0.625
13.3831215	25.20035	0.25
20.698374	41.176876	0.12
10.381474	30.456154	0.147929
14.411954	19.0961	0.36
5.5284405	10.607665	0.5
27.581942	77.8237	0.22437674
8.113686	13.910683	0.21777777
5.7713275	25.500896	0.29777777
11.20923	28.019762	0.18
20.897413	22.777565	0.3877551
11.286958	26.2809	0.2781065
8.683628	23.847506	0.338843
7.369802	12.3100605	0.26530612
16.325645	22.258396	0.25
22.321516	34.498215	0.2777778
20.586403	55.67166	0.2777778
9.209389	17.223108	0.16955018
12.001454	32.21099	0.22
6.5317383	14.304725	0.2781065
7.270484	10.426842	0.5
10.893198	42.430416	0.45454547
9.28009	25.997665	0.2755102
20.306614	24.388672	0.5
18.192736	29.833836	0.36
9.0683	19.866642	0.24
9.135444	9.135444	1.0
9.087586	18.34425	0.36094674
6.2608995	11.095104	0.23966943
13.337275	36.223743	0.18
2.8783412	2.8783412	1.0
15.180935	30.172956	0.25
15.912553	61.188408	0.1734694
10.925862	15.427041	0.375
10.308496	13.816031	0.25925925
41.36408	53.18729	0.5
NaN	0.0	NaN
11.615987	29.084171	0.16
4.2705584	4.2705584	1.0
15.645978	29.212055	0.33333334
9.469689	19.348131	0.23076923
7.134247	12.03469	0.33333334
14.569737	25.33652	0.23076923
13.271182	30.336267	0.23966943
6.282596	22.612923	0.31555554
7.2868147	14.949939	0.20221607
9.04841	15.317954	0.5
13.916945	27.883686	0.24444444
15.697718	27.351881	0.5
7.8196917	23.70537	0.29591838
19.74438	24.65439	0.5
16.200335	32.82746	0.15192744
11.829448	19.871819	0.2421875
7.508829	20.6951	0.20987654
9.705831	13.129271	0.33333334
12.847899	38.985676	0.30103806
14.800721	35.454273	0.21875
3.2672446	8.8696785	0.3422222
14.99943	25.370844	0.19526628
9.115278	23.676485	0.203125

12.551373	33.10054	0.2109375
7.254753	16.0	0.43801653
11.2636175	32.10439	0.125
11.512263	22.627417	0.40625
11.8298645	17.113878	0.2361111
12.14513	23.7576	0.33333334
6.908219	28.543524	0.2777778
14.339486	22.836422	0.5555556
16.878527	30.700392	0.4375
10.308623	29.026896	0.32
7.2732606	14.033501	0.22222222
5.160351	32.613445	0.265
10.789698	35.77709	0.2888889
NaN	0.0	NaN
5.1410847	17.759672	0.40484428
22.411129	62.60184	0.21875
13.32636	42.461388	0.2733564
15.232631	16.0	0.5
15.031275	48.73738	0.2231405
9.014441	26.220036	0.34375
8.972229	8.972229	1.0
11.267399	35.651196	0.7174515
9.285406	19.68467	0.5
23.43126	36.85113	0.31632653
12.761949	51.104828	0.195
10.67861	45.033092	0.17451523
10.001077	10.001077	1.0
1.7493333	1.7493333	1.0
5.9956856	18.163734	0.33333334
11.692838	17.893261	0.22222222
15.532283	25.098394	0.30612245
9.638896	29.199455	0.23875433
4.17751	6.8219857	0.4602076
8.409923	45.143078	0.4609375
13.098678	37.770405	0.25619835
7.026085	35.925827	0.2345679
14.023129	21.096914	0.33333334
19.00344	27.969505	0.28125
9.032261	13.603575	0.3125
3.8520885	11.799196	0.28125
6.097053	12.75188	0.22222222
9.367462	20.749378	0.4027778
15.182739	22.182032	0.375
11.493675	16.506756	0.34375
3.2586815	7.66856	0.47530866
15.508777	36.444168	0.16
17.080175	20.177692	0.2777778
10.62649	27.085148	0.21005917
10.748618	17.109901	0.33333334
29.459343	43.74618	0.25
11.089844	17.845678	0.30612245
18.377293	30.266268	0.16
6.0759616	28.225779	0.7222222
17.91282	25.850098	0.37777779
6.720227	9.234513	0.27272728
15.696682	27.490185	0.15555556
10.202934	25.010328	0.32
16.699211	46.253723	0.375
10.040667	25.225924	0.22569445
14.885422	27.285202	0.375
11.9820795	30.267685	0.31944445
9.494819	17.632296	0.2421875
24.158098	47.789894	0.19008264
27.068542	40.49879	0.5555556
5.467566	20.094412	0.7222222
6.734186	14.788349	0.23966943
9.810477	66.079346	0.25333333
16.9316	27.142452	0.2777778
7.1845846	17.887774	0.28994083
14.231299	17.840454	0.625
10.101649	28.415222	0.32544377
16.964943	38.731518	0.25
2.6178906	9.856749	0.6234568
17.339886	28.026474	0.25
17.074263	30.03068	0.2244898
7.8451614	26.35381	0.21604939
21.539577	21.539577	1.0
6.126394	19.749924	0.4814815
14.971919	43.24144	0.25
36.44804	56.178627	0.2345679
9.598682	14.792389	0.28
12.389279	31.74198	0.20408164
5.1255593	11.309788	0.3
26.211216	53.00421	0.28
8.125693	23.101343	0.22222222
10.038616	22.661127	0.3359375
6.896619	22.41093	0.28125
6.0217113	27.272318	0.21604939
7.733676	12.721213	0.1875
7.3456388	12.6924	0.2265625
3.4769173	8.136452	0.535
7.038514	19.109089	0.37278107
13.834284	18.373346	0.30612245
1.6348099	7.1905136	0.76
12.407428	26.742912	0.22222222
12.823099	18.51973	0.3
6.1497636	18.830736	0.2465374
20.576216	30.166946	0.41836736
9.956034	12.833839	0.46875
5.874349	12.974163	0.26222223
4.2865524	13.773324	0.4338843
8.423895	23.047384	0.44
13.041713	22.600065	0.33333334
14.650702	41.999207	0.20888889
16.055592	27.78335	0.2244898
10.042904	10.042904	1.0
14.500346	48.90315	0.16955018
19.451128	37.317635	0.5
9.041275	13.469187	0.2244898
8.232852	47.41392	0.34438777
7.461891	13.10285	0.375
5.9601903	10.108477	0.2231405
15.760169	24.829422	0.18367347
6.5130944	9.529063	0.28395063
11.185937	32.363293	0.375
7.50159	33.763813	0.23555556
22.594023	45.850994	0.34375
6.9850354	22.448868	0.18595041
7.261537	16.941391	0.3877551
16.10448	28.661161	0.28
12.508451	22.409616	0.28
8.363022	17.940636	0.22
12.624172	27.182669	0.13777778
15.952067	24.044228	0.19526628
20.716482	38.12037	0.34
14.347785	28.256895	0.20987654
15.956255	19.589787	0.5
24.613623	36.449207	0.18055555
15.769927	15.769927	1.0
7.9870615	23.35036	0.385
7.152213	7.1522136	1.0
11.636962	18.277023	0.3877551
12.858358	27.95975	0.2734375
20.094982	21.50073	0.5
8.698826	9.367031	0.73964494
10.156114	15.143723	0.20987654
4.1199684	4.6323237	0.75510204
19.74024	42.654213	0.28
10.68453	22.126028	0.13265306
1.2302042	1.490759	0.6632653
21.578892	37.445763	0.25
11.120559	20.996466	0.30612245
19.813297	21.556362	0.33333334
8.678502	14.115082	0.375
13.196537	17.786247	0.23966943
13.2525835	21.709229	0.19727892
13.430756	22.052769	0.32
12.233926	35.536926	0.25443786
15.462845	37.588806	0.2777778
14.865555	27.781006	0.2244898
9.7997875	44.360195	0.20408164
4.987154	14.518742	0.25
19.815609	30.373915	0.5
8.720467	26.986069	0.2755102
19.009491	44.08903	0.14197531
13.239261	34.284927	0.28
6.240601	7.7162566	0.57024795
10.472412	18.381208	0.2777778
9.870583	49.159386	0.24305555
10.52305	45.543633	0.34
14.909691	27.166185	0.33333334
7.576484	8.748451	0.5
19.620852	32.31624	0.28395063
13.374978	37.246773	0.25510204
11.843128	21.80517	0.3888889
9.255336	16.689816	0.2345679
8.542114	17.696947	0.1484375
10.626175	10.626175	1.0
10.292437	37.10348	0.3511111
5.6136	13.725386	0.28994083
12.7211685	39.38279	0.3125
9.1074095	19.468395	0.3888889
4.5650835	9.161298	0.52
11.421634	15.336702	0.3888889
5.0719085	17.865587	0.22222222
15.871325	25.843224	0.5
26.720991	29.754347	0.5
18.68747	31.686403	0.26530612
14.090114	29.215368	0.1388889
NaN	0.0	NaN
20.89675	31.376627	0.18
17.020937	23.684568	0.10743801
5.9782047	9.414842	0.20833333
7.1679306	32.079735	0.5147929
9.039265	18.38411	0.44
10.700684	19.230982	0.38271606
16.277456	32.30136	0.2892562
9.991911	16.713717	0.26530612
7.038324	8.766257	0.375
7.989114	16.580103	0.25
8.582358	20.288305	0.20661157
11.906635	13.017005	0.34375
31.420177	35.946198	0.25
22.676056	28.384157	0.24489796
9.308067	50.711033	0.4236111
14.157819	23.204494	0.28125
6.5879426	8.967479	0.28
6.4176884	12.407855	0.4375
5.355602	6.0958223	0.42857143
9.844198	16.111525	0.22
10.292607	25.129854	0.23076923
NaN	0.0	NaN
9.295745	17.049799	0.5
16.318768	27.158188	0.26530612
10.958234	25.31139	0.26984128
9.171507	22.832966	0.18367347
21.273363	21.273363	1.0
17.94023	38.92175	0.16343491
17.739452	37.538136	0.195
26.698538	43.903233	0.13580246
8.239138	46.52033	0.359375
19.035233	26.545866	0.26530612
12.779597	25.196577	0.2662722
1.6021593	1.6021593	1.0
8.982224	12.5988655	0.3877551
17.106598	20.420307	0.5
22.885729	31.388065	0.3877551
5.0197506	21.010994	0.5644444
26.630138	34.770687	0.5
14.929213	17.24744	0.2
9.416156	22.177736	0.3877551
2.7590904	12.033953	0.66
13.908023	35.24013	0.28
11.560519	12.758472	0.82
12.379807	44.475098	0.4387755
4.5179343	9.104717	0.26222223
14.933273	22.888718	0.33333334
12.6748495	22.138165	0.3580247
14.224531	32.17354	0.16
12.594887	46.227394	0.30103806
8.628659	30.532322	0.31632653
20.419958	74.6342	0.25925925
13.6212225	30.26361	0.2777778
10.046999	30.915342	0.19008264
7.009008	37.735207	0.32544377
9.78823	11.726451	0.5
11.10659	27.121653	0.375
28.027082	28.027082	1.0
7.1255956	10.757694	0.3888889
16.721342	39.984543	0.20888889
19.550903	36.653442	0.3125
3.9030187	10.055274	0.3961219
17.487991	32.162792	0.3043478
8.535438	24.365164	0.2888889
17.334337	30.032457	0.234375
12.198477	21.280098	0.32098764
15.619024	41.933598	0.25
8.549829	44.900547	0.25694445
8.288885	9.734593	0.5
19.211887	32.833366	0.285
15.442633	25.220594	0.25619835
15.129059	22.396246	0.30612245
9.426948	14.023494	0.50617284
2.7246122	8.081125	0.7222222
7.3911734	12.167221	0.31632653
12.231789	15.794003	0.2777778
5.7717004	18.052351	0.4074074
5.0648007	14.400432	0.19444445
7.3487043	20.466703	0.285
12.3065815	24.93489	0.24
14.245422	47.397167	0.2154195
10.169122	17.158314	0.16666667
15.876376	32.94849	0.20661157
3.055337	22.028852	0.46712804
8.476523	44.482555	0.203125
16.048582	63.48125	0.25619835
13.388503	31.538307	0.25925925
7.614216	42.94051	0.45833334
15.082974	36.039253	0.155
5.0014324	7.7146606	0.28
13.295519	34.37694	0.375
5.7919073	12.670988	0.5510204
18.607697	32.022087	0.2244898
6.8607564	42.593655	0.19421488
10.982699	34.466766	0.26530612
7.314703	21.008425	0.30747923
12.933147	31.969343	0.25925925
6.2715034	22.916714	0.29639888
9.638437	11.491512	0.5
8.057205	16.498844	0.34375
6.4894457	8.063936	0.68
4.183621	8.061761	0.2777778
8.593869	20.69972	0.30555555
8.414111	13.678706	0.16666667
9.161438	36.484505	0.2231405
10.031184	14.081496	0.625
6.7391086	17.188618	0.22222222
12.308053	32.805237	0.2361111
20.565836	49.670563	0.19444445
8.138529	21.100637	0.18367347
2.585175	12.428997	0.7083333
12.428404	37.56925	0.38271606
9.3723135	34.402348	0.15646258
15.5118685	29.21073	0.16666667
5.600236	13.845382	0.82
8.7768545	13.306154	0.25925925
11.046573	25.067377	0.2265625
5.552614	16.943441	0.25619835
12.599423	22.74483	0.15306123
16.722712	46.486088	0.16666667
12.079127	36.729523	0.42
5.342238	8.796234	0.5
36.73363	70.09074	0.2299169
14.898242	23.09214	0.33333334
6.80978	7.244152	0.625
22.60948	38.583244	0.44

11.519057	18.661772	0.19727892
11.065021	18.205332	0.28
4.1912994	20.6254	0.5138889
7.775361	19.142359	0.4296875
6.49	15.694174	0.2361111
10.051121	21.403921	0.25
8.034671	30.11332	0.45454547
20.554283	22.627417	0.5555556
25.791143	47.03376	0.18
13.037064	15.24202	0.42857143
10.823483	22.500818	0.26643598
17.775898	17.775898	1.0
23.1487	32.0	0.30612245
5.235193	15.90232	0.48444444
18.892761	50.596443	0.19723183
12.609607	27.585962	0.2777778
5.152263	18.474575	0.43209878
10.198437	44.673203	0.28
14.975565	18.311966	0.32
10.556234	11.389928	0.375
7.170407	11.502444	0.20987654
16.890131	26.268236	0.28
13.370705	13.370705	1.0
9.053796	9.053796	1.0
21.079626	47.393425	0.16666667
7.1981573	28.089443	0.30612245
9.432197	23.066975	0.19031142
11.145692	31.212809	0.1640625
24.662287	61.712254	0.1388889
6.8661356	44.30493	0.37755102
NaN	0.0	NaN
5.995275	17.936775	0.203125
13.618613	22.142048	0.42857143
13.985753	18.29522	0.28395063
14.105457	26.878916	0.18518518
12.425296	20.240936	0.2638889
9.920816	16.442358	0.23875433
10.687185	10.687185	1.0
5.6725874	16.058685	0.42
13.28351	19.522886	0.28395063
9.337006	26.088234	0.2777778
8.062515	23.78436	0.18518518
19.766459	24.410906	0.25
21.419067	31.300274	0.3888889
10.184343	18.585484	0.16666667
6.5761147	14.845197	0.5510204
14.843847	25.244822	0.375
16.657377	45.78777	0.1122449
9.157559	13.393135	0.203125
12.517594	44.288483	0.18055555
24.945076	36.764774	0.29166666
13.669745	17.706694	0.33333334
21.703753	56.389626	0.15625
8.765544	15.07606	0.45833334
5.4483175	29.58435	0.38520408
6.1814256	8.9077835	0.5555556
9.353322	19.035923	0.31944445
18.519447	46.052677	0.10726643
11.841703	27.596676	0.5510204
8.474324	14.621679	0.30246913
11.792705	25.632593	0.16049382
11.353125	24.618984	0.23076923
13.708593	22.096613	0.375
12.084232	28.836016	0.15277778
9.759202	23.714468	0.18222222
16.58214	49.142906	0.17901234
25.56782	56.03867	0.16272189
26.940311	43.24528	0.24
7.5153418	16.89675	0.25925925
17.730156	50.35926	0.12802768
10.140213	22.660332	0.28125
5.853029	6.7858386	0.4876033
15.394822	40.06715	0.25
14.106028	32.48915	0.18367347
2.201049	2.201049	1.0
8.6851425	12.167688	0.30612245
8.018721	24.964693	0.52
4.1262193	10.412308	0.38271606
10.01902	16.232967	0.1875
7.903201	9.5571	0.2781065
11.811626	31.64155	0.11418685
2.8167734	2.8167734	1.0
8.561529	16.662333	0.52
7.853886	23.530548	0.20710059
9.644052	15.112869	0.20987654
10.530385	24.78244	0.2781065
7.215301	19.625957	0.3125
4.62194	14.19345	0.31944445
15.631913	32.70523	0.20661157
11.890903	16.292511	0.2345679
19.626875	29.026844	0.2231405
7.2916026	22.571512	0.19113573
21.652477	51.826103	0.21893491
11.580291	19.018988	0.17159763
9.776667	21.103077	0.3
10.182711	46.31733	0.52249134
14.952921	30.459366	0.37755102
8.937427	17.594393	0.13573407
5.1647096	13.020244	0.30612245
13.402685	21.316498	0.30612245
18.498928	27.613337	0.2244898
8.325788	12.41228	0.28395063
3.1317356	11.003308	0.6885813
9.008161	41.33676	0.21875
13.990297	39.706535	0.20888889
11.871515	24.704494	0.28994083
14.067085	20.16929	0.18367347
9.928513	24.804586	0.27160493
14.322714	33.543034	0.2249135
15.209037	36.809067	0.16444445
7.9709873	20.965134	0.32544377
6.6656866	17.562765	0.20710059
10.005731	33.116787	0.3888889
4.8473544	14.06247	0.375
6.0365195	12.240041	0.30612245
8.847301	20.655682	0.18343195
10.432027	33.801487	0.18343195
8.000618	40.904045	0.215
5.600097	10.038674	0.4074074
7.1978073	29.214693	0.35185185
2.8316934	2.8316934	1.0
7.7219276	8.919149	0.68
12.764023	30.466661	0.18055555
13.47829	28.342995	0.25925925
23.152718	47.390522	0.18
10.774967	30.203241	0.52
18.33423	18.33423	1.0
5.4253864	9.864838	0.32231405
11.11847	19.318533	0.375
4.6713395	5.9107313	0.5555556
7.9170947	31.327559	0.22569445
23.062172	52.572254	0.25623584
12.178778	14.470067	0.28
9.209899	23.63288	0.18888889
13.035299	34.21389	0.203125
27.080162	30.299713	0.375
12.046247	24.98207	0.15789473
15.644309	28.296688	0.40625
10.91306	47.49728	0.18367347
6.6121693	8.293936	0.5
16.526653	36.10838	0.20987654
9.189021	20.408842	0.2345679
15.785287	21.03201	0.5
21.02722	36.46995	0.125
21.055353	30.148975	0.2
7.495997	19.836464	0.25443786
22.087309	50.477394	0.15555556
6.738625	14.53229	0.38271606
13.827931	38.63952	0.13777778
18.976921	44.966824	0.17333333
5.2342014	13.37412	0.44378698
9.182439	17.525942	0.36
8.298458	12.657107	0.215
11.843634	43.957382	0.32544377
4.5344405	5.585781	0.5
6.700514	43.95559	0.44
22.309475	33.85812	0.43801653
11.240052	32.284508	0.1388889
2.871301	2.871301	1.0
11.356666	20.648066	0.2892562
7.147471	8.6591	0.5555556
8.977981	20.396393	0.31944445
12.901724	36.738937	0.15555556
20.987917	49.991734	0.15625
15.735664	29.568975	0.33333334
10.710153	23.136654	0.1800554
11.9978	20.439323	0.375
6.782971	22.020067	0.19008264
4.5457044	10.918379	0.30246913
17.040558	34.46719	0.16049382
14.563891	31.060728	0.26
14.0531435	21.563108	0.2244898
4.4146533	11.50337	0.5
12.362613	12.557672	0.8472222
8.6302595	48.699234	0.2265625
17.794733	56.856487	0.2638889
23.480827	29.811663	0.33333334
9.398595	18.783413	0.375
16.589165	23.85274	0.13580246
5.0067515	8.304726	0.3877551
15.178981	27.760387	0.18
2.3385036	2.3385036	1.0
2.7647543	3.272358	0.52
9.335181	14.801594	0.5555556
2.7591782	15.332351	0.76
NaN	0.0	NaN
9.891797	24.94258	0.26530612
18.319038	42.860718	0.2
7.4501023	29.666431	0.2362949
4.7665615	9.76526	0.24444444
12.056775	27.567148	0.3888889
6.881974	21.290817	0.24
14.948985	37.174393	0.30177516
13.233398	20.094288	0.3469388
7.590052	21.88007	0.5
7.991049	8.787833	0.625
18.49889	29.29003	0.5
9.8010235	13.939003	0.68
5.4258494	26.305285	0.4074074
12.168941	26.131794	0.2244898
7.7739124	20.740028	0.26643598
5.0380845	15.173934	0.27160493
3.6546485	30.523874	0.32666665
4.5108438	12.6648855	0.4814815
NaN	0.0	NaN
26.955555	38.326664	0.24567474
7.8057942	14.470067	0.3877551
12.284933	15.713465	0.25
8.84259	12.958823	0.32
8.628749	21.807615	0.4238227
6.8582053	18.550154	0.5
13.007623	14.493989	0.52
33.625782	34.710644	0.5
4.967504	4.967504	1.0
10.539803	22.692944	0.21361059
12.926183	15.694137	0.30612245
22.725208	62.08748	0.145
8.457841	12.155788	0.5555556
13.8327465	36.622517	0.21875
5.5583663	12.273	0.5555556
20.042389	32.972694	0.2345679
13.557405	34.973927	0.22085048
7.912003	11.711203	0.5
13.197001	25.572683	0.19444445
18.497072	24.381025	0.30612245
10.488836	21.41633	0.27272728
11.558859	33.002148	0.26530612
12.467586	18.21032	0.33333334
16.960814	30.861736	0.2777778
7.2602334	7.5801826	0.625
3.9740703	9.241115	0.5555556
7.4788346	15.694137	0.5
8.999706	14.075441	0.21875
13.591453	26.845634	0.2777778
19.460123	24.086922	0.14285715
5.470989	12.789139	0.28719723
43.813534	43.813534	1.0
14.976502	28.244144	0.3888889
22.646801	33.58555	0.28
13.3379545	22.044178	0.2892562
9.689025	24.016985	0.26530612
9.346528	14.253167	0.5
15.643949	24.653496	0.2
20.413534	55.000294	0.14666666
12.961099	28.24853	0.3372781
7.9080715	11.493705	0.3888889
7.591831	25.704252	0.3125
8.233048	24.229898	0.3580247
16.448332	18.987825	0.28
4.7962513	6.1094027	0.5
11.426735	28.357632	0.5555556
6.94581	11.887788	0.44
12.782282	18.334637	0.3359375
27.29688	70.70274	0.14049587
11.282919	20.209068	0.43209878
9.408094	14.462841	0.18518518
7.4706683	10.479803	0.3469388
16.96949	33.04364	0.5
27.567831	33.024117	0.33333334
10.551839	18.215603	0.3877551
16.596218	27.389704	0.28
9.09725	24.420805	0.44
15.009703	30.215206	0.28395063
12.279915	26.068495	0.13580246
19.545492	34.41299	0.21777777
6.550202	30.259283	0.2578125
5.992498	13.142429	0.30555555
8.059763	18.023233	0.2361111
22.335903	48.877396	0.20987654
15.88483	39.66466	0.171875
5.2510266	11.318605	0.5555556
11.291205	20.927433	0.5
10.816958	16.483358	0.44
20.223492	50.370815	0.265625
13.993236	17.900213	0.52
8.140079	13.421158	0.33333334
5.115886	12.159611	0.38271606
12.293071	30.289574	0.2777778
1.821339	8.022039	0.74489796
12.71207	60.42621	0.14555766
3.4923968	6.0787044	0.42857143
8.071649	14.052162	0.5
15.401693	43.136692	0.40828404
8.378546	19.194727	0.22
19.219563	52.779114	0.2244898
5.2849307	15.110028	0.2892562
2.8834884	2.8834884	1.0
17.441557	33.752205	0.25308642
6.1962423	22.238422	0.60553634
5.099077	16.305763	0.7222222
26.735502	43.972435	0.171875
10.619126	13.060326	0.2777778
4.6520863	4.6520863	1.0
16.11175	30.29666	0.22222222
9.002434	25.124538	0.2109375
6.557634	23.428493	0.4
18.444595	42.31315	0.23966943
8.654066	39.58546	0.30612245
11.767588	25.705288	0.2244898
14.670069	17.959108	0.625
6.667664	12.071753	0.2777778
9.717299	20.951496	0.26222223
5.55039	6.784153	0.5510204
28.139088	34.132797	0.21875
3.4512908	13.303233	0.43801653
20.901466	27.277327	0.2777778

21.821835	44.46204	0.3125
22.982605	43.174206	0.12396694
12.187512	34.406914	0.16897507
3.4624612	3.5552166	0.5102041
9.204769	11.928786	0.44
7.0915513	24.818924	0.29752067
14.093208	31.818651	0.205
17.328306	37.87425	0.2892562
6.820882	6.820882	1.0
9.906042	19.980349	0.3125
13.517346	23.199432	0.10743801
12.630719	65.183655	0.25619835
14.202786	26.845924	0.18
10.758257	23.40579	0.2
22.7035	40.087418	0.5
7.047774	16.255203	0.171875
6.0507455	12.237877	0.3125
24.846676	42.822918	0.5
25.643293	54.41371	0.2154195
11.35073	24.267122	0.18
18.53033	32.340904	0.1570248
8.35955	18.92567	0.44
3.857286	16.397236	0.43801653
NaN	0.0	NaN
10.540533	21.672796	0.22666667
14.488482	26.339962	0.5
6.781708	10.930746	0.5555556
8.465801	11.482529	0.24489796
13.381854	24.261314	0.1875
9.177735	21.950872	0.2638889
4.712094	13.09971	0.2107438
17.70678	30.169113	0.3469388
11.327898	19.693216	0.25
5.0960255	11.560953	0.2777778
8.890518	37.62153	0.29777777
19.887125	25.294418	0.30555555
12.639013	22.704884	0.44
9.676098	17.228897	0.21875
7.511417	15.170927	0.30612245
7.428729	29.807364	0.3511111
11.36327	27.649382	0.20987654
19.13336	35.781494	0.23469388
5.6373396	27.678192	0.63265306
13.748969	32.41325	0.1328125
21.484627	37.981865	0.13580246
10.636122	37.95442	0.18222222
6.3207784	15.962725	0.25
8.893508	23.040968	0.20833333
5.1131554	9.43764	0.625
15.495627	57.215847	0.26643598
4.0804033	8.523531	0.34375
4.995307	20.212715	0.5173611
16.374784	56.26368	0.13609467
12.685736	39.461166	0.2
5.0460296	14.496544	0.59375
16.78674	26.325565	0.6859504
19.524414	24.327192	0.5
16.000965	44.57987	0.1875
4.3107214	4.3107214	1.0
9.266323	18.434631	0.28
12.684235	14.3911915	0.28
10.218812	10.218812	1.0
6.6541467	6.762492	0.5555556
4.493692	18.822052	0.42857143
16.220976	45.205795	0.18222222
14.35755	18.581001	0.28125
13.532033	22.291176	0.1388889
11.124185	18.531616	0.34375
1.3238384	1.3238385	1.0
7.072554	15.4087715	0.3888889
6.9107	8.307267	0.5555556
15.039768	24.93563	0.24260356
6.7777143	14.255098	0.80246913
11.337633	25.722282	0.195
8.023482	31.503834	0.22666667
5.0761952	30.466562	0.64285713
4.2381296	4.2381296	1.0
12.6553955	28.479311	0.25925925
13.820311	13.820311	1.0
8.198568	32.13367	0.25951558
4.721403	13.211292	0.34375
6.9491677	17.965279	0.30555555
12.925217	29.115263	0.2
9.031332	39.133045	0.30612245
5.852533	24.361712	0.59861594
7.6462708	21.670033	0.34911242
22.878738	27.921745	0.375
17.058733	31.852198	0.15277778
8.986056	11.150206	0.26222223
16.099554	32.67527	0.21875
16.316431	29.43282	0.25619835
12.743147	37.395065	0.52
12.440147	50.911232	0.27160493
19.449383	55.772045	0.37190083
12.156912	31.255114	0.4375
13.649502	31.23532	0.25
15.560571	25.468218	0.28125
7.721609	21.102833	0.21893491
14.229264	14.229264	1.0
7.0071445	11.968084	0.30612245
6.2662477	10.67505	0.3877551
13.275616	18.308342	0.33333334
7.525348	29.78285	0.359375
11.69614	22.443844	0.20987654
13.986424	26.39774	0.13265306
10.222052	13.359682	0.32
8.367549	23.06276	0.43209878
14.41726	24.058285	0.24260356
10.066643	16.558165	0.5555556
11.345082	13.186572	0.53125
5.8464036	13.402514	0.50617284
9.26476	25.200207	0.19444445
11.301353	13.359682	0.625
6.364914	32.418583	0.3568
11.756851	20.52943	0.2892562
8.54679	15.702776	0.3888889
11.708925	20.706985	0.44
27.354424	40.17644	0.25
8.017272	13.258867	0.3553719
15.928152	35.49529	0.20775624
1.4576169	1.457617	1.0
12.798171	25.02307	0.125
6.651368	18.86424	0.22
4.4268837	14.856153	0.3877551
10.715565	13.846763	0.2638889
27.93073	41.452427	0.5
17.780447	20.68058	0.5
7.710614	10.577046	0.25619835
8.153042	8.153042	1.0
15.630671	39.70883	0.1632653
6.2357464	7.816933	0.44
3.5378342	3.5378342	1.0
14.12978	45.33708	0.2299169
10.182458	22.615211	0.2781065
9.833073	14.398716	0.28099173
12.33532	38.19485	0.2345679
12.429247	41.50131	0.4814815
7.5658083	29.096153	0.2892562
34.688847	38.858955	0.5555556
12.881213	35.14781	0.20408164
8.847884	27.152468	0.37190083
6.343397	16.205923	0.553719
15.657056	34.91471	0.335
6.9821205	21.642876	0.25
14.458925	30.43172	0.15625
14.713974	36.052456	0.22727273
8.690922	15.94671	0.375
2.9650166	6.5999737	0.68
14.503394	24.614202	0.28395063
5.8993144	26.557531	0.32879817
4.584283	25.619888	0.405
10.293669	43.45242	0.23875433
6.053269	14.145001	0.27272728
10.382084	19.17643	0.3125
2.5537767	5.459944	0.625
14.326045	32.028336	0.14
21.19148	40.547188	0.30612245
8.907024	26.862207	0.25
2.0829678	2.0829678	1.0
13.8587265	27.458694	0.3888889
19.234186	30.611864	0.22222222
21.998068	33.287548	0.31632653
14.130233	36.025757	0.5138889
5.829767	9.665391	0.3553719
18.272	38.657215	0.30612245
6.685408	23.529732	0.25
2.591746	17.395964	0.64285713
12.719635	32.25568	0.25925925
6.5518293	16.645882	0.40625
6.9275	33.217037	0.4556213
26.770933	57.55584	0.3553719
22.435432	62.66924	0.120181404
5.0219617	16.52389	0.27
10.31309	22.388222	0.23875433
7.7620945	22.76345	0.2644628
10.637358	10.637358	1.0
14.96303	33.900085	0.25925925
10.565394	35.349846	0.21604939
6.5235143	11.415858	0.625
23.4103	32.44992	0.33333334
7.335701	29.080917	0.18367347
11.884196	17.313988	0.33333334
11.651399	20.088373	0.33333334
7.5773783	34.02715	0.195
11.079433	37.877167	0.5347222
10.546568	24.902391	0.7222222
9.00467	18.736021	0.2578125
1.3238384	1.3238385	1.0
12.345212	28.983128	0.14285715
6.2979937	14.788326	0.45454547
17.51129	18.796827	0.18367347
4.3621087	24.666058	0.6643991
8.705111	28.15873	0.21301775
3.8045697	4.527296	0.43209878
6.805537	18.70328	0.18367347
10.050242	20.06135	0.33333334
12.404896	18.479906	0.25
6.1511006	13.2102165	0.41836736
19.294025	33.522663	0.14197531
6.0172095	6.0172095	1.0
6.4163437	12.753931	0.39795917
2.4808433	4.527296	0.5555556
6.989341	15.869081	0.37
17.7904	29.282572	0.26
7.775931	32.20901	0.2638889
9.4674225	16.756445	0.30612245
2.8185697	12.739502	0.75510204
14.891914	15.166547	0.5555556
10.47218	15.79328	0.30555555
8.216137	10.758096	0.33333334
11.064792	30.12496	0.1966759
13.6316395	42.081627	0.23469388
13.2745075	16.62695	0.21875
9.596928	34.945557	0.36
12.12369	33.667347	0.16444445
9.037902	28.089464	0.19526628
13.377349	47.291546	0.23469388
34.939175	42.018612	0.5
9.743378	42.354057	0.24
17.142927	21.712618	0.34375
17.825222	36.452557	0.18367347
10.948834	21.480513	0.18
7.458558	21.541063	0.31555554
14.030211	27.183243	0.22222222
14.875551	18.039417	0.5
23.169378	39.055775	0.16666667
10.335338	52.561375	0.1764706
12.081734	53.205322	0.2857143
5.570599	32.86228	0.2662722
14.267605	24.250233	0.5
21.048515	21.048515	1.0
20.479336	20.479336	1.0
6.024895	8.498822	0.2345679
19.178593	26.79087	0.28
4.555185	17.836866	0.33786848
6.556327	14.85338	0.6937618
6.412522	15.716855	0.34911242
18.012342	28.197609	0.33333334
6.3273044	27.499517	0.3888889
6.754183	13.604247	0.22222222
7.560621	12.375708	0.3888889
13.885257	35.761387	0.44
13.3809395	25.033058	0.36094674
9.133022	23.290947	0.20987654
12.347065	22.70537	0.30864197
16.446768	39.27308	0.09
14.8539295	36.75584	0.28395063
10.760842	26.56874	0.24489796
15.339438	26.292768	0.2662722
7.566872	10.040943	0.27272728
2.693681	2.693681	1.0
6.160434	8.071486	0.2781065
12.309007	34.21248	0.24691358
13.1119995	33.6764	0.21799308
10.194818	21.226763	0.25
10.151345	12.052206	0.44
9.225551	17.719204	0.20833333
8.883102	10.930746	0.36
16.807161	46.69943	0.2951389
15.695231	15.695231	1.0
7.1916695	25.010225	0.35727787
17.760397	41.74745	0.16824196
12.295772	18.479906	0.28
13.67942	27.496725	0.30555555
9.630674	22.40758	0.26530612
8.758111	29.885069	0.24
7.1950397	8.038708	0.3888889
4.892431	4.892431	1.0
20.99589	33.507442	0.3888889
10.638849	27.75055	0.2231405
14.602198	26.647964	0.15555556
6.271534	16.163458	0.3472222
11.467002	35.475033	0.2231405
14.536681	61.06464	0.093333334
13.786192	45.240948	0.26530612
7.6906404	29.696886	0.31
10.31373	15.799574	0.30612245
13.13977	32.87193	0.30246913
14.860477	24.687227	0.33333334
2.207409	12.931887	0.3984375
9.922949	14.775514	0.25
6.77572	12.169707	0.2345679
15.794589	47.34908	0.22222222
13.543663	31.271763	0.22222222
7.3139076	14.448119	0.5
6.255195	13.580104	0.33333334
29.400375	32.98685	0.3888889
11.117831	32.769043	0.2654321
8.962527	41.173553	0.30555555
5.051183	7.2752833	0.654321
10.279161	20.617853	0.36094674
22.354837	47.10967	0.1570248
11.496405	22.07262	0.21875
9.309067	29.041376	0.26859504
10.796615	19.29745	0.18367347
8.781867	8.781867	1.0
15.586102	31.926916	0.21893491
21.535637	32.193153	0.17901234
2.693681	2.693681	1.0
12.096321	15.406785	0.26530612
20.145681	54.20506	0.2638889
7.323015	7.323015	1.0
5.6075463	32.439526	0.52
4.956065	31.274868	0.52
15.721972	15.721972	1.0
8.252903	9.186027	0.30578512

22.086842	28.173685	0.5
9.536771	18.80636	0.22727273
13.0420065	21.453133	0.16666667
24.975441	40.13391	0.20833333
22.6874	52.184372	0.25925925
16.491087	48.83369	0.14
8.302542	15.974745	0.2662722
12.437155	25.772228	0.20661157
10.700522	18.706097	0.17159763
11.329429	17.402365	0.23966943
8.715378	21.494646	0.25619835
22.138344	31.378988	0.1875
9.861339	30.55965	0.1796875
13.084399	35.77709	0.22222222
11.773729	12.639064	0.5
15.4655695	36.069763	0.19444445
20.012407	30.37083	0.33333334
8.7704315	16.0	0.28395063
24.696447	35.594383	0.2777778
20.432716	25.088152	0.5
8.919736	13.721419	0.36
11.688883	48.04814	0.3372781
10.145929	12.649314	0.2781065
7.4483237	11.577824	0.43209878
7.266189	15.785302	0.3469388
8.642743	30.151108	0.34911242
13.18211	28.663998	0.19008264
2.6563792	3.0584605	0.68
11.321313	18.793064	0.28395063
2.7190573	10.097885	0.4072022
10.902924	51.387062	0.17202269
11.815938	45.832108	0.13541667
8.157122	14.801245	0.40625
22.69116	38.248123	0.16
12.523548	20.502182	0.19753087
8.931145	10.579667	0.2777778
8.234534	26.452072	0.553719
15.561475	41.84764	0.21777777
6.5408087	17.236115	0.3877551
10.113201	33.75557	0.20987654
3.7648847	12.218178	0.47555557
14.808476	39.54373	0.1632653
4.884807	6.244163	0.5
15.96451	24.12757	0.21428572
21.623262	46.673782	0.30795848
9.463952	24.522957	0.5
11.267538	31.368717	0.15625
6.6841507	13.766276	0.4609375
8.25465	26.414745	0.21262003
19.004278	27.101929	0.11911357
7.765129	39.419594	0.17159763
4.226451	10.155967	0.37755102
10.6563835	20.14583	0.5555556
12.956281	33.96313	0.18
14.980796	43.92462	0.18595041
9.178266	31.317951	0.19113573
24.267607	39.266933	0.1875
10.076734	24.62458	0.21107267
5.0675693	10.582376	0.2244898
10.05674	35.71195	0.26530612
16.949617	32.517838	0.21875
8.115244	13.35398	0.25
4.7834	13.867983	0.42
10.474101	26.06186	0.15972222
23.75165	25.699251	0.625
NaN	0.0	NaN
7.2898545	21.616531	0.54
10.405394	23.777054	0.19526628
13.417863	21.096888	0.18343195
10.463248	28.686985	0.2802768
8.213617	13.905277	0.3125
9.074015	24.63584	0.1796875
16.192884	25.16503	0.26530612
16.67564	24.846743	0.28125
19.690233	28.173244	0.28
8.429736	16.068375	0.1392
17.421368	48.63451	0.4463668
11.469317	23.112679	0.25
22.466713	43.13768	0.20833333
7.580989	42.537315	0.75510204
10.093825	33.215897	0.3015873
10.709157	22.8493	0.22222222
16.389568	17.129377	0.5
17.82888	36.255455	0.18518518
10.006819	32.22774	0.44
12.485513	42.64728	0.2
8.368992	17.794884	0.43209878
15.168961	27.674389	0.2
9.789739	26.504911	0.2465374
11.037319	22.410816	0.3472222
5.1054826	5.1054826	1.0
11.923823	46.5085	0.28994083
10.267942	21.721863	0.26
14.113889	19.601397	0.44
7.1198473	11.254224	0.28
17.058664	21.409204	0.33333334
3.8625324	8.700292	0.50617284
10.293204	28.701508	0.20710059
6.094437	13.648503	0.32231405
12.710353	17.792324	0.28
9.497379	12.889203	0.44378698
23.88396	49.388824	0.16
9.990849	19.988752	0.26222223
11.518383	11.518383	1.0
5.026959	14.433834	0.5510204
11.678798	16.45045	0.28
10.6795845	32.799778	0.203125
12.818567	51.082664	0.338843
10.118759	12.180544	0.21893491
23.18614	54.014164	0.3877551
12.4114485	15.410339	0.375
14.087756	14.087756	1.0
7.9977436	38.562965	0.78125
13.835867	40.599457	0.195
18.06274	25.685644	0.375
5.8301105	25.25979	0.22839506
3.0189483	4.224182	0.68
20.135212	29.770777	0.22222222
22.681343	52.265182	0.25
12.968933	50.13915	0.15432099
21.10643	22.805183	0.5
10.193241	11.595657	0.22222222
12.146264	39.80106	0.19526628
10.361468	28.817968	0.14127424
4.5576534	12.758418	0.5419501
15.61065	30.212465	0.2244898
9.589691	20.609821	0.26530612
4.41377	13.232358	0.43209878
16.22787	47.50754	0.22222222
14.7733345	19.677298	0.26222223
13.317407	23.708965	0.33333334
12.312946	30.815931	0.2345679
11.988358	40.878826	0.33333334
19.310507	22.954159	0.52
14.37624	14.38463	0.5
12.884522	41.21633	0.3553719
8.890748	18.88614	0.3888889
11.286099	13.660947	0.5
16.182014	23.663387	0.19008264
8.718661	32.474113	0.25259516
10.032881	20.061094	0.42857143
13.032965	29.207396	0.2733564
8.8220005	16.43994	0.29012346
17.177505	31.443266	0.28
18.875479	25.783611	0.34375
22.169523	37.06685	0.36094674
3.9576204	10.3361225	0.3877551
21.379622	29.173603	0.5555556
5.7266746	20.013597	0.37278107
13.484702	25.193949	0.29411766
4.9703627	9.927718	0.37654322
5.826625	9.040725	0.31632653
7.2058334	23.730732	0.4382716
12.52115	21.103521	0.57024795
7.1878004	14.064518	0.3125
10.332482	27.979525	0.23469388
13.342682	33.98002	0.18055555
17.64838	32.84134	0.28
10.461003	19.372688	0.30612245
30.726536	52.863155	0.25308642
24.034666	40.501354	0.18
8.837024	11.299887	0.28
9.400493	26.916693	0.44
10.044975	22.285841	0.14876033
11.439407	41.395546	0.24691358
10.082461	20.19433	0.19753087
31.579102	47.927765	0.20710059
3.1613822	6.247105	0.44
12.760945	20.71506	0.25
6.892033	9.743953	0.3888889
2.3772233	2.3772233	1.0
9.706132	13.426756	0.3553719
7.531382	11.262934	0.5
16.508808	33.591846	0.2
10.268265	33.441525	0.30555555
5.086267	18.222721	0.3125
8.784547	11.349677	0.2777778
21.277433	46.740105	0.25
32.088726	46.276726	0.33333334
13.191593	24.290726	0.13043478
12.555896	16.241278	0.47107437
5.807736	18.21198	0.6257089
4.9821863	17.536343	0.29591838
7.6888185	8.814472	0.33333334
7.3925076	28.320621	0.28125
7.684107	14.700203	0.33333334
5.494378	15.573304	0.53061223
22.101944	72.81519	0.10249308
3.1116757	3.1116757	1.0
5.1193366	11.230911	0.5
13.520383	38.853554	0.29166666
15.074538	27.830957	0.15306123
6.293446	8.187907	0.42
10.382614	23.746878	0.2654321
10.336674	29.182302	0.25170067
12.593564	24.08931	0.2777778
5.709846	10.421582	0.45833334
11.278908	12.692979	0.5510204
6.6928253	6.6928253	1.0
7.300637	13.890501	0.38842976
9.042524	14.524406	0.25
5.9151506	10.681902	0.34375
26.282513	44.280045	0.24
9.084755	19.819529	0.25259516
9.645963	15.4424515	0.19444445
12.313345	32.95486	0.3372781
17.395508	29.151415	0.3125
12.909736	46.090637	0.30555555
15.548831	36.19237	0.31555554
15.096906	37.77486	0.2244898
3.4062474	9.931371	0.59183675
11.105341	19.224253	0.625
9.691767	15.945216	0.2
14.603525	39.598152	0.32
4.0722766	15.433935	0.6818182
7.9774194	11.559112	0.1734694
5.805835	11.76112	0.34375
19.033993	36.999416	0.15432099
3.0375829	6.91261	0.38
17.714165	21.39971	0.5
9.950566	30.499302	0.25925925
7.224677	23.356384	0.33333334
19.867765	43.798943	0.2
19.110865	22.351582	0.5555556
10.704442	20.55263	0.2802768
8.381811	15.420907	0.3125
6.6465397	31.78453	0.61937714
9.140953	31.942015	0.1734694
6.110572	12.052052	0.44
7.5870547	18.141655	0.328125
12.551326	28.591839	0.2755102
6.6550894	16.894606	0.183391
6.9360027	20.777674	0.28395063
9.899313	24.43679	0.26530612
13.78197	47.59945	0.12802768
5.7155695	11.478821	0.37755102
9.818021	36.6639	0.21428572
4.6388116	5.2313156	0.38271606
5.566657	14.207492	0.24
4.9051685	6.6592298	0.52
18.9754	22.865097	0.4
25.249933	31.532099	0.33333334
8.177969	30.096497	0.19848771
15.586389	30.289192	0.26530612
25.568533	36.186146	0.1388889
6.0518594	13.1123495	0.4
7.8494077	10.455867	0.25
17.333296	29.887947	0.375
9.966435	22.879686	0.18367347
8.827194	17.191355	0.43209878
15.030336	42.560562	0.23076923
13.935222	28.980257	0.26530612
9.167604	10.788676	0.25
21.01389	45.69036	0.16
9.375356	15.581147	0.5
21.277067	24.877047	0.3553719
13.246314	25.356184	0.33333334
8.233514	12.452435	0.2638889
16.751637	39.990795	0.18518518
9.7085085	20.141438	0.24
15.0390625	23.803944	0.28
13.582508	23.791105	0.3125
15.432173	37.59293	0.23
5.4202275	9.599413	0.3372781
5.7271852	18.35081	0.21428572
8.602684	12.052539	0.4074074
8.784872	17.952888	0.2
20.236965	36.65968	0.1875
1.8173292	1.8173292	1.0
8.681176	36.549618	0.2361111
12.534627	17.95433	0.3888889
14.355777	25.14424	0.36
19.038563	38.189796	0.14201184
9.7932205	13.932463	0.40625
18.093954	44.951603	0.147929
NaN	0.0	NaN
5.3772864	12.984433	0.4027778
14.961102	24.989502	0.25
10.997533	18.236773	0.5
7.6950183	18.309092	0.24444444
15.635729	55.31436	0.205
20.63327	22.772444	0.5
17.61157	37.042065	0.18055555
6.4458165	18.128637	0.28125
16.246439	32.703083	0.36
9.649901	18.58017	0.27272728
18.438473	21.372374	0.5
14.912622	30.405638	0.1734694
9.080349	22.337116	0.25
18.97796	33.131695	0.16666667
4.1949916	5.258829	0.5555556
10.293773	31.62159	0.64285713
11.657866	22.26672	0.25
8.240307	19.489225	0.20987654
13.921761	23.56811	0.5555556
23.901793	62.719624	0.21875
7.9567337	10.201254	0.5
11.034879	19.660475	0.28395063
5.592398	12.238897	0.35734072
22.894596	36.585926	0.2244898
11.430945	14.937051	0.36
11.707584	19.105314	0.2578125
10.358703	26.377129	0.5555556
12.995745	47.94575	0.185
8.05867	18.526342	0.2244898
12.063226	16.540794	0.34

5.7744403	7.8664093	0.375
11.06473	20.695105	0.44
13.826649	23.61731	0.33333334
14.318021	30.0256	0.15625
7.749643	49.07991	0.34072024
21.357437	28.471119	0.18
12.425328	45.774437	0.20775624
10.034436	31.959898	0.21527778
12.589814	15.608661	0.2777778
14.631403	37.78289	0.42
10.260035	14.551626	0.5
15.505078	18.710747	0.30612245
5.7026434	11.208454	0.2244898
11.617181	14.937464	0.5
11.269911	19.84909	0.28994083
5.6449857	12.908658	0.47928995
22.790905	28.485811	0.44
22.959156	32.645576	0.078125
6.422877	10.277398	0.30612245
7.893983	34.346436	0.20710059
13.586212	15.527027	0.5
5.0992064	16.0	0.6622222
4.217733	16.0	0.4876033
10.512612	27.315804	0.21893491
9.051317	15.8000555	0.53125
12.520424	46.151714	0.24074075
11.444403	21.865997	0.42
6.4153976	9.13487	0.7118056
4.33794	11.989508	0.3964497
7.9376154	19.279005	0.19341564
12.685797	21.736992	0.14
6.7888017	14.495102	0.4876033
11.875467	16.138206	0.44
9.807831	27.281181	0.21107267
26.031544	37.627388	0.28
11.409935	23.99191	0.2777778
10.195744	40.00525	0.43801653
11.334665	29.163427	0.34567901
NaN	0.0	NaN
2.8191624	10.017244	0.66
6.163463	19.757545	0.28512397
19.519072	35.557602	0.33333334
7.019332	7.019332	1.0
17.515184	28.809027	0.33333334
6.727084	25.953754	0.70247936
6.271365	15.272193	0.1796875
9.140841	26.840649	0.44
11.005641	20.393084	0.21893491
9.063662	29.871658	0.19097222
12.983225	33.543182	0.25
5.1379337	33.432278	0.32544377
14.9707	27.029339	0.22222222
4.2813377	11.847024	0.5
6.695296	33.328094	0.3472222
17.140093	40.140217	0.16
8.914779	23.765654	0.2231405
8.363024	31.860348	0.15192744
11.414012	34.17709	0.3888889
14.266553	25.050127	0.2777778
6.712031	12.397571	0.28994083
7.685896	45.415577	0.70987654
26.72461	35.31177	0.33333334
15.055652	20.420662	0.2797784
8.873772	27.138098	0.59375
6.076261	21.05476	0.33333334
14.635216	22.722136	0.2777778
5.880138	24.349413	0.375
3.9461784	5.148518	0.5
16.552933	34.781982	0.18367347
8.330714	24.092377	0.2345679
2.8013923	12.721362	0.38842976
12.345219	19.748077	0.2631579
7.3067193	25.607428	0.4
19.229399	33.599617	0.5
9.816212	17.476854	0.33333334
6.322875	16.156124	0.26
12.693189	21.64246	0.2638889
7.915472	11.482619	0.46875
9.788572	40.876255	0.28
12.556183	23.285515	0.23140496
9.886514	18.021742	0.5
5.2980027	11.800705	0.3
2.00451	4.036243	0.625
8.739612	29.227997	0.2244898
17.179272	17.179272	1.0
16.941113	23.186008	0.14285715
12.5483885	18.359776	0.5
16.980228	41.570347	0.16
8.571947	20.7319	0.46
20.082615	24.349413	0.5
10.358641	12.800891	0.375
8.268369	21.458948	0.33333334
16.07245	26.798368	0.17355372
11.347675	39.686214	0.2534722
7.780541	44.7312	0.3383743
19.32664	36.206566	0.30612245
6.0864186	24.199287	0.43055555
14.964238	20.238573	0.42857143
31.564491	49.219315	0.33333334
6.337881	17.442162	0.43209878
24.859795	65.786705	0.16049382
4.4088283	10.312501	0.625
18.038782	26.971172	0.2662722
15.261108	45.673096	0.2465374
4.4342318	11.077637	0.18367347
13.158586	24.121109	0.375
15.834663	32.96509	0.28
15.966603	35.64149	0.22222222
9.3389225	9.602607	0.625
12.000273	32.62803	0.20987654
6.157497	6.157497	1.0
8.354508	11.319308	0.3580247
18.166702	20.241602	0.5
8.561967	22.607985	0.43209878
6.714598	18.027567	0.296875
2.646746	20.65158	0.6689342
6.760751	16.346014	0.4375
8.356709	8.744826	0.5555556
8.916819	21.383911	0.15235457
6.1827464	14.205242	0.2345679
12.672984	38.476635	0.1796875
18.738459	30.50153	0.28395063
11.806554	16.86413	0.3046875
8.23628	14.42274	0.4074074
13.963391	31.055899	0.2345679
9.172071	22.13783	0.275
13.787161	37.065426	0.3
8.479002	27.509497	0.19753087
14.410612	33.5532	0.18
8.331336	27.61904	0.5
7.8154755	19.878962	0.34375
10.191225	18.359512	0.3125
14.378385	23.667967	0.44
21.225454	33.388176	0.18367347
17.393694	51.358112	0.26530612
19.897701	39.987316	0.12
9.305595	21.460648	0.25925925
15.937728	30.103018	0.1632653
14.160753	41.16504	0.25510204
15.733326	28.45253	0.15625
13.005472	30.773142	0.28125
11.843516	18.526848	0.33333334
9.217153	23.889828	0.296875
14.739208	31.035927	0.3553719
6.3058186	26.33236	0.38271606
11.545975	34.25654	0.16666667
15.694099	24.593212	0.3125
10.685979	36.769085	0.2318339
7.643463	11.636171	0.33333334
14.937667	28.04	0.20661157
7.1746078	13.418091	0.44
12.1116495	20.511507	0.17901234
35.730366	49.578724	0.33333334
19.133732	55.336254	0.11111111
11.37461	17.006989	0.26530612
11.403086	33.900566	0.31360948
11.127658	31.995922	0.14878893
13.814573	14.172604	0.625
4.33151	10.656675	0.82
17.111158	31.226946	0.22222222
8.032755	8.032755	1.0
13.846123	31.706017	0.33333334
5.470806	8.414326	0.2654321
3.644951	9.2376	0.40495867
7.5354238	11.085508	0.625
9.705676	19.184391	0.26530612
26.730358	26.730358	1.0
14.007622	27.185005	0.215
13.963233	13.963233	1.0
17.917614	24.599516	0.25
9.77497	13.311256	0.5
9.140247	9.140247	1.0
7.308764	8.0002165	0.39555556
18.80299	54.046444	0.13
13.740342	31.599674	0.10204082
15.902686	18.011086	0.6296296
10.8874445	14.978102	0.5510204
12.687629	21.934122	0.14049587
6.4755216	14.404162	0.21777777
9.315843	36.940098	0.19111112
7.356935	16.22603	0.25259516
1.3792871	1.3792871	1.0
18.1376	38.380043	0.19526628
4.7492948	16.782032	0.75510204
10.348658	27.94344	0.3888889
16.163054	26.974493	0.33333334
22.305176	37.870174	0.33333334
12.427891	20.555727	0.2777778
11.016682	24.814827	0.33333334
12.362029	24.450596	0.375
24.920311	33.0782	0.375
12.4721155	20.243254	0.3984375
6.9337425	15.485909	0.54
16.498098	28.452278	0.3472222
12.320334	21.161966	0.2244898
14.136249	42.79243	0.26869807
9.245123	18.233253	0.24
12.673499	38.50673	0.14666666
17.347654	30.70815	0.23966943
4.3937845	14.263315	0.5644444
4.9941006	4.9941006	1.0
10.556188	23.621641	0.24260356
8.818677	25.894632	0.21777777
11.436068	17.326267	0.42857143
10.449754	38.91978	0.16049382
17.016575	44.69519	0.14285715
11.024167	28.336607	0.33333334
7.622555	12.634147	0.22222222
NaN	0.0	NaN
5.2303047	20.330217	0.4463668
9.817183	26.590528	0.12471655
17.82317	42.74725	0.2
13.780394	46.919	0.16099773
19.842422	38.867527	0.21799308
11.615397	23.344278	0.3888889
6.451542	8.252368	0.5555556
11.201462	21.85776	0.3877551
18.059853	18.059853	1.0
2.6009634	2.6009634	1.0
10.999735	21.234114	0.30612245
6.64749	9.638457	0.16666667
15.072285	22.351963	0.375
12.058884	20.34544	0.5510204
14.938812	36.262516	0.24
7.6961775	13.450864	0.28
10.18057	14.537648	0.28395063
15.425029	31.666233	0.15625
18.493979	33.88233	0.53741497
11.302289	37.482044	0.21487603
19.895832	48.968067	0.21875
12.540424	25.995335	0.21088435
7.854827	20.423592	0.47928995
16.835016	27.015469	0.4375
13.42771	37.195633	0.625
11.85221	12.707958	0.625
10.260448	30.257454	0.4375
10.205748	23.416521	0.3125
7.2397857	10.9281025	0.22222222
6.7202244	17.619856	0.5147929
10.660012	38.190605	0.25
13.0914755	18.177086	0.5102041
16.220951	28.974442	0.14
6.6055713	29.352497	0.21875
NaN	0.0	NaN
6.072518	24.000103	0.42857143
21.450836	31.299686	0.5
25.64139	28.33427	0.5
12.633531	22.39332	0.15277778
22.397509	49.106415	0.2777778
14.306524	18.516876	0.375
2.7097673	8.742323	0.4214876
11.625703	15.42277	0.2249135
14.815399	28.003021	0.26
11.016973	39.361988	0.30555555
8.897471	23.372057	0.25951558
14.504317	38.221928	0.19008264
20.498205	24.609537	0.5
12.320328	32.29119	0.25619835
14.278986	19.42823	0.21777777
15.399642	50.519165	0.1484375
13.108689	34.673878	0.4375
8.954747	24.457949	0.22222222
5.4072433	17.902418	0.6296296
11.524923	40.97461	0.25
12.192136	27.306192	0.22902495
10.695841	24.207186	0.2244898
14.279602	31.411205	0.40123457
9.09062	17.262295	0.52
20.231789	32.06846	0.20987654
11.930543	29.432903	0.30246913
16.95375	31.927753	0.30612245
9.721327	30.020573	0.28395063
5.032747	29.772987	0.20634921
12.348033	12.699113	0.625
3.7026556	3.7026556	1.0
12.209093	53.88437	0.26
12.370397	21.108225	0.21875
11.958035	23.40522	0.203125
19.594244	27.612543	0.16049382
17.541475	31.966166	0.14666666
11.545263	39.665073	0.25925925
11.784402	15.019084	0.3888889
NaN	0.0	NaN
16.619755	33.16578	0.52
10.914433	14.936968	0.40495867
10.447632	17.471153	0.44
12.311071	31.754623	0.2265625
17.939644	43.41398	0.18518518
11.362446	21.013327	0.18518518
8.415138	18.795643	0.5138889
8.849367	18.411316	0.38429752
12.075143	23.675917	0.28395063
13.407834	32.940018	0.26530612
12.566647	20.46486	0.30578512
13.505552	25.23787	0.21875
10.654921	16.447226	0.23469388
11.962518	29.650648	0.2603306
5.2505307	18.303404	0.25925925
5.6352634	20.489008	0.59375
11.685043	15.705783	0.30612245
12.632783	27.368937	0.17717004
9.495164	23.677242	0.24489796
8.998135	17.313334	0.25619835
17.702917	38.915264	0.22437674
10.129553	34.97111	0.24
9.283922	21.531258	0.26

12.601661	15.167683	0.30612245
20.458448	43.014023	0.27272728
20.856308	22.627417	0.5
7.0211687	7.0273623	0.52
12.15471	28.972942	0.44
9.611471	12.8225565	0.5510204
8.585798	25.767385	0.25308642
5.900516	24.59828	0.39506173
17.594637	23.87866	0.18367347
11.837438	19.770805	0.28
12.333612	46.09607	0.15789473
17.93965	27.611656	0.18518518
11.54696	12.821996	0.375
13.527483	25.645884	0.1632653
12.900321	47.513702	0.24489796
12.843466	31.934679	0.4117647
9.114476	14.00951	0.44
8.78661	19.225153	0.25925925
16.841925	23.35079	0.18402778
7.9765987	7.9765987	1.0
11.088168	23.396439	0.17901234
8.929766	14.820012	0.3
15.479459	22.627417	0.23966943
12.844411	24.44984	0.5510204
14.370895	15.580883	0.5555556
3.4400158	3.4400158	1.0
22.30625	41.630604	0.13265306
17.784445	31.41708	0.2777778
13.1913805	13.1913805	1.0
3.8619444	11.007007	0.45454547
13.388263	35.75982	0.2
NaN	0.0	NaN
5.7218533	16.00425	0.25925925
15.232934	74.54764	0.24691358
21.365208	53.315224	0.18367347
17.41561	37.59109	0.30612245
25.773144	49.14938	0.2231405
8.252464	17.95046	0.2109375
13.377363	18.962471	0.26530612
26.258333	41.741905	0.17355372
12.893165	34.539978	0.14814815
9.868087	29.118893	0.1796875
19.73384	34.643147	0.33333334
6.5648727	30.457571	0.26
7.422035	11.877916	0.44
8.987208	17.38534	0.16955018
5.0024033	10.982419	0.19008264
16.085472	41.1549	0.28395063
11.810799	18.130304	0.5555556
7.2292223	16.737291	0.4453125
7.294317	18.69086	0.31487888
7.12345	24.538797	0.32
8.649881	32.636883	0.11911357
7.5834503	29.974297	0.4861111
19.159458	32.477043	0.21875
7.8923345	8.810186	0.5
9.919071	16.437983	0.22222222
10.865404	22.867537	0.24716553
8.369317	22.896353	0.23966943
17.386177	30.726967	0.15555556
16.154488	48.094612	0.2662722
16.032066	46.621243	0.4722222
23.481297	25.764591	0.375
5.9759583	6.5898585	0.5555556
16.401346	19.245953	0.5
6.8949175	8.658548	0.29411766
12.895636	42.80626	0.20247933
4.3166285	7.4984345	0.38
8.270066	12.198795	0.34375
10.393523	29.200546	0.25510204
13.735027	37.181328	0.5
12.629728	34.66062	0.20710059
12.515721	54.52825	0.28395063
15.222247	36.716324	0.1570248
16.199488	21.697649	0.22222222
21.217222	36.012768	0.1597633
7.6724677	12.39277	0.38666666
9.373284	23.872332	0.18222222
9.556898	23.350748	0.28
8.189041	29.126102	0.46
30.019583	37.888603	0.5555556
11.651704	30.525434	0.2109375
6.032448	6.8333173	0.5555556
12.7377405	17.436647	0.30612245
7.7914305	44.40311	0.24
7.8444624	30.582209	0.375
11.421586	18.254967	0.3
7.6171174	21.455967	0.171875
13.209351	25.998362	0.26530612
11.217386	18.130304	0.3877551
15.3524685	23.268192	0.37190083
20.315258	20.315258	1.0
22.004063	73.887726	0.26530612
8.206231	9.858289	0.17355372
15.2106	22.421658	0.5
21.008121	27.770319	0.5
5.258548	31.031414	0.4602076
NaN	0.0	NaN
8.008823	30.326954	0.2512
10.025347	19.977541	0.1875
10.03949	25.987778	0.2888889
15.619691	30.034582	0.2892562
6.5453124	20.378334	0.2
10.574346	15.911744	0.25
7.749776	21.53027	0.21900827
8.41121	21.118004	0.1640625
9.909327	23.771357	0.2
3.4400158	3.4400158	1.0
13.794325	48.879063	0.21428572
13.574613	36.35474	0.19008264
6.009491	12.016266	0.33333334
10.016284	17.469389	0.52
12.224249	30.31706	0.26530612
23.815165	26.568266	0.33333334
11.312886	40.57381	0.24
6.116379	26.172533	0.18181819
13.008082	22.557547	0.40625
12.683617	26.362734	0.31632653
7.024092	7.024092	1.0
6.8758097	12.96092	0.28125
8.182749	18.285065	0.2777778
18.923046	18.923046	1.0
7.98679	28.45255	0.2037037
5.792025	6.5814385	0.5102041
16.698853	33.13801	0.28
14.712211	25.354988	0.25
9.620271	13.581811	0.16666667
5.6188555	8.699907	0.21875
7.474319	13.127002	0.5
4.1074347	26.58778	0.7083333
4.993697	9.692603	0.3125
6.0704784	13.246054	0.32231405
6.577197	15.0337305	0.42
11.9516115	14.002262	0.5
7.939559	27.428797	0.3372781
11.572833	27.410635	0.37777779
12.501493	24.432674	0.30612245
4.460626	10.912616	0.50617284
12.295341	31.418402	0.21777777
9.460545	13.143869	0.5
4.822935	5.371455	0.5041322
9.634762	16.858358	0.19723183
18.894316	29.925526	0.3877551
4.543517	4.8269224	0.68
11.753074	40.08853	0.22
5.2580514	7.959268	0.36
6.4951324	12.857519	0.3
11.039013	28.149439	0.625
9.856924	16.401005	0.2
7.4052224	20.33655	0.2654321
4.244402	4.244402	1.0
32.56582	62.41188	0.2318339
13.929107	24.09933	0.13636364
7.59886	22.11641	0.625
16.43387	29.041899	0.45454547
12.001598	32.003803	0.25
8.68755	24.608768	0.27272728
9.203932	27.442902	0.4027778
6.482832	21.12902	0.7222222
13.565063	28.02226	0.17355372
19.99911	44.454445	0.14128944
18.59151	18.650734	0.5555556
10.529319	24.180025	0.20634921
7.3378277	15.858379	0.25
3.044048	14.940086	0.3265306
9.449741	12.48257	0.5555556
10.091852	15.61781	0.26530612
5.714056	9.531224	0.20987654
5.671059	20.207975	0.7222222
8.181461	9.700662	0.5555556
12.256276	32.061928	0.13580246
6.654161	14.097175	0.7222222
12.735837	14.262133	0.5555556
15.524543	61.74754	0.45454547
NaN	0.0	NaN
8.83157	34.275997	0.6296296
9.245505	16.84615	0.2361111
12.059609	43.5275	0.2244898
9.67488	34.42479	0.27160493
6.839888	19.467184	0.30666667
24.779093	41.997993	0.18367347
16.612768	31.295795	0.3888889
9.673699	19.488201	0.28994083
17.176752	20.531925	0.5555556
7.2433543	21.00094	0.27423823
14.640338	28.718304	0.16955018
10.07316	25.448114	0.16666667
40.310593	74.80222	0.16666667
12.673992	23.301445	0.20987654
22.894676	34.68441	0.25
15.82301	26.107117	0.3
12.90882	19.453768	0.18055555
5.003294	24.920004	0.6859504
13.328331	17.795359	0.14677641
9.783824	28.728346	0.21875
9.830682	13.110645	0.375
24.106773	73.64987	0.1875
9.7961	18.644953	0.5510204
7.169764	14.822272	0.25925925
11.310335	18.54505	0.25259516
16.388292	37.458458	0.2777778
13.928573	36.580814	0.15555556
11.013733	23.476936	0.2244898
15.023984	44.78901	0.5
13.267821	42.09495	0.16319445
11.376282	17.074192	0.16824196
15.919905	41.307972	0.38271606
9.265866	22.92154	0.2265625
6.8299193	18.288553	0.19387755
23.039158	44.962616	0.13609467
5.5033417	17.999084	0.42222223
13.254309	22.624796	0.6533333
5.15403	5.15403	1.0
9.17335	24.965534	0.1446281
23.439611	38.75085	0.2
6.8712544	11.446508	0.42857143
12.383694	24.695333	0.18055555
11.647742	19.070179	0.20987654
5.0408435	5.856666	0.3469388
4.8357167	18.399189	0.1875
9.714436	14.700991	0.5
10.125197	34.959087	0.33333334
8.646328	13.882301	0.25
17.29515	32.439236	0.421875
3.9677453	9.234283	0.553719
11.53112	29.200546	0.25
4.525423	16.850185	0.37654322
12.818448	18.407728	0.33333334
9.99171	38.36481	0.26222223
8.353509	28.746286	0.59375
26.245178	37.899826	0.28
6.404427	17.68763	0.5555556
10.333291	24.052639	0.33333334
10.4416895	25.19206	0.2231405
3.5093408	19.92696	0.7278106
3.876388	3.8763876	1.0
10.802161	19.385658	0.26222223
17.780025	28.277231	0.25
7.2049966	33.872803	0.59375
10.209065	23.991356	0.30612245
18.72357	27.538963	0.33333334
4.8068967	26.594692	0.3125
12.351254	23.43571	0.2
5.7452583	20.289333	0.30578512
8.512241	16.541613	0.25619835
14.991985	27.926405	0.20221607
11.976914	40.80566	0.28125
9.207611	24.873531	0.22222222
14.159291	26.322369	0.15277778
11.720532	26.676882	0.3888889
NaN	0.0	NaN
9.091568	13.486117	0.28
13.675178	33.25225	0.30193907
9.486673	23.283012	0.25443786
6.5822744	17.426954	0.2299169
8.310723	16.785614	0.33333334
8.05298	12.974356	0.25619835
12.5777	22.844307	0.171875
12.898599	30.584974	0.21875
4.913704	26.908096	0.36
4.4169707	14.0235815	0.56232685
5.615083	8.101512	0.20661157
13.31921	26.64368	0.13573407
6.125247	18.519909	0.31360948
10.260956	14.723768	0.5
13.359161	34.477642	0.2638889
3.1716385	11.822119	0.32544377
6.4484515	20.326065	0.42222223
4.4189906	14.277272	0.625
15.289732	22.883854	0.36734694
12.119409	19.420427	0.18367347
16.459995	24.917402	0.375
17.756603	52.633163	0.18222222
11.56592	20.573105	0.36
6.9644914	17.627808	0.2892562
12.703983	58.91335	0.24260356
11.500254	13.607228	0.375
13.544009	29.028757	0.17
7.9405017	23.768156	0.23966943
4.2494025	14.784026	0.1968
14.67108	41.5454	0.2132964
14.471372	32.578167	0.28125
12.981124	26.794611	0.22222222
10.697329	22.493004	0.25
6.5282354	32.55648	0.4609375
21.600023	38.11733	0.16666667
5.1498775	18.701658	0.24305555
10.623706	50.267685	0.18222222
10.632493	17.559357	0.25619835
20.459915	34.355137	0.1632653
10.853551	15.09897	0.2421875
14.839956	47.447235	0.1597633
12.814319	29.31447	0.2345679
7.8297353	27.219645	0.24007562
3.868937	15.517628	0.66
13.19945	23.886606	0.16099773
9.635422	13.0976	0.26530612
10.441629	23.280579	0.1570248
9.612518	14.560728	0.3888889
23.515207	32.871445	0.32544377
14.749458	17.470612	0.5
3.9300148	17.582159	0.4861111
9.992951	17.464987	0.2345679
13.37638	26.079798	0.2361111
16.688547	42.788445	0.25
8.138241	13.326526	0.3

6.4051538	10.563827	0.5555556
10.05242	11.390718	0.375
7.7052107	16.208479	0.54
8.309977	21.201986	0.3728
17.83526	25.391352	0.22
10.649874	29.446102	0.20604914
14.571267	28.118694	0.25925925
14.545754	39.431366	0.1734694
13.8519745	35.240917	0.21428572
9.279383	21.62943	0.5510204
20.094397	38.745285	0.25
7.840214	15.816291	0.375
9.649874	24.196041	0.16444445
13.9693165	23.366678	0.3265306
18.178877	29.87687	0.17355372
14.063797	15.268945	0.5555556
11.685205	34.71714	0.1331361
7.859862	7.859862	1.0
4.4810357	12.345643	0.3888889
16.823858	40.930016	0.21088435
14.97228	19.739302	0.24
15.628646	23.292974	0.1796875
4.2234178	6.249072	0.25
10.180177	23.480057	0.21893491
10.963407	29.987574	0.26
9.294836	16.073414	0.3877551
11.298759	17.980333	0.16666667
5.4189115	17.18858	0.23469388
10.286612	11.125181	0.625
13.903878	21.270123	0.1388889
8.805396	17.022331	0.24444444
24.67903	46.149628	0.147929
10.259445	26.258503	0.23469388
10.235839	25.696827	0.26530612
6.3822618	11.198831	0.30612245
11.901271	14.984311	0.328125
16.584137	50.57497	0.16
14.0795355	16.305168	0.4489796
13.262959	31.237192	0.21893491
8.879622	23.965479	0.11157025
11.947379	17.083015	0.44
3.5408983	11.132882	0.50865054
5.3577867	18.016256	0.17333333
12.387201	23.927788	0.28125
11.541878	20.302294	0.21799308
12.0171795	28.39946	0.18222222
19.037663	30.140406	0.5
6.8788004	26.415197	0.21875
19.820118	43.297688	0.2654321
13.735483	17.578846	0.25333333
11.7998295	20.201544	0.28
6.355576	13.318041	0.34375
6.198054	7.500233	0.5102041
12.088772	20.58918	0.375
20.229338	33.77413	0.1734694
11.07103	14.661116	0.2638889
10.992072	39.226753	0.25
5.638727	25.845018	0.28531855
6.667791	15.981211	0.1640625
13.986902	21.37645	0.375
14.677102	25.011435	0.42011833
11.917627	31.030521	0.1632653
14.890571	23.218323	0.20987654
10.867445	15.051772	0.3265306
8.102331	16.502712	0.34375
9.834065	34.987988	0.4
7.090883	27.193645	0.43801653
12.0864935	30.914722	0.16955018
11.157863	28.48809	0.2244898
7.5675764	15.079994	0.147929
18.56127	39.23327	0.36
10.989529	17.497393	0.34
7.9583435	22.207376	0.2892562
15.163127	28.881248	0.30612245
16.121422	30.742367	0.17159763
11.193379	34.79097	0.19387755
15.009099	67.72787	0.42
15.366531	18.192284	0.5555556
15.438965	32.172066	0.16262975
9.331941	13.313292	0.5555556
4.995809	10.988123	0.46875
7.1083665	40.62102	0.2631579
5.826035	17.453018	0.22117202
26.3583	61.498978	0.15972222
9.717218	20.823261	0.1875
11.726095	12.500023	0.5
17.589344	60.120167	0.19526628
47.359447	65.50987	0.22666667
16.025198	33.969826	0.2892562
14.515099	34.34439	0.1171875
8.764897	16.179152	0.25
6.033289	10.7057	0.21180555
6.1073375	23.262089	0.47555557
8.58992	21.877222	0.171875
19.22871	38.87232	0.20221607
10.3081875	24.386011	0.375
11.229459	28.38146	0.22
5.298631	6.0755577	0.33333334
14.862894	34.102314	0.1136
NaN	0.0	NaN
9.939236	33.922752	0.48476455
16.251835	24.28089	0.36
12.747006	26.942911	0.2465374
9.984355	24.969215	0.15277778
25.486042	33.131382	0.34710744
7.985296	18.002817	0.2662722
13.082317	20.658798	0.15625
6.592595	8.7241335	0.5
6.1162996	10.978793	0.2892562
8.511924	17.133633	0.41666666
7.291164	10.931467	0.20987654
18.54345	27.333942	0.30555555
11.680345	25.890287	0.17159763
24.26515	62.260235	0.28
7.7950234	10.198562	0.52
13.20749	13.480641	0.5555556
9.55208	12.944803	0.25
9.645909	13.309365	0.44
11.085529	32.749363	0.16444445
7.465647	11.739757	0.23555556
18.894625	59.62472	0.19444445
12.5640135	18.088726	0.33333334
18.040127	28.42365	0.15
23.85065	41.238766	0.11111111
21.00196	31.010923	0.33333334
3.5088367	8.144865	0.44
7.674824	10.545871	0.59183675
8.868338	22.761862	0.3877551
17.279446	21.597492	0.17355372
10.108415	23.66836	0.2781065
7.514376	12.3750725	0.25925925
7.0080075	13.078191	0.3877551
1.2796668	1.2796668	1.0
8.165284	8.7241335	0.5555556
10.19371	54.262817	0.2711111
8.496361	13.714409	0.1875
15.875631	34.349926	0.195
6.1011305	15.981211	0.35640138
14.731086	33.109177	0.2244898
7.297162	11.318348	0.5
13.599044	25.817284	0.34375
8.707826	24.302324	0.59183675
17.93151	24.56247	0.28
9.03693	20.963179	0.31555554
11.857382	24.161266	0.49333334
22.557468	30.189651	0.265625
5.154466	25.720715	0.3408
7.8618593	7.8618593	1.0
14.331189	20.601177	0.3888889
22.76592	47.65809	0.3877551
6.438624	22.503645	0.4814815
17.408796	53.444607	0.15306123
15.798243	27.735205	0.1875
16.36396	24.11457	0.2361111
5.8640804	15.642534	0.21777777
12.791047	19.31801	0.14285715
9.344125	27.901108	0.18367347
6.705489	12.688822	0.2244898
5.8673053	16.645185	0.2318339
3.6844063	4.627785	0.5555556
17.232332	26.226665	0.4375
11.752181	29.11619	0.16446126
4.0209413	17.401852	0.46875
8.152396	17.61373	0.38271606
16.98836	31.55399	0.36
10.436025	29.000214	0.29591838
11.482511	23.951792	0.20987654
7.572876	16.484589	0.20987654
7.878724	18.527983	0.17159763
15.047781	42.399742	0.18343195
10.40564	38.75881	0.4463668
6.753281	22.468994	0.5
12.788013	31.50089	0.20987654
3.4360616	10.609148	0.6533333
9.088039	31.212484	0.20661157
6.6302857	58.749012	0.21883656
4.5908756	15.356676	0.4074074
15.507558	25.157373	0.22222222
5.522826	18.612938	0.3553719
10.658189	15.839939	0.625
13.742432	46.148247	0.2777778
16.84207	27.323933	0.19444445
13.639506	16.741905	0.42857143
8.57023	29.130196	0.37603307
10.068048	57.8656	0.3181818
12.765805	14.984311	0.5555556
9.261838	23.450052	0.2638889
12.331825	26.083408	0.59375
4.914273	14.764351	0.75510204
8.244496	15.839939	0.25
7.7623267	9.53014	0.5555556
10.6483555	14.98786	0.2244898
10.838342	56.168877	0.3553719
9.279168	10.831439	0.5555556
13.051358	22.67553	0.16666667
12.33957	32.959404	0.17333333
5.7039204	38.617928	0.33459356
6.788634	12.797925	0.31944445
6.916262	16.890339	0.20408164
8.8078165	10.885318	0.33333334
13.820826	32.361202	0.18343195
14.231889	23.676655	0.30612245
5.301267	14.700663	0.2638889
12.496419	31.540098	0.1966759
16.300581	16.300581	1.0
10.34014	26.049726	0.21875
6.477567	13.143216	0.3888889
18.979742	28.59878	0.3888889
11.606037	22.927526	0.34375
11.139433	21.097332	0.28994083
19.124784	30.525887	0.19008264
8.897406	31.794113	0.1983471
7.136972	14.513363	0.3888889
14.332827	55.511166	0.3125
8.668084	18.944967	0.29166666
18.072319	38.18233	0.34
11.86131	32.98227	0.25308642
6.803726	25.176998	0.4375
13.056064	42.72021	0.19444445
13.925356	44.00868	0.3046875
12.024157	20.9536	0.2
15.770529	28.542198	0.4
3.5413144	16.25584	0.38666666
14.523727	25.27773	0.38842976
10.768496	40.548283	0.3
9.84765	13.588022	0.3877551
11.860726	21.695974	0.59375
9.345463	13.488877	0.34375
20.330599	58.95118	0.11157025
NaN	0.0	NaN
12.733884	39.74044	0.19008264
13.726655	36.188732	0.32231405
23.24972	30.818047	0.19008264
9.68873	19.323318	0.1570248
6.4296594	10.276409	0.42857143
6.535907	13.586153	0.38271606
2.9453554	11.599181	0.3923611
19.945847	30.4317	0.33333334
3.876466	7.358323	0.6449704
7.5841517	17.36652	0.21777777
5.6062703	23.204794	0.35714287
6.701761	17.919987	0.34
17.683592	37.737892	0.2
17.457216	43.215527	0.2107438
3.9606495	4.8148494	0.625
17.804096	19.894348	0.375
7.6232386	14.021081	0.28
29.015373	36.995716	0.1875
11.070119	27.00889	0.2777778
2.097113	2.0971131	1.0
16.948576	32.547497	0.2638889
23.074423	30.967697	0.375
11.799061	12.335624	0.7222222
10.407796	17.51863	0.22222222
12.596372	26.671812	0.1484375
20.138277	40.436714	0.33333334
7.019029	13.509925	0.20987654
16.866419	28.912352	0.4027778
15.43129	24.718111	0.2244898
13.750014	38.92668	0.23076923
17.057512	17.057512	1.0
10.489434	12.062107	0.375
5.545359	12.441851	0.5555556
13.0415325	25.408236	0.21893491
13.835183	19.959213	0.28395063
7.079084	32.065807	0.19274376
10.827762	12.717248	0.28
5.9794636	28.253029	0.40444446
6.7791853	17.836784	0.18
15.411022	29.030033	0.25170067
8.417001	17.408651	0.30612245
7.7066255	39.70825	0.275
19.31882	40.079807	0.3046875
4.68439	10.53814	0.42857143
9.72923	13.162015	0.30578512
20.591389	33.718998	0.18518518
5.743354	6.9195747	0.6296296
8.379796	16.864265	0.22222222
17.092201	23.785599	0.68
12.247161	23.260336	0.3125
1.876778	1.8767779	1.0
14.139167	27.033062	0.359375
23.241774	25.1	0.5
9.131104	20.131678	0.34375
8.970884	11.127965	0.3580247
5.253473	8.892829	0.53125
9.8050585	12.579864	0.3888889
21.75026	45.75255	0.12
5.6415663	20.458721	0.33333334
12.26784	29.51764	0.203125
10.32735	23.943882	0.28
14.153188	48.894596	0.2249135
20.314323	33.949425	0.12396694
12.671911	30.059332	0.26275992
8.506566	29.008703	0.2781065
13.071622	54.406174	0.19723183
29.546629	35.966827	0.25
3.5506306	5.6576195	0.3888889
16.576315	22.716013	0.34375
33.56802	33.56802	1.0
7.340763	16.03731	0.185
16.073051	28.992647	0.5555556
21.869415	28.443909	0.1875
13.123496	23.055758	0.20661157
8.561106	17.688797	0.5555556
17.992638	24.897846	0.42

11.452081	16.0	0.3553719
8.175881	13.103252	0.47959185
2.7485576	3.0846071	0.625
11.693664	16.576431	0.33333334
6.6066957	16.0	0.1570248
14.965255	20.053942	0.5555556
9.259539	20.336159	0.30177516
15.201405	40.68302	0.1484375
15.631333	41.387688	0.16955018
10.438914	42.39669	0.14666666
14.402385	23.154812	0.19444445
18.794336	33.949444	0.2777778
17.77344	33.383587	0.2777778
14.725566	23.392735	0.18
13.14784	26.4084	0.26530612
24.686054	30.97418	0.16
13.131292	50.632385	0.21107267
10.087455	19.641003	0.25259516
14.113162	22.154251	0.2892562
16.673338	45.35306	0.24
27.328392	35.77709	0.3888889
9.662058	46.861736	0.19667013
11.580505	18.668156	0.33333334
17.053905	20.816666	0.36
13.35411	30.718996	0.26530612
12.675575	18.637466	0.5555556
15.308456	28.618351	0.20987654
7.362592	16.15614	0.25925925
12.646955	25.735153	0.375
3.8343973	3.8343973	1.0
9.771601	35.16658	0.21107267
5.248001	17.10075	0.64285713
11.42363	32.550884	0.14186852
5.662009	5.662009	1.0
9.089865	38.53821	0.6859504
15.463154	39.72104	0.11564626
12.464169	18.276241	0.33333334
8.745535	24.526093	0.28125
13.370144	21.806011	0.25
15.907034	23.0241	0.375
11.94383	21.01633	0.5
13.992264	40.846657	0.34375
30.449665	38.24396	0.28
9.87834	11.505421	0.375
13.425629	18.047003	0.33333334
8.185333	23.169588	0.2888889
7.821083	11.53546	0.24260356
16.041866	34.769215	0.20987654
12.882923	13.468471	0.5
14.870471	45.228092	0.2361111
18.821419	29.12878	0.18518518
12.626688	19.50326	0.2781065
17.574375	38.45459	0.1966759
12.993914	17.718287	0.2
10.990126	25.892458	0.20987654
12.014017	23.739714	0.24
11.567693	25.926977	0.375
16.89483	38.68279	0.25925925
11.842232	14.477661	0.3877551
11.425173	23.55088	0.26530612
23.672348	39.055958	0.15625
4.520865	7.809496	0.68
9.699351	31.499918	0.5
13.970344	42.36943	0.2802768
7.548146	17.843182	0.26923078
11.835582	21.396364	0.31555554
12.79165	31.802094	0.14285715
19.3909	21.786564	0.5555556
17.111353	48.14555	0.16666667
9.72671	11.933718	0.5
4.487931	6.165489	0.5
4.402889	13.418495	0.50222224
11.564687	19.41794	0.24
5.652541	10.248525	0.30612245
9.083923	38.523342	0.39100346
9.920936	21.738762	0.20408164
26.684292	32.91533	0.31190926
12.03938	18.495363	0.3877551
2.7612169	4.187952	0.59183675
11.758252	28.14338	0.33518004
5.883671	12.527359	0.2421875
12.821963	21.170008	0.2
10.94417	34.569057	0.2711111
4.656831	13.983622	0.625
13.386512	33.228012	0.5555556
8.174924	30.83762	0.18222222
11.344207	35.542458	0.36
14.017701	36.355606	0.25
7.1669874	18.276241	0.375
8.621153	22.726048	0.28
10.665357	40.104298	0.20661157
15.283399	62.37254	0.18
6.226695	17.593687	0.3422222
16.542898	30.079594	0.28125
9.079162	37.156494	0.2244898
10.272872	16.197016	0.2345679
5.085775	5.085775	1.0
23.57941	31.063684	0.2
12.053154	19.865183	0.16
5.577519	18.599957	0.4463668
5.6135936	17.497316	0.15570934
6.0354147	22.808216	0.2781065
19.734505	34.868736	0.33333334
6.6117268	12.705344	0.5555556
14.355202	34.07371	0.25
8.759885	17.851501	0.29591838
12.224964	13.783018	0.375
16.480421	28.627415	0.1734694
11.365871	24.418097	0.16049382
13.4803095	22.233698	0.3125
NaN	0.0	NaN
9.40915	11.710036	0.21875
4.828075	13.260881	0.75510204
3.355559	3.7876623	0.5644444
5.1668453	31.438797	0.42561984
18.385893	34.391495	0.28
NaN	0.0	NaN
4.402569	5.0406594	0.5
7.144624	21.55376	0.4387755
5.862842	17.340067	0.57024795
4.483303	31.984602	0.74489796
11.973585	25.034328	0.21777777
9.832186	40.918335	0.32
4.723822	12.997337	0.5510204
12.533394	46.802723	0.20833333
3.927565	17.820744	0.57024795
5.353632	18.404465	0.34
10.464938	36.196087	0.2638889
26.075611	47.20249	0.52
18.987854	40.325188	0.23555556
21.709803	48.71184	0.16955018
7.5208254	25.740137	0.445
5.5656915	16.07404	0.68
8.040243	26.710966	0.3979239
14.1205635	65.63239	0.34375
5.8478785	21.058853	0.3984375
10.6523905	16.902014	0.16343491
22.268045	31.293968	0.5555556
12.566309	34.133163	0.15384616
8.137361	31.31749	0.215
9.909632	19.18877	0.34
6.670175	18.709158	0.43801653
12.197521	25.560678	0.15625
12.141501	18.156307	0.3888889
9.513583	23.741571	0.21777777
9.908493	15.776987	0.33333334
6.000513	16.433546	0.31944445
13.023376	22.181734	0.28
8.193615	10.824428	0.2654321
22.933336	29.923763	0.203125
14.956294	37.591568	0.3125
5.731008	6.6677465	0.52
12.588199	27.510262	0.28395063
9.516726	14.730259	0.30612245
11.144931	21.072844	0.26530612
16.145529	46.43866	0.28
19.792242	47.971252	0.3877551
25.58178	44.414608	0.19031142
10.605319	24.031992	0.1712
20.237232	44.219524	0.18367347
5.98103	19.501505	0.6213018
15.235986	35.619114	0.18367347
7.683161	26.967941	0.6234568
6.7203665	14.817726	0.265625
14.266988	43.714493	0.147929
17.40552	41.057365	0.12888889
17.377377	43.034676	0.4489796
10.88741	27.400053	0.2888889
4.4891224	6.735792	0.45918366
16.432697	19.815351	0.375
8.443826	18.954437	0.25951558
13.253144	30.732428	0.20247933
7.498942	11.611562	0.30177516
12.060304	30.91836	0.2662722
9.602335	23.858685	0.21875
NaN	0.0	NaN
7.9016743	10.533918	0.2
9.345433	21.767189	0.25333333
16.315504	24.315275	0.2578125
37.315723	53.61421	0.33333334
12.4367285	20.296967	0.38666666
2.6586645	2.6586642	1.0
16.597364	23.523563	0.16666667
6.865864	16.382732	0.38271606
30.375603	46.35011	0.21875
7.163349	16.7894	0.295
21.854034	23.503979	0.5555556
8.750353	24.982647	0.28395063
18.22413	26.825281	0.2
12.151227	22.941656	0.34375
14.825037	23.744276	0.44
6.151958	6.151958	1.0
2.856161	4.6328053	0.625
5.5632753	13.633429	0.50617284
15.138665	21.729546	0.3125
24.839203	43.250153	0.19387755
19.061308	46.8732	0.147929
11.230073	12.101977	0.625
16.703857	22.649176	0.5
6.857152	20.78488	0.24
3.2422702	6.409267	0.5147929
21.696865	44.884003	0.2
20.875744	35.308178	0.5
11.083854	18.233213	0.14
17.440083	31.244688	0.15625
10.631591	28.349037	0.22666667
6.890885	33.042698	0.4074074
6.0385876	8.512257	0.5
9.800093	25.290201	0.23
14.455698	31.427477	0.1597633
9.175204	28.588285	0.33333334
6.889857	12.080303	0.33333334
16.379097	29.965332	0.21777777
17.322021	24.58157	0.25
9.034971	9.541225	0.44
15.507552	23.218842	0.5
4.719564	11.490378	0.56122446
8.174882	23.03252	0.21777777
8.562073	8.562073	1.0
10.122607	25.937868	0.3553719
12.372112	18.56752	0.42
6.165226	12.835558	0.28719723
22.645393	22.645393	1.0
17.983456	46.6208	0.22
4.870717	12.66946	0.2834467
6.2414503	20.777508	0.21487603
11.123257	27.865606	0.2892562
7.31102	25.249706	0.21777777
19.472525	29.78274	0.1875
6.5620637	14.388203	0.5138889
6.775976	15.8298645	0.2638889
11.804031	29.066534	0.375
15.99857	19.021666	0.33333334
11.925016	30.813286	0.2662722
6.37026	17.681322	0.24
20.415348	47.29411	0.14285715
10.854831	13.261763	0.375
8.243137	18.08398	0.11111111
6.9361243	15.939062	0.26530612
11.7211275	41.91721	0.33333334
10.850075	16.336561	0.33333334
16.469727	27.36143	0.26530612
7.449857	21.466051	0.43209878
8.499779	19.065638	0.32231405
11.685047	13.981158	0.625
8.070978	17.922075	0.3203125
15.247589	23.01603	0.5617284
11.888304	11.888304	1.0
10.504906	27.489391	0.16262975
12.549503	17.718287	0.33333334
9.783065	25.838629	0.20221607
17.973515	32.3803	0.18
4.335558	4.335558	1.0
3.6818619	12.324262	0.8828125
6.969308	14.530747	0.31360948
11.949036	16.955645	0.30612245
11.172614	19.487785	0.25
4.2816505	7.809496	0.625
6.7603784	35.17557	0.3611111
21.872732	34.26367	0.12
22.714212	36.280403	0.16049382
6.316515	13.469559	0.28
17.587564	22.985477	0.44
NaN	0.0	NaN
NaN	0.0	NaN
3.7947931	12.388823	0.4861111
4.3383446	12.783508	0.2797784
18.35284	25.523087	0.36
9.3832445	24.765112	0.33564013
14.483116	23.814901	0.19444445
14.7118635	42.46856	0.26
16.582947	29.68895	0.2265625
12.592736	20.400122	0.19444445
19.452396	25.813232	0.25
17.57285	28.441452	0.25
17.178486	23.485859	0.18
4.095149	4.6621647	0.375
7.532474	29.453781	0.33333334
24.714535	36.304226	0.31555554
6.1322856	13.579622	0.5833333
8.033423	29.903614	0.32098764
11.511373	11.511373	1.0
21.43909	38.52157	0.1484375
19.490131	33.266678	0.17460318
7.7391515	31.845821	0.3553719
21.795841	34.310764	0.24
6.80997	6.80997	1.0
7.522875	49.991783	0.2654321
7.4918785	7.4918785	1.0
19.99214	36.90322	0.375
12.578815	14.091888	0.625
9.087723	32.690105	0.295
7.8834057	25.181517	0.35640138
13.299781	27.63547	0.42857143
12.36493	34.463253	0.2892562
17.623821	31.671762	0.20987654
9.262621	30.869987	0.30177516
10.039125	49.571575	0.36094674
10.472987	13.229741	0.33333334
21.9599	25.851614	0.23966943
12.433497	12.433497	1.0
15.329311	32.86749	0.10743801
11.822038	26.058805	0.625
24.964666	67.61417	0.2777778
16.085127	22.256481	0.5555556
10.82983	18.567057	0.21893491

4.376236	18.6217	0.30555555
8.302752	19.074026	0.59375
16.109892	30.43399	0.16666667
11.286533	31.386724	0.3888889
8.535061	26.878393	0.3888889
15.312201	56.012897	0.2734375
38.858982	64.177536	0.16666667
30.29577	30.29577	1.0
8.991057	17.450811	0.25
7.206679	22.532751	0.36
10.605297	13.973697	0.2892562
10.382821	35.72756	0.1736111
11.565468	35.77709	0.1968
14.766931	14.766931	1.0
12.73244	35.77709	0.33333334
2.0182078	5.6266265	0.625
18.34597	37.833744	0.25
32.05485	52.504505	0.23966943
17.759682	25.177792	0.28125
21.153616	37.264877	0.10222222
15.451457	20.478151	0.15277778
4.7951474	26.341148	0.37950137
14.895338	32.515358	0.20987654
8.012372	16.106495	0.18343195
15.141881	32.483555	0.18367347
9.822063	9.822063	1.0
5.0020123	5.5585895	0.60330576
24.446138	40.080193	0.14285715
7.243585	25.338415	0.30555555
5.6501145	11.023894	0.5555556
15.269227	32.08026	0.15306123
4.926975	14.698951	0.42011833
17.460331	36.3299	0.183391
15.664311	25.696587	0.25
9.107241	19.865728	0.22222222
15.39305	15.39305	1.0
15.795649	27.071299	0.18367347
13.216435	28.014559	0.2888889
14.086123	19.630222	0.33333334
11.807727	17.303791	0.33333334
11.525325	29.336117	0.3888889
9.109614	12.600466	0.34375
7.7262416	12.847915	0.3877551
10.471959	25.443895	0.44
11.808178	23.9911	0.30177516
6.8552938	18.49301	0.3372781
5.1702833	26.758255	0.60946745
19.01804	24.809086	0.5
12.608133	14.91212	0.4876033
7.8968496	32.51156	0.525
10.378193	19.35267	0.20987654
14.946652	27.57508	0.18367347
3.3912494	3.3912494	1.0
11.066104	22.779238	0.2244898
8.900844	26.172592	0.31632653
3.485649	17.044758	0.40444446
14.594006	50.2938	0.26077098
13.415614	18.298687	0.20710059
15.69467	28.615667	0.335
7.2187233	38.087006	0.24489796
6.564178	29.451824	0.43801653
2.7534313	4.8391647	0.3877551
5.0885186	11.630691	0.5
21.09875	31.26128	0.36
1.3368764	1.3368764	1.0
14.464348	42.90086	0.3
8.514859	17.462877	0.26222223
17.051542	25.711143	0.25
8.236222	17.049345	0.44
42.796997	54.704727	0.5
19.890594	29.061071	0.375
2.6133258	4.68471	0.55785125
12.567701	27.293476	0.121107265
10.177117	23.314009	0.3888889
6.072975	12.059064	0.23140496
9.22204	30.562454	0.36
15.69199	31.412668	0.4814815
9.808476	19.942993	0.26
3.4614222	17.213993	0.4214876
6.0198646	17.185324	0.22222222
8.61881	15.946616	0.42857143
6.7941227	9.261129	0.20710059
8.4146185	34.35289	0.2781065
19.348835	23.600271	0.44
11.621054	35.531208	0.18
8.319239	8.504919	0.52
10.835435	11.523053	0.52
1.0961834	1.0961834	1.0
11.005173	24.610315	0.44
10.96363	28.188208	0.12465374
5.611234	15.125377	0.5138889
15.188384	23.108341	0.27272728
8.466641	21.273235	0.3877551
24.631489	24.631489	1.0
4.777048	13.963082	0.2777778
3.8196304	6.300863	0.3469388
13.881641	27.554522	0.26643598
22.448122	55.9501	0.1484375
12.072045	23.909939	0.22569445
11.257061	25.248024	0.1776
12.899506	24.334192	0.33333334
3.656242	19.081709	0.60946745
28.644407	38.815025	0.375
10.257103	12.735785	0.68
13.913748	45.664093	0.28395063
7.313678	18.738413	0.27272728
8.354976	66.55256	0.36805555
12.412817	28.165482	0.30612245
8.558307	26.608644	0.37755102
18.76273	24.703428	0.25443786
NaN	0.0	NaN
5.370253	14.108802	0.43055555
12.902589	45.283955	0.31944445
22.729076	43.03948	0.13580246
7.7365465	20.743488	0.30612245
8.057844	20.475481	0.2244898
8.39073	11.834615	0.28
8.512151	10.084861	0.5
15.87702	35.162983	0.28
21.665432	63.89465	0.2244898
4.105826	4.390951	0.59183675
16.630981	27.007895	0.3877551
6.9781733	19.05424	0.3671875
18.113579	44.461517	0.19031142
12.999514	24.636057	0.21875
6.5251217	14.460208	0.34375
12.901	34.398952	0.51800555
11.594594	30.816479	0.3877551
9.336262	12.24422	0.52
12.081537	21.9543	0.44
13.074673	35.309055	0.30177516
8.040717	8.040717	1.0
13.5376	26.350744	0.2244898
19.097612	28.90406	0.1875
6.5474052	19.502317	0.375
14.1396265	16.987265	0.59183675
9.391488	26.287674	0.21799308
16.966164	29.93413	0.2662722
15.765674	36.64707	0.11659808
9.605575	9.605575	1.0
15.764101	43.20471	0.16
31.326462	31.326462	1.0
16.202753	41.091022	0.18518518
10.959865	40.935345	0.1712
22.896242	48.74278	0.29591838
14.047635	24.524696	0.19444445
7.2221	12.447902	0.40625
3.2842102	13.327411	0.34710744
9.414674	27.538633	0.2
10.894648	15.659313	0.56122446
7.803727	44.075138	0.25259516
4.199764	14.145772	0.37777779
1.7749257	1.7749257	1.0
12.845935	31.238161	0.33333334
15.004109	52.211025	0.15570934
10.791461	22.648405	0.4375
9.860259	30.142914	0.21799308
8.51154	22.754202	0.33333334
9.142631	16.990507	0.32409972
2.2109494	6.894205	0.43195266
18.978828	43.106182	0.18714556
5.1336937	34.518726	0.375
12.689293	16.002895	0.25
12.070561	16.077154	0.30612245
6.41849	9.844929	0.50617284
7.478611	23.600271	0.78125
16.847672	69.69528	0.1301939
4.4959173	11.779132	0.34375
2.7725961	15.126348	0.3469388
20.076717	38.487514	0.28
9.168427	16.006098	0.21893491
8.44207	27.97411	0.25925925
13.397153	32.07984	0.16666667
7.315571	19.50968	0.375
6.9061465	34.83278	0.25333333
10.107664	15.133181	0.26530612
7.414509	8.876292	0.3888889
18.276802	23.204268	0.28
8.485989	22.297077	0.30578512
10.658211	24.872475	0.28
24.47286	37.427612	0.1875
7.7575097	15.112177	0.375
5.5733995	7.7267475	0.5371901
6.181112	23.383661	0.44
16.936739	55.348454	0.3888889
4.7721386	4.8391647	0.7222222
6.565529	13.620084	0.5
10.504709	35.481804	0.19031142
13.339997	22.832022	0.2361111
48.868526	48.868526	1.0
6.797394	22.903345	0.455
NaN	0.0	NaN
9.843186	24.900612	0.44
9.559159	24.323977	0.23469388
14.292006	44.784096	0.33333334
12.823952	16.459465	0.5555556
8.685508	22.169525	0.38271606
8.985928	24.894915	0.31555554
6.2513614	16.769707	0.41333333
22.178328	41.620197	0.22222222
10.806972	32.03851	0.3888889
9.037129	18.02839	0.2777778
12.463759	25.29888	0.3553719
10.9355135	34.541904	0.41975307
11.443084	29.713337	0.2520661
23.343054	25.3498	0.5
21.583744	55.36041	0.25619835
13.687952	39.543938	0.18820861
14.05972	22.737041	0.30612245
14.64545	32.30885	0.14049587
8.489415	15.760802	0.39555556
7.354941	14.2216215	0.28
7.8553867	23.215956	0.37278107
23.391268	49.770233	0.22727273
9.848151	18.94014	0.2755102
8.31652	19.6148	0.41322315
8.597028	37.927826	0.31360948
11.738159	19.851044	0.38504156
11.518457	16.002895	0.18367347
6.555792	39.30741	0.40828404
16.9588	55.753956	0.2892562
18.089527	23.88493	0.3469388
4.055764	10.522403	0.45454547
23.391436	50.94441	0.21428572
19.240818	45.267258	0.18055555
12.4044075	17.816883	0.33333334
9.935606	17.210037	0.37755102
16.694635	41.73245	0.1800554
6.5838275	27.749546	0.50865054
10.26139	24.872112	0.18
17.264032	34.118603	0.28
6.595011	8.109104	0.5
4.092101	12.5821495	0.59375
7.076743	9.803579	0.5555556
8.686858	15.114429	0.19008264
26.679602	45.876125	0.1388889
5.8695865	30.587357	0.31555554
5.700506	13.017287	0.50617284
30.300299	49.460384	0.5
14.047336	18.685158	0.33333334
12.4157715	25.26941	0.140625
7.977751	7.977751	1.0
13.807614	19.074463	0.30612245
9.703559	31.403242	0.20888889
3.6575098	12.491844	0.6213018
8.925304	23.412817	0.3130194
12.640763	23.10415	0.2781065
4.7934136	13.513515	0.3265306
32.712704	60.73844	0.3888889
9.984005	33.652367	0.39555556
14.788864	33.201855	0.28
12.064533	14.460208	0.375
14.751009	33.91424	0.30612245
16.297825	20.182426	0.375
16.219183	30.508703	0.25510204
12.12624	26.082668	0.34072024
23.960665	48.97099	0.14049587
7.717022	14.311258	0.20415226
13.556914	19.733532	0.2
17.6577	24.600975	0.20987654
5.4658628	19.676485	0.4375
8.839568	11.860449	0.24
10.517164	14.1821	0.44
10.909829	16.536526	0.32
4.906941	21.59974	0.45328718
16.190117	28.9209	0.15277778
24.66494	43.212776	0.22222222
12.5664425	57.989132	0.296875
9.201671	18.075754	0.3888889
8.325855	25.401701	0.16444445
18.757292	21.423147	0.45454547
8.603643	13.564557	0.21875
15.193573	35.701843	0.52
4.8188167	13.260588	0.5972222
14.087761	43.513565	0.1388889
7.317093	19.058775	0.3968254
6.9816856	27.820642	0.59375
16.846893	35.83022	0.16
12.251804	35.888836	0.25925925
2.588587	15.452303	0.5769231
21.921946	29.192314	0.22437674
1.8042437	4.4370074	0.80246913
9.024079	30.929123	0.5138889
18.39483	21.047333	0.33333334
14.158379	24.199728	0.23875433
9.832351	26.664433	0.39555556
5.3569045	24.70356	0.7618148
11.856675	28.079197	0.265625
5.352602	12.733092	0.22222222
10.184515	14.794736	0.2345679
14.390201	44.725574	0.27272728
18.694372	31.200306	0.18518518
14.577341	20.625692	0.24
13.8069515	23.554672	0.43801653
10.23702	13.424408	0.5555556
10.499508	25.621685	0.26
7.645449	23.393923	0.2
9.68395	9.68395	1.0
11.860926	20.592012	0.30612245
5.9431267	9.030669	0.375
12.994254	37.99196	0.21107267
20.274517	20.274517	1.0
12.937838	36.67402	0.23555556
10.79277	30.90615	0.29338843
22.698544	24.609694	0.375
22.334623	31.813938	0.2244898

