PollenDist	MaxPollenDist	WDivFathers
4.2839947	13.896667	0.32
7.217834	12.268349	0.28
7.186503	11.113718	0.2638889
12.0781975	16.435684	0.33333334
7.0712886	18.451607	0.234375
1.7671912	8.9911	0.54
2.1012385	2.1012385	1.0
NaN	0.0	NaN
NaN	0.0	NaN
8.636825	8.636824	1.0
5.2092137	5.2092137	1.0
3.889189	3.889189	1.0
8.005856	16.817793	0.21777777
9.948185	11.740728	0.33333334
2.5836046	2.5836043	1.0
5.9961853	9.606909	0.2892562
12.789309	14.733138	0.68
3.548859	3.548859	1.0
17.08951	17.08951	1.0
3.0930197	4.670664	0.625
4.152247	8.453489	0.25141776
8.151892	20.562286	0.2
6.368305	9.112328	0.25
6.2564516	6.2564516	1.0
5.550132	7.4277897	0.3828125
1.3681287	1.3681285	1.0
14.051223	19.257	0.5138889
9.958018	9.958018	1.0
5.488661	9.742886	0.18343195
3.8931794	11.99732	0.70247936
4.230154	7.1776047	0.75510204
6.829295	30.571472	0.25
3.9540231	6.40364	0.43209878
2.6627967	3.446236	0.5972222
9.946262	10.368652	0.5
9.831706	12.122702	0.20661157
7.928645	9.924255	0.21777777
NaN	0.0	NaN
2.6591618	5.2583265	0.80246913
6.780609	12.989296	0.28
4.4566965	6.187391	0.32963988
NaN	0.0	NaN
6.786655	21.625275	0.4027778
11.302138	12.975238	0.40625
4.43959	6.1592255	0.5555556
6.6808395	9.937249	0.2755102
5.221402	5.962952	0.29591838
2.8723927	2.8723927	1.0
2.878733	3.0882132	0.52
5.136676	7.440397	0.50094515
3.3594213	5.2295265	0.5102041
3.7026443	7.1108694	0.2857143
3.3920877	11.65933	0.5147929
4.792357	11.489418	0.40625
5.1020675	15.023433	0.5
7.965941	12.075734	0.33333334
3.0147438	3.7498825	0.7222222
9.421764	9.421764	1.0
8.278799	11.103034	0.3553719
4.5830717	11.229239	0.51
7.9209213	12.386286	0.34
3.3844235	16.140501	0.32544377
9.262297	9.262297	1.0
5.24813	18.450907	0.25
2.0280607	2.0280607	1.0
3.1494918	3.1494918	1.0
4.222838	9.954287	0.15277778
5.394012	7.616502	0.27272728
3.7420695	10.044285	0.24489796
5.472163	11.311073	0.14878893
7.8365192	12.21803	0.25619835
1.8343868	3.7498825	0.33333334
10.341882	17.557198	0.3877551
7.411313	9.990303	0.375
9.204837	13.321091	0.22222222
9.146891	21.116903	0.25
5.6272373	9.891373	0.375
6.2059484	16.604437	0.16343491
5.0608177	6.561627	0.31487888
5.1847324	14.951392	0.23204994
5.2335	11.514154	0.4453125
2.935192	5.1025047	0.37654322
6.43348	11.946151	0.40625
2.8199255	3.7127469	0.53125
9.385636	9.385636	1.0
NaN	0.0	NaN
10.919908	10.919908	1.0
NaN	0.0	NaN
3.929829	5.3676934	0.5972222
3.6335692	10.989345	0.33081284
4.1613226	8.986202	0.21088435
2.8900595	2.8900595	1.0
5.1123934	9.701391	0.625
5.5378203	11.06255	0.4876033
NaN	0.0	NaN
6.739984	8.755006	0.38271606
4.0729284	7.6886697	0.46694216
2.5050867	3.3274915	0.3515625
2.2764933	8.432951	0.900277
6.333317	12.454004	0.15625
3.356563	11.764495	0.43310657
4.4518385	12.837589	0.23076923
6.57874	15.556821	0.45918366
2.0922592	2.0922592	1.0
7.1416163	7.1416163	1.0
3.6040099	6.801313	0.6859504
7.987523	23.173754	0.24
NaN	0.0	NaN
8.999738	8.999738	1.0
5.03158	8.996828	0.2777778
5.939382	15.54745	0.2631579
3.9447005	18.297264	0.21883656
6.3446317	13.69638	0.38271606
2.9977956	3.1440015	0.58
4.436822	15.281947	0.21995465
8.434386	17.471903	0.31555554
2.9740424	6.0676904	0.41
11.607964	30.00693	0.7083333
12.552906	12.552906	1.0
8.396678	22.952438	0.26530612
5.8654437	11.394464	0.2244898
5.3180523	5.3180523	1.0
2.713874	11.295411	0.61937714
NaN	0.0	NaN
4.8963075	16.120157	0.2755102
5.6303334	12.565253	0.1875
1.5920765	4.5921755	0.78546715
4.216181	13.17848	0.43801653
8.24833	16.160337	0.14666666
4.4993496	10.465679	0.31360948
3.3980618	7.927892	0.48788926
4.868915	11.236499	0.23958333
5.1135397	6.9003215	0.75510204
4.081916	4.0819154	1.0
9.221585	13.005999	0.33333334
10.223949	11.731149	0.5555556
5.0259633	15.047854	0.78125
6.9119806	13.850103	0.30612245
7.6828995	11.5443	0.20661157
5.363098	12.31478	0.5069252
5.768858	8.964636	0.4304
3.6558022	3.7127469	0.52
4.5498757	6.4934573	0.33333334
10.253318	14.387113	0.28125
5.191856	10.290977	0.46875
11.749387	13.091886	0.5555556
7.8153434	7.8153434	1.0
6.3358107	17.024975	0.2
4.529136	10.2928295	0.68
7.026168	16.884317	0.225
2.5836043	2.5836043	1.0
5.5406275	15.908915	0.2711111
4.701415	7.571064	0.3671875
5.297112	7.012168	0.5555556
10.256836	10.256836	1.0
6.973069	6.973069	1.0
3.8708944	8.985246	0.3159722
13.4271965	27.896772	0.21875
NaN	0.0	NaN
6.6704245	9.98702	0.2345679
NaN	0.0	NaN
7.8153434	7.8153434	1.0
5.554947	11.228701	0.42
3.0816653	3.566139	0.53846157
2.2859144	5.5390196	0.58264464
14.559636	16.355913	0.26
7.1299763	16.065556	0.40625
4.109266	9.2127695	0.25333333
2.4045298	4.0149817	0.7222222
5.5111804	7.2670183	0.36
6.6344533	11.323964	0.1694215
8.597706	10.462819	0.53125
4.157562	7.8953633	0.5
9.303451	12.008282	0.3
3.3576767	7.136676	0.42911154
11.3314905	17.388596	0.21875
8.304347	8.400012	0.5555556
5.9656887	13.638109	0.654321
NaN	0.0	NaN
2.0401804	3.3766735	0.36842105
11.265871	24.910221	0.25
5.201613	5.201613	1.0
10.123659	12.376089	0.4074074
3.9150655	3.9150653	1.0
4.763355	18.949629	0.44044322
3.6361783	4.1180677	0.42857143
4.0985703	11.314245	0.5510204
7.2010617	9.173364	0.21875
8.465791	14.216566	0.26530612
4.917259	5.602639	0.52
4.3166723	16.548986	0.3106576
9.041914	21.625275	0.4814815
10.4504175	10.4504175	1.0
9.851444	19.888292	0.2890625
7.2299137	7.241253	0.654321
4.884129	10.992596	0.5972222
6.620982	12.408602	0.42857143
NaN	0.0	NaN
4.5272393	8.756121	0.30193907
7.5021505	13.367593	0.42
7.0768948	13.17633	0.3046875
2.9081323	5.8012424	0.76
7.966675	18.48036	0.2244898
4.18067	4.1865897	0.80246913
7.1771765	9.189174	0.46
4.0617523	6.236455	0.28125
3.903249	4.74994	0.7962963
3.5365217	3.5365214	1.0
8.718955	18.193048	0.4876033
NaN	0.0	NaN
3.5365214	3.5365214	1.0
5.743721	11.779109	0.73964494
NaN	0.0	NaN
2.0951846	2.101136	0.5371901
3.8914824	4.670664	0.5371901
5.1091676	6.7493825	0.5
9.03291	9.03291	1.0
2.513951	7.393535	0.46875
5.4927444	10.996847	0.24099723
4.4395843	4.4395843	1.0
5.880242	6.532989	0.32098764
3.1174839	8.512932	0.5555556
NaN	0.0	NaN
6.4578786	11.409743	0.34375
8.359016	8.359016	1.0
5.453489	10.1166	0.3979239
NaN	0.0	NaN
11.836581	20.564503	0.38842976
7.52206	11.810782	0.40625
3.318606	7.0100904	0.5510204
7.7534866	13.082676	0.22222222
3.8815145	5.622042	0.80246913
NaN	0.0	NaN
5.787376	11.848651	0.24691358
5.7102184	6.6038523	0.53125
3.305012	8.06254	0.2892562
10.599055	11.36811	0.80246913
7.566532	14.720572	0.31519273
5.3324976	5.3324976	1.0
4.5914807	7.9525576	0.6859504
3.143777	12.875466	0.7083333
6.3143816	7.329953	0.5371901
4.2429695	4.2429695	1.0
12.252458	12.252458	1.0
NaN	0.0	NaN
8.350391	14.612308	0.28
NaN	0.0	NaN
5.9914494	5.9914494	1.0
5.1792293	7.5708723	0.29591838
4.345344	4.345344	1.0
5.9025326	17.254585	0.15277778
5.448471	9.750977	0.2244898
3.5417085	14.352436	0.2734375
6.159556	18.404314	0.33333334
6.0983763	13.78265	0.18595041
NaN	0.0	NaN
5.119285	7.7621946	0.37278107
4.9397535	12.32653	0.37654322
6.99515	17.653812	0.52
4.211911	19.850574	0.33333334
NaN	0.0	NaN
4.354692	7.0531955	0.2244898
2.6220348	4.1180677	0.515625
2.7610075	4.2972264	0.32231405
2.6220534	3.8578405	0.36
8.97961	14.547561	0.22222222
4.8560796	6.101332	0.33333334
NaN	0.0	NaN
5.99812	17.327257	0.1875
1.6539003	1.6539004	1.0
5.721196	15.88335	0.4215501
9.906427	20.465225	0.26222223
1.5113889	8.185021	0.45328718
6.0013766	9.949069	0.30578512
NaN	0.0	NaN
7.051798	17.82174	0.3046875
2.0824397	2.0824397	1.0
3.7366767	7.3285084	0.37278107
5.7100034	7.1305203	0.3553719
7.593297	11.731149	0.3877551
10.688806	14.671813	0.25619835
7.1627254	8.561492	0.4876033
5.4384	14.416142	0.39229968
4.4637685	8.121675	0.67159766
9.303153	11.681057	0.5555556
3.4246566	4.840581	0.5555556
7.1776047	7.1776047	1.0
3.9012916	12.656407	0.38321996
4.7146735	11.069671	0.1875
2.2352884	2.2391171	0.5555556
4.968045	7.489776	0.19008264
11.945519	17.700539	0.57024795
3.1062744	4.0178432	0.5
3.4212732	9.003076	0.3611111
8.406068	10.746213	0.375
4.128283	7.201832	0.3888889
5.604021	18.232803	0.12485137
6.2219625	17.297428	0.2733564
NaN	0.0	NaN
6.0026307	17.820042	0.34710744
6.028812	11.984255	0.5
4.2859206	8.390756	0.44
10.962282	33.243214	0.21893491
22.574928	23.923803	0.625
11.622229	13.194995	0.5510204
4.374102	9.346277	0.3553719

6.0507174	11.13084	0.5739645
5.0739436	6.1626687	0.2662722
6.488043	16.0	0.59375
7.5209427	9.520358	0.375
5.3036094	5.3036094	1.0
5.552514	10.605316	0.38271606
3.1405401	13.049819	0.6859504
4.4195232	9.661229	0.4375
12.201614	19.894361	0.33333334
5.015582	8.03286	0.5371901
7.58502	11.230234	0.3979239
2.9383347	5.0011215	0.51800555
7.3209586	10.15771	0.33333334
4.941541	7.696928	0.3979239
3.9981043	3.9981043	1.0
2.6975515	2.6975515	1.0
6.2819166	8.161551	0.6213018
4.253126	7.923295	0.38504156
14.68558	21.988802	0.33333334
7.3265343	15.460477	0.51984876
NaN	0.0	NaN
NaN	0.0	NaN
4.801765	14.160302	0.59375
3.7914972	6.0255985	0.654321
3.6820672	12.033075	0.7222222
4.329556	9.09007	0.59183675
5.9276824	12.748948	0.28395063
4.2886143	7.5842495	0.5283447
6.0247593	8.883682	0.375
2.6452641	5.3528023	0.73964494
2.9907784	5.942603	0.75510204
4.277016	7.0278535	0.37777779
5.1576858	8.563792	0.3888889
2.4253507	2.4253507	1.0
5.637113	6.6125245	0.5555556
3.3333619	3.4221535	0.7222222
9.709703	13.782879	0.3877551
13.790448	13.790448	1.0
3.8561351	6.395737	0.50617284
NaN	0.0	NaN
4.639521	4.639521	1.0
1.943917	6.7939334	0.79238755
3.5630162	6.4377117	0.68
2.8841643	8.01362	0.2734375
6.2994194	6.2994194	1.0
1.8062991	5.0091047	0.5822222
8.06433	9.745248	0.5555556
NaN	0.0	NaN
3.268514	3.2685142	1.0
5.089124	10.518	0.375
2.4444997	5.747155	0.27032137
4.189232	12.289292	0.30193907
4.7876306	7.0401945	0.36
3.0038722	8.439472	0.46694216
5.510703	15.0844145	0.31632653
9.700933	19.76472	0.26222223
4.6837187	9.938585	0.2755102
4.4837627	6.8894267	0.6296296
0.9677835	2.2941678	0.80246913
5.340364	5.6478524	0.52
17.799665	17.799665	1.0
3.8190649	3.8190649	1.0
4.003611	4.7159047	0.5555556
2.076773	2.076773	1.0
5.353887	19.187208	0.19097222
6.537223	19.518805	0.24074075
4.58504	7.468435	0.3469388
5.0706177	7.010405	0.80246913
3.4812963	5.7598453	0.57024795
3.7053921	13.494842	0.42
4.1301928	7.819135	0.5822222
2.3231463	4.5239134	0.3515625
6.220234	18.185154	0.4722222
5.5322666	17.01246	0.38271606
3.0034494	17.96067	0.69754255
9.420697	17.358877	0.2231405
7.152209	7.1522093	1.0
8.303986	10.630673	0.44
3.0300112	6.830832	0.36419752
4.8668785	15.140556	0.5363322
2.6489122	8.261758	0.7278106
2.7555554	9.03541	0.50138503
3.0353942	7.5695233	0.50617284
14.50263	22.848753	0.26530612
2.818608	6.941044	0.6015625
3.7660174	3.7660172	1.0
5.557452	7.29584	0.5
7.8299994	9.366393	0.435
10.474109	20.281427	0.16049382
10.464739	31.145992	0.40625
5.660204	8.010095	0.375
4.3962183	6.9368067	0.2662722
2.0993829	7.3704505	0.66
4.836177	4.836177	1.0
1.6900151	3.0220594	0.52
4.0807967	4.0807967	1.0
9.349035	13.680772	0.25619835
3.7314548	7.0322695	0.625
5.202016	6.668859	0.68
5.1689525	5.339481	0.5510204
3.4068897	3.4068894	1.0
4.8620825	5.113339	0.44
3.8738124	8.010601	0.44
3.630335	7.6592374	0.3472222
6.1529837	10.916727	0.25
1.7010792	6.2670465	0.75510204
4.9406576	10.965413	0.345
4.604836	5.3638835	0.53125
7.217768	10.498917	0.36
11.248015	20.928076	0.5
3.942921	6.7483454	0.5
8.992846	8.992846	1.0
6.391122	12.758551	0.37777779
8.044119	12.748948	0.375
9.337164	9.337164	1.0
3.6954575	8.476593	0.59375
5.9507227	12.052075	0.25
4.019166	9.041044	0.625
7.2158637	10.791408	0.3877551
7.2694435	12.724412	0.52
14.197009	17.062887	0.75510204
6.6788387	6.6788387	1.0
4.979133	5.1567516	0.625
5.2781563	16.502846	0.34948096
4.9324603	4.93246	1.0
2.4030066	2.5489764	0.654321
5.149408	5.149408	1.0
4.47668	13.074504	0.355
3.1629186	5.7873216	0.68
6.5467634	6.5467634	1.0
2.095234	2.50148	0.5555556
5.975503	5.975503	1.0
3.9469473	8.360998	0.3888889
4.720087	4.7768855	0.5555556
7.9111657	8.909754	0.4375
1.789757	1.789757	1.0
4.5418205	10.6575165	0.26
4.041733	4.041733	1.0
4.9682117	5.335735	0.7688889
3.2910109	12.245027	0.78125
12.400001	12.400001	1.0
6.477118	12.289292	0.28125
7.0037994	8.499951	0.50617284
6.229406	20.110037	0.34240362
7.884014	9.809757	0.46875
6.481437	9.525468	0.31360948
4.1620984	7.350175	0.40495867
5.477419	6.8137255	0.37868482
2.2477782	7.027804	0.59183675
7.35235	11.191654	0.43209878
2.729399	7.6676364	0.38271606
5.9727907	6.6969213	0.45152354
4.628862	9.469885	0.3888889
5.943762	13.831849	0.2
5.8498983	10.720133	0.6296296
4.70178	5.361873	0.40625
3.8873522	4.862078	0.5138889
4.8585296	5.8450813	0.4876033
4.9955745	15.0167675	0.4214876
3.953032	6.6676927	0.375
20.094555	32.487915	0.33333334
NaN	0.0	NaN
8.499224	13.460174	0.30612245
4.1045947	13.333517	0.35640138
1.8456658	3.2450943	0.8755556
5.27984	5.5378294	0.82
6.1131315	6.1131315	1.0
9.408219	15.614442	0.8347107
1.9618969	10.017945	0.3888889
3.8711138	6.597302	0.3696145
1.9564753	3.2450943	0.53125
5.539962	9.069368	0.37278107
4.099308	6.736669	0.40123457
3.2914236	3.2914236	1.0
7.0500636	9.977893	0.33333334
5.327023	12.260766	0.70247936
9.375627	15.287116	0.1796875
3.9856179	10.496448	0.2631579
4.538211	16.403927	0.3877551
3.101431	16.90272	0.82
7.463423	18.477604	0.29166666
5.101702	5.896602	0.625
4.444273	12.414664	0.415
5.2568083	6.579306	0.30666667
2.5011287	2.506818	0.5
3.3579755	6.8872786	0.86734694
6.5761356	6.5761356	1.0
5.007096	12.526771	0.44044322
2.6905835	4.463332	0.3979239
6.223701	7.8880835	0.36
3.3498209	8.33957	0.4488889
8.748122	8.748122	1.0
7.1853056	10.0885935	0.2
6.479002	13.147223	0.23076923
NaN	0.0	NaN
7.017563	10.489759	0.4
5.657519	10.874178	0.25443786
6.9022655	10.979083	0.625
6.725653	10.524538	0.33333334
2.792136	8.182273	0.5
5.161516	7.1960797	0.32231405
6.3338485	9.462438	0.42857143
2.984138	6.824576	0.375
6.0098433	8.818772	0.34375
5.3388095	12.847656	0.30555555
7.340851	18.252357	0.24716553
8.5288105	12.73097	0.19526628
NaN	0.0	NaN
3.9113295	6.09607	0.30612245
4.2947283	15.692622	0.31
5.0091047	5.0091047	1.0
0.9617912	1.5799804	0.5555556
3.9666119	3.9666119	1.0
4.625445	9.7682	0.68
7.8888927	14.373277	0.22666667
3.2378998	7.8242736	0.41333333
3.1641135	4.01983	0.52
1.9928423	1.9928423	1.0
18.275764	22.432272	0.5
8.285593	8.285593	1.0
6.076576	6.076576	1.0
3.8148973	9.029888	0.59375
11.522791	16.298306	0.5
8.842303	9.744237	0.5
1.0542657	4.271811	0.5363322
7.407255	9.224408	0.43195266
6.1012	8.418414	0.59183675
7.06711	15.880613	0.375
4.449292	7.5940175	0.29639888
8.227916	8.978591	0.5555556
2.8318474	4.4107814	0.5
2.9343843	4.8367352	0.52
9.00186	11.029909	0.30578512
4.2592816	7.6402626	0.5555556
1.8279806	1.8279806	1.0
4.326786	6.2820325	0.53125
3.6755724	8.3379345	0.32544377
5.8451676	5.8451676	1.0
NaN	0.0	NaN
6.5977507	12.837757	0.18367347
4.5209904	8.694248	0.34375
6.6092696	6.6092696	1.0
10.096358	20.920866	0.30578512
5.897022	24.581171	0.5
6.5331216	6.5331216	1.0
9.8167095	22.132816	0.1734694
3.9045155	5.900965	0.43055555
2.9706304	7.865088	0.30103806
6.815765	9.573195	0.24489796
4.216067	9.652342	0.32963988
8.494193	12.512821	0.24
2.5643837	11.2830305	0.59
2.9379551	2.9379551	1.0
9.347393	10.901304	0.5
6.8440094	20.396275	0.25
3.9598534	4.2766633	0.68
4.5814643	5.344215	0.6296296
4.7635794	11.308232	0.655
6.161667	15.669796	0.2421875
6.7566223	9.615614	0.338843
3.4396272	12.371922	0.4624
6.516393	9.766768	0.29591838
4.1308036	7.049208	0.24763705
NaN	0.0	NaN
10.555543	10.555543	1.0
5.854595	5.854595	1.0
5.2981596	7.892257	0.20661157
10.239602	19.61865	0.47599453
2.6311834	2.6311834	1.0
5.5453353	5.5453353	1.0
2.7360466	2.854973	0.5555556
5.608277	5.608277	1.0
3.0864909	3.086491	1.0
6.939292	12.58493	0.2244898
NaN	0.0	NaN
7.221484	10.880081	0.68
5.4799056	9.672042	0.40625
5.4381986	12.789949	0.375
4.2987666	9.196166	0.25619835
12.543155	12.543155	1.0
4.9057937	13.453907	0.15646258
6.8168054	9.519712	0.33333334
7.099885	11.4516535	0.36
1.3880498	2.004973	0.52
3.7828085	7.5842495	0.32231405
6.622457	7.4405527	0.33333334
6.094432	7.892502	0.46
5.3803515	12.432597	0.25925925
3.232	5.326839	0.37190083
7.3906026	12.294933	0.15192744
5.7615595	5.8207145	0.82312924
2.3168683	10.353578	0.50617284
NaN	0.0	NaN
6.4740453	11.5180235	0.2638889
8.139626	26.090824	0.32
8.83727	17.72931	0.4453125
5.532508	12.117953	0.29777777
11.996179	12.504535	0.5
3.419425	8.564811	0.3671875
6.281305	6.83173	0.625
5.975503	5.975503	1.0
3.211259	8.356868	0.41358024
21.53939	21.53939	1.0
8.009529	22.967134	0.18518518
1.9928422	1.9928423	1.0
2.3685389	2.4021404	0.654321

6.4622235	11.037018	0.45454547
3.72017	7.3164773	0.625
11.65128	17.751598	0.18518518
6.7115664	8.907683	0.33673468
9.699748	10.101851	0.33333334
3.5065427	8.142423	0.3877551
5.0691767	14.000083	0.16099773
3.672002	4.854894	0.3888889
8.566878	12.214284	0.44
6.281782	11.046137	0.2890625
1.3913078	2.0882123	0.80246913
6.799321	8.771985	0.375
13.960861	13.960861	1.0
8.27764	16.0	0.2244898
4.6703873	7.487608	0.30612245
7.0538464	14.09108	0.3888889
2.5570257	15.273267	0.45833334
3.9246674	17.05222	0.34
NaN	0.0	NaN
6.3612494	10.842739	0.235
3.3830616	7.5547256	0.34
7.865902	10.112092	0.5
9.119067	11.513187	0.28
10.314464	19.015503	0.4722222
7.9997325	12.233344	0.2711111
7.1812463	10.36212	0.2244898
4.4710555	15.269332	0.54
2.9033687	7.283005	0.48096886
4.630204	11.472956	0.22222222
6.618243	13.679163	0.60553634
NaN	0.0	NaN
10.087296	16.826048	0.30612245
7.127538	9.612464	0.5555556
6.274894	6.274894	1.0
14.294264	14.294264	1.0
3.096173	10.821711	0.30056712
6.452769	7.8834395	0.33333334
4.1299005	4.3115134	0.68
2.4131587	2.4131587	1.0
3.5269077	8.785438	0.3515625
4.2643085	9.94044	0.553719
5.6694236	10.936509	0.4027778
5.717407	8.293068	0.33673468
5.29845	6.7607193	0.18055555
5.631652	16.20754	0.3877551
4.8034344	14.033263	0.30864197
8.335023	16.690845	0.19387755
5.906515	17.828913	0.17901234
3.0834026	12.914528	0.6076389
10.30531	16.420795	0.25
8.19111	25.14242	0.23413111
NaN	0.0	NaN
8.61851	13.88761	0.41666666
4.0021863	8.748185	0.390625
7.2559314	14.71726	0.17355372
4.5978193	4.690925	0.5
3.76916	9.390668	0.325
6.3894796	9.118765	0.26
3.9738452	5.958377	0.67346936
2.5029628	2.5029628	1.0
2.1556163	2.1556163	1.0
6.248581	6.812725	0.7222222
3.7457495	5.277905	0.6213018
7.43736	7.4373593	1.0
NaN	0.0	NaN
NaN	0.0	NaN
3.7637558	7.3286595	0.28125
4.8145022	10.49968	0.7222222
8.181571	10.294908	0.2777778
2.0746179	7.3719707	0.44378698
5.4444084	7.005578	0.625
7.2527204	29.751722	0.53061223
4.048987	4.669923	0.625
2.7654266	3.8206358	0.3888889
5.751631	13.387781	0.19444445
4.3987026	12.252873	0.50617284
4.6070666	5.6271224	0.625
6.610014	19.886427	0.25
5.9408875	9.793057	0.5
3.8596115	3.8596115	1.0
4.075162	10.4114065	0.49
4.9185658	9.7202015	0.34375
5.091342	6.1785145	0.35714287
4.8934674	8.774741	0.34375
3.0902948	6.5730653	0.5555556
1.6634618	3.6470287	0.76
4.4685764	4.4685764	1.0
4.844082	15.119828	0.315
3.695053	3.695053	1.0
13.241961	13.241961	1.0
4.0288944	5.5966554	0.2892562
2.3785543	2.3785543	1.0
3.147102	3.147102	1.0
4.169052	11.322703	0.78125
7.41006	15.399974	0.171875
NaN	0.0	NaN
4.629356	11.267647	0.16666667
6.537675	11.638972	0.315
4.23976	11.075268	0.5
4.982269	4.982269	1.0
7.503309	8.464995	0.5555556
7.4334416	9.547648	0.29166666
3.368197	4.2374887	0.3553719
2.5601416	3.3485146	0.50617284
2.843108	7.8262925	0.555
4.8215127	10.493496	0.18222222
9.056921	14.263887	0.3
3.306581	3.9512403	0.43801653
2.4659874	4.9658484	0.46875
3.389874	4.9371033	0.625
4.9373665	10.601033	0.42
5.7404766	8.267219	0.5
5.337095	12.05827	0.34240362
4.1507688	11.810596	0.75510204
8.428126	8.428126	1.0
10.913147	14.084559	0.50617284
5.017889	10.816682	0.53360766
3.2284591	3.2284594	1.0
4.60293	5.0194426	0.5
10.530478	10.530478	1.0
2.6428177	2.9116938	0.50617284
5.8471837	10.848351	0.20661157
4.4507756	9.050223	0.4074074
10.060017	14.67395	0.375
7.065762	10.762732	0.4387755
5.2877245	8.589559	0.24567474
4.7569284	8.176515	0.47404844
1.5219935	2.9932084	0.81163436
10.312475	10.312475	1.0
4.501182	5.9098105	0.6294896
3.8565636	9.991494	0.4921875
5.550706	12.937777	0.30612245
7.608349	12.990115	0.375
7.063567	10.790587	0.5
2.9722598	9.001448	0.34710744
7.7969437	9.022533	0.375
7.3579845	12.254908	0.3611111
6.289306	19.571161	0.4820416
15.447542	15.447542	1.0
6.958461	14.52343	0.3739612
4.2510285	8.662866	0.3888889
5.745	8.554385	0.375
5.9347396	5.9347396	1.0
NaN	0.0	NaN
5.320164	9.867238	0.38271606
2.0882123	2.0882123	1.0
7.599156	22.013893	0.4074074
5.275565	8.474365	0.5510204
4.334156	5.1347947	0.3877551
3.8385153	5.7005777	0.37278107
NaN	0.0	NaN
NaN	0.0	NaN
5.1061816	8.420899	0.57024795
3.6464925	7.7980943	0.234375
3.272199	9.057495	0.25
5.8630953	7.619407	0.30991736
3.326856	8.053947	0.40625
7.032599	8.17503	0.60553634
3.4425883	13.730477	0.40625
4.733062	8.785566	0.19444445
11.292366	12.238331	0.46875
4.238739	4.238739	1.0
4.2778797	4.2778797	1.0
11.425068	16.611029	0.21875
3.5209754	8.616452	0.53741497
3.2479696	14.178674	0.53846157
4.673187	11.506912	0.45833334
4.450436	13.907225	0.18559557
8.6815195	9.901789	0.3888889
8.434142	8.434142	1.0
8.161889	13.135323	0.7222222
6.0362606	9.931255	0.2733564
5.7638793	9.934025	0.5555556
4.5244446	20.775045	0.30795848
2.935388	4.5047135	0.33418366
4.808616	4.808616	1.0
5.4726195	5.813952	0.5555556
7.366165	13.087638	0.30578512
9.675223	21.482515	0.25
7.270156	8.353934	0.375
8.486388	8.974322	0.5644444
2.1162305	5.0222845	0.8276644
8.706984	8.706984	1.0
NaN	0.0	NaN
9.618568	15.231776	0.4489796
4.965594	7.8069954	0.4074074
6.2589526	9.601572	0.30612245
4.932644	4.932644	1.0
5.0663085	10.617681	0.2244898
8.9456415	11.257586	0.36805555
5.937975	12.531723	0.625
5.813952	5.813952	1.0
12.102225	13.337803	0.625
1.8754283	2.3962138	0.80246913
4.280446	12.233283	0.31568998
3.269472	12.446845	0.32409972
4.9461436	14.109211	0.28099173
3.806664	9.640126	0.54
4.2572517	11.248428	0.59375
4.665765	4.665765	1.0
NaN	0.0	NaN
6.1525726	10.762732	0.625
6.111706	7.2887692	0.5555556
3.592766	5.6271224	0.40495867
3.135952	7.0694304	0.50617284
3.9702258	12.369001	0.59375
3.5575597	10.0955105	0.3877551
8.293644	9.1239395	0.375
6.0245013	8.171452	0.46
5.1764145	5.1764145	1.0
5.3710246	9.097775	0.3043478
6.9200974	9.909534	0.46875
2.7847092	8.395477	0.7048611
4.3948255	7.5009985	0.375
7.6526833	10.312475	0.1875
5.7431297	11.534199	0.19387755
3.2094543	8.742726	0.625
2.8013685	5.1732345	0.42857143
2.630516	2.7119489	0.5
2.3403487	2.9998388	0.68
3.3035424	7.7874656	0.3739612
9.601549	13.437215	0.22666667
4.9229975	8.9448805	0.245
6.534687	14.264836	0.30612245
1.8118315	10.770181	0.60553634
3.5385156	6.941937	0.38271606
9.98046	10.006033	0.78125
5.2047305	6.9611626	0.5
5.456573	8.538369	0.80246913
10.519588	10.519588	1.0
7.065856	9.613205	0.5
7.8442883	7.8442883	1.0
NaN	0.0	NaN
4.481024	5.2382092	0.52
5.0138645	12.445552	0.2037037
4.0156775	7.042845	0.59375
8.334077	31.956303	0.1570248
10.492404	12.1550045	0.5555556
4.106952	4.106952	1.0
6.153678	8.66806	0.39795917
NaN	0.0	NaN
10.782495	23.270851	0.34375
4.709109	9.083903	0.22222222
4.582211	6.1699896	0.5011338
3.8743775	5.4525595	0.5555556
11.5042305	17.201385	0.18820861
4.0126524	18.134762	0.6533333
5.7407646	11.748562	0.3877551
6.6216063	11.7646885	0.5
1.3041947	1.3041948	1.0
1.9104675	3.676318	0.4912
4.866398	17.315527	0.22908093
5.8430047	6.7449837	0.3469388
7.7000294	20.03091	0.18055555
3.7087696	5.10619	0.5138889
8.434142	8.434142	1.0
5.089165	18.768238	0.375
3.1008894	4.354677	0.625
8.855739	11.142303	0.5
2.334564	9.484198	0.9286694
7.787893	12.478529	0.30246913
7.1036205	17.324028	0.28395063
3.6975024	3.6975026	1.0
7.2292914	19.013975	0.32
8.680565	16.97887	0.4722222
11.631603	12.511089	0.6701389
9.440906	12.379075	0.33333334
NaN	0.0	NaN
7.4163275	8.464995	0.5555556
NaN	0.0	NaN
3.5867374	5.186812	0.5102041
3.647301	8.740276	0.50865054
4.4515457	7.5457196	0.28
6.958961	12.257317	0.23555556
3.4034474	3.4034476	1.0
15.038063	19.697412	0.5555556
1.3650302	1.36503	1.0
5.3481674	5.3481674	1.0
6.36697	9.153732	0.25
6.1289268	7.6153493	0.25
9.464648	33.994698	0.140625
4.87692	7.375285	0.5
7.887409	12.147853	0.2777778
3.618037	3.8797488	0.3888889
17.343037	17.343037	1.0
2.820478	8.685143	0.3846154
3.2398386	9.185958	0.76
5.8028	7.0715804	0.45918366
7.465435	12.5799675	0.2244898
5.9848037	16.471272	0.37190083
7.744472	9.074317	0.3888889
4.0197353	7.311245	0.43801653
6.404277	9.180363	0.5
7.4406233	12.240515	0.5510204
5.4128537	6.5108156	0.50617284
6.7940383	11.620254	0.22117202
9.52762	18.539701	0.24
2.6757278	2.8373353	0.6632653
7.6859775	7.6859775	1.0
4.684139	4.684139	1.0
3.4846656	5.304615	0.42
10.775466	19.346485	0.36
2.9861538	13.988119	0.37868482
3.6757298	5.9199753	0.375
1.0189353	4.832016	0.66
NaN	0.0	NaN

3.9471927	4.3345494	0.40625
7.1367807	15.723041	0.3877551
7.0105076	12.513947	0.2662722
8.609325	15.620994	0.2231405
4.039483	4.039483	1.0
10.318231	15.942026	0.24260356
4.055522	5.0675597	0.5
NaN	0.0	NaN
6.0793247	10.8353195	0.40444446
2.870328	4.1209464	0.625
9.413161	9.413161	1.0
4.06246	8.117738	0.21301775
1.9528773	10.419094	0.815
5.8681517	16.0	0.28
6.122149	9.872819	0.36
1.5078841	1.8531357	0.5661157
4.10723	4.864084	0.42592594
2.1206875	3.1604548	0.5408163
4.776727	5.068874	0.5555556
NaN	0.0	NaN
2.8884525	2.8884525	1.0
4.1440234	6.7899194	0.32231405
10.686204	12.567244	0.5
4.3081884	8.429384	0.58
5.627025	6.450533	0.52662724
10.837479	17.403215	0.5
3.8256645	8.400416	0.33333334
11.834325	12.335508	0.5555556
5.3539176	6.193797	0.68
7.2440434	9.520087	0.3888889
5.962132	13.2383175	0.3469388
4.71956	9.201627	0.41333333
5.2861266	12.933713	0.900277
7.9716105	13.512096	0.625
8.314741	16.880995	0.125
8.131127	9.543032	0.2777778
3.3455067	13.402857	0.47916666
7.113027	8.031861	0.375
7.509676	10.442552	0.27430555
7.4904017	16.758482	0.23076923
2.5224352	4.1209464	0.25
NaN	0.0	NaN
3.1365392	9.031255	0.39555556
6.9399185	9.338121	0.36
4.320384	5.237618	0.3888889
6.5249395	9.86421	0.2662722
3.229929	7.9216404	0.4240363
5.473396	9.972834	0.20833333
4.8448987	5.816817	0.5
4.8409777	7.2124352	0.5555556
NaN	0.0	NaN
7.3773212	12.944988	0.19008264
4.6532116	6.195317	0.2711111
4.081792	5.207129	0.3
2.531017	4.2317047	0.5555556
6.598445	10.933151	0.2231405
9.985129	9.985129	1.0
3.1236613	3.632649	0.50222224
5.684628	9.862161	0.5555556
7.1034484	11.292929	0.20833333
NaN	0.0	NaN
12.45061	20.351933	0.5555556
4.5826273	5.318141	0.52
3.0172603	9.543032	0.74489796
5.083415	6.647624	0.30612245
2.550939	3.5488214	0.5
10.331299	10.331299	1.0
3.3080733	12.144146	0.74489796
5.281324	7.5894427	0.42
3.6430862	16.146452	0.32871974
8.073771	8.073771	1.0
6.2286634	12.25424	0.22
6.496691	12.748993	0.52662724
11.379908	11.379908	1.0
6.0085874	6.0145254	0.5555556
6.136083	6.136083	1.0
3.495433	3.495433	1.0
2.9983056	5.0177155	0.4026465
10.006642	13.798365	0.33333334
3.4947054	3.4947054	1.0
8.809016	8.809016	1.0
4.342774	11.796516	0.6213018
7.59056	14.871798	0.43209878
7.312776	16.6975	0.5555556
4.2457123	5.024121	0.5371901
9.466474	11.70345	0.5
2.4530752	3.595512	0.3877551
3.4885752	3.6446376	0.75510204
7.1673627	14.175429	0.30612245
3.2880416	6.162144	0.415
4.8891764	12.320024	0.42
4.9945545	6.190363	0.26222223
5.51812	5.8472176	0.56122446
2.4856257	14.993137	0.79238755
4.6261563	11.89548	0.5
NaN	0.0	NaN
2.9796484	3.0529544	0.8579882
6.7824874	10.569342	0.5
6.3010983	7.5494657	0.44
7.0722423	13.599965	0.28395063
6.5087113	16.520168	0.3877551
5.3001084	8.410263	0.30555555
6.5994706	7.855351	0.44
7.3032537	12.462558	0.3553719
8.208616	12.378478	0.25
3.8887665	8.459403	0.203125
3.0872633	6.443859	0.4117647
10.31897	16.206978	0.26530612
3.1549406	8.197514	0.44378698
4.4522905	9.361825	0.36094674
4.5541935	7.371013	0.26530612
7.092075	14.41188	0.5029586
3.0068538	8.40396	0.41555557
10.078712	15.858514	0.33333334
3.3890064	3.4814084	0.5
7.1417513	10.867549	0.52
4.928864	8.9174385	0.42857143
2.3621686	3.2654603	0.73964494
4.410046	4.410046	1.0
5.8887863	10.740124	0.44
2.0450544	8.590044	0.6296296
4.2354717	11.659417	0.33333334
8.073771	8.073771	1.0
7.190627	9.856412	0.3125
9.828357	16.539278	0.33333334
9.001212	14.946814	0.19111112
8.3835535	15.785074	0.3553719
6.502736	6.502736	1.0
7.032249	14.843577	0.12809917
4.7859297	7.623644	0.5
3.277727	5.6833806	0.25
4.3329344	13.488428	0.48765433
6.1846604	11.550343	0.47959185
5.534943	10.988906	0.5510204
3.079939	12.55346	0.3702422
3.019876	10.205276	0.23555556
2.9549072	2.976375	0.8347107
3.6372726	7.5494657	0.46875
10.272036	14.970871	0.25
4.6293845	7.3574877	0.31944445
11.5956955	16.640732	0.47404844
5.4978843	6.790572	0.375
5.332904	7.445466	0.40625
3.549025	12.1034355	0.32544377
4.5140405	15.534949	0.6015625
NaN	0.0	NaN
4.0100665	4.3222165	0.375
4.340951	4.3409514	1.0
3.14248	5.282236	0.38842976
5.998362	9.973989	0.2
5.283676	11.060547	0.50617284
3.2946959	11.90698	0.28395063
4.419261	7.0834937	0.46875
14.955373	15.301128	0.5
5.7890267	8.2845125	0.3
3.2157252	9.202367	0.5
2.8257797	4.0173655	0.53125
7.904913	8.711341	0.5972222
NaN	0.0	NaN
5.0592504	8.9827585	0.59375
3.1848502	6.8716965	0.30612245
9.971984	12.681045	0.2777778
6.871063	17.909447	0.20833333
3.177966	4.4410515	0.28531855
8.475812	11.856705	0.33333334
3.527034	9.679031	0.5
3.6276953	4.9242363	0.21777777
3.0968513	3.0968513	1.0
2.6389537	4.428713	0.375
3.7719657	5.4853616	0.3888889
7.7025757	8.590044	0.25
15.846867	16.623938	0.5
6.7863674	9.955302	0.21875
5.1400847	11.3183775	0.68
3.4254088	7.216446	0.68
8.702054	8.702054	1.0
5.8322806	6.5657945	0.5555556
4.539507	10.549198	0.33333334
10.213355	15.5308075	0.32231405
4.8418055	12.742706	0.44
5.070783	5.070783	1.0
4.456425	4.4564257	1.0
4.0074806	4.1356745	0.68
3.7838445	3.7838445	1.0
8.39893	8.39893	1.0
7.0506916	11.999846	0.30578512
9.522712	13.344588	0.22222222
9.04507	12.250145	0.3877551
6.2798734	9.917374	0.5078125
4.4913297	7.9173913	0.3846154
11.570997	12.780691	0.3877551
3.77672	11.242852	0.4861111
3.773383	8.860265	0.19111112
2.1319935	8.52444	0.654321
5.561067	11.225578	0.19848771
5.5509167	21.392887	0.3422222
4.1872854	7.3250523	0.28
6.1634164	8.683647	0.26530612
2.3229184	2.47765	0.43209878
6.039294	9.014322	0.1966759
4.4482684	8.682596	0.33333334
2.8192146	5.2422323	0.5419501
3.9727383	3.9727383	1.0
1.9211224	8.281769	0.6015625
10.546151	24.601229	0.28
8.0505085	11.879048	0.5555556
NaN	0.0	NaN
6.0743403	9.222683	0.375
NaN	0.0	NaN
4.4643507	12.951446	0.66
NaN	0.0	NaN
10.632139	24.625334	0.34
NaN	0.0	NaN
3.0379531	7.0834937	0.32409972
6.484251	9.404511	0.5555556
7.0751443	7.0751443	1.0
3.1623914	11.14388	0.44378698
2.0290976	8.589254	0.68
5.339356	11.405674	0.21777777
3.8106756	6.790572	0.28395063
6.2574515	11.107765	0.54
5.5451274	15.630098	0.4722222
1.6019127	15.060393	0.90929705
NaN	0.0	NaN
2.1085613	5.0265474	0.4382716
NaN	0.0	NaN
4.971545	10.145804	0.25207755
9.676873	14.239131	0.5
NaN	0.0	NaN
5.2065263	8.469747	0.20221607
4.895433	8.211186	0.22222222
11.305854	11.305854	1.0
5.0862703	17.014523	0.23553719
1.6579965	1.6579962	1.0
3.7472396	7.038971	0.29300568
4.558897	6.978416	0.42857143
3.0968513	3.0968513	1.0
5.87251	17.298063	0.45454547
8.795425	13.9374	0.3125
10.014398	12.708754	0.4214876
6.0202327	9.5646925	0.30612245
4.3887835	5.2108083	0.5555556
8.128829	10.425198	0.5
2.3381717	5.68151	0.42222223
9.422909	12.035088	0.5
5.223594	11.604121	0.3877551
8.165049	8.165049	1.0
9.07182	9.07182	1.0
2.8789883	2.8789883	1.0
4.161617	5.5577345	0.30578512
5.5575576	12.294525	0.68
2.167781	2.167781	1.0
1.6521097	2.9256196	0.50138503
3.6320417	5.8800077	0.78125
5.806379	8.016896	0.5
3.7277212	9.425408	0.553719
7.483667	11.757588	0.28
8.837577	13.997454	0.2662722
7.368644	12.464523	0.25
3.8719947	10.287624	0.415
6.704751	9.252468	0.23469388
3.7835321	6.9740286	0.35349718
3.4019933	6.446649	0.5555556
4.037882	7.493654	0.2892562
6.192776	13.066552	0.78125
6.926689	11.659417	0.31555554
5.058326	11.099358	0.2781065
9.202367	9.202367	1.0
4.478039	11.019398	0.27437642
8.20431	14.752533	0.18518518
8.410263	8.410263	1.0
3.437494	10.970988	0.45833334
5.327627	8.02136	0.3125
3.3710709	6.729765	0.36094674
6.7898955	9.678861	0.5
2.7964602	4.085153	0.32871974
5.868098	5.868098	1.0
4.4656305	6.253395	0.40495867
7.4734497	8.972316	0.46875
NaN	0.0	NaN
6.1783137	8.537166	0.2244898
4.4480863	11.575953	0.3383743
6.5081286	8.800626	0.3888889
6.517813	14.2728615	0.3
4.197992	16.560503	0.45328718
5.8405566	10.620251	0.5555556
5.202962	8.819139	0.48752835
3.1522818	6.8300347	0.4488889
3.806334	5.2526865	0.4593573
5.6158624	5.630663	0.625
3.5593307	6.242843	0.68
3.0399292	3.9722784	0.68
6.9410048	13.310203	0.36
11.879679	23.06874	0.52
7.5997267	10.892331	0.28125
8.595379	17.019913	0.44
5.15847	9.563837	0.30177516
2.1497004	2.167781	0.60888886
5.121535	11.471849	0.20833333
5.712641	7.669695	0.3888889
4.626392	7.3522706	0.1936
5.6568775	12.308811	0.29218107
0.8965493	8.579143	0.86734694
2.9989147	8.968129	0.61245674
4.0513587	7.2124352	0.3877551
9.118029	15.147223	0.28

12.861272	12.861272	1.0
2.4959366	4.605748	0.33786848
3.4723203	3.4723203	1.0
5.827082	12.329742	0.21604939
2.082475	2.082475	1.0
3.0988839	8.908983	0.42857143
2.836613	8.762817	0.3515625
3.8624754	3.8624754	1.0
4.2681785	13.677386	0.3422222
8.621042	13.367901	0.5
9.052688	15.371885	0.22839506
3.5233288	3.5233288	1.0
5.336727	20.3812	0.338843
2.6667528	4.505207	0.42
2.9606838	2.9606838	1.0
10.619967	13.416145	0.33333334
4.8990836	8.985974	0.22222222
12.483392	22.896427	0.20987654
6.976271	6.976271	1.0
NaN	0.0	NaN
12.117261	14.744243	0.654321
4.982439	8.529204	0.42857143
2.4453046	2.8740587	0.51246536
4.166346	5.540472	0.50617284
10.245553	17.046999	0.45454547
3.6286268	8.778725	0.29338843
5.493742	9.198273	0.3580247
4.601045	7.7535505	0.3553719
7.530551	16.749388	0.25619835
7.597542	8.468185	0.5
5.0211406	14.385161	0.3877551
NaN	0.0	NaN
3.9412832	7.7119994	0.25
4.815759	8.160926	0.28719723
2.5641391	7.9531198	0.41274238
9.769293	12.015414	0.52
4.8127046	10.13805	0.3888889
NaN	0.0	NaN
3.5233288	3.5233288	1.0
5.415392	5.415392	1.0
6.9173646	12.176389	0.36
5.4764485	5.8089414	0.5555556
9.330142	19.883404	0.17451523
5.0492244	12.65575	0.25
3.6464376	9.406675	0.2847222
12.071906	12.071906	1.0
6.1553926	9.457392	0.32
5.856518	17.026642	0.421875
4.3299274	12.558765	0.3553719
6.299258	15.465621	0.655
4.1723933	4.6889224	0.53125
3.2430007	6.8038397	0.29166666
7.5789633	10.353809	0.68
5.8836927	12.126443	0.26785713
4.1169615	7.4118524	0.2638889
10.555317	13.4434	0.40625
2.7957532	3.755544	0.3576389
6.8703213	8.518699	0.21527778
6.3274994	10.327818	0.7962963
5.4444985	8.79529	0.26
4.311147	4.527365	0.654321
5.936356	9.835401	0.46180555
3.4907873	3.5701644	0.625
5.0014334	11.205447	0.1953125
7.348996	12.808192	0.24444444
3.1412494	9.219841	0.43055555
6.1802063	10.120217	0.3359375
2.2940924	5.048798	0.44378698
4.8382883	6.9122267	0.3888889
6.9448366	15.994256	0.26
5.6755223	8.411221	0.40828404
11.093306	11.093306	1.0
9.363997	21.688017	0.8528
3.868955	3.868955	1.0
13.348213	14.567759	0.43209878
6.1308436	6.1308436	1.0
7.4392986	13.239032	0.33333334
6.6935754	13.0969515	0.33333334
5.5253487	5.5253487	1.0
3.8687863	9.541506	0.42857143
2.979282	5.211203	0.44
4.9736447	5.028515	0.75510204
NaN	0.0	NaN
NaN	0.0	NaN
3.9179695	8.775297	0.265
5.0593143	7.2757025	0.30612245
8.853967	9.591182	0.338843
1.9469023	2.1977372	0.59183675
3.763473	19.274446	0.51800555
3.2389405	3.375863	0.68
4.431307	8.280759	0.30578512
7.354987	7.354987	1.0
NaN	0.0	NaN
5.5362577	6.7045836	0.3877551
2.2189481	2.5935793	0.5102041
8.652353	11.185671	0.5
6.1191554	6.1191554	1.0
8.622787	24.022762	0.18343195
NaN	0.0	NaN
2.387871	7.2428217	0.68
1.8329663	4.4177227	0.4556213
7.361947	7.361947	1.0
7.8626113	9.700999	0.28
6.18334	9.82795	0.25
9.667334	9.667334	1.0
4.646172	6.4456415	0.455
3.348352	4.0516186	0.59183675
7.804584	11.3140745	0.25443786
4.969916	5.9379134	0.28
4.7064705	7.8052964	0.23076923
2.0750475	2.0750475	1.0
6.7437935	11.455771	0.54
2.6986165	2.8740587	0.59183675
5.1946635	5.9698124	0.7222222
8.247932	13.83731	0.3125
19.435219	19.435219	1.0
8.873091	13.77923	0.2733564
3.6939218	6.943464	0.30612245
4.50862	12.270262	0.4375
4.656578	4.656578	1.0
10.264669	19.59573	0.29777777
8.490743	13.690427	0.26222223
3.0150619	11.061783	0.4338843
6.56156	6.56156	1.0
1.3403258	1.3403258	1.0
6.9983735	11.568536	0.30795848
7.7319717	8.706689	0.5
3.5455687	6.111869	0.2711111
3.1313298	3.2691617	0.5555556
5.063101	9.093756	0.30864197
8.425189	8.425189	1.0
7.1334705	18.98647	0.28395063
7.7672653	8.106872	0.5
8.901886	15.325426	0.2777778
9.653242	19.596945	0.25619835
5.6639085	11.884937	0.68
3.9366667	9.219841	0.625
8.914109	14.767659	0.35950413
2.215301	2.215301	1.0
5.596594	5.8761363	0.29777777
7.429664	16.254366	0.2265625
4.889533	7.3325977	0.625
3.8097878	5.1785855	0.28125
3.5234299	7.2944417	0.5
7.103336	9.30104	0.33333334
8.870271	9.960384	0.8347107
2.4725292	3.0222852	0.33673468
2.2641046	3.7343607	0.5555556
4.3928914	11.703771	0.25619835
1.2095017	4.48811	0.43801653
9.452541	9.452541	1.0
5.394316	9.81405	0.28395063
4.982059	21.256866	0.5644444
4.1441593	12.593909	0.3515625
3.1822755	3.1822755	1.0
6.848714	11.625845	0.5
5.2517705	9.848323	0.41735536
4.73674	4.833369	0.7688889
13.331575	14.909368	0.52
10.007103	16.757929	0.28
6.0068517	8.177278	0.25
8.72273	9.523479	0.5
6.7915144	6.791514	1.0
4.8420944	19.028494	0.44
2.154035	2.544386	0.46875
10.775513	18.00359	0.26530612
8.337119	17.730015	0.5
12.454939	33.257477	0.28
2.3176649	2.3176649	1.0
2.9606836	2.9606838	1.0
NaN	0.0	NaN
3.4054751	19.880405	0.47555557
2.2934668	3.266306	0.43801653
7.6019783	9.804888	0.3888889
4.5123906	10.341824	0.28531855
6.0267425	10.126132	0.43209878
11.222143	16.206379	0.2711111
5.0966	11.563135	0.30578512
9.649884	22.244179	0.2857143
2.7739832	4.8960156	0.75619835
8.026918	15.202679	0.46
13.767439	13.938926	0.82
3.874183	3.874183	1.0
1.9379749	1.9379749	1.0
2.8851566	6.611043	0.7222222
2.2459505	4.5052304	0.30555555
7.8933926	10.863558	0.38842976
4.5721993	9.308124	0.31360948
6.335947	14.519556	0.7083333
4.7073727	8.387338	0.4876033
8.021897	13.818203	0.28
6.1169147	13.416981	0.654321
4.4532795	9.147613	0.38271606
8.987221	27.664808	0.20661157
NaN	0.0	NaN
4.519363	6.6165123	0.5
3.783868	15.214794	0.31519273
7.2694125	10.787339	0.375
5.4103007	6.1308436	0.3828125
8.666391	12.142422	0.25443786
7.4907613	14.586103	0.17159763
6.0504794	11.890686	0.28
2.8407497	3.3350902	0.5555556
4.076257	12.065136	0.34375
4.283189	7.3240433	0.4489796
5.957738	11.7731695	0.2244898
8.3587885	10.015132	0.5555556
4.9255886	9.870409	0.2734375
5.3182826	14.439228	0.3877551
4.7421613	10.9637375	0.2892562
4.08421	9.008241	0.25308642
3.491894	3.491894	1.0
6.943158	13.110054	0.3553719
5.1617627	5.1617627	1.0
8.322035	11.96223	0.4
4.9552884	10.3568535	0.29085872
4.0274243	7.9173403	0.42857143
3.6473672	3.6473672	1.0
2.062917	7.843647	0.80246913
4.313019	12.104181	0.60946745
5.7899585	8.778725	0.24260356
5.5860286	8.761259	0.5555556
NaN	0.0	NaN
5.495572	11.036252	0.5510204
5.3169265	10.126687	0.5
3.5355132	6.233775	0.5555556
5.095372	9.010444	0.2231405
4.3163176	6.1190367	0.70934254
4.7868323	5.0731606	0.5555556
NaN	0.0	NaN
NaN	0.0	NaN
10.530312	13.723958	0.25925925
4.395558	7.8980384	0.50138503
3.8523824	4.031182	0.53125
5.066354	5.066354	1.0
6.593938	9.700999	0.42
7.1372	19.803371	0.40625
7.839639	7.9052863	0.8347107
2.5787776	3.3257415	0.4453125
2.1710553	6.545589	0.63265306
6.9431987	12.591472	0.23555556
1.894853	5.497585	0.48444444
2.232923	2.7877004	0.5041322
1.5944254	1.7345173	0.52
4.4744215	5.476523	0.5
4.6523542	5.767308	0.625
13.602889	14.473278	0.5972222
NaN	0.0	NaN
5.916819	9.310582	0.44
5.5868025	7.7026763	0.3469388
NaN	0.0	NaN
10.795772	15.4953	0.5
4.886867	14.318055	0.20833333
4.7361093	4.7361093	1.0
4.377399	6.8529024	0.36094674
2.4932463	4.922193	0.22117202
6.7017307	11.703837	0.5555556
2.1542158	3.1771693	0.60330576
7.004521	8.626764	0.8347107
5.332244	12.125411	0.22
6.87587	6.87587	1.0
3.9905005	4.948228	0.5555556
2.9758413	7.079153	0.6401384
4.121592	5.68005	0.1966759
2.8038416	4.505207	0.34375
3.51503	4.8621407	0.30578512
7.9192653	12.102406	0.2777778
8.932605	12.261909	0.25443786
10.44209	17.898436	0.33333334
5.2721815	5.7523026	0.5
3.5260918	9.95356	0.86734694
3.0161705	7.9386697	0.52
3.7039819	10.717001	0.35204083
8.053844	10.284431	0.5555556
8.357894	12.479931	0.5147929
5.8918304	8.4219055	0.5
2.4375334	4.2993426	0.44
11.4088	20.118666	0.26530612
2.5934465	5.240463	0.78125
5.28805	12.832903	0.31944445
4.279	9.623419	0.5555556
3.1664214	4.5318484	0.555
4.138121	7.251425	0.2244898
4.678288	7.9620223	0.24444444
7.4395247	13.809586	0.25
4.5127754	7.038047	0.6953125
4.225962	8.867199	0.33333334
4.9668746	8.706689	0.68
2.1756089	2.1756089	1.0
3.7440627	10.259266	0.30747923
8.4219055	8.4219055	1.0
2.5294635	10.97417	0.5859375
4.714454	8.661132	0.38
2.277509	2.277509	1.0
7.9837313	12.359531	0.22902495
6.8956594	10.43805	0.6296296
3.5361803	9.269656	0.8347107
2.5916567	4.877295	0.654321
7.426104	9.494514	0.33333334
6.3103666	7.1410637	0.68
2.277509	2.277509	1.0
6.2211485	6.6038637	0.44
4.6667128	10.055187	0.2781065
5.290063	7.587898	0.2755102
6.042425	10.393811	0.2345679
3.9065466	5.3288145	0.73964494

7.7001863	9.144435	0.52
NaN	0.0	NaN
4.1645784	6.3725643	0.66
5.6083407	10.58904	0.5555556
5.684927	12.078334	0.19008264
2.8850875	5.064778	0.4026465
10.803149	10.803149	1.0
2.7930481	3.6414716	0.5733333
4.9400697	8.331926	0.59183675
4.248881	5.612241	0.45833334
6.3195753	8.069534	0.3046875
9.32775	16.695032	0.5555556
8.779489	9.611306	0.59183675
5.240955	7.947521	0.375
5.2515965	16.0	0.18
7.471607	20.539915	0.3
8.83157	8.83157	1.0
6.865211	6.865211	1.0
3.2988	8.047674	0.2345679
6.4134974	9.9626875	0.30612245
7.8657684	17.045097	0.28125
6.6907654	18.977413	0.24567474
2.7183318	2.7183318	1.0
6.6918006	6.6918006	1.0
9.905758	14.665605	0.3828125
3.7554634	4.526215	0.40625
3.2970135	4.9642005	0.5
14.863072	18.072548	0.5555556
10.923033	16.533607	0.34375
5.637901	6.6200323	0.52
2.3873057	11.537571	0.3671875
4.440232	6.710947	0.5
5.72739	8.261209	0.3877551
NaN	0.0	NaN
7.899691	13.478409	0.3148148
4.713392	6.279464	0.45833334
4.227981	9.8016615	0.30795848
3.9389338	10.488296	0.50865054
1.7176492	1.8407568	0.60888886
5.35536	17.439093	0.30177516
2.4206562	13.85548	0.5936
10.85072	32.63546	0.33333334
9.735811	10.892842	0.375
3.429626	4.9642005	0.4814815
4.5619397	4.56194	1.0
4.482944	6.517827	0.4463668
1.0830089	1.0830089	1.0
4.520292	11.333734	0.2777778
5.6353292	9.06977	0.28
9.984275	21.514547	0.22222222
1.9347496	3.9632196	0.58
2.8655167	3.5630012	0.34
8.739446	17.047924	0.22222222
4.320632	10.84752	0.42
2.1050336	10.254829	0.5072
8.276511	9.861229	0.68
6.683136	14.41684	0.68
7.6455755	9.940897	0.3580247
2.8302577	9.312628	0.47928995
6.48488	13.728089	0.1953125
3.688194	5.7966604	0.5555556
NaN	0.0	NaN
7.169706	13.433933	0.20181406
4.8631444	12.847073	0.35640138
5.1826878	5.1826878	1.0
6.157077	19.114782	0.19526628
3.8823786	7.828151	0.32871974
3.5981941	4.647843	0.4214876
8.47873	14.478678	0.22222222
9.102712	9.74731	0.5555556
4.8009114	5.460359	0.5555556
5.25937	5.6414795	0.7222222
3.3911052	4.9859357	0.3511111
6.0553784	6.656223	0.4074074
3.8781257	8.214277	0.390625
6.9941797	7.501479	0.5
3.7185225	6.6934876	0.2768
4.4412537	7.66339	0.6296296
5.6927786	6.8717594	0.35185185
3.6889129	11.476613	0.4296875
4.705922	9.930509	0.3125
6.8875427	12.052351	0.21875
4.337136	15.239962	0.23875433
11.251968	16.204912	0.18518518
1.9159536	8.1591625	0.80609417
8.392839	17.158485	0.36
9.892066	14.68842	0.32231405
5.0091844	8.232518	0.22222222
5.5986743	10.203977	0.30666667
2.0136292	4.480101	0.47448015
5.223817	5.223817	1.0
3.8216896	5.1716285	0.42
1.825212	1.8252119	1.0
9.95524	15.759733	0.2345679
5.2801867	6.114503	0.625
4.586063	4.8868775	0.5739645
4.573267	7.7976193	0.365
7.0187573	19.431408	0.31632653
5.2477446	14.089734	0.29012346
3.0862837	4.7243314	0.51775146
5.4588776	10.537569	0.39555556
6.1618166	8.587135	0.25333333
1.9471369	7.9002986	0.66
10.242916	17.658152	0.25951558
2.6266506	5.878567	0.625
5.2624607	7.1488814	0.625
2.9333715	2.9333715	1.0
3.790112	3.790112	1.0
2.9333715	2.9333715	1.0
1.7652456	1.7652457	1.0
4.0186667	10.679322	0.3265306
7.498793	9.931032	0.26
7.9186964	10.942608	0.455
5.6596217	11.335573	0.3877551
5.5134068	9.687885	0.2777778
4.552279	4.552279	1.0
4.2663517	9.17439	0.39256197
6.417572	11.102465	0.20408164
2.5174043	3.5154886	0.52
7.723934	17.610754	0.22222222
6.4330616	7.863515	0.5
1.1023482	1.1023482	1.0
8.328118	9.734134	0.44
4.6124587	8.218814	0.3580247
7.9941087	7.9941087	1.0
3.5778086	3.8106246	0.5371901
4.318074	7.113651	0.3888889
6.9351797	9.186661	0.5
9.737907	11.141466	0.6859504
3.6164808	3.6164808	1.0
3.3081772	14.719703	0.375
3.66402	3.6640196	1.0
5.0060997	11.185261	0.32
6.78283	6.7828298	1.0
4.294291	10.563894	0.33333334
4.983319	5.319159	0.5555556
6.5800467	6.703145	0.5
5.77837	12.092862	0.415
NaN	0.0	NaN
3.7294428	10.306591	0.41333333
3.2295918	6.8673377	0.2802768
6.5170493	12.752869	0.15277778
7.6600456	9.145995	0.28
1.8762382	4.5083475	0.4861111
NaN	0.0	NaN
6.639829	7.194261	0.3888889
5.4111586	17.64113	0.78125
5.790618	19.001268	0.34072024
NaN	0.0	NaN
NaN	0.0	NaN
6.200401	8.56872	0.5
5.480806	6.5583305	0.50617284
3.923007	4.4926095	0.625
2.8682144	2.8682144	1.0
7.268938	11.233782	0.4375
5.063986	10.337202	0.45454547
5.202481	6.9649663	0.4876033
10.785971	16.150793	0.3469388
4.123793	6.9486322	0.4072022
4.648983	14.8497305	0.3888889
3.9625168	7.3172283	0.26222223
6.9896226	19.02765	0.19723183
17.579208	39.072136	0.19031142
4.463148	8.167355	0.24691358
4.729393	9.24349	0.4861111
4.8819704	10.276388	0.900277
2.7228696	5.287506	0.53125
NaN	0.0	NaN
2.5558364	3.4337504	0.68
9.551026	11.532457	0.30864197
9.458128	13.851966	0.33471075
11.453836	11.453836	1.0
7.056724	8.5233345	0.5555556
4.9155235	5.6072917	0.7222222
4.5499477	5.2738953	0.33333334
3.133036	3.514027	0.57750344
7.904203	13.228274	0.3580247
16.015785	16.015785	1.0
7.8347387	9.912105	0.28125
9.776431	11.413289	0.28125
6.119255	6.581337	0.5
5.3067155	6.2465625	0.25
3.584537	6.4336586	0.654321
1.8252119	1.8252119	1.0
7.793827	9.000479	0.25
6.153455	18.74581	0.41975307
3.2647467	6.327434	0.3799622
2.2758071	4.31164	0.5555556
9.1798	15.568688	0.26222223
4.3829417	8.731142	0.33333334
8.500273	10.362103	0.47555557
7.7557397	9.24487	0.375
1.1853637	1.1853637	1.0
3.549904	4.3260417	0.375
4.051727	10.066506	0.25951558
3.9087548	14.0984	0.3469388
5.4797373	10.998009	0.42
7.2932367	9.603166	0.43209878
NaN	0.0	NaN
4.6500077	5.69415	0.52
NaN	0.0	NaN
1.9707866	6.961056	0.78125
8.6764965	14.786992	0.37278107
4.2255683	4.647843	0.68
3.2043357	7.370074	0.50138503
2.4435725	2.4435725	1.0
6.297519	16.224535	0.2244898
4.757691	16.2034	0.70247936
6.390892	7.0239124	0.5555556
10.93046	27.719736	0.36363637
7.520669	21.68666	0.38271606
9.175492	17.024908	0.18820861
NaN	0.0	NaN
3.0794713	3.079471	1.0
7.2504573	10.492953	0.3888889
6.9440084	7.611533	0.5555556
7.3075943	8.205545	0.625
11.765328	14.363305	0.5
7.992504	8.633283	0.5555556
1.8893094	4.2178073	0.57024795
8.948417	10.666446	0.3702422
7.3127656	7.8390465	0.5
13.61624	15.410006	0.375
2.9047115	3.6884177	0.34375
5.9051476	6.800769	0.4074074
3.5295973	7.102208	0.28994083
4.18225	7.120062	0.29012346
5.4667377	7.323721	0.52
4.236362	5.4081936	0.24489796
NaN	0.0	NaN
4.00819	7.4235196	0.5555556
NaN	0.0	NaN
8.874615	22.52715	0.13194445
5.499039	8.768969	0.31555554
4.427007	15.509257	0.3888889
0.95353776	0.9535377	1.0
1.84154	3.3606877	0.64285713
11.592951	18.769629	0.27423823
8.796185	15.272565	0.4074074
3.9496546	6.5697784	0.33333334
5.0472507	5.0472507	1.0
4.604045	6.4868803	0.52
1.7731094	2.5567703	0.5102041
5.007842	10.758804	0.25259516
6.6415715	6.6415715	1.0
2.5644603	2.5644603	1.0
7.636672	9.022828	0.3469388
NaN	0.0	NaN
3.8140075	3.814008	1.0
NaN	0.0	NaN
4.9585805	14.092095	0.31555554
3.9897146	7.5970893	0.31555554
8.2400465	13.753509	0.18055555
1.3958123	6.7031045	0.8579882
5.5359054	6.0011864	0.3888889
NaN	0.0	NaN
3.1803572	5.631471	0.75510204
5.604873	11.816281	0.37190083
6.5153837	9.323261	0.3
6.512045	8.792019	0.5
NaN	0.0	NaN
4.384722	4.384722	1.0
7.159838	14.047634	0.18367347
2.532208	9.087497	0.3372781
6.1693373	7.8111324	0.43195266
7.372702	12.620526	0.245
2.9979572	6.951594	0.5419501
4.4335265	6.0952153	0.5
7.2913666	12.050388	0.26530612
3.0900898	7.2135673	0.44598338
3.286209	14.155659	0.25170067
6.2899437	17.401058	0.28
5.850982	8.707051	0.14739229
0.96003014	0.96003014	1.0
4.3670144	4.54731	0.7644628
2.9395294	17.672373	0.36842105
13.8876705	16.610708	0.37777779
4.9353757	13.709924	0.625
3.4811044	13.74031	0.41828254
5.84546	6.599555	0.2888889
4.0549307	8.016485	0.4570637
3.1688483	8.195004	0.35185185
1.7652458	1.7652457	1.0
7.0001373	9.230227	0.40828404
2.7484407	5.33889	0.265625
5.3587375	9.496668	0.25
6.30172	8.932811	0.375
4.1734304	10.7479315	0.4117647
7.379626	9.031683	0.35640138
NaN	0.0	NaN
2.1336305	3.2018557	0.5
6.811538	11.777617	0.19031142
2.8750715	4.18968	0.53846157
4.841372	11.605946	0.39795917
2.7016172	6.1651506	0.5555556
9.640893	12.653859	0.3888889
5.353936	5.353936	1.0
4.267651	4.79098	0.3472222
3.3212283	7.5213842	0.7222222
9.724169	11.032776	0.5
12.915302	13.392046	0.5
3.835528	8.970459	0.3553719
7.8784432	11.662909	0.3611111
7.8112755	10.522751	0.21875
6.9557624	9.9626875	0.22222222
3.9902804	7.2495914	0.18367347

5.1110983	7.9216495	0.5822222
6.1782346	8.070713	0.40625
2.039638	2.3579772	0.50617284
NaN	0.0	NaN
4.2050858	6.2140913	0.2244898
6.262006	7.533726	0.5
NaN	0.0	NaN
7.4328923	10.784786	0.375
3.9115882	6.1556425	0.3469388
6.0390778	8.913807	0.2
1.6747463	2.0809488	0.59183675
7.6169467	17.104105	0.625
5.249124	5.249124	1.0
8.118676	16.0	0.29166666
2.8559995	3.1404731	0.7688889
8.340596	18.159622	0.33333334
5.763426	13.839582	0.35147393
10.362292	20.328983	0.1875
5.0828557	13.103574	0.5644444
4.315926	13.75162	0.5236295
4.9191327	8.360797	0.5
4.30725	5.7598953	0.68
6.9310303	13.764092	0.34375
1.6982794	2.043075	0.5
7.928889	15.3659	0.44
6.2673855	13.691518	0.24
3.410078	7.463246	0.44
6.582693	9.428773	0.43055555
5.1508555	6.599038	0.625
4.9298697	5.70438	0.40625
11.552191	20.224367	0.38271606
17.131083	26.775126	0.375
3.2610261	12.430682	0.28125
6.134621	14.5794735	0.4861111
3.880512	3.880512	1.0
4.1025095	4.8901014	0.8755556
6.692719	8.400697	0.25925925
2.8369827	6.585583	0.3888889
7.2978826	7.2978826	1.0
NaN	0.0	NaN
5.2182684	18.241943	0.19727892
3.6456506	5.7156606	0.30612245
2.5030198	2.5030198	1.0
8.705747	12.477223	0.33333334
1.2104087	1.2387208	0.5138889
4.054473	7.7286863	0.24
3.7841249	7.4268465	0.47928995
4.323773	5.360336	0.42857143
3.777796	10.249342	0.3472222
6.437321	8.900586	0.53125
4.1377835	4.1377835	1.0
7.4118834	12.629485	0.2
7.4790587	8.1634	0.5555556
NaN	0.0	NaN
4.995155	7.8418617	0.625
5.5904684	14.388084	0.28
7.7180815	13.740173	0.5
NaN	0.0	NaN
3.113168	4.88291	0.52
8.383949	16.663305	0.5363322
5.091804	9.25367	0.6885813
3.3005078	3.9971943	0.34375
7.0973783	8.985371	0.4814815
7.861984	8.914781	0.5555556
6.8685946	22.541876	0.31855956
4.173802	8.906019	0.5408163
2.0809488	2.0809488	1.0
5.987649	7.15525	0.44
NaN	0.0	NaN
3.988598	8.837811	0.2797784
7.6092825	11.975508	0.28531855
6.3073726	17.286957	0.2781065
2.8816826	2.8816826	1.0
7.870642	8.023701	0.53125
7.515715	8.335142	0.58
5.453612	17.287962	0.33564013
9.960465	10.993794	0.625
8.568642	13.112879	0.5
12.5694275	18.733356	0.36
8.471753	9.184852	0.47922438
6.089335	14.291914	0.1953125
5.1773643	9.003313	0.3888889
5.711669	6.7170434	0.52
8.367902	16.732567	0.2755102
4.8611627	15.8705	0.31632653
2.4472568	7.6445837	0.47928995
3.7608452	8.172496	0.4876033
5.0792546	21.002314	0.6859504
5.2635756	14.992794	0.25761774
5.6293826	21.80877	0.24567474
3.1764863	3.7229345	0.5555556
8.078342	12.998085	0.25925925
4.8517833	4.8517833	1.0
6.3687797	11.005495	0.2244898
4.5213537	11.0998335	0.3877551
4.797677	8.213176	0.33333334
3.8572464	4.8161983	0.3888889
4.276944	9.470958	0.31519273
NaN	0.0	NaN
3.6177804	5.0572505	0.33333334
5.0802608	6.6379943	0.42592594
1.5619813	5.1720486	0.4488889
4.377748	4.994739	0.5555556
4.4132915	10.076399	0.5041322
4.3454633	11.455349	0.3372781
5.4576855	11.322109	0.2244898
4.3573008	7.7610946	0.3
1.7439581	2.7475507	0.5
6.0087624	11.431194	0.19791667
3.9230978	7.666998	0.31944445
5.7116523	5.7116523	1.0
4.988602	11.274893	0.2345679
2.1411014	14.047867	0.65
3.4432995	3.4432995	1.0
5.03432	7.699895	0.375
4.8207455	6.8506813	0.42
5.765379	7.6580863	0.43055555
7.5379	16.97473	0.70247936
NaN	0.0	NaN
3.6324394	9.474785	0.33564013
3.135396	6.86048	0.53846157
9.9562845	15.836562	0.18055555
4.0103993	4.0103993	1.0
2.7410672	3.7624323	0.5102041
3.2912939	8.500643	0.24444444
17.747145	23.933279	0.33333334
2.4466147	2.4466145	1.0
NaN	0.0	NaN
6.1545243	12.563424	0.171875
7.8049135	11.185574	0.30991736
9.219209	14.446301	0.30612245
2.0458586	7.922668	0.43209878
5.0506873	8.202605	0.5
6.7917743	12.699663	0.1388889
5.233882	6.594857	0.625
4.2899876	19.804823	0.2962963
6.1246195	8.280824	0.38271606
5.476431	13.589562	0.26222223
4.83212	4.83212	1.0
12.871103	13.95459	0.5
2.459035	2.9492764	0.45833334
7.152285	12.890836	0.39795917
2.5484507	2.5484507	1.0
7.4266233	8.87664	0.375
5.4560375	19.120916	0.47530866
6.3448725	9.808729	0.23809524
7.039991	17.723963	0.585
4.1377835	4.1377835	1.0
4.484932	8.144999	0.3
3.2562463	11.230991	0.5
6.7938924	13.196029	0.18343195
2.6213567	3.2322757	0.5235457
7.2262797	12.653107	0.30177516
9.750179	12.942025	0.2
2.851601	6.3374143	0.8347107
5.9461875	6.800699	0.5555556
NaN	0.0	NaN
3.6786838	8.371453	0.6622222
4.3024073	4.7182927	0.59375
9.029991	13.263084	0.19526628
5.5233564	15.473934	0.44044322
8.724245	22.92546	0.34
14.140948	20.657734	0.16666667
8.623963	9.721321	0.5555556
15.2058	15.264014	0.5555556
1.9025916	7.2662354	0.26222223
3.6174204	9.380812	0.4214876
2.0778644	2.0778644	1.0
7.4313445	7.8565717	0.5
8.769254	10.8113165	0.3888889
5.932045	14.330281	0.31944445
3.5707526	3.949059	0.75510204
0.8889016	3.7946787	0.6213018
4.2909226	5.686965	0.42911154
8.2774515	8.277452	1.0
5.3598056	6.2153416	0.37190083
5.616644	7.0992675	0.4861111
7.2458315	7.2458315	1.0
5.746917	8.5615	0.30612245
9.641793	20.4165	0.34375
6.973369	12.991264	0.28395063
5.567206	7.7040157	0.25259516
9.433983	11.630264	0.5555556
4.8806887	10.601409	0.30864197
4.93857	14.260548	0.57024795
3.2041655	5.9165587	0.47368422
8.633833	10.641756	0.52
4.0831776	7.7610946	0.78125
8.340887	15.911082	0.42
5.592203	7.528294	0.5
1.9474965	2.4923358	0.4340278
NaN	0.0	NaN
9.540629	14.154762	0.3888889
9.357746	11.37921	0.30578512
2.8441627	2.8441627	1.0
8.929819	9.636041	0.44
11.625177	14.84368	0.33459356
4.96397	25.891056	0.5408163
4.1800294	12.185201	0.3553719
3.1540709	4.1535854	0.5555556
2.7134752	3.3343592	0.5
3.729706	10.621171	0.23777778
3.5601037	4.083135	0.3888889
8.019087	16.249367	0.4375
2.6844347	12.568888	0.8347107
2.5738373	7.2385855	0.28719723
8.305489	8.305489	1.0
6.574635	11.0247555	0.59183675
10.353705	13.804078	0.25
8.745516	10.801859	0.375
8.570127	13.939655	0.171875
2.7727635	9.123987	0.4214876
7.2374907	11.592456	0.30612245
8.42024	10.613498	0.42857143
3.8014638	6.5814657	0.5
5.948936	13.047067	0.33333334
6.1280103	22.680391	0.553719
2.535721	3.249193	0.5
4.0511913	14.364154	0.3472222
9.849195	14.758886	0.28
10.704288	15.199292	0.33333334
8.088742	19.961775	0.30246913
7.3790193	11.6860075	0.5102041
2.4241672	3.8483028	0.6213018
4.785172	9.210672	0.20710059
5.7063417	11.055622	0.17355372
10.385466	13.64198	0.25
6.204474	8.960654	0.25
8.616227	14.618642	0.21883656
10.893804	12.81945	0.5555556
4.96741	13.619865	0.5433673
8.619474	16.052816	0.31944445
3.0625389	4.0103993	0.5
4.8257356	15.757637	0.4861111
6.8661323	17.513363	0.1875
6.0420403	14.525696	0.52249134
5.368162	5.368162	1.0
NaN	0.0	NaN
5.2571363	7.181415	0.68
4.087053	5.6236563	0.40625
4.3588367	10.1928425	0.3964497
5.9554815	18.589792	0.60946745
5.3924317	5.7564588	0.5555556
11.071771	17.755987	0.165
3.8893502	4.9167957	0.36
4.233564	12.746188	0.4214876
4.6063943	4.8037124	0.5
2.0394146	8.821341	0.5900277
2.5416608	6.0418534	0.7229917
3.5308785	6.8506813	0.6859504
3.242505	5.8231463	0.52
9.002272	14.551742	0.20710059
4.7040396	9.20262	0.52662724
10.069086	16.406374	0.30612245
8.578909	8.578909	1.0
4.794587	4.794587	1.0
3.208383	5.1158504	0.5
8.180187	14.054965	0.40625
5.5036964	8.401734	0.19444445
8.363289	14.751291	0.33333334
6.4712124	12.311701	0.43801653
3.92283	7.2458315	0.2892562
2.533482	6.9790707	0.34375
5.4232755	8.500302	0.17913832
1.7824094	3.163597	0.40625
3.7190297	7.576425	0.2244898
2.4866204	6.99403	0.44
2.9291177	5.0572505	0.59183675
6.2040157	20.094667	0.625
3.1039107	6.718037	0.31944445
4.0710707	7.7190766	0.425
3.7854257	7.194201	0.37278107
6.270676	7.490249	0.5555556
4.317137	5.113376	0.5
4.9357886	7.3734636	0.375
6.866255	11.953684	0.26859504
4.9775085	10.2291155	0.2857143
6.713725	6.713725	1.0
6.500181	11.179173	0.28395063
5.6997423	7.411655	0.2231405
3.321296	3.3393216	0.68
2.6410577	3.78399	0.5041322
4.9593625	4.9593625	1.0
5.3162847	7.914838	0.2777778
2.4045043	3.0628593	0.5
NaN	0.0	NaN
4.7113895	5.657413	0.53125
6.6024985	9.003313	0.38271606
1.2810445	1.3913174	0.5
2.3389351	8.489351	0.82
3.4748137	20.212069	0.4876033
6.816611	13.499629	0.4117647
3.0355413	3.968981	0.42
8.100455	21.507	0.46875
5.6918354	8.241689	0.32
2.7989883	12.190825	0.48765433
NaN	0.0	NaN
5.2259808	13.553941	0.45454547
3.9560204	4.577583	0.60330576
4.8800597	6.577962	0.36
3.2410536	9.855795	0.376
3.7284043	3.7284045	1.0
3.7681372	4.193911	0.37190083
3.4459598	7.4640856	0.53846157
10.12445	13.806603	0.54
4.2389355	4.2389355	1.0

4.6251416	7.4243913	0.3964497
1.9051561	1.9051561	1.0
3.4453564	3.4453564	1.0
6.5506587	16.5872	0.78125
5.3084445	16.191208	0.27423823
3.9902775	8.256379	0.39229023
NaN	0.0	NaN
8.585359	8.585359	1.0
5.299459	6.666669	0.33333334
2.1906314	6.873539	0.78125
3.703499	5.797465	0.5
13.136315	13.91014	0.5
NaN	0.0	NaN
5.7865396	9.235108	0.37190083
2.562534	2.9560106	0.5102041
8.60623	21.460726	0.38271606
3.7283041	3.7283041	1.0
4.5641704	7.874485	0.2802768
7.6442347	8.5015335	0.5102041
3.5094662	9.272829	0.7083333
NaN	0.0	NaN
2.6643238	2.6643238	1.0
2.594045	5.448076	0.75510204
3.966568	8.732791	0.5972222
6.688888	13.257625	0.5102041
1.0133084	1.0133084	1.0
5.717875	7.05276	0.5555556
2.6651263	11.231602	0.6296296
3.800134	11.418973	0.3888889
5.2080164	15.098997	0.44
3.638356	11.62395	0.68
NaN	0.0	NaN
2.3077724	5.050432	0.82
8.574374	8.574374	1.0
3.097477	7.514573	0.65625
2.3110564	7.628456	0.2857143
4.8344297	6.4951806	0.68
9.0046215	9.0046215	1.0
4.879056	6.4209294	0.46875
6.295827	12.698874	0.59375
7.8672366	8.958339	0.3553719
7.327358	8.398741	0.68
5.570765	10.018462	0.30612245
4.983911	8.046998	0.31487888
3.3906665	3.952418	0.4074074
3.8063369	4.7860446	0.59183675
10.556893	17.134476	0.34567901
7.803098	7.803098	1.0
3.7495298	7.466076	0.625
3.8659313	8.931184	0.328125
12.599675	12.599675	1.0
4.765053	4.765053	1.0
0.25758836	0.25758836	1.0
2.8767493	14.882079	0.8755556
3.9876544	7.760927	0.35147393
3.5370836	3.5370836	1.0
3.6827343	6.5328627	0.5972222
NaN	0.0	NaN
7.439194	18.90702	0.3088
10.205597	10.205597	1.0
4.897417	9.512358	0.42
4.635735	13.405476	0.82
2.251689	7.067861	0.79238755
6.309687	12.346684	0.32544377
3.982113	6.9011927	0.5555556
3.1634681	3.1634681	1.0
6.4965043	9.985541	0.34
8.446563	13.456804	0.2777778
7.793487	10.801544	0.28125
5.1308002	8.574374	0.33333334
NaN	0.0	NaN
3.4372926	7.1290593	0.6213018
7.699378	11.759355	0.30864197
5.1587453	20.754217	0.2734375
6.722275	7.659904	0.44
7.5856423	25.593483	0.19727892
3.8238122	13.67206	0.3979239
7.53979	7.789229	0.59183675
6.9996924	9.605031	0.205
2.6913085	2.6913083	1.0
4.5690885	16.57097	0.43055555
2.9631636	11.034864	0.25694445
6.8258286	10.199616	0.22839506
5.758403	10.087968	0.24489796
6.668113	9.013152	0.3372781
6.102093	11.273246	0.17580341
5.99776	6.7539864	0.28
13.901272	23.417831	0.18055555
5.896021	6.251096	0.5
5.5122347	8.33065	0.21799308
6.810123	11.893596	0.20888889
NaN	0.0	NaN
3.2066667	3.8016768	0.44598338
4.6450005	5.461198	0.515625
2.0169075	2.0169075	1.0
2.069277	6.9228396	0.90929705
6.8115754	11.542374	0.40625
1.7915348	1.791535	1.0
6.255811	14.4733095	0.2638889
2.0169075	2.0169075	1.0
3.537309	4.911548	0.3888889
3.0690024	9.063128	0.4072022
6.8807087	12.099917	0.20987654
3.7672498	9.171499	0.32231405
4.7776413	13.051222	0.29085872
2.4836626	2.4836626	1.0
7.0218225	7.9215126	0.68
4.846947	10.257258	0.26
1.818676	3.232424	0.80246913
3.5013013	6.597649	0.40625
7.911813	10.895364	0.28
3.887072	14.469151	0.553719
5.275177	9.927888	0.29705215
5.5409465	5.5409465	1.0
8.315933	10.019878	0.5
4.3030696	5.1650944	0.3877551
3.6450374	13.888436	0.34375
4.0766115	7.205181	0.86734694
8.805241	8.805241	1.0
6.376036	13.459897	0.2576
4.983813	8.20114	0.3877551
8.861873	13.257999	0.5
4.456356	7.383973	0.5102041
5.0943346	8.585359	0.28
5.8934846	12.242653	0.1342155
2.4360025	12.322621	0.59
20.535635	20.535635	1.0
9.732325	20.165384	0.24260356
0.38088393	0.38088393	1.0
8.540474	15.710091	0.18055555
4.0217767	8.780287	0.59183675
3.116712	5.9376025	0.43209878
5.7522907	16.794859	0.20987654
8.470994	13.505529	0.375
3.626792	17.068615	0.5859375
2.399338	8.019329	0.4861111
3.9283836	11.193316	0.5644444
7.4371324	8.614125	0.2892562
5.6423116	11.225031	0.23076923
5.066065	13.581983	0.23966943
2.8585806	4.4390984	0.6296296
7.015877	7.015877	1.0
1.8265989	1.8265989	1.0
1.2027527	1.2027527	1.0
13.907995	13.907995	1.0
3.7824764	3.9122865	0.4739229
10.469535	14.405135	0.28
9.251311	14.763574	0.5555556
NaN	0.0	NaN
3.806778	13.117114	0.8347107
5.0878386	5.0878386	1.0
1.791535	1.791535	1.0
6.1971316	12.834387	0.3271605
4.690674	11.04738	0.5510204
4.239944	4.239944	1.0
NaN	0.0	NaN
10.581163	13.612188	0.59183675
2.5250406	4.303143	0.654321
NaN	0.0	NaN
2.352519	2.352519	1.0
5.450262	13.435216	0.34375
3.6372335	3.6372335	1.0
4.043513	9.769634	0.6449704
7.274594	9.756831	0.30555555
4.744245	5.2581935	0.40625
6.704844	14.903189	0.23469388
4.499841	6.8431478	0.654321
2.0170114	2.0170114	1.0
4.7202	10.446481	0.57024795
4.9285674	12.717	0.4722222
7.8451476	17.988543	0.375
6.3217864	19.29769	0.21875
7.6289883	7.893328	0.375
NaN	0.0	NaN
3.200597	3.2005975	1.0
4.037521	4.037521	1.0
9.3600855	9.3600855	1.0
4.022972	4.0604978	0.60330576
NaN	0.0	NaN
7.9559145	12.686148	0.28
5.6429014	21.746265	0.25333333
4.5361686	5.1006813	0.5
3.6770794	14.996057	0.36
4.128967	14.094819	0.60553634
8.309107	18.119314	0.375
5.6149673	9.339989	0.3877551
3.1263034	5.284963	0.5555556
3.6273859	6.235023	0.30177516
5.6615047	6.2741537	0.4570637
9.569288	9.569288	1.0
6.2948523	7.1677184	0.3828125
11.958585	15.747888	0.33333334
9.663689	21.823761	0.25619835
8.6546	14.416186	0.28
4.880307	8.101854	0.38842976
8.296941	10.683452	0.375
4.3594384	9.992498	0.5390625
4.538241	5.65623	0.2777778
1.2465507	1.6540824	0.60330576
NaN	0.0	NaN
3.1375847	13.931549	0.7083333
8.041746	13.178287	0.22
2.7409265	4.158942	0.40082645
4.080791	4.080791	1.0
3.0144463	7.292317	0.44
4.689608	11.042078	0.17159763
NaN	0.0	NaN
3.5214605	3.8486824	0.5
4.141603	5.8382535	0.31632653
3.1187954	7.8544936	0.26643598
2.5032916	7.0647774	0.45867768
7.4320197	11.362928	0.34
2.0637038	5.2918224	0.5390625
3.7381203	7.925369	0.68
8.199966	11.401277	0.28395063
4.430628	6.9505014	0.3271605
3.8222196	9.105567	0.31360948
5.781591	6.588872	0.7222222
8.48199	8.668816	0.625
7.5243645	11.390419	0.28125
10.558865	27.281797	0.2777778
7.406187	12.3287115	0.5
8.310191	9.675385	0.33333334
5.6864142	6.619143	0.30612245
NaN	0.0	NaN
4.0551596	7.7032475	0.52662724
9.466801	12.802731	0.22222222
4.904657	9.044314	0.5510204
2.8081572	9.696616	0.42857143
2.152038	5.3082976	0.38429752
NaN	0.0	NaN
4.7844195	10.737586	0.22666667
3.040299	18.889013	0.31487888
2.7566988	10.7351675	0.80246913
4.951359	15.330063	0.5138889
3.4989548	4.4699297	0.5
3.1742668	3.1742668	1.0
5.3724294	8.945049	0.68
8.950783	13.67206	0.25
8.447288	13.717936	0.5510204
6.912558	10.180513	0.3159722
8.691902	15.904287	0.18367347
7.200592	9.266627	0.26530612
3.6743004	4.5580506	0.5555556
8.084436	12.985912	0.3553719
3.4368336	3.4368336	1.0
5.696681	5.696681	1.0
4.0608974	10.197645	0.45041323
8.8117075	9.955332	0.7222222
3.1376739	6.547424	0.73964494
12.991791	16.559654	0.2231405
2.3742313	5.3168573	0.625
0.634442	0.634442	1.0
3.2110884	5.6923714	0.49333334
5.5401173	9.507265	0.21875
6.6378613	10.855306	0.30578512
2.5887654	4.2138004	0.3877551
1.7787181	2.8899143	0.59183675
5.1828146	5.5664043	0.56122446
4.0767217	9.906151	0.4453125
4.267229	6.6045365	0.5555556
6.6915145	18.986883	0.23356009
2.9447103	7.5524263	0.53846157
5.066347	7.2993145	0.4074074
5.176511	6.8431478	0.40625
6.887154	17.072357	0.43801653
1.4869137	1.5719929	0.86734694
6.100479	11.460318	0.42
5.8093133	6.181325	0.5
7.248935	20.13665	0.24444444
7.418189	9.447355	0.5
7.276262	14.903189	0.33333334
8.372464	13.044334	0.1632653
2.8195221	3.7015772	0.4609375
2.8502812	6.854987	0.42857143
4.091215	12.863209	0.4489796
4.02615	4.0261507	1.0
9.501554	15.308414	0.7083333
4.5068016	8.72575	0.70987654
4.479274	4.479274	1.0
5.437301	5.437301	1.0
12.847925	21.923512	0.22839506
1.0133084	1.0133084	1.0
3.740444	7.0493336	0.50138503
7.0638714	9.371677	0.33333334
7.4027433	16.51849	0.16
4.651264	5.8464146	0.33333334
5.231032	9.3600855	0.2037037
4.2211623	11.96644	0.2638889
2.5808568	3.8975306	0.34375
7.3294024	18.399544	0.2318339
4.173591	9.303197	0.2603306
3.1587965	9.068632	0.42222223
6.4059234	9.07878	0.18367347
5.2103677	5.6169605	0.34
NaN	0.0	NaN
6.843706	7.3978357	0.5555556
4.02615	4.0261507	1.0
6.4097114	8.158429	0.78125
3.6372335	3.6372335	1.0
NaN	0.0	NaN
3.9830115	6.2845855	0.26530612
8.471805	22.622618	0.25925925
9.691168	12.265921	0.5
1.9051561	1.9051561	1.0
3.5716455	12.874096	0.4722222

3.3407764	4.8129797	0.28
7.1117043	16.328262	0.28
3.9987288	11.181496	0.38271606
4.172661	6.381859	0.7222222
5.0647435	5.0647435	1.0
NaN	0.0	NaN
7.3608093	19.262733	0.17913832
6.7766128	9.925278	0.44
4.7687955	16.688837	0.37716264
6.7679243	14.478775	0.37716264
3.6800659	12.64851	0.53061223
3.2425978	3.2425978	1.0
4.6789474	11.3207	0.36
4.171773	5.90379	0.8755556
7.501447	9.343147	0.42
4.90977	4.90977	1.0
NaN	0.0	NaN
NaN	0.0	NaN
3.6164806	6.603468	0.654321
8.943322	11.372246	0.44
5.1355553	7.3844924	0.68
2.0083451	2.8144429	0.6953125
3.5888157	3.5888157	1.0
NaN	0.0	NaN
9.06233	21.22561	0.24
2.7405577	9.828593	0.435
5.4284687	9.237226	0.3888889
7.738861	17.023872	0.23875433
4.8382173	5.421216	0.375
1.7732471	2.6505105	0.4570637
5.75595	5.75595	1.0
4.103342	5.3644	0.5
4.90977	4.90977	1.0
4.0190873	10.452845	0.3877551
7.2274623	10.046117	0.23076923
9.192527	13.047584	0.33333334
5.705199	11.075584	0.1875
2.9392374	4.1796494	0.42857143
5.378752	5.378752	1.0
2.1235368	3.4946778	0.50617284
5.1233945	8.973912	0.78125
4.4226637	6.097505	0.52
7.9655266	21.122393	0.22222222
7.029802	10.185677	0.22727273
1.9596652	2.9929514	0.5041322
8.697236	13.6611185	0.18
4.4572005	14.023166	0.2704
3.2482579	3.8431292	0.5555556
5.186633	7.355043	0.33333334
7.2387695	15.362133	0.33333334
4.560393	21.02413	0.7083333
4.4723325	8.363493	0.25925925
7.1922393	12.646824	0.36
9.760236	14.477736	0.48765433
4.9245543	4.9245543	1.0
6.344123	7.797639	0.5
6.030333	12.395293	0.5510204
3.2247784	3.2247787	1.0
8.774457	10.704303	0.46938777
3.547663	12.607071	0.2416
8.4227705	8.4227705	1.0
7.410823	15.565393	0.52
4.88769	8.971808	0.57024795
6.073226	8.629919	0.3125
9.478903	10.78785	0.3888889
5.019071	11.70555	0.6533333
5.1974897	9.154431	0.24444444
6.0082746	18.496122	0.3888889
NaN	0.0	NaN
3.5642486	4.2678895	0.40495867
9.451717	10.021066	0.5555556
NaN	0.0	NaN
4.289499	9.603642	0.28
5.1371946	12.690128	0.17355372
5.461819	9.406691	0.35714287
6.043719	13.7406435	0.44
12.30328	13.936237	0.625
3.8555315	7.1259437	0.3888889
8.269995	12.610894	0.47922438
11.232101	19.140055	0.26530612
7.109647	10.098304	0.3877551
4.6888347	7.0819154	0.2777778
5.324657	7.7947392	0.525
2.5491648	2.8770177	0.5555556
5.0647435	5.0647435	1.0
5.026949	6.5007343	0.5
5.771898	13.378762	0.195
6.8391547	12.32863	0.3580247
NaN	0.0	NaN
2.9033036	2.9033036	1.0
1.759215	1.759215	1.0
3.581684	10.493146	0.41333333
3.136889	13.377206	0.60946745
4.22108	19.868305	0.36
4.987384	4.987384	1.0
2.882195	3.631756	0.36
6.780253	10.711547	0.375
7.0079207	12.455814	0.22222222
4.5130415	7.415518	0.68
2.2643478	2.9988468	0.375
7.3024693	7.3024693	1.0
4.658842	9.847251	0.4074074
5.296271	8.056707	0.22
14.279663	26.682083	0.4814815
7.5622377	9.694499	0.21875
4.875722	5.3303795	0.745
3.195886	4.6376586	0.5
5.418192	5.418192	1.0
5.5762167	5.5762167	1.0
4.511323	10.117073	0.52
4.6659245	4.8527956	0.60330576
NaN	0.0	NaN
4.577088	12.392189	0.7083333
11.190345	14.680756	0.2755102
5.5619607	8.945766	0.3203125
5.6252437	5.6252437	1.0
NaN	0.0	NaN
4.992837	4.992837	1.0
10.334187	11.51422	0.19753087
8.387588	11.111493	0.44
2.7580037	8.158157	0.5408163
6.3704515	10.650097	0.5555556
4.170366	7.73678	0.7222222
6.832615	11.607872	0.3979239
9.183885	9.183885	1.0
6.928161	8.960064	0.5
7.8685174	13.001343	0.28395063
8.223717	16.561161	0.25925925
3.6423895	11.8009815	0.32231405
12.083725	23.8868	0.2231405
3.3655803	11.981914	0.515
2.83298	4.844111	0.625
NaN	0.0	NaN
4.590939	6.768685	0.34375
3.242598	3.2425978	1.0
1.9691639	3.0680928	0.815
5.8001394	7.2741957	0.44
9.170809	15.172623	0.28719723
NaN	0.0	NaN
2.9090362	9.4411125	0.80246913
3.3042026	7.6271744	0.3580247
7.8364425	12.81283	0.33333334
4.2859235	9.8926325	0.5432526
12.164766	17.62696	0.22
3.2105303	10.25951	0.4117647
2.1411538	4.9743457	0.305
5.5117784	8.672628	0.22235434
5.0693774	11.999071	0.19008264
6.200746	19.642197	0.23
3.457083	3.457083	1.0
6.662251	10.486465	0.5
10.943496	19.701128	0.18367347
6.8754544	10.013788	0.375
5.2532787	16.515474	0.6213018
2.162603	2.162603	1.0
5.0640974	5.761812	0.7222222
2.8246973	15.177835	0.45833334
5.5442443	15.4524355	0.33
4.545409	7.032498	0.8347107
3.164743	10.132425	0.38408303
3.813506	5.75595	0.5555556
5.092172	5.092172	1.0
4.966146	4.966146	1.0
5.054446	6.776041	0.40828404
6.867862	13.906476	0.4876033
NaN	0.0	NaN
5.1377916	7.305222	0.43209878
5.003119	12.553168	0.16444445
4.0023823	7.837265	0.39
12.349699	14.16165	0.5510204
5.529412	12.238134	0.38271606
7.093857	8.682098	0.44
3.1416743	10.082519	0.32426304
9.924045	9.924045	1.0
4.458898	9.764404	0.34256056
6.436864	6.436864	1.0
4.794419	15.50598	0.375
4.503598	7.4049716	0.8347107
6.8148136	15.31752	0.5328798
9.416726	14.029626	0.42857143
4.592966	6.5363526	0.47107437
3.7483885	11.947877	0.4375
3.1739624	16.50654	0.435
4.151395	17.884518	0.4464
6.508027	15.550489	0.30612245
7.413803	9.343147	0.36
11.354668	11.869848	0.7083333
5.75911	8.155142	0.375
5.395181	14.386989	0.68
6.3782806	8.346241	0.5424
4.9543543	5.551953	0.28
6.88124	9.509879	0.625
3.8391545	10.288717	0.33431953
9.614218	26.015043	0.37950137
3.9628332	4.589478	0.3877551
3.2386427	4.8889875	0.5493827
5.6398315	21.784239	0.215
4.691147	5.548269	0.52
6.5898247	12.0083685	0.54
2.6792154	3.7966838	0.39508507
4.8015156	16.480957	0.5
4.454845	13.764093	0.75510204
5.812891	7.674721	0.375
4.671786	5.4837775	0.625
5.328844	8.62214	0.38271606
4.675692	5.8514833	0.5
4.5423975	7.679579	0.59183675
10.144397	25.707623	0.17
4.213886	6.134191	0.28
NaN	0.0	NaN
7.508796	11.426616	0.3888889
5.1138086	14.059907	0.425
8.847261	11.887801	0.4117647
9.980864	11.141542	0.5
6.037913	6.037913	1.0
6.1882257	8.269846	0.36
6.895764	10.293056	0.2231405
5.739753	6.3991823	0.42857143
6.02277	6.02277	1.0
5.8066635	13.667791	0.42857143
1.7479494	2.5540862	0.28395063
2.134472	5.446392	0.43209878
NaN	0.0	NaN
5.0796146	7.2798157	0.24
6.961352	8.960134	0.26530612
3.1244447	4.7980866	0.6213018
3.4954517	5.252641	0.5972222
3.9777172	6.496141	0.7222222
9.774589	9.774589	1.0
9.490709	19.489803	0.4074074
8.524403	8.524403	1.0
5.228982	8.352896	0.44
4.0997386	4.0997386	1.0
8.571817	17.538727	0.24489796
6.897624	12.286331	0.375
3.131166	14.299811	0.41950113
4.9256077	9.101968	0.50617284
4.5844846	6.9756713	0.625
4.0683265	12.337698	0.3
4.8269835	12.49743	0.46
NaN	0.0	NaN
4.69756	5.231046	0.40495867
4.495274	6.0297065	0.17355372
4.7118254	6.981116	0.5
6.333936	7.3186765	0.625
4.108009	6.0056896	0.30612245
5.430829	13.646075	0.2662722
5.477416	17.13116	0.4375
5.71192	7.7232556	0.32231405
6.05479	16.009895	0.21883656
3.6821284	5.6252437	0.38
6.5022583	12.65924	0.13378684
8.94295	12.148471	0.5
7.1552377	23.38981	0.3
5.0250497	7.5764203	0.375
3.9670184	7.524465	0.625
5.570533	5.570533	1.0
5.240989	5.8514833	0.5555556
4.4645805	9.567328	0.2345679
NaN	0.0	NaN
7.1913223	7.8253794	0.75510204
13.856321	17.231043	0.3125
3.9425428	13.2922735	0.59375
NaN	0.0	NaN
4.5153437	6.9674964	0.625
7.2826176	8.789826	0.30177516
6.747784	6.7477846	1.0
3.5961237	10.711547	0.29777777
4.9928365	4.992837	1.0
6.2243485	8.781407	0.4236111
9.406041	9.406041	1.0
3.823071	6.1658864	0.3
3.1888351	9.406041	0.38
2.597602	2.8144429	0.5555556
3.4749732	5.548269	0.625
3.8044899	4.6376586	0.52
4.4602275	9.040861	0.5419501
5.6742663	7.0247355	0.42
6.170509	6.3790026	0.5555556
3.1349227	11.56622	0.50138503
4.9897094	9.570667	0.30666667
11.354292	15.643978	0.5
NaN	0.0	NaN
10.509737	10.509737	1.0
7.479583	8.880553	0.5510204
3.2278674	3.4054646	0.59183675
3.5680258	3.5680258	1.0
8.671652	14.848094	0.4876033
3.2247784	3.2247787	1.0
6.185696	10.704358	0.25
7.8890624	12.35185	0.22222222
NaN	0.0	NaN
5.8148537	11.619883	0.25925925
3.49856	4.127727	0.50617284
6.146488	11.141868	0.68
6.4159703	17.310425	0.3046875
6.713	11.216634	0.2244898
6.2319818	10.479819	0.32
3.6221673	5.758852	0.3217993
4.2468414	6.914188	0.36
6.3504195	9.694499	0.5102041
9.549895	16.389791	0.22222222
5.5143013	5.5143013	1.0
5.4408445	16.284157	0.335
3.425929	7.3554783	0.4814815
4.768905	6.4365764	0.5555556

4.698033	10.280099	0.18934911
3.6488407	10.81445	0.47
4.1994996	12.759699	0.4090909
3.9865313	7.5815487	0.7222222
1.2506142	1.6252528	0.5283447
15.973081	15.973081	1.0
2.3314743	9.40123	0.75510204
9.0693655	15.960362	0.22222222
NaN	0.0	NaN
6.4020333	7.237943	0.5555556
3.4338434	16.0	0.39100346
2.6279364	6.4628005	0.7278106
4.039699	15.339286	0.28
3.2466788	5.499994	0.3469388
4.5364203	11.509868	0.6689342
6.516017	9.310044	0.34375
3.2403595	5.542029	0.5
4.3180504	11.06802	0.3429752
3.0240328	3.024033	1.0
7.4940896	16.0	0.34375
4.4122386	11.598659	0.625
6.2709646	8.938389	0.3877551
7.2690907	10.356468	0.5
2.3591814	2.6762283	0.53125
3.1626348	8.00298	0.27423823
3.4181476	6.23412	0.23076923
4.1707745	7.5206366	0.38
5.0149703	6.2905	0.375
2.763171	4.752199	0.50222224
8.073539	11.660963	0.20987654
6.946646	14.566381	0.28
2.4595182	6.623421	0.75510204
9.713181	14.3899555	0.2361111
4.7896504	8.161666	0.75510204
4.5540137	8.00298	0.5555556
NaN	0.0	NaN
8.629768	8.629768	1.0
6.352661	8.409043	0.33333334
5.724961	9.425496	0.30991736
6.185342	7.2816753	0.5
1.5984247	2.543039	0.50617284
4.9073706	6.35977	0.27788278
4.0412545	13.33327	0.4074074
6.692974	7.9186196	0.30612245
11.270557	18.489208	0.25925925
NaN	0.0	NaN
2.2117505	7.1685843	0.54
3.1283317	5.9210753	0.86734694
7.7202463	11.670463	0.43209878
9.64875	16.877647	0.25
6.2719502	6.636911	0.5555556
1.9079701	1.90797	1.0
11.627366	13.919009	0.5
3.9229636	12.492397	0.5555556
4.9447026	4.9447026	1.0
5.1435857	12.375741	0.625
8.451019	12.731078	0.2345679
2.4988885	8.621619	0.6213018
7.399441	12.189545	0.5510204
5.552118	6.70387	0.375
NaN	0.0	NaN
3.352223	3.3522232	1.0
NaN	0.0	NaN
2.2104895	2.7254827	0.45918366
6.013933	16.125439	0.33564013
3.709485	5.299431	0.2734375
9.24817	9.24817	1.0
12.997747	23.238672	0.34375
9.544995	24.672127	0.33333334
6.1019545	9.545351	0.28125
1.5577253	1.5577253	1.0
9.55134	20.688871	0.234375
6.4272685	10.426043	0.25
5.9555583	9.169897	0.5617284
7.8427124	16.586834	0.2244898
11.796909	11.796909	1.0
NaN	0.0	NaN
3.0731316	4.46613	0.5
3.822688	21.50006	0.61728394
NaN	0.0	NaN
2.9790592	5.245402	0.38
5.5626364	6.1367393	0.43209878
2.648924	4.3949933	0.3846154
3.70648	3.70648	1.0
7.866887	7.866887	1.0
5.6751413	5.6751413	1.0
3.58411	16.192749	0.25619835
5.531975	8.873483	0.5555556
3.0123181	3.0123181	1.0
9.101594	17.899807	0.375
2.6105726	6.0002017	0.5510204
6.837598	9.79525	0.1570248
9.021778	22.83412	0.19753087
6.099857	8.387502	0.26222223
8.405841	8.405841	1.0
4.7580643	21.114744	0.41828254
4.5643244	4.5643244	1.0
4.6522117	11.615612	0.25
3.9223819	14.360645	0.455
5.650692	8.2777815	0.40495867
13.3641	13.3641	1.0
3.25717	5.4813733	0.654321
3.0018017	6.9971333	0.3046875
2.443193	2.443193	1.0
9.370794	15.687723	0.28
5.0907974	10.012495	0.34
10.023858	15.041981	0.2892562
6.70845	10.069592	0.43801653
4.6961203	5.30009	0.59183675
6.602218	11.854827	0.33333334
5.0206428	12.891981	0.68
NaN	0.0	NaN
11.223367	17.839308	0.2231405
1.363558	2.823699	0.5102041
7.159253	7.1592526	1.0
3.7379708	3.9728253	0.53125
5.827181	13.410857	0.2107438
4.2511597	4.2511597	1.0
2.023336	5.846926	0.4072022
4.2658696	7.481952	0.3372781
4.9411707	6.749119	0.35714287
9.509454	10.021063	0.5
8.189213	11.877782	0.30864197
3.7587044	9.556117	0.36
8.228641	8.228641	1.0
5.320979	5.320979	1.0
2.866248	6.769033	0.54
2.8850167	5.4971423	0.58
3.1779406	12.078351	0.7734375
5.5010967	6.72168	0.5555556
4.326492	12.393679	0.2345679
1.870046	5.0985594	0.89506173
7.8881	13.8805685	0.25
20.752735	29.912382	0.27160493
5.1625104	10.304135	0.46875
7.5497904	17.10918	0.33333334
2.4325852	2.4325852	1.0
NaN	0.0	NaN
4.6063585	4.6063585	1.0
NaN	0.0	NaN
6.406242	21.043484	0.30177516
8.296532	8.405841	0.52
5.1229167	10.336228	0.23875433
1.5497718	2.1162944	0.8347107
9.142137	9.142137	1.0
2.8211293	3.024033	0.625
1.5434074	6.4432254	0.57024795
2.8847008	11.636656	0.6213018
8.715028	9.6142235	0.5
5.9532	6.775299	0.5555556
6.633782	6.633782	1.0
6.121577	11.834657	0.2834467
1.5184828	1.6223761	0.70934254
5.300363	9.187604	0.57024795
6.70387	6.70387	1.0
3.186142	8.997845	0.36982247
5.4621034	13.115586	0.25510204
5.270424	12.85923	0.35185185
6.4848285	6.5744004	0.59183675
NaN	0.0	NaN
3.6840646	6.6647124	0.47959185
4.319351	6.2404857	0.2755102
4.7207036	12.14743	0.30864197
6.5440927	12.282282	0.37278107
7.3810873	7.381087	1.0
2.7111232	2.711123	1.0
5.91624	18.126371	0.16666667
5.0523043	12.062992	0.5510204
3.7251277	16.248325	0.7037037
2.0572855	2.0572855	1.0
3.9868383	17.843107	0.49338374
8.743793	8.743793	1.0
6.1841135	8.760081	0.44
3.5090168	16.7951	0.50138503
9.659115	13.684011	0.30555555
7.7332034	11.821177	0.30864197
4.3757195	7.342943	0.3888889
17.10878	17.10878	1.0
3.3256223	3.3256223	1.0
8.240154	16.937853	0.28
5.1183157	10.460665	0.29591838
8.560376	16.185432	0.19113573
7.1035094	7.1035094	1.0
10.777802	10.777802	1.0
3.4415371	4.464815	0.7222222
1.0304375	1.0304375	1.0
2.069355	5.5366216	0.89506173
3.451581	6.657731	0.28125
4.9729075	10.7617445	0.26
5.1479783	6.69944	0.30612245
3.588684	10.571179	0.66759
5.165041	9.295295	0.46875
6.6348057	6.6348057	1.0
4.1165247	9.885876	0.4739229
1.081006	1.890102	0.88927335
2.8289812	4.1797833	0.5017301
6.3945045	7.2709556	0.34
8.652262	16.125145	0.4375
5.848988	11.382721	0.36
9.134253	9.134253	1.0
4.2471943	12.92422	0.21875
9.0400915	14.999709	0.33333334
4.1531725	5.320979	0.68
9.924968	14.420159	0.33333334
2.4416037	2.4416037	1.0
4.511463	6.69944	0.31360948
4.854363	9.430663	0.52
12.65029	22.35254	0.29411766
5.1771283	5.936586	0.68
4.5313163	11.135281	0.43801653
7.101158	8.728162	0.26
3.1966374	3.4842958	0.5555556
3.7465165	6.374379	0.5555556
2.9873078	7.429449	0.5661157
6.0166216	9.606351	0.52
5.056174	5.948401	0.33333334
8.791197	16.149494	0.34
5.710773	6.4001927	0.68
3.6545835	6.657731	0.44
5.7124324	11.909913	0.3422222
8.633244	8.633244	1.0
7.3433123	11.082682	0.2781065
8.529581	9.150797	0.5
7.079179	10.360502	0.13580246
NaN	0.0	NaN
7.411779	10.131021	0.18518518
6.7797213	8.7291975	0.38
4.0867434	9.939689	0.28
7.265696	7.265696	1.0
8.48325	9.42882	0.25
3.6325982	5.871841	0.42
5.8348618	11.415277	0.30555555
4.957964	12.332221	0.48444444
11.651753	16.236078	0.234375
3.0484934	13.933549	0.37278107
6.119384	21.597036	0.1953125
8.205577	19.614693	0.2345679
13.867299	17.645365	0.23555556
4.8039355	6.528998	0.5555556
4.7143526	12.539462	0.3265306
NaN	0.0	NaN
3.1810148	5.2368255	0.3611111
4.8650227	8.633244	0.25
7.023972	7.023972	1.0
1.9781647	5.0983515	0.8579882
NaN	0.0	NaN
7.1036897	17.003094	0.38271606
4.6848073	4.6848073	1.0
2.331745	2.331745	1.0
4.6606526	9.883135	0.24444444
5.018292	10.356673	0.5555556
5.1812277	10.7021475	0.44
2.8105862	3.369234	0.5029586
5.635521	5.7827964	0.625
4.4923534	9.691159	0.2892562
5.1992936	5.1992936	1.0
2.7111235	2.711123	1.0
2.6047647	7.4377475	0.5822222
7.9298425	8.768192	0.44
4.73835	8.820727	0.52
2.3764184	3.1074016	0.70247936
4.077947	4.077947	1.0
NaN	0.0	NaN
10.7865715	14.171061	0.5
2.0538952	2.0538952	1.0
4.3846736	11.226853	0.25510204
6.3506427	11.241987	0.26530612
7.5785446	13.099804	0.5
5.6274586	6.492333	0.76
4.3085766	4.3085766	1.0
5.131867	5.4619317	0.5555556
4.828001	11.877814	0.28395063
3.8638308	6.1997113	0.4921875
5.7073054	10.963972	0.63265306
3.9693248	5.5895486	0.5
4.583491	12.375335	0.2421875
6.6857743	6.917464	0.8472222
4.966197	4.966197	1.0
7.4579515	21.485327	0.25
4.4418445	10.163014	0.32871974
6.5830393	7.4524064	0.68
3.8233027	3.8233025	1.0
2.3183818	3.9053018	0.75510204
6.59663	8.236063	0.32
2.0484884	11.526569	0.60946745
6.8267612	16.217697	0.76
2.7759943	2.7759943	1.0
7.661267	12.288341	0.4375
4.6951456	10.632065	0.5555556
1.9947875	2.6355479	0.52
7.683439	14.098185	0.2299169
7.411206	11.458519	0.3888889
5.8174553	7.408639	0.33333334
4.013082	16.424555	0.195
6.429533	6.429533	1.0
4.9617624	9.226227	0.5555556
7.147795	11.743441	0.52
4.779806	6.2614994	0.34948096
4.603865	7.3225355	0.26
5.217745	10.394038	0.44
10.409825	16.367134	0.36
2.5286114	2.6371286	0.5078125
6.5053945	6.7697167	0.8374291
11.417933	15.169662	0.26
5.41485	8.824647	0.44
5.484403	15.839497	0.40888888

