PollenDist	MaxPollenDist	WDivFathers
2.7146702	5.544148	0.2802768
7.5132785	12.016092	0.375
4.0217423	4.0217423	1.0
5.6962485	11.464818	0.3553719
5.4415383	8.907268	0.61904764
4.550007	5.864077	0.5555556
NaN	0.0	NaN
7.6950617	11.748449	0.68
NaN	0.0	NaN
9.598584	13.04525	0.33333334
NaN	0.0	NaN
0.64780486	0.64780486	1.0
4.536647	5.129289	0.5555556
6.033392	16.0	0.57024795
4.506309	11.284448	0.26530612
6.679515	18.99227	0.4074074
4.411043	7.272129	0.3964497
NaN	0.0	NaN
8.3325205	12.52018	0.25
2.329865	9.510814	0.78125
5.499114	16.838251	0.40625
2.521682	10.868786	0.2777778
8.298743	16.22715	0.37278107
6.5957704	10.18954	0.28531855
9.398754	22.260162	0.184
2.743873	10.457668	0.47368422
5.151878	10.874634	0.30578512
6.7020707	11.874039	0.28531855
3.9317718	10.767415	0.625
11.187738	15.609533	0.34375
4.3111196	5.3815455	0.3265306
5.620728	8.914532	0.34
4.079056	8.450329	0.375
2.6148622	7.171805	0.33333334
1.3682973	12.174501	0.82
11.49352	20.56105	0.16444445
3.556422	19.617392	0.49338374
5.229434	8.413195	0.3553719
8.590721	16.35939	0.20661157
10.962885	15.939741	0.2
16.924816	18.554653	0.33333334
3.9038098	7.8018756	0.18
8.630472	11.563729	0.25
5.389316	6.848326	0.5555556
6.176403	23.184507	0.3888889
5.1821737	6.441928	0.375
5.138126	7.1931834	0.39795917
7.0521054	13.041478	0.5034722
4.0149674	5.7895603	0.3125
6.116313	18.905275	0.225
7.192523	30.028648	0.20710059
4.5449038	10.7793	0.23356009
11.70235	16.923223	0.375
4.2526326	8.915931	0.39583334
6.998648	6.998648	1.0
4.84904	16.97134	0.14739229
7.5787425	8.943829	0.4027778
3.6195486	11.214064	0.2416
1.8650603	6.054707	0.3511111
5.030501	5.905677	0.57024795
7.2364774	9.1013	0.5555556
6.1463585	8.015365	0.26
6.7287107	14.05436	0.27272728
3.2994747	6.959352	0.4387755
NaN	0.0	NaN
11.296035	12.520077	0.5
4.173274	6.1131363	0.34375
9.851072	15.179516	0.16049382
2.5219102	7.618006	0.32098764
3.3214931	3.455554	0.42857143
5.5789604	11.545376	0.2421875
6.071083	7.1062093	0.33333334
1.6532236	1.6532239	1.0
1.6116234	3.5208435	0.50222224
6.4339976	18.653124	0.5
5.2479815	17.308775	0.1796875
2.3048666	2.9171038	0.48816568
5.4711742	6.7070246	0.345
10.146691	14.40235	0.31632653
6.643102	8.682213	0.33333334
1.7091693	4.841795	0.5972222
36.68111	54.265762	0.46875
NaN	0.0	NaN
7.4122496	8.858497	0.44
3.5622878	3.5622878	1.0
4.318962	7.4531198	0.36
10.45789	23.271166	0.171875
NaN	0.0	NaN
3.2113273	3.2113273	1.0
8.069258	13.790942	0.28
5.675248	8.956132	0.37777779
13.294599	20.4226	0.33333334
6.4107733	21.09576	0.33333334
NaN	0.0	NaN
4.003107	8.254765	0.7222222
4.3078113	5.803391	0.4074074
5.2042785	14.425761	0.234375
8.61076	19.972582	0.25170067
2.842697	2.842697	1.0
2.7094357	6.502637	0.3
8.73554	14.100059	0.3702422
6.210073	8.456569	0.5555556
6.644216	15.814527	0.23469388
6.462863	8.566496	0.28
4.9404087	6.618924	0.42
4.697512	4.697512	1.0
7.9863234	21.433983	0.24
7.6473756	13.324007	0.18
NaN	0.0	NaN
3.8840146	7.696689	0.2857143
5.4050117	10.412245	0.50617284
12.087822	17.851347	0.14186852
7.5996633	17.944408	0.328125
4.0368004	4.566768	0.5
4.9587398	6.2675223	0.5555556
7.072193	11.517079	0.32098764
8.582712	9.638039	0.36
2.8567593	4.6431794	0.40589568
6.505806	22.759567	0.34
6.7376432	9.876378	0.28395063
5.6343775	10.086083	0.28
3.2481349	10.558938	0.2892562
3.0548	8.033667	0.75510204
5.4819446	20.138138	0.36888888
4.808549	6.8318715	0.285
12.294577	17.849165	0.375
4.3289685	7.090717	0.335
3.4174938	10.14499	0.33673468
4.9761577	10.853553	0.38271606
4.547703	4.669151	0.5555556
7.9280014	8.093153	0.68
4.351538	4.4342456	0.78125
4.544835	6.6046786	0.22
3.613893	9.578296	0.44378698
4.2060223	8.404245	0.2345679
7.0979977	9.225724	0.32231405
4.3594685	8.091442	0.80246913
9.409153	15.775618	0.27272728
5.810832	7.3615155	0.57024795
2.6603496	9.403528	0.5408163
4.8844748	4.8844748	1.0
4.083731	6.2508245	0.33333334
5.22977	5.6542478	0.5555556
6.502637	6.502637	1.0
6.339139	13.345581	0.26
5.352602	5.5500417	0.4074074
6.1091213	10.45545	0.5
7.0953965	7.6900578	0.44
9.886347	16.751328	0.18
2.842697	2.842697	1.0
4.5938435	7.293891	0.625
6.640551	10.488074	0.5432526
6.403019	7.517448	0.33333334
11.105417	14.159715	0.28
5.2317266	6.968938	0.338843
4.508334	5.0614257	0.5371901
2.9313946	4.583675	0.625
3.5551765	3.5551767	1.0
7.435906	7.435906	1.0
6.296321	10.525372	0.46875
3.0244114	5.655526	0.6937618
5.434867	10.348204	0.25
11.159345	11.159345	1.0
3.8641198	6.2618628	0.44
2.9090173	3.9800174	0.40828404
7.3058996	18.55299	0.4074074
3.4363465	7.4531198	0.43801653
5.685014	13.157484	0.75510204
3.4884286	3.5622878	0.625
12.146806	19.62784	0.3553719
6.936702	10.5936365	0.44
3.8266258	7.755913	0.3159722
NaN	0.0	NaN
NaN	0.0	NaN
6.3831177	8.633797	0.44
3.9603887	5.575572	0.24567474
4.232392	6.8153014	0.78125
4.4493046	4.4493046	1.0
5.0181513	12.589256	0.3429752
5.193944	10.739534	0.24
4.649019	7.5385275	0.54
4.6926436	6.5032024	0.7222222
12.611017	15.366126	0.47928995
12.507523	12.507523	1.0
6.890343	7.89066	0.7222222
12.741786	16.777172	0.21777777
7.9751596	11.289371	0.375
4.8041005	10.12818	0.8579882
2.0113153	4.604934	0.50222224
6.0705767	6.0705767	1.0
2.5602634	6.248284	0.8472222
2.4572062	7.7064204	0.5390625
1.4114623	5.4079633	0.68
4.644249	6.257271	0.38271606
8.554136	12.783791	0.25
4.608735	9.570979	0.44
8.871705	12.346636	0.3
4.3905544	7.4418097	0.46296296
2.7822685	11.634122	0.8347107
5.552642	9.653092	0.2109375
4.513504	10.391962	0.39349112
8.270886	10.194486	0.28
4.7613597	8.060237	0.75510204
3.738191	6.7548633	0.47928995
6.90793	15.233579	0.20888889
4.6985292	9.160134	0.625
5.0932803	14.40235	0.37716264
4.5962205	7.4394493	0.70247936
5.2976837	10.80751	0.75510204
4.5450435	7.0037966	0.28395063
3.5598233	12.180447	0.5147929
4.785954	8.470776	0.33333334
8.379388	20.025854	0.25951558
5.073337	9.749743	0.4375
4.082772	4.739693	0.33333334
4.5062885	6.400361	0.2781065
8.925682	10.373003	0.43801653
4.8196507	11.899593	0.50617284
3.3807762	8.753014	0.75510204
3.279868	3.279868	1.0
5.4500184	5.7507515	0.5555556
NaN	0.0	NaN
5.506844	11.999905	0.24099723
4.430894	7.3120294	0.32231405
NaN	0.0	NaN
3.985691	9.482091	0.22222222
4.324628	4.4493046	0.75510204
2.1015036	2.1015036	1.0
5.93723	6.126576	0.8347107
3.3716617	6.6554313	0.28316328
NaN	0.0	NaN
4.1166334	5.8264794	0.54
3.5192094	11.238835	0.82312924
7.052879	13.975816	0.28125
3.2633374	4.1460404	0.5
0.9681772	0.9681772	1.0
2.4854035	2.4854035	1.0
4.4342456	4.4342456	1.0
1.3398623	1.339862	1.0
1.5149374	8.325081	0.7734375
6.530886	12.478011	0.26
8.813845	14.59106	0.625
3.5516107	11.680337	0.26077098
7.272129	7.272129	1.0
5.954732	20.391632	0.3553719
9.362656	19.546988	0.32
4.766881	6.413533	0.52
5.2244306	18.095062	0.25
NaN	0.0	NaN
7.2757325	8.134184	0.375
4.352253	6.3449435	0.59183675
3.8049862	5.1936426	0.44
5.539767	5.8859134	0.5
5.4579563	5.7312207	0.625
2.5648704	3.9395375	0.375
8.075623	10.953888	0.44
3.459823	3.459823	1.0
3.968166	10.904204	0.4375
2.1762857	3.6162953	0.36
3.279868	3.279868	1.0
4.1972218	16.345232	0.3553719
10.054214	11.588101	0.5
7.758059	8.210039	0.5555556
4.855767	8.923521	0.5
5.448845	8.952879	0.2361111
6.320102	7.9923735	0.375
5.28709	9.956135	0.4296875
8.019215	11.406617	0.2755102
12.247933	37.79769	0.17355372
5.7623496	8.994084	0.33333334
4.3711286	7.0169544	0.5555556
8.364862	17.170433	0.36
8.00796	8.00796	1.0
7.5474286	9.390928	0.3877551
4.5984373	5.9556274	0.625
8.7939205	12.655557	0.28
6.326664	11.846816	0.375
7.148456	9.570904	0.33333334
5.3905635	11.414501	0.4375
3.7472136	8.166514	0.22117202
6.9546084	17.282946	0.6398892
8.183824	15.639951	0.26
6.199307	8.172837	0.59183675
9.521126	15.519802	0.2244898
7.8593163	8.893973	0.44
2.6051376	4.417417	0.59375
4.702423	10.742404	0.37037036
8.073871	16.27902	0.13609467
2.0535886	13.9931135	0.8472222
NaN	0.0	NaN
6.3293734	18.144018	0.23076923
13.9616585	21.996918	0.25925925
3.694428	7.517448	0.6296296
2.4727914	4.0329976	0.70247936
3.492146	6.929655	0.34
8.263989	23.536993	0.19008264
8.004622	12.250589	0.375
5.2733793	11.542859	0.342155
7.958335	8.975379	0.52
7.616511	26.019737	0.3
2.4211376	6.9518476	0.7688889
5.0053096	5.080906	0.5555556
5.7543464	5.7543464	1.0
5.4824576	12.826918	0.28
4.854117	4.854117	1.0
4.4867353	5.9552307	0.42

6.088702	6.7288003	0.52
7.693419	15.123648	0.68
5.2123756	13.623849	0.25623584
5.6843705	12.176799	0.3888889
5.238648	13.878881	0.30578512
5.133324	9.033132	0.25
8.582776	9.122944	0.5
6.3517785	10.421797	0.33333334
10.628231	14.479372	0.7222222
6.173382	17.434784	0.1953125
4.251946	6.8958726	0.68
4.227848	4.227848	1.0
3.7332168	6.8761935	0.625
10.632713	17.19143	0.20221607
7.2577786	16.0	0.21875
2.8174732	8.317393	0.33333334
11.732579	15.269928	0.28
5.6999125	5.6999125	1.0
10.093622	10.093622	1.0
4.1324205	5.128403	0.5102041
10.869373	16.0	0.21875
4.7408657	4.7408657	1.0
11.841551	11.841551	1.0
7.507531	15.294458	0.1875
1.343958	1.343958	1.0
14.203743	15.680775	0.33333334
1.96717	1.96717	1.0
7.1101556	14.044658	0.34567901
7.7123537	8.460893	0.59375
6.1877437	17.050482	0.2421875
NaN	0.0	NaN
6.9178653	12.43492	0.24652778
3.425806	3.6059926	0.625
3.1693313	3.169331	1.0
8.164583	8.164583	1.0
5.1079063	5.1079063	1.0
2.3441935	13.680429	0.51800555
9.278337	17.03987	0.20987654
7.106186	15.444714	0.5510204
2.8866456	6.038484	0.5555556
7.083873	10.402027	0.3469388
9.52645	11.243972	0.33333334
7.0339937	7.6985965	0.68
5.534268	8.824504	0.19008264
4.477354	20.968163	0.32231405
4.4192133	19.902502	0.26530612
5.7627726	9.500921	0.5
5.271655	7.6985965	0.52
4.7408657	4.7408657	1.0
5.3434305	14.491433	0.38666666
9.406498	12.089623	0.33333334
4.5423913	8.136731	0.5
9.759645	18.567656	0.28
NaN	0.0	NaN
7.8920126	10.869007	0.43209878
4.594658	11.713735	0.28994083
9.394367	17.058794	0.3203125
3.6551552	4.230474	0.5
8.074875	16.154194	0.51800555
9.353081	12.245322	0.3877551
5.5891366	12.466586	0.56122446
3.288768	5.1756873	0.41828254
13.110053	17.523203	0.33333334
7.3322096	13.29309	0.22
5.847542	8.247808	0.5
9.4498205	10.924053	0.5
9.195301	10.8247	0.35950413
7.468756	13.863947	0.26
6.246842	19.39463	0.5644444
2.7711902	2.7711902	1.0
4.8701944	12.146679	0.28
3.5466897	9.805242	0.24852072
3.1885166	7.323806	0.5493827
15.71997	26.362461	0.25
11.676154	17.399614	0.21875
3.1977563	6.7674937	0.3639053
3.4689488	9.287804	0.28994083
3.4742894	9.493128	0.32
6.8231606	13.800528	0.30612245
6.097141	11.557583	0.2265625
5.713736	5.713736	1.0
4.857922	14.257552	0.6859504
6.514124	11.286462	0.375
NaN	0.0	NaN
5.3842316	12.220874	0.2299169
4.859327	16.09522	0.1953125
4.685362	6.908702	0.2892562
4.870798	4.870798	1.0
4.235828	13.780309	0.33333334
2.8150163	6.469414	0.42
7.660565	10.237801	0.50617284
6.65836	12.960183	0.25333333
9.8280325	15.221489	0.5
6.2803636	7.254272	0.625
4.699055	12.036374	0.2244898
5.3229117	11.253225	0.45918366
2.9454298	2.9454298	1.0
7.1941934	7.459315	0.59375
8.355153	15.418038	0.11570248
8.568189	12.346672	0.375
4.247793	21.253105	0.5138889
9.512798	14.366531	0.33333334
6.160704	10.412158	0.27272728
2.0497773	6.190942	0.68
2.4010005	5.0155134	0.5994898
2.1027012	4.8085427	0.4387755
8.513977	11.1756525	0.8347107
5.502604	7.464454	0.2231405
7.272995	7.365047	0.5555556
10.646016	12.888391	0.38
4.060445	13.41567	0.38
2.264126	4.278244	0.38429752
4.65652	6.157052	0.34375
7.537458	9.158624	0.44
3.6049573	3.6049573	1.0
5.469322	15.126053	0.19753087
11.160575	13.968741	0.5138889
7.741221	13.183321	0.3877551
4.928209	10.727995	0.41666666
5.647317	5.647317	1.0
4.661504	11.023602	0.39058173
9.002921	9.695599	0.45454547
8.919589	14.778147	0.16049382
3.3141859	3.3141856	1.0
4.9897947	6.593298	0.5555556
NaN	0.0	NaN
3.515515	3.6481566	0.5041322
7.208638	9.248178	0.5
6.3334174	6.3334165	1.0
3.5466797	8.314046	0.2631579
4.509959	11.2842655	0.5
17.037622	17.037622	1.0
8.909292	15.644785	0.45454547
4.379273	9.088571	0.5555556
3.7397442	5.465162	0.3469388
3.4862502	7.082595	0.52
7.828702	9.086986	0.375
6.371245	16.629835	0.4027778
11.534449	15.724256	0.34375
3.427747	3.427747	1.0
6.997558	6.997558	1.0
5.677924	6.556515	0.5
5.232015	20.893684	0.32
4.179368	11.672415	0.18
6.7057014	6.864728	0.52
11.359737	26.33655	0.30555555
1.1758406	2.4973993	0.68
7.2294674	8.395552	0.375
NaN	0.0	NaN
3.174142	4.1885467	0.45833334
2.6944954	6.739983	0.5900277
3.397915	3.4049804	0.5
9.5991335	9.5991335	1.0
4.0392647	6.2028956	0.3580247
2.7380655	2.7380655	1.0
NaN	0.0	NaN
5.3478723	22.061285	0.21777777
7.365226	9.679743	0.3877551
10.396372	18.541315	0.30612245
5.482114	5.9813414	0.82
3.7824326	7.7753553	0.515
3.9585896	9.181963	0.26984128
5.1354976	13.268484	0.3888889
6.6671815	12.196007	0.20661157
9.570665	10.068876	0.5555556
5.4058022	11.951764	0.28544423
9.020931	10.021737	0.80246913
2.8044434	2.8044434	1.0
10.681321	14.4411	0.3125
4.215849	7.90295	0.625
5.147609	15.449929	0.5510204
1.9575205	1.9706734	0.7222222
3.7778702	3.7778702	1.0
8.280227	15.210981	0.25443786
4.3190727	7.4953995	0.40495867
5.6931334	13.48693	0.553719
6.581903	9.971478	0.5555556
9.2087755	9.2087755	1.0
4.2508817	6.2764325	0.25
7.474299	11.135582	0.52
3.5625772	7.032582	0.3580247
5.025828	9.606856	0.625
4.832082	6.60221	0.33333334
NaN	0.0	NaN
2.3448591	3.0098257	0.33950618
4.873297	8.609702	0.3846154
0.7280051	2.1611876	0.75510204
6.086005	22.649456	0.22839506
8.270826	12.006037	0.415
4.988906	11.419396	0.21893491
8.019297	10.515101	0.5555556
6.3358245	9.489661	0.30612245
10.478785	10.478785	1.0
17.469185	29.470444	0.18
10.774394	26.06192	0.2318339
6.017834	7.2153807	0.5859375
6.047776	6.047776	1.0
10.185441	14.644729	0.33333334
5.297643	14.0887575	0.5069252
6.289442	11.659059	0.625
5.283427	10.649986	0.46875
3.5449557	4.434576	0.33333334
9.551672	9.551672	1.0
7.448476	8.145172	0.52
9.290517	13.977421	0.11418685
2.9604194	3.590964	0.53125
6.468939	9.281054	0.45833334
3.1976318	6.5646873	0.4861111
6.406453	12.397869	0.18
7.661742	21.797966	0.21799308
5.4562635	11.046547	0.296875
3.7530541	5.377038	0.52662724
3.9603834	8.118957	0.5555556
4.6920347	11.513026	0.42
7.9358563	19.370188	0.20438957
5.879249	34.674263	0.5833333
9.924002	14.302368	0.42011833
9.02526	10.501099	0.44
2.500166	2.500166	1.0
4.0237875	4.219211	0.465
4.96497	11.439722	0.42
6.9352074	18.348564	0.20634921
5.42853	6.4470377	0.30555555
4.92606	14.039046	0.32
5.953024	15.697203	0.30246913
3.4863594	10.051761	0.38842976
4.758887	12.202933	0.3877551
4.962433	13.132075	0.28994083
7.5908017	7.7257733	0.625
3.4525428	4.2532873	0.28
4.2917666	13.937603	0.37278107
5.386542	31.695822	0.63434905
5.7967362	14.379107	0.3877551
6.36245	12.517351	0.19526628
2.8758178	6.694956	0.7688889
7.4642158	14.151157	0.215
6.4271965	10.552486	0.19
7.996452	11.598686	0.3888889
6.757961	7.4533105	0.5555556
3.7690468	11.576487	0.22666667
3.420598	3.4205987	1.0
2.4124389	16.051939	0.43944636
11.709951	21.749813	0.16955018
9.459334	15.31038	0.24444444
5.8695855	12.205471	0.3888889
6.282997	9.295886	0.3372781
10.020188	10.143804	0.5555556
3.4533238	6.368024	0.40625
6.866076	25.791183	0.21883656
4.116362	9.06011	0.6509695
8.170179	9.165784	0.4074074
3.3141856	3.3141856	1.0
4.261045	7.9988747	0.5
5.0352635	8.799633	0.375
5.8530855	13.465445	0.2781065
2.6661837	4.7466145	0.5972222
5.787305	6.3116574	0.75510204
5.872375	11.738526	0.285
5.627311	10.128097	0.32544377
10.669582	14.562597	0.33333334
12.650805	18.457	0.32231405
7.980764	13.993057	0.2265625
NaN	0.0	NaN
5.6801786	7.2944183	0.3580247
10.014714	15.574648	0.32
6.295576	11.659494	0.15625
11.4291935	15.28927	0.36
7.767391	12.129347	0.33333334
8.327622	14.876567	0.5555556
5.912706	7.90295	0.5555556
2.6335735	15.168054	0.46875
4.1933236	8.321843	0.1764706
2.714413	2.7144132	1.0
4.986303	12.13792	0.3877551
NaN	0.0	NaN
6.6622233	8.974063	0.4072022
3.3195684	4.6818395	0.27423823
4.848694	12.012936	0.234375
5.4103637	9.807726	0.29591838
8.422206	17.962471	0.39555556
3.3514388	15.408469	0.35727787
3.0522187	3.0522187	1.0
NaN	0.0	NaN
5.8461976	6.34556	0.68
3.2357259	4.5457616	0.52
5.6455855	12.720723	0.25259516
4.9545226	6.4596167	0.78125
6.7878976	15.345117	0.32879817
4.0824537	8.933789	0.26222223
1.7274133	1.7274134	1.0
2.710626	9.773454	0.8276644
5.3118258	10.0983515	0.37278107
3.6584892	3.8993835	0.70247936
8.685491	13.157999	0.3877551
7.4546046	11.079607	0.625
4.2532873	4.2532873	1.0
3.5035515	12.08381	0.553719
5.366291	5.637412	0.79238755
12.361556	22.595098	0.11909263
2.8384776	2.8384776	1.0
4.829872	5.4170704	0.5847751
3.8681579	16.272118	0.66
4.521947	8.405543	0.4272
7.3519144	11.015151	0.26530612
7.4014354	14.032239	0.23076923
10.738655	13.732695	0.33081284

4.4744534	12.117368	0.24716553
4.1264377	4.1264377	1.0
4.703434	6.0561867	0.5
7.116317	10.5051565	0.375
7.035485	13.092746	0.20408164
6.5641637	14.926058	0.44378698
6.7227807	11.26456	0.5555556
7.50565	10.938683	0.25308642
7.9883237	10.439252	0.24444444
7.612998	17.787886	0.36888888
4.5101657	9.628714	0.2231405
10.216192	13.521523	0.20661157
7.1015406	12.4972925	0.24
3.2790847	6.330638	0.40625
6.6372614	8.196709	0.3
2.4850078	2.4850075	1.0
4.446769	15.689829	0.25259516
6.4774446	7.3501115	0.40625
5.7877874	6.6910934	0.5
7.035088	13.193974	0.25619835
1.9393587	9.567539	0.515
11.972529	31.15626	0.20408164
6.11693	6.11693	1.0
4.9870644	16.050861	0.671875
3.5352287	10.163202	0.44
5.7618947	7.452632	0.3979239
16.371044	16.371044	1.0
8.582841	9.567539	0.33333334
1.7277834	4.6342945	0.3846154
8.425296	21.616707	0.3611111
6.988982	9.438816	0.34375
4.959586	19.280334	0.22569445
2.6470137	3.1763349	0.5972222
8.014407	11.05462	0.2345679
3.4494517	8.067573	0.3828125
7.023952	7.023952	1.0
4.0722713	6.3228984	0.50617284
7.488261	13.459221	0.23966943
7.8056192	23.275917	0.25951558
3.3499923	13.921486	0.3553719
6.2417226	6.365565	0.5555556
9.0802355	11.205796	0.625
4.591028	18.024176	0.29012346
3.0734885	3.0734887	1.0
8.684022	8.684022	1.0
9.001373	19.363419	0.31944445
3.8622313	9.865956	0.37278107
7.516789	11.540433	0.33333334
NaN	0.0	NaN
6.6294246	17.229004	0.2345679
6.500523	7.246154	0.40625
7.880703	9.810023	0.39795917
3.5743382	4.629721	0.44
4.195224	11.538766	0.405
4.15784	8.676632	0.5555556
5.008287	5.008287	1.0
5.506982	14.027634	0.32963988
3.3327923	3.9182112	0.625
4.820696	15.214996	0.53846157
3.5419905	4.7345033	0.5
3.6357973	10.636676	0.2892562
5.6593223	7.698785	0.25
5.44987	12.497808	0.69550174
13.039547	13.039547	1.0
4.801111	11.803815	0.3580247
3.5676973	4.011753	0.8472222
4.1760273	7.281944	0.8347107
3.4685106	6.6880555	0.3979239
6.0651016	11.844012	0.34375
4.0121703	13.351575	0.25443786
3.6466076	8.123736	0.26
6.002146	6.002146	1.0
2.6921382	5.9745946	0.42222223
10.036501	18.254953	0.18
9.066538	14.272375	0.28125
2.4025261	2.8881402	0.375
3.5379274	8.786658	0.6213018
11.236705	26.510387	0.35147393
5.9111714	10.295608	0.34375
NaN	0.0	NaN
6.8492084	9.762735	0.2249135
8.590962	13.815714	0.23469388
7.5345974	9.432146	0.5
5.7366076	8.914017	0.5069252
5.838754	14.253808	0.26
12.022039	26.399076	0.12396694
3.7519405	6.2427425	0.26222223
1.3497249	1.8867416	0.5408163
9.3547	13.354593	0.36
5.6590395	7.7236743	0.28531855
NaN	0.0	NaN
9.61554	16.422453	0.3877551
NaN	0.0	NaN
4.7745733	16.44817	0.22189349
7.7284503	13.6728325	0.21875
8.061968	26.638393	0.14739229
4.873865	7.433922	0.3125
4.4726515	15.491521	0.22437674
5.3457375	5.3457375	1.0
8.01801	11.306219	0.25
3.861548	5.911731	0.5041322
NaN	0.0	NaN
2.7705884	2.9899096	0.50617284
8.233888	9.845894	0.23555556
3.405807	11.188906	0.2244898
5.220121	8.571296	0.26530612
4.5729475	10.385266	0.24556214
6.7836137	14.544218	0.3888889
6.17982	14.850287	0.38271606
3.9450607	9.137565	0.8579882
10.993638	10.993638	1.0
5.654666	8.7892065	0.235
5.6013966	15.360055	0.28395063
6.5319552	12.375006	0.20987654
3.205646	8.396151	0.4382716
2.9577413	3.52651	0.66
3.2567132	5.157328	0.59183675
5.02037	9.258408	0.33333334
10.011882	25.399055	0.20987654
NaN	0.0	NaN
6.5578303	10.055334	0.5138889
3.9808385	13.563659	0.30795848
3.4730232	19.277134	0.42
4.212457	11.06185	0.33333334
4.1198144	5.2328196	0.5555556
NaN	0.0	NaN
3.6404164	8.791303	0.32444444
2.8271604	5.883612	0.68
4.1809254	6.526413	0.27272728
4.4729247	14.87786	0.6796875
6.0296974	21.87687	0.48765433
8.419206	11.598196	0.5555556
5.4778914	8.106992	0.625
4.041418	8.658711	0.31555554
5.2523613	17.79408	0.2603306
6.4372315	10.326607	0.5
4.175321	9.297729	0.46875
3.1377175	4.3212876	0.4609375
8.717886	16.033411	0.2173913
NaN	0.0	NaN
5.4757175	14.725836	0.42975205
11.052204	17.9773	0.125
4.426278	8.343597	0.625
5.1881356	14.411688	0.42
9.329747	13.425836	0.5
7.6356573	7.694609	0.75510204
NaN	0.0	NaN
6.61128	9.468921	0.40625
7.2583814	16.65097	0.2781065
4.344971	13.723484	0.25619835
3.502293	4.7345033	0.375
4.1417894	5.6395493	0.28
4.3918195	7.6813955	0.30177516
3.1259863	4.180597	0.8472222
5.2849774	13.350393	0.5363322
3.2031887	8.50601	0.37654322
2.5960698	7.694609	0.654321
8.164843	10.077814	0.47928995
2.4072874	2.9620092	0.50617284
4.270447	10.04319	0.30612245
6.8744664	14.614324	0.2733564
5.0103955	7.6557217	0.31190926
4.9462795	8.818415	0.28
6.1192913	15.395827	0.359375
6.22917	9.677951	0.2299169
3.7769134	3.7769134	1.0
7.5114794	13.242592	0.27788278
6.4167666	8.378395	0.30612245
4.5021524	17.41253	0.421875
7.5277796	19.789923	0.45679012
4.534868	5.7649126	0.36
NaN	0.0	NaN
1.5702515	1.5702515	1.0
2.8647532	10.355618	0.2888889
5.2920504	11.421073	0.37190083
2.4850075	2.4850075	1.0
3.532328	7.120328	0.42857143
5.742018	5.7420187	1.0
5.645589	7.0440893	0.375
10.497243	19.967817	0.30612245
7.750367	12.179602	0.38271606
7.3195915	18.994852	0.46938777
4.8169103	9.744042	0.41398865
7.7052097	12.379019	0.1953125
3.0080092	5.9556046	0.2654321
5.4247227	16.452358	0.25619835
NaN	0.0	NaN
3.9754508	7.480363	0.74489796
5.865465	17.891811	0.2
4.1074224	16.157928	0.38842976
4.9443665	5.8632483	0.3515625
8.227383	14.765395	0.46875
4.387366	9.645114	0.30864197
7.7804313	8.030544	0.5555556
8.5903425	16.234474	0.18367347
2.8876872	7.425828	0.37716264
4.122516	4.1225157	1.0
4.5346456	11.562982	0.40495867
12.570301	18.306211	0.5
NaN	0.0	NaN
5.258214	13.403547	0.28395063
4.107078	18.370243	0.5029586
8.179218	24.809015	0.35185185
5.525504	11.580507	0.68
6.2261286	18.705864	0.52
3.3525276	6.970452	0.46875
4.1902237	5.6291084	0.78125
12.365535	14.8565645	0.33333334
7.2676063	12.526263	0.2654321
6.5292735	13.231097	0.42857143
5.615426	12.305549	0.30612245
2.5643625	7.704362	0.80246913
4.5351086	4.5351086	1.0
9.751838	17.814337	0.28395063
5.1596384	8.465589	0.5972222
10.427574	10.427574	1.0
7.4157434	12.661617	0.2638889
4.7761626	10.643166	0.39555556
3.464964	3.8654354	0.68
16.834595	16.834595	1.0
8.46943	8.46943	1.0
5.654029	11.784625	0.24489796
4.907181	5.744711	0.59183675
7.179911	17.64512	0.36734694
8.858063	16.63247	0.33333334
5.2402034	5.2402034	1.0
6.565753	12.523572	0.3553719
4.07505	7.9725447	0.15306123
3.8354294	4.6691246	0.505
7.4409986	22.157036	0.20987654
3.5332115	4.043123	0.3553719
6.01589	10.581626	0.38842976
10.028982	10.244221	0.5
NaN	0.0	NaN
10.85994	12.741133	0.3888889
4.522828	11.418638	0.46875
8.644291	15.742912	0.25
NaN	0.0	NaN
5.1266985	13.50735	0.5138889
3.6681602	8.406199	0.68
4.384356	5.231094	0.2777778
8.462207	23.945314	0.2888889
5.863516	15.170452	0.4074074
NaN	0.0	NaN
NaN	0.0	NaN
5.4476047	11.562108	0.52
8.43859	21.67068	0.14878893
3.6080842	5.0214496	0.3515625
5.592255	9.153759	0.45454547
4.738265	10.786531	0.68
4.345671	5.481759	0.46875
6.1540585	6.7796106	0.33333334
9.764129	19.585678	0.39795917
4.1915092	6.248771	0.3888889
3.4809964	8.119555	0.3877551
7.477038	11.7883625	0.5
5.023671	18.05308	0.4691358
6.51411	8.254342	0.33333334
3.0095239	10.056645	0.37755102
10.0333605	33.443043	0.30991736
3.8719847	10.709004	0.6296296
8.952998	22.250393	0.21893491
5.6377196	10.006821	0.28125
6.6151795	16.967072	0.54
7.4366713	9.790681	0.36
3.7000961	12.431735	0.335
7.714112	9.729465	0.3469388
2.59698	2.59698	1.0
2.4915469	2.5389245	0.75510204
6.679783	21.559782	0.75510204
3.7750623	8.943252	0.3610586
3.4487123	11.050237	0.59375
9.30128	9.30128	1.0
3.3454244	6.1559653	0.78125
5.0258684	12.790134	0.66
NaN	0.0	NaN
3.2208366	4.8898535	0.29591838
3.972731	5.4137535	0.42
11.186667	17.394451	0.17159763
6.53378	6.53378	1.0
4.1225157	4.1225157	1.0
3.7894397	8.466012	0.37654322
3.9791813	9.006462	0.2755102
8.603183	11.339163	0.34
5.217294	10.1042595	0.375
2.1931884	5.444156	0.33333334
6.6545887	15.924937	0.21604939
7.8081923	11.166407	0.34375
4.724728	4.8831854	0.5555556
5.1868625	6.717573	0.5555556
4.94662	4.94662	1.0
6.06405	11.943445	0.375
8.538309	9.680257	0.21883656
8.438906	15.797875	0.183391
2.208208	2.8953452	0.68
7.4354362	12.115206	0.42857143
5.852676	16.92222	0.25510204
2.000446	3.552691	0.3816568
11.051995	18.332712	0.21875
4.9163275	12.723383	0.21799308
5.3094134	9.945083	0.59183675
4.12216	10.143101	0.31555554
6.487192	18.747398	0.5555556
1.5702515	1.5702515	1.0
8.457952	8.457952	1.0
4.3756695	7.5668464	0.9168242

4.6768827	7.454436	0.4382716
7.308473	11.122848	0.33333334
2.7172809	7.042694	0.61245674
5.015532	5.8773136	0.44
4.647592	6.6248646	0.70247936
NaN	0.0	NaN
9.487256	19.833502	0.17202269
7.668513	11.172558	0.183391
8.110201	22.627417	0.25333333
4.6465697	7.258624	0.3888889
5.0924754	5.342553	0.68
3.807906	8.818968	0.6064
NaN	0.0	NaN
6.8420267	14.8175	0.4463668
11.171135	19.358046	0.2421875
2.1036086	8.322205	0.6796875
6.1829047	16.0	0.33333334
3.833733	9.601707	0.625
2.5802076	5.200386	0.6446125
5.003002	6.3822994	0.59183675
14.692857	20.873188	0.5
8.95632	15.08325	0.28
5.5070796	9.764558	0.33333334
5.8879294	12.369905	0.16666667
6.1172724	16.641302	0.24
4.2444725	10.812858	0.59375
4.576392	10.519492	0.40589568
6.2557044	6.73849	0.3877551
4.162629	6.6981883	0.33333334
2.7144382	12.432181	0.24652778
3.133795	3.2049267	0.6632653
6.5610943	6.5631995	0.5555556
4.327202	8.122664	0.50617284
3.252062	3.252062	1.0
8.372132	9.394552	0.50617284
7.511866	16.740606	0.34375
4.6724186	5.9581513	0.4556213
3.2375019	3.6165679	0.625
3.7682507	3.7682507	1.0
15.038428	16.629133	0.25
4.782885	5.1204567	0.52
4.0115933	18.660835	0.88927335
7.831223	11.776784	0.60946745
2.6631765	9.298043	0.5363322
6.0399203	11.787083	0.37618148
5.896014	6.3466773	0.5
6.625345	6.625345	1.0
9.675331	10.5709095	0.625
3.659651	7.0091352	0.2797784
11.099858	11.099858	1.0
3.6157236	10.59111	0.63580245
1.9836488	2.3995883	0.5555556
NaN	0.0	NaN
3.2241604	7.632942	0.44
5.3519125	10.994808	0.3469388
13.41924	13.61774	0.5555556
6.713358	6.713358	1.0
9.481745	9.481745	1.0
8.705862	12.079637	0.5
8.866994	17.084333	0.21428572
5.788009	9.367168	0.5555556
5.4632826	5.6881185	0.59183675
NaN	0.0	NaN
4.0965056	12.700956	0.5510204
4.391264	4.7702847	0.625
6.209433	14.394962	0.24
5.8482375	13.130048	0.4
5.8467193	12.840514	0.6296296
5.2486973	8.165996	0.40828404
7.9452024	13.048665	0.43801653
3.9195213	5.476925	0.58
12.6938505	15.8394165	0.27272728
3.4599826	4.78354	0.34911242
3.5959644	8.991308	0.44
8.404074	11.357768	0.26
4.6817813	4.6817813	1.0
9.975373	17.03693	0.7278106
10.363162	16.255098	0.33333334
4.199921	4.8666034	0.625
12.05139	22.10311	0.5
4.2767744	6.5500045	0.5555556
8.570754	16.387064	0.52469134
5.110533	9.064543	0.33333334
3.4536364	9.097002	0.74489796
7.283148	7.283148	1.0
6.246316	21.601278	0.26530612
8.982316	11.895961	0.33333334
3.5792248	9.0615835	0.625
5.3787165	8.988796	0.36
3.8914196	8.330764	0.6213018
10.378588	14.729271	0.25
5.9441614	10.484553	0.20164609
4.4924326	23.079582	0.74603176
8.615927	13.644351	0.5
2.091618	5.6141686	0.4489796
3.5894184	11.529814	0.47
NaN	0.0	NaN
5.7491493	16.08867	0.3888889
4.252596	12.762934	0.27423823
5.9315114	14.684173	0.48222223
3.611946	8.851416	0.44
6.046615	22.907871	0.2244898
3.9612808	18.772762	0.4387755
12.333403	15.685131	0.2781065
3.6566331	8.26936	0.60330576
3.9393878	7.9502797	0.26222223
4.2175636	10.509204	0.3
2.6888144	7.5640936	0.44214877
NaN	0.0	NaN
12.321521	23.693054	0.36
5.077911	13.288953	0.28719723
3.0417714	6.896491	0.7962963
4.6585274	8.009071	0.5
16.389206	22.71615	0.5
8.306043	9.433962	0.5555556
3.257954	6.1740723	0.28994083
8.792657	10.2772045	0.5555556
6.0152373	6.015238	1.0
7.0908527	16.609554	0.20987654
3.4258087	17.175838	0.60888886
4.5466437	11.92345	0.30864197
3.151005	8.41338	0.28395063
4.1718307	9.399248	0.5
8.914542	10.072465	0.5
3.3492465	6.819778	0.36
6.760821	6.760821	1.0
4.155319	17.559772	0.3888
NaN	0.0	NaN
3.1227734	3.1227734	1.0
5.0632505	6.1651945	0.54
2.8674529	3.2376137	0.5739645
4.152723	4.5124087	0.52469134
9.090132	14.885412	0.15306123
4.8431892	7.5249786	0.57024795
3.4432495	6.467179	0.375
2.9824538	3.8059602	0.5
5.227282	7.3966546	0.42
NaN	0.0	NaN
1.2875702	4.320091	0.82
6.4988575	10.669768	0.43209878
7.135962	21.309418	0.33
4.197147	6.0598054	0.4861111
3.9955375	14.562098	0.7222222
11.738089	13.076515	0.68
7.750685	10.248304	0.3888889
9.98486	16.48084	0.5
9.510326	14.429293	0.29012346
2.4404721	2.8562076	0.6213018
5.5761003	5.5761003	1.0
3.5761652	8.683947	0.25951558
1.8268108	1.8268108	1.0
NaN	0.0	NaN
4.4003987	13.317171	0.28
5.6528115	5.770364	0.5390625
3.5621407	9.358549	0.7222222
4.048475	15.2392025	0.49586776
10.379769	23.677824	0.1388889
7.240262	12.494813	0.32231405
6.188679	9.897733	0.22666667
4.217912	4.4465294	0.78125
3.1195872	5.8938355	0.46875
3.4777968	4.3813343	0.375
7.59985	7.59985	1.0
2.318781	3.0747933	0.5102041
13.517543	19.177856	0.24
13.472442	16.496624	0.5
7.6464643	25.46316	0.345
7.0710573	9.687832	0.2
9.058598	13.984233	0.14878893
2.976333	5.3765893	0.40625
7.4496894	18.027767	0.33333334
7.3101068	10.248722	0.20710059
3.160573	5.3999057	0.50617284
4.5351043	5.035207	0.7222222
3.0380974	3.618016	0.50617284
8.0855875	8.085588	1.0
3.7188077	4.6792006	0.5555556
8.984774	12.692196	0.44
8.557276	13.61044	0.26222223
4.6953726	5.6717286	0.68
4.4727507	5.3824186	0.375
4.2081985	4.2081985	1.0
5.262446	12.803057	0.4722222
4.02881	4.100587	0.59183675
2.9213028	19.611622	0.6512
2.4221954	5.36821	0.57024795
NaN	0.0	NaN
7.528486	15.043081	0.30864197
9.095517	17.482794	0.3877551
7.7026887	7.702688	1.0
5.723652	19.446533	0.3217993
2.9542313	3.7880359	0.625
3.8140314	7.346738	0.41950113
5.6901155	16.222305	0.59375
9.016086	16.866062	0.395
2.4314005	5.764451	0.5235457
8.562096	11.264193	0.375
4.3760214	8.917713	0.88927335
6.4301767	21.169891	0.59375
3.9670513	3.967051	1.0
5.4484806	10.260936	0.2777778
3.255718	4.5124087	0.5102041
6.7019086	13.348613	0.23966943
3.9278238	3.967051	0.5555556
5.445706	11.546509	0.34
6.665745	10.073227	0.5
8.071527	10.564274	0.375
6.7225895	6.98675	0.5
3.25996	15.586052	0.7083333
6.9990416	8.232077	0.5
5.450398	22.4304	0.52
6.787873	9.481745	0.5
4.3879504	6.493544	0.31944445
3.8319898	8.831578	0.17580341
12.081717	21.770582	0.25
7.188174	11.512278	0.14285715
7.6836305	10.878699	0.32231405
7.1806827	7.1806827	1.0
5.9536223	10.8593235	0.37868482
5.4590874	16.54626	0.41838133
NaN	0.0	NaN
5.041119	8.690178	0.375
4.5910554	8.500198	0.30612245
2.5100033	2.5100033	1.0
NaN	0.0	NaN
4.5024714	9.006236	0.36094674
12.776038	14.5431595	0.5
9.967676	11.076767	0.26530612
4.690345	21.183975	0.3383743
9.822856	20.399427	0.1800554
3.994238	5.156203	0.3888889
4.0105586	8.41338	0.625
5.6639767	9.100393	0.375
5.231002	7.559099	0.30612245
7.269273	11.180287	0.33333334
9.125872	13.10522	0.23966943
1.9065968	1.9065969	1.0
NaN	0.0	NaN
2.7693944	10.041573	0.48765433
2.9001174	13.215844	0.75510204
NaN	0.0	NaN
5.7219887	9.752389	0.3877551
4.0424	24.680016	0.8305785
8.50428	11.735466	0.59183675
5.703161	8.292827	0.30612245
4.409177	4.409177	1.0
6.5251555	22.55974	0.25694445
2.7874823	3.0538836	0.8472222
7.283148	7.283148	1.0
6.790494	7.6615167	0.8347107
5.176356	16.895954	0.2892562
1.1200911	4.234032	0.70934254
NaN	0.0	NaN
5.7081013	10.638617	0.1983471
2.4162416	5.0752115	0.3846154
5.9560795	5.9560795	1.0
8.096416	17.30304	0.25925925
5.5696406	10.383752	0.30612245
5.7410207	6.865883	0.2892562
3.8094237	9.775818	0.4814815
7.2866316	16.512722	0.625
5.5608606	12.432866	0.68
3.4645698	10.940704	0.6296296
6.6752157	17.857973	0.4375
4.8239026	10.025156	0.3877551
4.3133435	13.124423	0.5972222
7.5548215	15.111778	0.3043478
4.8483143	10.751582	0.45454547
6.3276024	11.859702	0.26530612
7.825476	19.018686	0.33333334
7.494364	10.393582	0.24099723
2.003065	2.003065	1.0
7.3950214	7.77699	0.625
7.0411134	8.322205	0.5
7.1445894	8.950396	0.40625
3.8179152	10.011152	0.37755102
7.667071	10.253862	0.2777778
5.8814707	7.601299	0.3979239
NaN	0.0	NaN
3.4098577	8.676716	0.37654322
3.618016	3.618016	1.0
6.1015015	9.068126	0.50222224
3.8207846	8.2264805	0.50617284
4.134675	5.1058164	0.625
8.313049	11.142745	0.375
7.62742	11.373633	0.30612245
9.9908905	24.369598	0.25619835
9.101893	9.101893	1.0
1.2444888	5.7065053	0.74489796
4.899881	20.04807	0.2288
5.1620455	5.5528636	0.37190083
5.8775954	9.24413	0.3888889
4.8780694	10.669768	0.38
4.8751574	15.810676	0.5029586
6.2730227	14.103807	0.3553719
6.3902626	14.701561	0.50617284
5.2344375	13.432932	0.66
4.6372247	5.2977533	0.5
1.1726391	4.0588436	0.86734694
6.8294787	17.009634	0.4814815
10.91242	24.945366	0.28512397
4.351696	7.755458	0.33564013
12.087163	12.419578	0.5555556
8.409956	16.776146	0.4074074
5.8872185	7.0494018	0.36
5.960711	13.504019	0.1875

9.028707	16.31903	0.28125
7.17374	8.319178	0.5
13.889211	15.628454	0.5555556
11.590267	14.330227	0.33333334
6.7003326	13.891481	0.2777778
3.454095	9.988008	0.54320985
NaN	0.0	NaN
3.4420288	3.7162461	0.5555556
4.03857	8.017033	0.5555556
7.812355	11.157386	0.5
5.6796503	5.6796503	1.0
5.133685	8.020108	0.50617284
1.641303	1.641303	1.0
4.3344054	5.898641	0.3372781
22.023306	23.655764	0.33333334
5.2416596	14.570847	0.30747923
10.743948	16.0	0.16
4.8369665	11.221968	0.66
6.752545	16.236267	0.36094674
8.148919	11.120669	0.5555556
NaN	0.0	NaN
6.8799133	11.22212	0.3877551
7.3449044	10.366803	0.18367347
5.5589905	18.098982	0.25510204
4.494742	9.211376	0.28
3.359141	8.287972	0.47555557
7.983766	30.325092	0.2231405
4.992139	18.911592	0.21088435
2.9631813	3.1000626	0.44
NaN	0.0	NaN
7.8773046	9.139997	0.33333334
6.7841215	14.312914	0.625
NaN	0.0	NaN
5.3160267	17.638744	0.24793388
3.6698065	9.037463	0.654321
5.606845	9.761711	0.375
10.226567	13.844059	0.3
4.6103225	4.6103225	1.0
7.908031	21.477144	0.27160493
3.2319493	4.764527	0.82
6.7333236	13.584871	0.3877551
7.3082504	8.567975	0.5555556
NaN	0.0	NaN
5.257085	11.666891	0.44
7.4261374	11.898162	0.52
6.1824355	10.165851	0.45328718
4.085805	12.358465	0.6859504
7.9782543	18.267933	0.2802768
8.585365	25.100302	0.21875
5.2001657	10.553848	0.2733564
6.82445	11.431612	0.22222222
10.138278	15.5801	0.42
3.7783287	7.294164	0.2777778
2.314187	2.314187	1.0
7.84969	15.79775	0.2318339
8.252435	15.107502	0.68
8.226348	15.092533	0.30555555
8.167548	8.45601	0.5555556
7.5701923	10.156255	0.2345679
5.568603	8.77783	0.34375
7.721155	8.997224	0.5
5.723398	8.959452	0.37278107
7.244553	10.591986	0.16666667
9.301785	10.962809	0.30612245
10.648225	17.387028	0.37190083
6.6516385	13.963626	0.1875
NaN	0.0	NaN
5.8154416	6.9023776	0.36
2.010483	2.010483	1.0
14.825825	14.825825	1.0
5.0770073	5.3307505	0.5972222
7.2350636	7.6911955	0.4074074
4.6241384	11.028661	0.43801653
5.658205	5.658205	1.0
4.511929	4.5119295	1.0
5.322762	6.8161197	0.3125
3.973709	10.113497	0.6064
9.944345	9.944345	1.0
5.7298326	9.45744	0.375
2.0702963	2.0702963	1.0
3.177022	4.5267296	0.6213018
4.2075443	13.214419	0.88927335
5.9557557	19.266655	0.21107267
8.067276	20.674587	0.14049587
7.486426	7.4989967	0.5555556
7.1044173	8.628318	0.375
1.9380008	5.9945407	0.53741497
4.202782	6.9679966	0.24489796
17.400068	17.400068	1.0
9.95279	15.545297	0.4375
2.1474793	6.1105895	0.5
7.711507	7.711507	1.0
6.575617	15.705436	0.43209878
2.3133175	4.324097	0.8347107
4.4631157	4.4631157	1.0
6.635647	6.91179	0.7222222
5.17971	5.6675305	0.625
2.974776	2.974776	1.0
7.160416	7.8332233	0.3611111
5.0854683	17.887003	0.26077098
7.7331147	8.052899	0.44
8.130134	11.495922	0.5510204
3.4718018	13.916905	0.38429752
6.3882265	7.765782	0.6449704
8.698288	24.267015	0.30864197
3.0546274	5.4250193	0.3888889
NaN	0.0	NaN
7.64916	7.64916	1.0
5.012562	13.138839	0.17901234
4.7254634	4.87159	0.5371901
2.2440155	6.9521003	0.3702422
3.267028	9.835372	0.6622222
3.9815993	7.9827127	0.37777779
2.3948622	4.6376915	0.33564013
2.8599517	7.7813153	0.7222222
4.2169704	5.176998	0.52469134
3.3988764	4.9045525	0.625
6.0335636	10.44164	0.375
4.740618	7.6911955	0.2777778
7.426093	15.319666	0.26530612
5.195516	5.195516	1.0
NaN	0.0	NaN
6.242518	16.516727	0.33333334
NaN	0.0	NaN
10.460477	10.460477	1.0
6.1068735	6.9602213	0.3515625
6.710911	15.382416	0.40625
3.5676231	7.4885054	0.63580245
4.4827394	4.920228	0.40625
3.2857423	15.418393	0.5029586
15.872556	26.732033	0.33333334
7.6978393	12.267299	0.24007562
3.644614	3.644614	1.0
6.2306275	9.764286	0.5555556
16.519068	26.922934	0.3877551
5.910258	10.605582	0.3422222
5.787142	10.352806	0.68
2.6356785	7.6702633	0.45328718
5.355546	8.089534	0.28
8.469609	11.5584755	0.30612245
4.5119295	4.5119295	1.0
10.656103	10.656103	1.0
2.9640577	12.394323	0.59861594
3.7794719	7.8394523	0.75510204
10.002549	26.496855	0.09876543
6.300947	15.462052	0.33333334
6.8068643	14.841215	0.4489796
9.99453	30.629786	0.27023318
8.336039	8.959735	0.5
4.5106587	5.818436	0.625
4.225903	4.9791923	0.52
5.2209167	6.713242	0.34
2.9449143	8.095764	0.2781065
2.1122396	2.1122396	1.0
5.2996855	7.3407927	0.5
5.3326745	10.579386	0.49
5.599418	17.409712	0.3877551
NaN	0.0	NaN
6.1831584	11.46123	0.3979239
12.054351	12.981894	0.70247936
8.616864	11.865125	0.34
2.0493388	2.0493386	1.0
8.283472	16.42667	0.2
3.4847202	11.738509	0.30103806
6.109979	12.63792	0.18559557
1.154507	2.2775126	0.5555556
6.2149644	10.591132	0.32
11.683213	19.196947	0.3888889
5.240977	10.668356	0.32
5.924423	12.414992	0.48096886
6.3700905	14.9245405	0.44
NaN	0.0	NaN
NaN	0.0	NaN
4.0622606	8.567975	0.33081284
5.4525356	7.646494	0.5
3.9802928	10.030731	0.42857143
3.6173232	3.6173232	1.0
7.515582	10.433542	0.5
4.485918	4.485918	1.0
7.8949018	17.767012	0.3265306
11.305071	25.501204	0.19421488
9.266125	11.721914	0.7278106
5.777898	17.353277	0.155
6.2323985	7.6775618	0.45454547
5.6579843	5.8961077	0.5
8.555211	17.131363	0.5555556
1.9940808	4.1611295	0.78125
14.413753	14.413753	1.0
2.845341	2.8453412	1.0
4.6804504	19.901941	0.3422222
4.174289	4.174289	1.0
4.2736373	11.126459	0.625
10.468328	24.911963	0.44
1.5891122	2.91866	0.78125
4.177119	9.491518	0.359375
5.4118543	17.443779	0.30612245
6.953484	17.241247	0.3888889
5.022601	7.980375	0.625
4.932845	16.588043	0.18402778
2.7799065	11.099809	0.7229917
6.739869	8.284222	0.5
3.1809375	3.1809375	1.0
7.8347306	15.529569	0.27272728
5.1790104	16.434765	0.54
5.54972	12.234342	0.3511111
4.01941	4.01941	1.0
NaN	0.0	NaN
5.1461	12.641634	0.390625
5.4499316	10.811966	0.2892562
3.9456367	16.519894	0.265
2.8453412	2.8453412	1.0
4.5088286	9.874714	0.5432526
7.470891	13.426458	0.37755102
4.762134	11.286537	0.25619835
6.5162773	10.89372	0.32
4.87159	4.87159	1.0
4.5154905	7.3419356	0.4238227
5.062117	14.107689	0.63265306
4.3432846	9.941286	0.28125
6.1111293	10.098255	0.625
6.351955	21.1416	0.32444444
3.8531837	7.6939974	0.3553719
3.464515	3.464515	1.0
6.3259816	13.557548	0.4752
3.9241061	3.9241061	1.0
7.8578205	7.8578205	1.0
9.342317	21.762466	0.20438957
4.3460474	8.423905	0.42857143
2.550502	7.691307	0.75510204
5.291705	15.22309	0.18222222
9.194019	15.741184	0.24828532
6.5460496	7.0426097	0.5555556
5.567607	9.974278	0.205
2.8468103	8.409982	0.3984
5.7361603	10.087675	0.25510204
8.156641	12.453722	0.36
6.236484	14.281026	0.5510204
2.5812788	9.992305	0.89506173
6.4106116	16.154428	0.3046875
8.663941	9.88786	0.375
2.5156152	4.367012	0.7222222
3.1417828	7.5061493	0.3888889
1.4288324	1.4288324	1.0
5.0362306	19.433783	0.232
4.053923	9.989475	0.27272728
7.0428343	17.221315	0.28
9.854264	13.945193	0.34375
9.050075	12.358465	0.25925925
9.272941	10.763654	0.5
2.3141868	2.314187	1.0
5.290024	5.9277396	0.625
3.7088008	9.682029	0.59183675
8.790158	15.538528	0.57024795
4.7669573	8.474768	0.625
3.5084145	7.7123423	0.44
3.3135872	3.7435503	0.5408163
8.664489	18.791946	0.20661157
14.320084	23.73194	0.375
9.648065	14.863545	0.375
7.4937906	7.4937906	1.0
6.8879075	7.3596635	0.7222222
1.9578204	7.655146	0.6859504
7.633206	7.633206	1.0
9.835669	12.665111	0.3
4.3850102	6.49989	0.36094674
3.9409375	5.8331256	0.5
6.013449	11.645204	0.2777778
6.430953	8.113387	0.36
5.992408	11.632547	0.36
7.0279274	14.755373	0.18518518
2.5564163	6.3126144	0.5
3.863199	9.156263	0.36888888
2.3841045	7.863434	0.34375
13.451822	17.89122	0.42
8.684253	11.158151	0.3
6.298781	14.746947	0.29777777
6.707783	14.973646	0.34375
16.957855	16.957855	1.0
14.801866	20.363468	0.5
5.057022	5.057022	1.0
11.04331	24.748117	0.32
1.8571916	1.8571918	1.0
4.9434295	9.809137	0.375
5.6470165	6.7128115	0.5371901
9.611598	11.2098	0.3469388
5.200684	11.14518	0.7222222
3.1414084	11.064966	0.47530866
7.6215577	12.591708	0.52
8.330698	10.714959	0.20661157
2.764769	5.684409	0.52
8.001135	10.45578	0.52
NaN	0.0	NaN
4.0226674	8.662328	0.655
4.915118	4.915118	1.0
7.601323	17.9402	0.175
5.930689	12.0824995	0.30165288
4.1390886	6.953102	0.5510204
3.9790144	3.9790144	1.0
5.972792	18.648249	0.553719
7.2861824	8.263108	0.33333334
4.0142293	11.652439	0.34072024
6.0387926	11.146828	0.38
8.4816	10.901965	0.5029586
8.261107	22.912798	0.22
5.4909797	12.356708	0.34375
8.319178	8.319178	1.0

5.4433722	10.826832	0.4722222
5.4558105	16.0	0.52
6.641697	15.826951	0.27
5.7363243	12.811074	0.3877551
4.4191055	17.215809	0.32
5.026465	11.906606	0.39795917
12.228948	16.0	0.33333334
5.3783793	12.118393	0.30056712
3.8027506	8.237638	0.375
10.053325	19.136997	0.21875
10.352104	11.784521	0.5
9.49268	21.807085	0.44
6.556417	6.556417	1.0
4.226963	9.736021	0.375
3.4431434	3.4431434	1.0
5.3337193	5.3437724	0.8347107
3.981831	4.165941	0.5
NaN	0.0	NaN
15.838263	15.838263	1.0
1.8824867	12.132473	0.82
5.2800064	10.7672825	0.50617284
5.053103	9.781431	0.31944445
6.6358995	8.166362	0.37190083
7.165863	18.3261	0.3
11.287292	16.736584	0.26
8.743696	17.699287	0.24691358
5.936	12.845017	0.23076923
11.39427	14.1380005	0.5
6.6455016	6.794934	0.5
6.787663	8.649036	0.30612245
5.1455235	7.860685	0.375
10.166169	12.530207	0.5555556
7.741984	10.118825	0.21875
5.4309907	5.4309907	1.0
2.525247	7.5541725	0.78125
5.5295687	10.86816	0.15646258
4.483196	6.6615114	0.3265306
6.636343	8.184234	0.5
5.7303977	10.331247	0.33333334
5.0834064	11.405779	0.21893491
4.700566	4.700566	1.0
NaN	0.0	NaN
6.129407	8.788707	0.28
5.931287	15.96451	0.31487888
1.8401277	2.7575476	0.33950618
8.3071165	16.849716	0.2465374
3.84099	7.198696	0.3633218
4.871685	5.769773	0.33333334
6.3551807	11.067882	0.5
5.541373	7.0480742	0.28
6.109544	9.656268	0.26
4.640632	5.4890013	0.53061223
9.586473	12.025837	0.28
7.727827	17.470734	0.31487888
6.0737686	18.17581	0.37654322
1.9738109	3.8439467	0.44378698
7.181179	12.340607	0.2777778
8.448903	12.144331	0.5
5.3297977	5.3297977	1.0
4.9468427	17.832907	0.3015873
2.6155896	2.9729881	0.52
3.4317899	12.70134	0.6213018
5.53815	5.53815	1.0
7.277421	11.370802	0.3580247
NaN	0.0	NaN
9.105376	11.249247	0.19008264
6.7397475	13.002973	0.34567901
8.391096	10.404486	0.35714287
8.138101	19.650537	0.2231405
6.9381714	13.866106	0.375
3.2890923	7.767768	0.3671875
5.3966036	13.272587	0.359375
3.649293	15.823684	0.24444444
4.364815	8.765558	0.26530612
6.7469635	11.112126	0.25
4.6120243	7.0243783	0.32544377
11.6069355	28.7442	0.147929
5.291438	7.91106	0.375
6.1222	10.610254	0.26530612
5.844723	10.266792	0.29591838
11.957917	21.287308	0.097222224
3.6601532	6.6960244	0.22
3.3823962	3.3823957	1.0
5.790545	7.359782	0.28
9.049143	19.022133	0.135
12.573629	16.69936	0.44
4.4643164	8.858286	0.2244898
5.5357003	15.345719	0.4240363
1.6479212	2.5301983	0.7731569
14.531284	47.807034	0.2361111
7.8208914	10.688472	0.17901234
5.6124167	11.651939	0.275
6.711865	12.560114	0.24260356
4.9298778	8.321464	0.3877551
2.3898017	2.3898017	1.0
6.8784313	12.694262	0.30864197
2.7651718	2.8438718	0.78125
6.533974	12.598735	0.27788278
15.510293	19.169945	0.2777778
9.471034	10.332621	0.5555556
3.4937594	3.4937594	1.0
6.9515476	10.411798	0.3553719
0.7435995	0.7435995	1.0
4.785681	7.4203753	0.34567901
6.4121675	7.4478292	0.625
3.2837837	6.789489	0.7222222
3.2166646	8.245274	0.5555556
9.334578	10.664845	0.625
2.2786703	2.2786703	1.0
4.9083443	8.631095	0.44
7.50717	19.305504	0.553719
5.211579	9.903422	0.3359375
7.656427	11.167741	0.30612245
4.0514703	17.426796	0.44044322
5.034371	10.285177	0.2638889
5.4678144	7.217451	0.30578512
10.677452	10.677452	1.0
4.462859	12.976735	0.2107438
6.827336	10.536486	0.23076923
3.4711003	14.673425	0.47404844
4.7055078	12.117701	0.66
2.8786	5.075763	0.30177516
5.0766296	7.1961293	0.6296296
12.126905	12.126905	1.0
2.8419416	7.3351145	0.6296296
6.4423585	14.5167	0.4387755
11.311099	16.624846	0.28
5.1366606	11.636215	0.4375
2.717889	2.7178895	1.0
6.0655546	6.0655546	1.0
4.923008	7.177899	0.31487888
7.3060093	21.873981	0.39256197
4.251467	20.593645	0.36
1.7504265	14.147903	0.8828125
4.4761133	8.446235	0.2318339
2.531334	3.1097283	0.47959185
2.7137456	9.705384	0.5963719
6.544312	10.046819	0.43801653
8.573812	21.935352	0.5833333
7.6878057	12.907679	0.3828125
9.386676	10.968807	0.28
7.2150536	14.601645	0.19791667
7.4547925	26.434341	0.3553719
14.964802	16.693724	0.5
7.984221	11.701859	0.30555555
4.8040323	7.903453	0.3553719
6.838324	11.557675	0.38842976
4.7105594	13.366488	0.36888888
3.4860854	7.925435	0.82
5.430235	12.603205	0.537037
12.497258	17.60398	0.1597633
3.983704	3.9837043	1.0
7.2831426	10.392864	0.553719
8.330881	19.514044	0.2777778
3.08807	5.448976	0.625
7.759178	10.984605	0.28395063
6.444251	9.421973	0.2733564
10.322137	21.343567	0.15277778
5.002776	5.0999737	0.5
5.2356405	13.925008	0.47599453
4.491101	7.8335366	0.41666666
6.556727	13.251781	0.3125
4.0087285	10.603125	0.75510204
9.507768	18.589693	0.33333334
6.727669	7.5342555	0.5
7.1133585	13.7870655	0.375
4.3505116	8.657663	0.34710744
5.2358136	13.734304	0.39795917
10.878738	18.709007	0.33333334
7.187918	14.860053	0.18367347
10.625615	11.3377285	0.82
4.865142	9.023721	0.44
5.7125826	13.122784	0.24716553
4.301672	10.167668	0.5401662
5.761477	8.852336	0.36
8.574244	8.574244	1.0
6.577798	6.577798	1.0
6.456849	7.9578185	0.44
6.6763306	10.665108	0.25619835
3.5111868	7.4229655	0.5510204
8.883544	14.182586	0.18518518
4.666756	16.016357	0.29777777
4.139174	14.076279	0.24
3.9375875	3.9375875	1.0
16.781504	17.873554	0.5
2.5694244	6.79438	0.50617284
3.6852221	5.883356	0.42857143
3.215471	3.566463	0.78125
4.9511623	13.521284	0.23966943
5.1293817	7.500373	0.5
6.436827	19.178728	0.46280992
2.8650026	4.917163	0.654321
9.711292	15.83174	0.25
6.722871	10.487262	0.46
3.7499187	4.9748936	0.3846154
9.648387	11.420814	0.5555556
8.945508	13.764464	0.40625
3.6504738	7.1587973	0.68
7.2378874	16.68197	0.34
8.144159	14.859014	0.30555555
5.679053	7.560008	0.33333334
2.6046586	9.299505	0.4463668
4.4211817	7.013624	0.375
4.9053836	6.3554544	0.33333334
5.44308	9.995128	0.32
15.425344	17.037064	0.5
NaN	0.0	NaN
6.54355	11.37689	0.5555556
6.673093	9.190832	0.34911242
9.113289	14.9477825	0.27272728
2.8544037	8.157084	0.6509695
3.5805392	10.254275	0.515625
5.900908	9.053831	0.28125
3.4873528	5.575363	0.375
3.469319	5.500929	0.41666666
7.44875	12.0513935	0.33333334
2.537745	3.5669801	0.7222222
3.8654351	6.178296	0.68
NaN	0.0	NaN
8.829927	19.205305	0.375
6.1172485	6.1172485	1.0
9.568815	13.897324	0.44
5.5319376	6.2511177	0.4074074
5.3243785	7.0740066	0.43209878
7.0971694	9.043142	0.2777778
5.4531345	7.7659144	0.44
4.492277	8.328736	0.33333334
5.478945	8.783037	0.52
3.7878563	4.9069467	0.52
8.358632	9.5669565	0.40484428
7.533694	9.663203	0.33333334
2.1845298	10.225702	0.73964494
4.9535847	8.801904	0.53846157
3.8364432	5.7033134	0.59876543
5.929698	16.509405	0.44
4.9002867	12.030233	0.375
2.5467892	8.167702	0.61245674
11.942359	14.947658	0.625
9.196401	9.196401	1.0
6.802672	10.604757	0.18367347
6.8466225	21.453089	0.38
7.9920044	11.366368	0.625
6.2186413	10.496752	0.44
6.1704917	15.072584	0.2777778
4.7028065	11.935064	0.32231405
3.9319682	14.890801	0.41836736
5.984993	14.609434	0.2777778
4.993024	10.772617	0.2249135
9.362525	9.362524	1.0
6.421789	7.560008	0.625
12.30082	19.33667	0.375
2.063913	3.1370728	0.625
6.4693513	7.013582	0.60330576
3.1795108	12.196419	0.41666666
NaN	0.0	NaN
5.5919576	8.515844	0.34
6.0614924	6.9495044	0.5
1.5155799	1.5155799	1.0
11.04902	11.04902	1.0
5.793831	10.159447	0.20888889
5.46538	7.857221	0.5
2.4321215	3.9144094	0.7222222
6.919224	10.496265	0.52
5.09133	5.4309907	0.5102041
3.087231	5.9164405	0.6509695
8.704938	11.381059	0.5
5.280713	8.413941	0.3553719
7.255668	12.742164	0.47916666
9.51378	28.002975	0.20181406
6.6038823	19.04759	0.553719
3.588385	4.8093014	0.36
4.919985	6.8188143	0.50617284
6.013235	12.456825	0.24
5.175527	5.175527	1.0
2.551531	5.219669	0.6859504
4.5283766	8.47292	0.38
3.971062	10.855321	0.553719
3.7118657	5.5814657	0.5138889
11.296137	20.211329	0.375
4.745358	7.4363003	0.25925925
6.557209	17.073557	0.26869807
5.7141643	5.880683	0.75510204
3.5185604	12.268487	0.40484428
6.565425	8.453215	0.625
4.3438916	10.596341	0.5833333
11.306001	13.610354	0.28
3.0506468	3.0506468	1.0
17.777239	21.844387	0.18
5.6343265	7.3707128	0.3888889
4.501038	7.3507404	0.26530612
3.0172899	11.710001	0.63265306
8.824559	11.248346	0.36
5.9385676	11.904831	0.30246913
5.593949	18.634405	0.2361111
5.6746426	16.042208	0.43209878
2.7496848	4.307723	0.52
4.6330132	9.411877	0.3739612
6.9164605	10.785408	0.4
4.445942	12.767374	0.38271606
4.633584	5.813213	0.4375
8.199755	20.263222	0.15235457
10.616094	13.622597	0.38
5.8181148	9.06082	0.3877551
4.724869	4.900441	0.43209878
3.4214752	3.5235136	0.8347107
3.7914963	3.7914963	1.0

1.2983862	4.6807175	0.8472222
5.2264566	5.2264566	1.0
11.517113	44.142666	0.21107267
7.0201964	16.0	0.11909263
4.9478292	7.8949084	0.26
3.833773	8.190887	0.38271606
3.041788	7.140188	0.3888889
6.577842	11.887938	0.18222222
7.370152	12.418615	0.19008264
1.0253954	1.5364411	0.5138889
4.2272754	8.487503	0.47555557
9.30769	16.0	0.292517
3.1930814	7.7167597	0.48096886
4.9185505	9.534165	0.33333334
4.0830865	9.318624	0.4293629
2.7681167	5.813572	0.8472222
6.062622	18.316462	0.21487603
8.427354	16.0	0.14186852
5.207987	5.207987	1.0
3.0211565	6.7076864	0.57024795
3.798584	4.2304206	0.5102041
5.5364804	7.601525	0.5102041
8.684505	8.684505	1.0
8.477293	14.755994	0.42
3.1652167	6.243401	0.50617284
11.104025	12.264347	0.5
5.6443286	8.10207	0.20408164
6.869528	12.424231	0.23356009
4.1512504	7.176923	0.44
6.569003	8.012777	0.5
5.095973	14.59018	0.21428572
6.026357	10.108199	0.375
2.9525454	8.057495	0.80246913
7.4771	23.125578	0.37654322
3.6582391	5.361314	0.29166666
4.7330427	10.759583	0.30578512
9.0525055	9.0525055	1.0
5.1427917	7.124971	0.2711111
5.8362427	6.9024463	0.375
12.240419	15.963131	0.46875
4.7436347	8.998366	0.3968254
3.8674355	6.7228465	0.5555556
3.7584233	4.1249876	0.52662724
5.542549	6.2844133	0.2244898
9.79031	9.79031	1.0
4.136642	5.4351587	0.36
NaN	0.0	NaN
3.963131	3.963131	1.0
6.041945	7.00173	0.5
NaN	0.0	NaN
7.81419	8.667686	0.5
9.160311	20.06799	0.2857143
7.797953	11.511172	0.33333334
6.7734127	10.311109	0.5972222
10.276352	14.075521	0.15277778
5.352943	7.032045	0.52
8.803895	15.026578	0.34375
9.230058	11.859568	0.43195266
2.1316006	2.1316006	1.0
5.950873	12.499441	0.30056712
4.264684	9.661928	0.42911154
5.783446	9.505242	0.29777777
6.187951	9.286776	0.375
13.666168	19.861877	0.5
6.298861	10.743397	0.30555555
7.5460854	10.017459	0.5555556
8.248187	20.34107	0.30103806
11.636568	14.555916	0.24
7.4842606	10.237082	0.5
7.3806725	13.389316	0.625
4.602869	7.9901943	0.5555556
5.3586903	7.347591	0.18518518
3.523914	16.034712	0.2603306
6.203071	12.350241	0.21875
6.4985466	6.4985466	1.0
6.5181637	6.5181637	1.0
8.47237	21.920233	0.25
4.087634	7.460656	0.21333334
3.6745892	5.335501	0.485
4.740326	9.8003435	0.2231405
7.301939	11.422944	0.3888889
3.7022247	4.9889483	0.52
2.0209014	7.928156	0.7229917
8.837757	10.042325	0.33333334
5.4537015	10.019936	0.33333334
12.262953	26.244604	0.4453125
1.6336445	1.6336445	1.0
6.281179	6.281179	1.0
2.9453743	7.084147	0.30867347
7.2832108	9.901405	0.5
9.298172	10.804924	0.4140625
3.5534961	10.93515	0.8579882
5.8888516	5.8888516	1.0
4.360137	8.776612	0.29705215
13.945554	22.85985	0.24
2.844409	2.844409	1.0
2.8895087	2.8895087	1.0
2.2905567	4.4664903	0.53125
NaN	0.0	NaN
3.2539756	9.817509	0.5401662
7.94283	14.997982	0.28
7.4715953	10.013744	0.2244898
9.202046	11.410429	0.34375
4.506751	14.281575	0.41950113
6.114136	8.0680895	0.42857143
3.775821	10.886587	0.73
4.254933	6.9815135	0.30612245
1.6882194	3.5729904	0.6296296
8.764919	11.663825	0.34072024
2.0897458	2.1996732	0.75510204
5.023363	7.783063	0.25619835
8.370975	16.976473	0.38842976
6.9302707	16.392138	0.5510204
4.546107	5.3373475	0.3671875
10.815477	10.815477	1.0
7.2650294	7.2650294	1.0
4.9021907	4.9021907	1.0
7.504037	11.310314	0.36
8.526813	18.773792	0.1923077
10.334882	11.75115	0.52
2.4550393	2.455039	1.0
4.1555433	7.8901186	0.295
8.037206	8.037206	1.0
6.441526	9.656789	0.2755102
4.6431723	18.975355	0.34240362
6.4273415	9.267111	0.26
7.2611485	7.2611485	1.0
4.944365	6.232727	0.25
5.965825	8.774456	0.30578512
8.240103	13.80089	0.3877551
4.406726	9.738004	0.2244898
2.8895085	2.8895087	1.0
3.8300307	9.673716	0.29777777
4.551604	9.897646	0.75510204
4.5744896	9.450068	0.4375
4.186263	4.4808083	0.68
6.7847137	11.296327	0.2244898
8.617326	16.663574	0.3888889
6.972795	15.8067665	0.30612245
18.13274	18.13274	1.0
5.5415907	11.775909	0.2244898
9.354219	25.393272	0.17159763
NaN	0.0	NaN
2.4544585	2.4544585	1.0
7.2707033	10.069726	0.5
5.415571	5.415571	1.0
1.2975204	1.374175	0.68
3.1719196	3.1719196	1.0
4.8758025	14.598611	0.24652778
8.366389	8.366389	1.0
7.1365805	15.0608425	0.1800554
8.799894	17.031132	0.2244898
4.3084707	10.953995	0.23251417
1.5509778	1.5597	0.53125
4.852401	10.4708185	0.7278106
3.55275	6.965604	0.7734375
4.4646277	11.59579	0.21893491
6.146715	10.355241	0.31555554
11.3357115	14.756583	0.5555556
6.5534205	10.771018	0.2777778
5.3703923	7.5862403	0.5555556
8.023224	9.252938	0.375
8.820888	11.304787	0.75510204
NaN	0.0	NaN
3.7549016	10.38078	0.23875433
8.694362	15.500377	0.2345679
NaN	0.0	NaN
5.8299356	5.829936	1.0
4.412117	4.971473	0.53125
2.4960382	2.496038	1.0
9.9393	9.9393	1.0
7.2860146	9.635633	0.33333334
4.7076674	10.758601	0.3961219
5.080679	22.629179	0.2265625
5.721289	13.721602	0.26530612
5.3810644	5.964541	0.44378698
6.8688126	6.8688126	1.0
8.077749	14.516475	0.21777777
7.8421483	9.635633	0.5555556
10.842989	18.31146	0.375
7.730609	18.526417	0.24716553
5.7866573	5.790462	0.5555556
4.420307	9.505242	0.28
4.931514	10.0525465	0.32871974
7.2130494	12.545381	0.44
8.934988	11.890895	0.21995465
6.851166	11.293693	0.44378698
6.727096	23.222254	0.18714556
2.4280438	2.4280438	1.0
3.6192791	5.1368437	0.43055555
6.2433496	21.117195	0.2
2.092291	6.5376067	0.5510204
4.813671	12.051577	0.68
2.9518514	7.140188	0.3877551
7.3025665	12.05557	0.22222222
8.049995	10.806727	0.36
2.4785278	8.946283	0.5555556
6.379964	6.66088	0.38
7.322846	11.777985	0.3888889
7.043538	15.44114	0.36
11.339134	13.798616	0.5
6.824581	13.079779	0.2249135
4.7345634	5.9581523	0.43055555
8.314709	14.339604	0.43801653
6.333235	16.935602	0.28512397
14.372501	15.7331705	0.375
6.0974092	10.720735	0.29591838
6.848259	15.361815	0.26530612
3.4823008	3.635954	0.5017301
0.9044612	0.9044612	1.0
3.4566047	10.815154	0.37777779
6.1364403	15.39824	0.4861111
5.59209	16.694597	0.21487603
5.2264566	5.2264566	1.0
14.255001	16.659586	0.375
7.432299	8.882855	0.5
1.6072266	1.6072266	1.0
8.29272	10.19371	0.3888889
6.6839976	12.958127	0.21893491
2.6033182	2.6033182	1.0
3.8479462	12.557471	0.36
6.7690573	6.7690573	1.0
14.042813	14.042814	1.0
6.242071	9.0525055	0.38271606
3.744842	12.334145	0.6296296
5.7200623	14.117678	0.7083333
3.9701266	9.216775	0.4814815
4.7319674	10.583234	0.2654321
4.730662	5.7293096	0.40625
5.9571004	10.540768	0.40625
23.698694	46.19665	0.18055555
5.5380225	13.198333	0.37654322
9.087515	16.878597	0.24444444
2.496038	2.496038	1.0
7.0491195	18.28596	0.2231405
2.6210885	3.449167	0.40625
5.267935	5.478802	0.5555556
5.229987	8.559124	0.30612245
2.8786647	7.642496	0.3422222
3.7007113	4.359101	0.3888889
7.996474	10.015425	0.3553719
6.774346	6.774346	1.0
1.4089134	3.426722	0.68
5.690134	20.858236	0.25694445
2.4173672	5.534485	0.5
9.147299	9.147299	1.0
9.573269	15.434571	0.375
2.6984906	2.7984405	0.5432526
5.571973	14.798606	0.3
6.853067	8.3810425	0.33333334
6.1365247	7.979649	0.33333334
6.461462	12.858536	0.328125
12.035459	12.035459	1.0
3.976588	11.57563	0.3671875
15.78029	23.59355	0.34375
7.591997	13.4418	0.28
5.41046	9.319374	0.2892562
4.0096416	7.02682	0.38408303
5.573496	10.593794	0.375
2.6851125	6.5074177	0.52366865
11.576409	11.576409	1.0
5.541418	8.667627	0.16115703
6.902518	13.094075	0.2421875
8.762741	8.762741	1.0
9.888813	18.283508	0.28
3.006903	10.789172	0.7222222
3.812402	8.702958	0.7222222
2.6857147	5.6573195	0.338843
3.9170978	5.981743	0.75510204
3.3481503	3.6230052	0.5555556
2.112695	3.2164373	0.53125
3.196603	8.308387	0.82
6.1145544	23.068937	0.29705215
2.5460527	4.47168	0.5102041
8.505378	18.691206	0.38271606
7.1472254	14.419989	0.625
6.1966214	6.3682957	0.46875
3.0345984	4.0243435	0.625
7.2998185	14.477058	0.33333334
6.59236	11.954562	0.59375
4.7215953	6.233724	0.32544377
3.6017506	10.955486	0.5
5.8061776	14.813175	0.48752835
11.554597	13.727571	0.38271606
8.601302	14.026341	0.18367347
8.039056	22.840483	0.17159763
4.2442064	14.74053	0.66
3.6297085	5.032496	0.3580247
2.0629563	2.1023216	0.68
14.419989	14.419989	1.0
3.78387	9.345243	0.33333334
8.006907	15.244151	0.28
7.95934	9.943704	0.375
6.2605195	10.262763	0.2249135
9.48331	18.27283	0.17091836
2.8890867	2.8890867	1.0
8.25204	8.260728	0.5
5.02005	8.908059	0.52
16.1992	16.1992	1.0
8.668502	8.668502	1.0
NaN	0.0	NaN
2.6033177	2.6033182	1.0
5.0335884	8.3496475	0.375
4.955296	7.783063	0.34
3.8569798	6.282988	0.36
1.6336445	1.6336445	1.0

6.8021903	9.076164	0.375
3.6730921	8.043439	0.42857143
4.257864	5.135772	0.625
4.9622912	10.952449	0.39795917
8.040055	10.798219	0.28125
1.9033575	4.0687566	0.45833334
9.453116	13.087377	0.20833333
4.892474	5.296642	0.52
6.616144	6.616144	1.0
8.005649	16.546745	0.5555556
3.6483696	15.04475	0.26041666
11.901852	12.792635	0.5555556
NaN	0.0	NaN
4.2628794	5.912485	0.21875
8.341725	23.145496	0.2421875
7.0315804	16.36534	0.3372781
3.1539063	6.0407596	0.325
4.6233335	6.4992695	0.5555556
7.62699	16.0	0.19008264
7.1782436	12.733414	0.2249135
3.2725725	4.650336	0.53846157
NaN	0.0	NaN
2.012607	2.9573622	0.38
5.297275	14.930061	0.5138889
4.131562	5.286295	0.5555556
NaN	0.0	NaN
9.832258	14.00634	0.28
3.2731626	16.16948	0.5833333
6.771566	6.771566	1.0
4.2358675	17.015045	0.68
5.5637608	8.765171	0.44
4.8695154	14.990915	0.28
7.0703554	16.814287	0.37190083
5.32056	11.145548	0.2345679
3.7480686	6.3855634	0.33333334
4.770356	21.345058	0.2890625
3.1706858	4.7819443	0.44044322
10.093812	10.093812	1.0
7.590688	19.335888	0.68
NaN	0.0	NaN
6.736528	8.002245	0.2892562
3.3862062	8.894257	0.40495867
6.2187595	6.2187595	1.0
5.5850477	6.403157	0.625
5.7020636	12.007311	0.28
6.932185	13.947593	0.25
4.870115	7.879237	0.20661157
4.13527	8.753444	0.73964494
1.7152711	1.7152711	1.0
7.7471175	9.075507	0.625
3.405198	4.832453	0.6859504
7.192053	24.560486	0.41828254
5.0359316	6.503036	0.5029586
4.1064672	8.644587	0.43289226
2.1470644	3.542006	0.34
11.353897	14.495632	0.25510204
6.3659525	7.876222	0.3422222
4.7741885	7.7095137	0.625
6.5246987	7.8947463	0.5555556
4.318747	8.158041	0.24444444
NaN	0.0	NaN
7.9850225	12.8068285	0.4375
3.6169786	7.029267	0.3671875
3.2596724	6.7988234	0.3511111
2.9077415	8.036124	0.29639888
2.1255884	4.6482368	0.3305785
10.417621	10.841121	0.654321
2.792231	9.701475	0.2967864
6.2418413	15.142596	0.3372781
5.6424	12.565286	0.78125
8.939395	9.755946	0.5041322
3.5117328	9.468325	0.23
6.1107945	9.1379595	0.25619835
5.2481866	10.586271	0.37868482
3.5791514	6.394541	0.60888886
13.454824	13.454824	1.0
5.614099	12.056808	0.28
4.4688563	5.2342496	0.59183675
11.281639	11.281639	1.0
4.8428974	6.5253158	0.5
3.0644233	10.748951	0.32098764
5.1260614	7.8545685	0.5510204
2.209856	6.5096073	0.78546715
NaN	0.0	NaN
2.041912	7.084505	0.53846157
3.2066846	9.254554	0.2244898
6.5795045	6.5795045	1.0
5.2765284	5.2765284	1.0
7.8381195	8.442769	0.4074074
9.65193	11.215237	0.5555556
3.4932764	15.908565	0.375
7.0517654	9.912929	0.36
8.263364	11.1402235	0.18559557
4.8727765	4.9674296	0.5555556
7.641426	14.510117	0.39555556
7.9576955	10.964715	0.25619835
3.6608427	4.1831603	0.5555556
2.644054	6.0407596	0.625
6.8567805	19.208199	0.19526628
6.1529303	9.684657	0.44378698
2.9509127	9.509677	0.4752
7.9049926	21.372688	0.3
NaN	0.0	NaN
4.7573667	5.3419256	0.625
2.6087239	2.6087239	1.0
4.555102	8.8315	0.39506173
3.8048854	5.5638676	0.37278107
5.5603795	10.040233	0.38
11.195928	14.029258	0.2244898
NaN	0.0	NaN
3.8529048	9.380379	0.6296296
2.627058	3.4752407	0.36
1.8899729	2.7507713	0.5555556
7.075011	13.854362	0.25761774
4.6311903	7.297177	0.2711111
6.4443884	8.347985	0.5
4.240014	13.644367	0.33333334
8.702657	15.282819	0.25925925
5.5692797	14.424622	0.2037037
4.5752816	7.822096	0.265625
2.6398146	8.3555565	0.3964497
3.2400472	11.174193	0.39438087
6.025431	8.801795	0.5
3.6390762	13.250831	0.42
5.6864104	11.721855	0.22437674
5.7744446	6.9258604	0.5
6.423629	6.423629	1.0
6.215565	18.575474	0.64285713
4.168071	11.77676	0.6213018
5.723458	12.76768	0.6622222
12.677937	12.677937	1.0
6.1278906	6.4806337	0.30612245
7.4574866	8.716359	0.2249135
8.882989	14.224938	0.50617284
4.1356544	7.385005	0.30864197
3.1761117	7.5775657	0.265
8.84066	11.146525	0.13580246
5.8155	9.37911	0.4074074
10.654313	10.654313	1.0
9.20443	14.3338175	0.22117202
2.9372725	4.5405126	0.59183675
3.5753143	12.187615	0.41274238
6.194905	11.133627	0.42857143
4.5869064	6.468624	0.28
5.1147723	7.2606936	0.3888889
6.477696	8.604043	0.38408303
2.0805807	4.9243917	0.7222222
5.525535	8.750683	0.44
11.247337	11.979348	0.5555556
10.641928	13.809605	0.3
8.041861	9.578773	0.5
3.65127	15.921279	0.59375
5.5958633	13.217579	0.22
6.142725	24.72877	0.44671202
5.9476504	11.602626	0.375
3.5607789	4.8610744	0.245
5.580465	13.507026	0.3877551
2.2949717	5.868875	0.47928995
7.6045175	7.6045175	1.0
10.085839	15.407871	0.18343195
9.024316	10.762004	0.45454547
3.1604786	3.1604786	1.0
3.4982316	14.793201	0.70987654
10.581057	14.210658	0.375
8.61788	8.61788	1.0
NaN	0.0	NaN
4.403698	7.6400323	0.7083333
NaN	0.0	NaN
6.2776527	13.547902	0.5
6.6284995	8.694666	0.3799622
4.951621	6.5111713	0.28
7.318808	16.553904	0.30666667
4.0151186	17.59511	0.3125
3.7460716	7.499888	0.26643598
7.152725	12.620207	0.28
11.651731	24.74811	0.1875
6.2339916	6.4992695	0.625
7.091675	7.829283	0.29166666
3.8478253	11.018167	0.5884774
8.590331	8.747935	0.75510204
3.3002603	3.6729188	0.47555557
7.274694	7.274694	1.0
6.6293654	7.90853	0.42857143
6.9360237	10.22243	0.4861111
10.17926	25.034594	0.13580246
4.3540835	10.471856	0.2888889
7.4228215	8.034186	0.39795917
8.378667	13.328712	0.20888889
5.400189	10.197482	0.28544423
5.4435263	7.568411	0.30612245
5.9623885	6.523996	0.5
7.401354	7.4013553	1.0
7.835155	13.233913	0.26530612
3.2375143	4.267941	0.30103806
11.800796	11.800796	1.0
4.1640444	9.496591	0.50865054
5.644359	15.88287	0.5510204
1.9865558	2.7507713	0.62396693
3.4469042	12.787433	0.47404844
6.3457694	6.9040704	0.5555556
3.7632163	5.5783286	0.36094674
3.785748	5.4007816	0.654321
2.1115627	6.91824	0.37777779
8.644581	10.81342	0.5
3.6732407	13.213361	0.42
4.6489596	5.4867516	0.25951558
6.089529	17.559963	0.18518518
2.840508	11.031799	0.22839506
6.4461417	15.761885	0.37755102
3.4881036	3.4881036	1.0
4.864842	12.153312	0.46875
3.3621645	16.52551	0.5493827
NaN	0.0	NaN
7.9867105	10.4151125	0.44
NaN	0.0	NaN
3.0315773	9.306872	0.3983353
3.433307	10.113149	0.75510204
3.655449	4.367343	0.5
6.2004237	11.99699	0.30612245
6.4586654	20.831057	0.2984694
9.437145	29.661333	0.19723183
8.503302	12.56739	0.28
4.149589	12.231137	0.3462604
4.9053597	7.6566596	0.33333334
4.425659	15.049565	0.2345679
NaN	0.0	NaN
4.6078477	8.606095	0.5555556
6.819299	16.849796	0.2299169
6.0861664	11.488518	0.28
4.78526	8.122374	0.24444444
10.028871	18.396929	0.28125
9.590076	21.107914	0.35640138
5.988554	6.6330547	0.68
8.470939	8.837458	0.5555556
4.556925	5.107663	0.59183675
NaN	0.0	NaN
5.042615	6.6994977	0.5138889
6.046134	8.928868	0.19848771
1.9515953	4.5141053	0.455
0.91130483	0.9113049	1.0
4.269701	14.4281225	0.4722222
6.685585	6.685585	1.0
5.1703777	12.798655	0.45454547
6.3314767	13.861778	0.22222222
4.673725	14.465647	0.21604939
4.3829565	5.6947393	0.3469388
4.6673546	11.996381	0.68
4.57877	4.6748343	0.68
3.878428	9.936107	0.17773438
NaN	0.0	NaN
2.473593	15.439331	0.41715977
4.3086658	14.492294	0.2231405
4.750305	4.750305	1.0
5.634397	10.748951	0.21428572
5.383661	5.383661	1.0
6.090339	6.3798966	0.59183675
5.3123474	8.857894	0.54
9.023316	30.274563	0.2662722
3.3839388	11.231883	0.28531855
7.976925	8.347985	0.82
2.9146028	11.260527	0.22839506
7.5224657	11.53743	0.1875
7.591593	7.591593	1.0
5.970899	6.2187595	0.5
4.621812	4.995962	0.46
4.4665313	6.0140734	0.44
1.9959943	2.3060791	0.625
4.732293	7.988658	0.43055555
9.139316	13.944823	0.3125
NaN	0.0	NaN
5.9071765	6.2620583	0.4488889
4.4170647	7.363011	0.28395063
4.663004	10.715597	0.30864197
4.6592984	5.955126	0.81163436
3.7957466	3.7957466	1.0
6.3818974	24.084751	0.6599287
2.4031255	6.314483	0.7688889
4.183107	7.100843	0.31944445
6.7070694	20.756119	0.24
3.417502	6.4745674	0.46
5.8461013	7.497689	0.5
4.625328	15.761885	0.3553719
5.796781	7.917346	0.26
3.7048013	6.258525	0.26222223
11.798374	15.667899	0.5555556
3.3453016	7.906908	0.8347107
2.180662	2.231598	0.80246913
3.0831192	5.309843	0.76
6.703823	7.0220823	0.5
4.748196	24.40709	0.27218935
6.1846323	21.701443	0.5
8.153111	12.964251	0.2734375
3.6695297	7.1967425	0.405
7.8363166	11.717061	0.234375
3.1325088	6.4593453	0.285
8.143749	14.337156	0.28395063
4.1048293	7.0945473	0.69008267
5.6345587	18.26822	0.265625
7.6400323	7.6400323	1.0
6.287616	6.8238354	0.5
7.174776	8.836565	0.8347107
NaN	0.0	NaN
8.914751	8.914751	1.0
7.3042345	10.290961	0.52
6.4010525	11.194463	0.5555556
7.1578593	11.955189	0.625

6.262342	15.326718	0.625
7.236826	7.3558483	0.654321
5.2410307	5.9591966	0.625
7.1173353	8.891901	0.4214876
6.302232	10.744581	0.2654321
2.803495	7.2917557	0.39130434
6.1550126	13.767799	0.3888889
6.933236	34.758057	0.21088435
7.4804707	15.340415	0.3125
2.9138756	3.9960783	0.34
9.52306	17.57614	0.5555556
6.9729857	7.6826377	0.5
6.1976366	8.0891485	0.34
5.143641	5.7601466	0.3580247
5.521295	16.0	0.2576
6.8181734	6.8985925	0.5
9.949518	21.247267	0.2
2.5370657	2.537066	1.0
2.792329	7.57405	0.68
3.6866868	4.0484858	0.52
6.830115	10.6381855	0.14285715
14.742105	16.0	0.33333334
6.2925816	10.049981	0.40625
4.318664	6.1491156	0.46
7.67573	14.891356	0.3888889
4.4769225	20.708368	0.42
7.0767856	14.913127	0.4814815
6.297419	6.297419	1.0
4.0796437	4.0796437	1.0
8.073156	9.161074	0.5102041
NaN	0.0	NaN
3.6005173	4.696168	0.5041322
4.5025525	5.0076585	0.5
4.5362372	10.712206	0.3265306
12.309901	20.247421	0.22222222
3.7478724	5.192456	0.40495867
7.079868	13.591909	0.18055555
5.7664247	10.879252	0.171875
2.3437533	12.219579	0.63265306
5.6023545	9.99025	0.16343491
3.1398535	5.9516077	0.63580245
17.401947	18.198864	0.5
6.2323494	9.355582	0.5
8.052586	12.756546	0.1923077
6.03693	7.8168693	0.3888889
8.374469	13.446141	0.33333334
6.297419	6.297419	1.0
6.5147204	12.528522	0.3877551
7.8341784	18.438183	0.27272728
10.441159	14.92298	0.375
5.266444	12.064644	0.44
9.469953	14.563244	0.553719
4.8865004	12.712497	0.45918366
12.598849	16.376862	0.33333334
7.443262	9.054062	0.5555556
8.659544	17.564814	0.24263039
4.8289857	7.833253	0.45328718
5.604239	10.438327	0.39795917
3.1695595	5.535112	0.50617284
3.44272	12.390421	0.8828125
7.854108	18.935616	0.33564013
3.8535771	3.8535774	1.0
5.954593	14.767589	0.2644628
NaN	0.0	NaN
4.169929	15.12869	0.49173555
3.7827237	6.339391	0.5
5.1052184	5.756584	0.7222222
7.0359282	16.688946	0.22
4.357455	5.535112	0.50094515
6.7396097	9.422632	0.39795917
10.626349	18.10677	0.12666667
5.3171425	8.999487	0.5
7.2956953	7.2956953	1.0
6.349806	6.349806	1.0
3.7742658	6.589938	0.3877551
5.458575	9.819687	0.29492456
1.2793255	4.408922	0.6632653
6.829705	12.171	0.2
5.4270587	6.9997983	0.5
4.240165	13.639628	0.60946745
7.5035105	8.18908	0.5
7.242542	8.2059	0.46875
5.685467	8.149452	0.44
6.3878703	10.194458	0.2777778
NaN	0.0	NaN
6.6144676	8.549906	0.625
9.599708	22.702173	0.15
17.784185	22.463963	0.36
8.277684	9.072165	0.43209878
2.9275286	2.9275286	1.0
5.5513954	17.697931	0.29705215
NaN	0.0	NaN
4.616905	8.897029	0.654321
2.704767	3.533845	0.375
4.9361486	6.1059365	0.31
10.05543	10.343568	0.75510204
5.4351735	10.124638	0.5510204
7.894402	16.742632	0.21893491
6.2160144	8.978839	0.41666666
5.6206975	10.52349	0.41836736
10.54613	21.208061	0.16343491
6.13821	14.927254	0.20181406
5.332257	5.352855	0.56786704
6.287814	8.2944	0.52
6.772667	19.407778	0.32
2.123718	5.4482875	0.43801653
3.0840328	3.0840325	1.0
9.172642	13.591242	0.25
7.508774	7.6121235	0.5
4.374433	4.8826003	0.57024795
5.548517	20.717821	0.3383743
6.616095	18.797352	0.17451523
5.6951723	10.949898	0.155
7.023065	9.070293	0.5555556
4.6074896	12.922112	0.3
NaN	0.0	NaN
3.5035677	6.5165715	0.52662724
8.07393	21.044575	0.2318339
3.6718304	4.020377	0.5
6.9166274	7.8804297	0.64285713
6.9012275	8.342391	0.25
7.149336	12.228671	0.20833333
2.809866	12.535765	0.74603176
4.980165	9.323397	0.6533333
7.0425653	8.139694	0.5
5.427743	11.316942	0.24567474
9.03547	15.342437	0.28
4.9524264	10.889174	0.39555556
4.82346	8.321103	0.4556213
5.170293	9.751434	0.52
4.651916	5.0311685	0.5555556
1.7351468	2.3741014	0.75510204
NaN	0.0	NaN
11.844573	13.657311	0.33333334
4.414933	4.414933	1.0
3.1643736	11.257965	0.29639888
4.5238223	10.510903	0.27160493
3.2412329	3.2429798	0.7222222
3.755152	5.224566	0.5
4.853255	10.783897	0.2299169
3.7994537	6.796812	0.28798187
8.505738	8.505738	1.0
1.2943301	3.7383604	0.80246913
6.433158	11.138203	0.36
8.301826	8.43753	0.5510204
9.655746	13.707766	0.2777778
7.879359	17.013376	0.3964497
5.673766	9.915635	0.42
6.57348	18.040192	0.42222223
4.5569434	7.228617	0.2421875
5.5891514	11.758277	0.32098764
4.524627	11.480833	0.23966943
9.908336	16.532217	0.36
10.014716	16.580149	0.5
4.8501763	21.361246	0.24260356
5.3365536	6.1491156	0.2578125
5.178629	10.9216	0.33650416
10.615848	12.045236	0.5102041
8.770824	10.643056	0.5
4.5377603	10.916719	0.5510204
4.0196214	8.371826	0.43055555
10.833033	13.773136	0.5147929
10.83843	12.00912	0.59183675
6.505246	7.30061	0.625
6.1809697	6.1809697	1.0
2.891391	3.7285054	0.625
9.666693	23.950668	0.2777778
3.772085	3.772085	1.0
4.839001	13.665404	0.5555556
2.8621771	6.0798907	0.2892562
6.181445	15.049779	0.44
5.965698	12.956546	0.5555556
7.966557	13.06772	0.26530612
10.312753	10.312753	1.0
5.523248	10.80905	0.2631579
5.4063315	7.3281307	0.3125
5.570177	8.987822	0.24
4.9759154	13.208295	0.4296875
5.9346747	13.855822	0.29166666
3.7622147	11.410777	0.32231405
4.7369847	11.199268	0.3515625
7.809905	16.622536	0.28
4.663419	10.684073	0.50617284
5.4402866	16.361761	0.18181819
5.0959034	14.682449	0.3888889
2.7107983	2.7107983	1.0
NaN	0.0	NaN
2.958909	2.958909	1.0
8.614639	29.618866	0.25
5.2312117	9.960095	0.5972222
6.987415	19.168896	0.2892562
7.772814	10.990839	0.375
5.6152854	5.6152854	1.0
5.18844	8.04611	0.5555556
2.5245364	3.7596045	0.5102041
5.4581656	10.596791	0.29591838
6.5731754	6.5731754	1.0
4.1439342	7.0065336	0.30103806
6.0275383	12.935429	0.296875
6.7377543	6.7377543	1.0
5.035666	7.6960254	0.5510204
8.334382	8.334382	1.0
6.932656	9.404375	0.5
7.1350274	13.541816	0.36
9.159164	17.49913	0.30666667
8.995538	35.79155	0.2631579
4.4747353	15.251167	0.46875
4.1549973	4.1549973	1.0
2.522629	14.941304	0.6859504
4.7574754	4.7574754	1.0
4.8022656	19.33719	0.20833333
5.8029885	18.852194	0.16323732
4.6080036	13.869757	0.2520661
6.1254168	11.817701	0.25
3.029138	10.935422	0.6859504
NaN	0.0	NaN
7.028961	17.048178	0.12471655
4.7029243	8.795416	0.5
9.582974	16.787088	0.16049382
6.164561	8.003867	0.26530612
5.09111	10.269743	0.4027778
7.7327237	10.480776	0.375
5.517336	22.337631	0.22902495
14.960817	20.24921	0.25
NaN	0.0	NaN
5.065168	10.08991	0.23469388
6.5955157	8.182797	0.2777778
6.108994	6.7350035	0.5
8.488623	17.377888	0.28
5.440949	10.954824	0.29591838
NaN	0.0	NaN
4.861611	8.12154	0.44378698
6.139991	9.552926	0.225
4.9366465	7.240171	0.30612245
4.594887	5.20972	0.5555556
2.321617	3.430143	0.34
NaN	0.0	NaN
4.213854	11.002924	0.80246913
5.549141	6.064421	0.595
10.710495	35.88167	0.155
7.115678	10.992499	0.40625
5.001642	5.001642	1.0
7.3959417	13.1815195	0.18518518
5.183419	11.308067	0.44
3.5858738	6.8851357	0.58
10.910922	18.66343	0.1734694
NaN	0.0	NaN
5.405354	15.56509	0.41666666
6.8789954	11.114608	0.3888889
6.5588536	8.897664	0.7222222
10.205912	16.024803	0.23140496
2.5917742	9.033452	0.53846157
2.649347	3.4124615	0.3964497
7.3596783	8.582795	0.625
2.7221513	3.8586419	0.375
NaN	0.0	NaN
5.846157	6.9997983	0.33333334
8.577946	12.022253	0.375
8.08237	15.67507	0.21
6.481482	7.683805	0.38666666
3.9412236	5.0705986	0.625
11.216102	27.250175	0.2777778
NaN	0.0	NaN
8.576881	10.417148	0.3888889
7.647079	7.647079	1.0
6.572556	8.305411	0.4074074
2.7263525	5.312567	0.50617284
5.4562454	8.91524	0.183391
1.8313997	1.9564716	0.3372781
3.0840325	3.0840325	1.0
3.4139585	4.3279734	0.46875
5.9315867	10.783897	0.46875
6.7498875	13.842727	0.56508875
7.4966145	11.818222	0.25443786
2.710799	2.7107983	1.0
4.4917135	5.4829845	0.5555556
6.5171657	13.044008	0.26530612
6.063542	6.438971	0.5
3.4746895	9.768776	0.4814815
6.6694255	12.184027	0.5555556
4.508439	6.1437387	0.59183675
6.4689817	7.8150287	0.36
2.8681593	5.584534	0.4382716
1.5968988	1.5968986	1.0
9.351612	11.01942	0.5
7.2314124	15.278589	0.38194445
5.364626	8.149452	0.59375
5.168423	6.597092	0.3877551
7.970564	19.31096	0.3125
1.6835871	1.9834366	0.5555556
7.385055	14.271008	0.26530612
9.213268	9.213268	1.0
3.9994478	5.3783636	0.34375
5.2957563	11.866632	0.33333334
7.6556416	17.53084	0.25308642
NaN	0.0	NaN
NaN	0.0	NaN
2.8421338	4.9918394	0.5555556
4.9179378	14.054433	0.41666666
12.796873	12.796873	1.0
2.2851548	6.3753943	0.4072022
4.9049816	11.808852	0.3140496
6.0684037	29.71772	0.22902495
8.586947	10.978741	0.3633218
1.4537433	1.4537433	1.0
3.0245264	6.0183926	0.5555556

3.4967284	7.0177064	0.61245674
5.514149	16.89318	0.312
4.5277123	14.736477	0.27
4.272647	16.0	0.26
2.6501744	8.452695	0.53497165
5.299448	12.058866	0.20604914
2.5906327	2.989065	0.5555556
9.972241	9.972241	1.0
4.1535697	8.192847	0.5555556
11.88186	16.0	0.2777778
3.10865	4.565925	0.4556213
2.4034061	2.4034061	1.0
2.9113817	9.6841955	0.68
6.556287	8.669308	0.28
2.2856586	5.5723886	0.54
8.686574	16.449026	0.3469388
7.3709764	10.0176325	0.30991736
5.6084843	16.697235	0.2288
5.7267942	9.874617	0.285
3.7907512	9.333059	0.56122446
5.6644325	5.6644325	1.0
7.1287384	7.1287384	1.0
5.9772296	19.14141	0.30612245
2.7622123	4.1343474	0.654321
5.2060604	7.5252	0.38842976
3.9093652	8.0919075	0.44
NaN	0.0	NaN
5.666064	9.464084	0.2781065
8.740869	9.937215	0.68
9.851264	10.428066	0.24
5.5034404	5.5034404	1.0
2.8795223	6.70098	0.86734694
3.0494266	3.0494266	1.0
11.256221	14.84234	0.3580247
5.969155	13.9945965	0.3472222
4.708759	6.8130755	0.19111112
3.2747798	8.676107	0.76
2.5308895	2.5308895	1.0
NaN	0.0	NaN
3.2366097	9.574768	0.5138889
7.6959157	8.695206	0.625
4.4247684	24.137972	0.3125
5.259604	8.027118	0.4016
6.056427	11.564814	0.29591838
4.4626493	9.721343	0.3372781
4.194387	11.280392	0.5972222
2.3969495	2.3969493	1.0
3.0655127	7.86604	0.22437674
1.648854	1.6488539	1.0
4.99022	5.7730093	0.625
3.2035573	3.2035573	1.0
4.052861	6.10107	0.359375
2.3755822	9.164699	0.3984375
5.048998	11.364523	0.44598338
5.667792	7.952056	0.3888889
9.115208	9.115208	1.0
4.5331936	6.5130787	0.33333334
3.0264277	3.057272	0.6213018
3.4906738	6.0642734	0.5
4.0960226	4.0960226	1.0
4.202889	4.206605	0.88927335
3.9204898	5.338018	0.33786848
7.0731587	12.2099085	0.3633218
4.56199	6.0446463	0.26
5.0643277	11.827402	0.171875
4.958713	12.372201	0.29369798
4.5651445	8.4204645	0.3469388
3.6409485	10.11603	0.3888889
6.0550294	15.421121	0.47555557
4.828476	10.757918	0.2777778
5.9726505	10.330881	0.17901234
2.6052845	3.2433813	0.515
2.6619663	6.390301	0.42592594
6.441655	12.13901	0.34567901
2.041336	2.4544568	0.5078125
5.017654	8.303806	0.28125
5.5286283	7.544891	0.35
6.026907	6.9688215	0.31944445
1.9478039	1.9478039	1.0
5.7870398	24.557962	0.61245674
6.4033895	18.832167	0.30578512
13.000416	14.013002	0.7414966
1.151301	1.1513009	1.0
6.685162	10.211492	0.2777778
4.592974	6.4431906	0.34
7.576848	20.963375	0.44
5.3472896	21.753141	0.24099723
1.7875894	2.1008897	0.4921875
9.5993	27.54904	0.16049382
12.428368	25.390827	0.13573407
3.518102	5.7135715	0.56122446
5.3665686	5.5259647	0.54
2.0014215	6.798277	0.8472222
3.8261476	16.447832	0.29411766
2.9916255	10.201349	0.2777778
6.2579684	8.472427	0.42857143
4.138311	9.561803	0.26
13.308888	13.308888	1.0
8.739125	12.740154	0.68
5.2613153	9.561269	0.3469388
5.5234036	5.5234036	1.0
1.9981682	2.2972639	0.5029586
7.398852	12.243995	0.20987654
6.4463134	24.304607	0.175
4.1851587	9.398367	0.44378698
3.724951	16.40214	0.3877551
10.904576	15.630798	0.2777778
2.0676594	9.3844385	0.6885813
4.674015	5.8252783	0.2777778
5.3604894	8.660836	0.30177516
4.5150414	8.086479	0.4272
5.986519	13.231793	0.2
9.290105	11.2982435	0.375
5.1370163	10.09841	0.375
12.460039	13.757323	0.625
2.0291903	3.1874163	0.7222222
4.826508	8.556174	0.2132964
2.7127557	4.308608	0.52
4.411631	9.270182	0.68
6.111628	28.33396	0.7278106
5.510445	8.670567	0.2662722
7.2869806	30.818321	0.50617284
1.9478037	1.9478039	1.0
4.3666096	9.435699	0.40625
5.6695204	17.23888	0.2781065
4.195093	7.266286	0.4453125
4.8666525	4.8666525	1.0
9.669873	33.085342	0.28
8.8581	8.858099	1.0
5.8275666	13.554487	0.5510204
6.2206883	7.7388673	0.50617284
3.9304457	17.575106	0.4074074
5.156294	9.60407	0.20661157
6.6605864	11.623913	0.625
8.892918	14.901956	0.25
7.618469	29.468594	0.37278107
2.631562	3.9413474	0.5102041
2.7576504	2.7576504	1.0
9.560603	15.457466	0.25
3.9290686	6.637646	0.43801653
5.3537164	10.552323	0.7222222
4.0617523	4.458146	0.52
8.559569	18.534918	0.41333333
11.208524	12.605957	0.33333334
3.520088	4.632541	0.375
8.509915	13.220621	0.2777778
6.1783776	7.5431194	0.6296296
6.6708336	8.619803	0.3877551
4.148016	15.854933	0.2
4.912394	6.119967	0.5555556
3.4801373	6.504508	0.43209878
4.1432896	10.2241745	0.38842976
7.5272055	9.158376	0.34256056
5.411484	11.145081	0.28
6.534338	8.468741	0.22666667
6.745954	12.605957	0.33333334
4.342463	10.250429	0.33333334
2.7979355	3.7927754	0.625
6.795599	9.575241	0.25
6.0077205	10.239486	0.38
4.6300206	12.374604	0.3580247
5.1865306	9.386952	0.42011833
6.7390766	16.247911	0.26222223
10.903599	11.831382	0.5
6.084574	12.313714	0.28125
4.642117	23.838175	0.19526628
8.692339	14.34234	0.375
17.309332	17.309332	1.0
6.3990107	8.701542	0.52
9.001037	11.376911	0.5859375
6.7710953	13.762887	0.2777778
4.975845	11.38445	0.68
4.710565	8.103325	0.25510204
8.030738	24.00844	0.20663266
6.7383943	9.507303	0.34375
4.3294005	9.512147	0.3888889
5.4532366	16.121292	0.40444446
2.9365816	7.698557	0.39229023
NaN	0.0	NaN
4.8674097	8.702666	0.3553719
8.120327	8.908376	0.5
5.5158043	10.860025	0.2638889
4.148648	8.068435	0.2711111
6.160151	26.417969	0.25
7.67097	7.67097	1.0
4.449191	6.969902	0.33333334
11.802981	18.534918	0.2777778
4.4263296	5.444003	0.5
4.3245587	7.8097253	0.20710059
6.337961	13.784651	0.2638889
1.7982221	1.7982225	1.0
6.61654	6.61654	1.0
2.5743468	6.2919354	0.5
2.142153	3.4032617	0.5555556
9.811338	9.811338	1.0
5.581425	7.6506777	0.8472222
3.1969934	3.1969934	1.0
6.012359	6.0934134	0.5102041
NaN	0.0	NaN
5.2767105	13.264654	0.4876033
3.19512	9.247263	0.40625
6.596211	10.5048685	0.17451523
8.34459	8.34459	1.0
2.3055575	7.024684	0.7222222
3.9297237	13.605537	0.5
3.2431192	12.907953	0.80246913
5.9124894	10.801237	0.8347107
4.6838384	5.5259647	0.75510204
6.100556	14.136138	0.43252596
6.579902	11.48378	0.2888889
10.832401	16.199844	0.25
6.8220043	12.087338	0.25308642
12.515624	12.515624	1.0
NaN	0.0	NaN
4.902658	9.54761	0.5555556
10.03411	10.03411	1.0
7.967867	10.639212	0.33333334
2.0647347	5.95986	0.59375
6.044405	7.995197	0.25619835
2.6564593	5.8373356	0.3576389
1.7945144	8.725558	0.7013233
6.672277	10.639212	0.2
9.830457	16.319818	0.30612245
6.8556743	14.219489	0.20775624
9.618922	14.337328	0.41666666
3.8441248	4.8509727	0.50617284
2.6360157	6.078452	0.3877551
6.6640396	6.8606124	0.5
4.504542	11.649286	0.3
2.510547	7.111967	0.40123457
3.6048138	31.150616	0.7278106
5.98652	9.901774	0.26530612
4.0688357	4.0688357	1.0
2.0350149	2.0350149	1.0
NaN	0.0	NaN
4.97452	13.772966	0.35714287
6.661653	9.248124	0.5
5.9697595	10.668078	0.19444445
5.339851	8.735784	0.42
3.1430466	6.53884	0.5
3.6708088	8.763096	0.26654065
3.888524	8.4360695	0.26859504
3.057272	3.057272	1.0
NaN	0.0	NaN
2.0039716	9.134049	0.3888889
8.824024	9.385023	0.42857143
4.3070006	5.1030855	0.5555556
3.309082	3.309082	1.0
4.4055276	7.8654375	0.3148148
10.802572	19.766647	0.33333334
4.9879017	21.949196	0.44
6.2647104	9.327915	0.36
4.214673	8.0919075	0.28
3.9476738	14.050735	0.82
9.381867	21.038939	0.1734694
10.739394	26.283947	0.625
3.536276	8.136852	0.5408163
6.185666	8.449438	0.25
6.053714	6.7334905	0.46
2.849519	6.9404087	0.7962963
7.810153	10.969372	0.52
12.6341095	30.178053	0.1322314
6.515007	10.572596	0.28
6.737729	9.085368	0.375
6.190733	8.538803	0.40495867
4.3751936	15.634509	0.37755102
5.612817	12.707749	0.4090909
NaN	0.0	NaN
2.2092812	2.2092812	1.0
7.2138667	12.05445	0.33333334
3.717222	10.15236	0.5972222
4.8984456	20.556244	0.2802768
3.975633	9.685423	0.4074074
8.49036	12.507921	0.21893491
7.738147	11.863859	0.36
4.7173734	4.7173734	1.0
4.0458784	11.219658	0.31632653
10.955369	12.777172	0.33333334
4.735912	5.375917	0.38
8.36967	13.8338	0.33333334
7.9091024	11.471993	0.28395063
3.233307	10.928941	0.78125
5.3113556	7.833285	0.24
1.6827365	1.6827365	1.0
4.1530895	6.1138043	0.5041322
0.8742872	0.87428725	1.0
5.557282	6.6738725	0.44801512
4.425449	16.07989	0.3148148
2.4799397	3.9413474	0.80246913
5.5309377	6.183554	0.36
2.7621098	7.0338736	0.82
3.1453116	4.8255215	0.46875
2.9000654	3.254937	0.80246913
6.341323	16.859428	0.625
4.7730646	8.707288	0.515
3.4626591	3.4626594	1.0
6.5762544	9.897726	0.35185185
7.2902718	9.542681	0.5
3.6706307	4.9325223	0.625
7.0295496	8.797291	0.31632653
3.7639065	17.202667	0.25259516
5.5677004	15.076691	0.21777777
1.9354256	5.6644325	0.7688889
5.340827	17.185038	0.23979592
11.12896	14.976153	0.5555556
1.7601956	5.225917	0.91322315

