PollenDist	MaxPollenDist	WDivFathers
5.5422006	5.6299376	0.8472222
4.3366694	9.610331	0.37278107
5.9109774	22.820692	0.22117202
6.196121	15.086809	0.25925925
5.618767	14.679498	0.28106508
5.2536564	7.446115	0.375
5.8931766	10.4748955	0.24
8.766093	10.801154	0.265625
9.2491255	13.010498	0.33333334
11.935903	17.351269	0.5
4.1885085	4.944313	0.52
6.4415817	9.161309	0.5555556
5.3786817	21.189478	0.36888888
7.266847	28.07216	0.22
10.967348	16.0	0.32544377
7.0286098	16.0	0.21428572
1.7692645	1.7692645	1.0
6.263149	13.777515	0.2847222
4.0654287	4.5942326	0.52
6.7014847	6.773382	0.5
7.042411	8.433652	0.5
8.262613	14.148188	0.2231405
5.9178033	24.009577	0.22222222
5.4789796	5.7706337	0.5555556
5.1509104	5.1592345	0.5555556
5.960756	6.128187	0.625
7.5623174	12.621643	0.375
3.7430463	11.80449	0.26275992
4.207817	11.512236	0.64285713
5.660094	16.098577	0.35640138
6.259776	10.323045	0.26530612
3.7902732	9.977955	0.70247936
3.4020853	5.820668	0.5371901
5.6473565	9.261575	0.28125
6.759762	15.211508	0.35640138
14.420446	17.623419	0.375
10.550687	12.420766	0.375
5.2801166	5.2801166	1.0
2.2046363	2.2046363	1.0
7.9031477	9.988321	0.2
13.622453	23.582623	0.19723183
8.5529995	11.872664	0.30612245
11.912909	14.272185	0.375
4.2376676	11.087351	0.53846157
4.334292	6.9599156	0.5555556
9.65487	19.485998	0.26530612
5.0340676	6.586025	0.375
4.8475237	4.886486	0.5
8.622608	16.533697	0.2892562
3.4725292	4.4548798	0.36
6.7855635	13.0554695	0.44
3.7652714	9.31462	0.3888889
4.4257255	8.427953	0.37278107
5.6161356	16.011862	0.2366864
11.260994	19.067072	0.2
4.121221	10.409605	0.2345679
12.815577	28.129908	0.19723183
12.014455	15.714818	0.375
7.8538194	9.590775	0.44
5.393764	12.178109	0.3553719
5.7930036	12.97032	0.5
7.1417074	15.076908	0.3265306
4.7597466	10.798804	0.44
9.175093	13.46593	0.25619835
NaN	0.0	NaN
8.120688	10.614804	0.30612245
6.19142	7.417218	0.5555556
10.331318	10.846074	0.5555556
7.074276	12.397102	0.75510204
2.823689	18.407204	0.671875
15.753686	15.753686	1.0
7.3622694	7.3622694	1.0
6.7891593	24.907816	0.21777777
1.9940368	1.9940369	1.0
3.3242712	4.8463902	0.34948096
6.4296055	9.237848	0.38271606
10.124888	11.951696	0.45061728
0.97273886	0.9727389	1.0
4.4635873	9.7561455	0.30177516
10.931302	13.634895	0.3888889
5.937432	10.524343	0.23553719
2.7778375	6.519885	0.537037
4.589079	10.577477	0.35727787
5.823912	9.82	0.22222222
6.7092423	19.101864	0.26275992
15.064772	24.886272	0.1875
8.719804	11.544357	0.25619835
2.735406	12.214013	0.4513889
8.474443	17.685371	0.31
11.68867	12.836871	0.5555556
11.306207	24.032461	0.26
9.886633	27.862965	0.24
6.313301	12.069053	0.24
2.9271126	7.166896	0.30578512
6.220167	11.782392	0.30666667
11.172597	15.857834	0.33333334
2.1088226	2.3621988	0.29166666
8.810551	10.942556	0.38271606
5.473488	8.046946	0.5
4.815601	8.370227	0.37190083
5.7873216	12.257072	0.3472222
4.3940473	5.287919	0.52
12.138374	21.26553	0.13043478
10.817843	17.900404	0.33333334
7.730267	9.248711	0.18518518
2.3143497	2.3143497	1.0
7.1865745	9.21491	0.33333334
6.4951344	21.988249	0.1597633
3.1019506	5.5767407	0.60330576
3.497532	8.037552	0.32231405
5.8537354	9.032556	0.22222222
4.5045137	12.59977	0.3979239
8.381786	16.81165	0.4074074
1.4208878	2.7258399	0.5510204
3.0813482	5.7502546	0.28
2.357437	8.132487	0.51800555
9.448247	10.5293255	0.5555556
2.9179292	4.8527236	0.30177516
2.5297332	4.6934295	0.3877551
12.58133	23.79042	0.5
2.8477006	8.061838	0.50617284
2.9368382	4.571486	0.5
6.808453	12.507222	0.23076923
2.970973	6.2280045	0.34
6.515082	7.8329587	0.28
6.785304	9.416575	0.34375
5.797572	13.612239	0.34375
4.0546007	9.692623	0.25
5.4930024	12.634224	0.2465374
2.050573	4.684687	0.41666666
3.8743322	3.8743322	1.0
4.3012185	4.3012185	1.0
9.104768	21.511974	0.25443786
4.234255	5.482424	0.625
2.1996307	2.8303845	0.625
6.8480625	14.911747	0.38271606
9.713045	43.870667	0.18055555
2.6275947	3.3124866	0.58
2.292798	8.204675	0.4240363
6.3452253	10.943909	0.28
8.29332	9.823535	0.5555556
3.6506996	16.838722	0.41666666
5.4188843	20.263538	0.3888889
3.314819	3.314819	1.0
7.904095	10.024531	0.5555556
7.7182975	15.164097	0.2244898
7.2144237	11.894207	0.16343491
9.298422	14.155192	0.2
2.423064	4.1944013	0.3515625
10.219144	16.704145	0.20888889
NaN	0.0	NaN
9.409581	11.033249	0.3469388
4.0262465	9.786132	0.625
16.91463	16.91463	1.0
7.0979824	7.6111135	0.5
8.921912	17.068947	0.2345679
4.176412	10.227243	0.31944445
1.6254675	1.6996017	0.5102041
6.2512083	7.8516717	0.625
6.9582353	10.638415	0.3888889
NaN	0.0	NaN
5.8908463	5.8908463	1.0
7.240075	9.781117	0.25
5.482517	10.052122	0.16666667
11.027381	23.118778	0.7037037
3.6348045	5.347351	0.7222222
3.2402244	3.7981324	0.43209878
4.7326765	9.60649	0.21777777
3.1602144	6.4412794	0.5
6.5934186	6.5934186	1.0
8.025383	13.7696905	0.5859375
8.911584	19.943056	0.25619835
6.25442	24.927708	0.4861111
6.119013	9.563857	0.25
4.6285534	17.555265	0.2888889
4.9606113	14.877705	0.25207755
4.962157	9.998567	0.2777778
4.561883	7.533162	0.24567474
3.0937176	3.0937176	1.0
9.633553	17.20552	0.5
5.302719	6.729196	0.44
3.9140215	6.595026	0.4214876
5.0170527	17.1196	0.4382716
11.30825	32.82252	0.33333334
6.751303	20.960684	0.19008264
10.191106	21.752678	0.33333334
5.079409	10.953776	0.25510204
8.813697	18.972303	0.35714287
10.553445	24.590973	0.45454547
8.938678	19.316746	0.34375
7.5638204	14.872019	0.3877551
6.243173	47.831467	0.2734375
NaN	0.0	NaN
6.1066933	8.05659	0.36
4.277396	13.229272	0.40444446
7.8854876	9.260375	0.23076923
5.8200517	7.4970236	0.33333334
3.1506815	3.8454227	0.52662724
4.6201577	7.0686393	0.33333334
5.5575523	15.378504	0.24489796
2.2213962	13.733032	0.5555556
4.993038	5.965571	0.33333334
10.902526	18.985357	0.33333334
20.082857	30.436766	0.25925925
5.378991	6.56808	0.68
5.1347876	8.752924	0.7222222
6.324157	15.674466	0.1328125
3.6125333	19.733835	0.4442344
5.6626015	12.867069	0.68
10.29762	28.592607	0.31412894
6.9859195	6.985919	1.0
4.8435397	9.799454	0.5740741
12.866243	28.536224	0.25
3.6922204	7.024763	0.24444444
5.049675	11.292552	0.5
8.928518	14.35447	0.43209878
7.3129964	14.155482	0.23076923
4.758481	20.008518	0.30357143
4.727559	6.652467	0.28125
3.3400192	7.900107	0.59375
7.920863	11.8554325	0.32231405
4.610654	7.3319497	0.3846154
5.081547	20.55627	0.1800554
NaN	0.0	NaN
3.3878713	7.6614704	0.37777779
4.787745	6.080883	0.16
3.9996746	4.6778793	0.35714287
9.511025	30.177807	0.2802768
6.1051073	10.52195	0.5
7.04008	20.96184	0.4375
3.9656675	7.1656747	0.25619835
2.9054687	14.190682	0.59375
6.3200326	8.648089	0.5
5.8926826	13.031948	0.3159722
8.023238	18.841488	0.3877551
6.2074566	11.868344	0.3305785
3.9253237	9.210942	0.5555556
4.075025	14.464939	0.23076923
6.004017	10.192028	0.17451523
5.1944065	8.583093	0.25619835
2.9681618	2.9681618	1.0
5.110937	7.851057	0.5
5.097215	8.703581	0.2244898
6.7596474	21.030203	0.1875
8.019736	15.076437	0.17355372
5.7888966	5.8944187	0.80246913
4.9267344	7.67626	0.52
6.3882318	8.450586	0.36
3.678664	5.2504516	0.33333334
4.310979	5.6658025	0.50617284
4.0630093	12.796658	0.3888889
5.380123	9.938097	0.20408164
6.020779	8.17708	0.4876033
4.4107947	9.485261	0.39795917
3.7002833	9.374393	0.5555556
8.935937	14.951846	0.2638889
5.302972	13.021264	0.5510204
6.858682	14.164271	0.25
6.7405505	15.458785	0.46938777
7.278595	9.373229	0.3
3.8715553	5.673267	0.43209878
1.6751876	2.3621988	0.5
3.475232	14.59844	0.68
5.3563714	5.3563714	1.0
2.9394016	7.559384	0.3828125
4.119412	10.557538	0.21883656
4.4566593	17.63818	0.36842105
5.401679	8.538351	0.2892562
6.9861484	9.127163	0.30864197
3.6094916	7.1672926	0.59375
8.902955	11.077446	0.2777778
12.116904	17.831505	0.17333333
4.185444	4.5011787	0.52
7.6016183	13.210758	0.3469388
7.9108353	9.031789	0.5555556
3.0383465	5.6511693	0.5147929
6.353344	13.987217	0.25141776
3.841691	8.168387	0.3043478
10.693199	13.91421	0.234375
2.5707517	3.2210171	0.3877551
8.740488	20.403267	0.11
6.6076155	12.562853	0.21107267
13.100525	21.252752	0.28
6.167646	12.598984	0.36
5.125094	14.967498	0.34911242
3.8572774	5.7820797	0.27437642
7.891519	22.059988	0.19008264
3.8076317	11.703141	0.4489796
3.495816	10.696297	0.20775624
6.6745095	29.135513	0.22222222
5.378006	16.704714	0.3469388
11.330556	11.330556	1.0
2.244674	15.1278515	0.86734694
8.844285	20.2473	0.3888889
6.3454113	12.840298	0.1966759
9.048478	9.048478	1.0
5.6369004	8.098685	0.34375
6.2019534	8.449632	0.5102041
9.102223	19.244183	0.29166666
3.3025677	7.2118516	0.52469134
6.4132133	16.833048	0.15277778
10.962999	16.744999	0.28
4.3368945	13.231137	0.33333334
3.498357	5.844025	0.625
8.752266	33.455666	0.27
13.655224	13.655224	1.0

2.7628179	4.6294065	0.5102041
10.317719	17.915224	0.15289256
11.925848	15.435451	0.68
2.4634082	9.115441	0.53846157
8.35273	8.35273	1.0
2.7802622	14.995995	0.30578512
4.3390894	5.207515	0.375
1.6482131	1.648213	1.0
5.034069	12.211778	0.34072024
8.886434	17.461372	0.23555556
2.8027215	7.458983	0.41828254
11.400102	18.49859	0.18367347
7.905835	7.905835	1.0
5.958497	14.756833	0.18367347
10.374442	16.033623	0.5
5.981077	9.202688	0.59375
2.122805	7.0417123	0.64285713
3.629727	4.5797296	0.37755102
11.6282425	16.812084	0.32
13.753524	26.104263	0.29166666
6.659898	11.131752	0.1632653
14.249735	24.760162	0.25
4.3634696	12.062068	0.42857143
8.624503	12.70966	0.5555556
5.485868	18.081558	0.34911242
NaN	0.0	NaN
7.945297	10.338403	0.3888889
5.3853245	6.705585	0.6213018
2.9284341	6.273063	0.5859375
4.5780053	6.7166123	0.28
NaN	0.0	NaN
5.2077413	12.717045	0.3888889
7.8117204	19.099398	0.22222222
4.1682587	6.905413	0.375
6.936095	7.371777	0.5
1.8122662	5.272396	0.63265306
8.316178	14.481555	0.36094674
NaN	0.0	NaN
4.5578403	11.241115	0.40444446
8.026403	18.957315	0.147929
9.04527	18.975225	0.15689981
8.212454	14.83831	0.37240076
6.395718	11.671613	0.2755102
4.4190116	15.614045	0.525
2.7204788	7.994854	0.8472222
NaN	0.0	NaN
9.500306	17.66928	0.33333334
11.764933	24.663155	0.28
5.631661	9.165424	0.21900827
3.4363594	10.633594	0.36734694
3.5826848	7.004058	0.654321
5.6729507	16.812366	0.38
4.0912776	4.0912776	1.0
6.6713614	13.049696	0.33333334
7.951355	8.722654	0.625
6.6183257	22.55304	0.25619835
3.6720679	7.3128138	0.7222222
3.818483	12.642683	0.22495274
7.0987983	10.633167	0.28395063
7.3868146	15.520579	0.42857143
6.9574747	21.186071	0.4375
5.4378605	6.1144495	0.38
5.02398	13.0723915	0.625
9.284885	24.074024	0.21893491
2.190094	2.190094	1.0
3.7941823	3.7941823	1.0
1.0943009	1.0943009	1.0
4.96836	9.999541	0.45454547
3.1615036	3.6400878	0.40495867
9.054124	18.201033	0.17768595
12.180776	27.175396	0.2
8.732293	15.647828	0.25
3.0797045	13.439824	0.3265306
5.5404735	10.742646	0.59375
0.33890417	0.33890417	1.0
1.1221203	1.1221203	1.0
9.193237	15.037656	0.30612245
5.663912	8.179172	0.38271606
5.5022116	6.828215	0.40625
8.503239	22.862814	0.203125
8.0790615	15.94643	0.30177516
3.5818315	8.616016	0.26530612
15.698214	28.386995	0.34
11.139891	11.139891	1.0
5.009131	9.508213	0.44
4.0912776	4.0912776	1.0
9.2410965	13.563591	0.375
4.111393	4.111393	1.0
5.489109	10.57757	0.18367347
7.7010584	20.866665	0.33333334
3.260404	3.6968749	0.5
4.4136324	11.647559	0.31944445
5.888933	10.157986	0.25170067
6.705528	10.2039995	0.40484428
8.577251	18.039341	0.44
9.571982	14.437641	0.33333334
7.515249	15.692421	0.375
15.399799	15.399799	1.0
4.8179417	4.8179417	1.0
2.562673	7.9603953	0.6937618
6.2611933	10.747468	0.22
9.447398	10.950141	0.40625
3.965061	11.237744	0.30747923
7.827092	14.209597	0.44
7.331009	24.581942	0.2
4.3253717	18.00763	0.18792868
7.5785584	11.972863	0.18
5.538331	15.780648	0.295
6.5287385	18.281572	0.1694215
8.439433	19.057688	0.18518518
11.032445	19.507088	0.17283951
7.364669	18.348747	0.2465374
6.412945	6.822804	0.5510204
10.530087	26.743593	0.45454547
7.490088	8.094683	0.59375
7.868018	15.199144	0.375
5.276747	10.375564	0.2578125
7.3394847	18.621572	0.1640625
5.3450537	15.485589	0.16262975
7.520583	7.520583	1.0
8.815941	9.419901	0.625
5.689292	12.489062	0.23966943
4.3580937	4.5349755	0.5392
7.523842	9.394872	0.34375
5.676588	6.21776	0.6449704
2.1460733	10.268419	0.8755556
10.5704155	10.5704155	1.0
8.361833	11.541283	0.26530612
5.9759064	9.905456	0.18055555
3.6963048	11.493605	0.5510204
7.0102797	15.969821	0.23076923
5.710493	16.511091	0.34567901
7.8516445	16.284754	0.29639888
7.5568953	7.5568953	1.0
3.1386533	3.8285148	0.51246536
6.4525914	26.668558	0.20833333
8.494158	9.905456	0.5
5.5827107	14.492268	0.22666667
4.869277	12.182384	0.3964497
7.844915	12.399487	0.33673468
15.586438	29.97277	0.2244898
3.1745818	10.922742	0.45557657
4.279562	5.5461793	0.5
9.691791	21.862705	0.28
8.639977	12.703141	0.38
7.519804	9.765212	0.5147929
4.961532	4.961532	1.0
7.9094305	14.896162	0.5
6.18352	20.299881	0.3739612
9.935857	14.152563	0.2888889
4.4604034	16.743149	0.24260356
5.9529166	12.504168	0.2711111
4.291156	20.538933	0.6458333
9.202012	22.450912	0.16049382
NaN	0.0	NaN
4.1270647	10.667548	0.68
3.6312046	4.8480177	0.31944445
4.419828	14.560376	0.24444444
6.4627028	12.6536665	0.20987654
8.878942	15.762448	0.3671875
NaN	0.0	NaN
4.796147	12.848638	0.553719
5.181778	12.206554	0.50617284
7.8901925	9.8711405	0.36
4.370274	4.8307047	0.42857143
5.369724	7.8689237	0.20604914
6.0010777	9.072924	0.375
6.30093	13.38621	0.4861111
3.7578256	4.080433	0.5165289
2.3689532	8.793332	0.80246913
2.9854033	5.170813	0.6449704
NaN	0.0	NaN
5.1155853	7.6713676	0.30864197
2.0391161	2.0391161	1.0
6.4899187	22.374836	0.203125
1.2016143	1.2016143	1.0
4.537245	10.304244	0.2421875
7.7125244	8.937521	0.5
3.4318526	12.157266	0.80246913
4.877323	12.518998	0.25761774
6.512878	6.512878	1.0
4.4776525	6.0431104	0.44
11.675785	15.686414	0.5555556
7.0940475	7.815373	0.42857143
12.235167	16.283754	0.5
4.4575205	14.343367	0.53061223
3.301382	10.401016	0.36
7.439552	19.468502	0.3125
3.7566972	5.461221	0.375
8.643249	12.307115	0.70247936
5.20172	6.7496543	0.52
9.489041	13.4561205	0.25925925
3.9814923	5.6437936	0.33333334
9.700207	17.143068	0.34375
5.6063447	6.282373	0.28719723
2.7757323	2.7757323	1.0
3.4355388	3.4355385	1.0
4.369376	6.968377	0.6296296
10.172981	16.207796	0.24
1.9653397	1.9653397	1.0
6.347913	13.814598	0.20661157
13.748912	43.537838	0.1484375
2.3250751	6.041828	0.46938777
2.0718918	6.213031	0.6859504
NaN	0.0	NaN
3.61827	13.680604	0.50617284
4.7100015	16.823198	0.31555554
5.295294	7.2896204	0.5555556
5.759492	5.759492	1.0
8.358798	19.431973	0.17708333
7.3700695	9.024175	0.5
4.1973557	4.993459	0.5555556
6.6251245	11.075579	0.2734375
4.785041	5.6820207	0.5
8.998671	17.646183	0.3125
9.892156	25.530672	0.1966759
6.250972	7.6240406	0.68
5.366844	10.153936	0.44
3.046614	12.834698	0.32231405
3.5910633	11.898869	0.4336
4.8143506	19.941341	0.17159763
0.9989995	0.99899936	1.0
2.943919	2.943919	1.0
8.030334	12.558616	0.30612245
3.400238	6.6175594	0.34375
9.6731205	13.462025	0.2777778
5.0637493	15.369006	0.4375
8.374111	21.153202	0.24567474
9.820559	13.05053	0.25925925
4.62763	8.087268	0.24567474
7.32677	14.438246	0.2109375
8.514576	19.597485	0.34375
10.747916	18.496923	0.28
NaN	0.0	NaN
3.1970441	15.961712	0.6301775
11.279706	16.948448	0.5555556
7.198453	7.198453	1.0
7.235321	9.568157	0.3125
2.3048646	2.3048646	1.0
7.4586535	16.591288	0.2892562
11.552554	20.62871	0.26530612
12.952768	18.023954	0.14666666
6.7014966	18.901054	0.2638889
8.290559	27.352892	0.2857143
7.561371	13.449887	0.21428572
6.5720305	10.968581	0.16049382
4.2784343	13.482245	0.22222222
3.1528113	5.2513266	0.37278107
NaN	0.0	NaN
6.3645706	12.718677	0.2777778
6.0109477	9.911458	0.38271606
3.9350693	5.8702564	0.52
5.145921	25.003492	0.4903047
8.939787	10.874196	0.5
5.1658673	9.690849	0.37755102
5.6437936	5.6437936	1.0
4.987042	4.987042	1.0
6.5775323	13.718743	0.25
6.3347287	15.567009	0.19470699
7.0100446	11.059915	0.42857143
4.1612487	9.466733	0.32231405
5.9409204	8.129936	0.30612245
14.14405	19.896595	0.3888889
7.608053	16.39315	0.18222222
2.6831172	2.6831172	1.0
11.227618	13.702961	0.4453125
6.5252657	10.655728	0.2781065
12.303878	22.522137	0.19008264
8.560689	16.719383	0.6213018
5.757635	5.8007755	0.30864197
13.497865	26.199532	0.2244898
6.8691096	12.212049	0.1875
10.024179	17.3675	0.1388889
4.137314	11.447149	0.35185185
3.499055	10.00183	0.20415226
3.5456085	8.754052	0.38408303
7.4960504	25.045546	0.33333334
2.2395139	8.118445	0.50617284
4.34103	7.48946	0.30864197
3.9114227	5.143284	0.5
5.6525717	8.302451	0.28
13.965825	23.853582	0.20710059
6.602438	8.865164	0.677686
9.047079	17.25202	0.19444445
8.722852	21.688208	0.18
1.5388622	4.5791	0.5822222
4.737625	12.561486	0.3888889
4.4100876	9.504331	0.21875
3.2151172	5.12553	0.36
3.8285148	3.8285148	1.0
1.5184298	1.5184298	1.0
5.1263485	6.506095	0.28395063
2.8038545	9.354543	0.45454547
4.620102	14.614403	0.2299169
6.657619	28.014269	0.12244898
4.8212333	8.997852	0.7083333
9.433018	14.096079	0.375
9.350668	13.920351	0.375
5.8787594	16.521765	0.7083333
8.265292	43.26569	0.26869807
4.1436	7.5717673	0.7222222
10.063426	10.830434	0.26530612
9.109718	18.26251	0.1734694
4.117025	4.713001	0.5138889
6.6059775	10.764996	0.34375
8.229323	8.694184	0.75510204

7.1483874	7.3718004	0.60330576
5.3693657	14.336439	0.5555556
4.075395	8.433809	0.34375
5.3005457	13.950599	0.40444446
6.592814	11.600884	0.3877551
7.0343823	7.0551643	0.5555556
7.9104996	7.9104996	1.0
7.1486845	11.469752	0.3553719
9.289676	22.456003	0.2
6.9611526	6.961152	1.0
3.1431072	3.1431074	1.0
6.7728677	12.437652	0.26
7.373722	16.998232	0.22
4.1692615	9.336283	0.30612245
10.5704365	16.0	0.22
7.2930512	8.803313	0.33333334
6.536364	7.5388217	0.7222222
2.7145884	2.7145884	1.0
4.5661077	9.237591	0.3024
2.8421142	10.13484	0.553719
4.768825	4.768825	1.0
6.7163596	9.798325	0.4074074
11.959701	11.959701	1.0
7.1027846	9.46778	0.33333334
6.3044057	12.290172	0.2734375
7.114522	10.176067	0.3372781
4.5144343	5.0834312	0.43209878
5.8325424	10.972801	0.2777778
5.5747805	11.138925	0.25
12.116741	23.563793	0.59375
2.244047	2.244047	1.0
3.685839	8.157565	0.625
4.428922	12.566965	0.3877551
6.8935676	7.8269744	0.64285713
3.7561052	8.8462	0.46296296
6.481778	12.134945	0.25925925
6.7935176	10.538268	0.59375
7.9348197	19.585201	0.3265306
4.0759444	14.91961	0.39555556
6.6907015	6.6907015	1.0
6.147605	10.631809	0.31632653
3.8274074	7.949921	0.6622222
6.698316	18.58255	0.24
8.42332	17.316113	0.42857143
10.796443	16.697893	0.29012346
2.8758798	9.849228	0.6296296
5.858239	9.529603	0.28
3.9641154	8.152776	0.4602076
9.450782	13.1888485	0.2755102
4.3220215	10.16226	0.40444446
5.712865	14.388989	0.3837429
11.72906	18.64366	0.30612245
4.6481013	7.847829	0.3515625
9.039867	14.025272	0.23251417
2.924634	2.924634	1.0
7.5557923	8.883711	0.22888888
7.684206	11.467949	0.33333334
5.114643	6.604299	0.3877551
5.591776	11.740139	0.28994083
10.657173	16.22331	0.625
8.854703	14.238464	0.25
12.138367	26.199993	0.2603306
5.3839145	6.4654007	0.5555556
4.815948	10.776797	0.40444446
1.3763187	3.3117774	0.78125
5.1064725	7.9410677	0.54
1.3857596	6.697261	0.8374291
5.8723917	21.208582	0.30612245
6.293985	7.045129	0.6401384
12.992344	22.81113	0.33333334
6.95582	9.544594	0.5
3.0246572	3.0246572	1.0
5.905309	7.1574626	0.5555556
3.112239	24.011839	0.21799308
5.1184516	7.503763	0.51
6.850264	10.691413	0.2361111
6.2840915	20.123814	0.52662724
9.906374	15.086257	0.4602076
7.408834	13.832695	0.18
3.242226	27.719036	0.38545954
2.3502119	2.8973417	0.625
3.625229	9.530709	0.31944445
3.103384	3.103384	1.0
8.314156	22.147747	0.22
1.9896307	3.9157474	0.59183675
6.2494903	8.708004	0.2244898
8.092128	9.898547	0.43055555
5.568716	15.838621	0.3553719
5.8737626	7.705239	0.50617284
2.8016112	6.2662554	0.61245674
2.987534	5.7412214	0.75510204
7.1722655	11.979147	0.5555556
9.701128	12.97891	0.28395063
2.0115535	2.0115535	1.0
5.6998353	9.224925	0.31944445
8.986651	13.827139	0.50617284
NaN	0.0	NaN
6.5496125	7.2937865	0.3553719
NaN	0.0	NaN
2.1737385	3.2476113	0.5017301
6.961152	6.961152	1.0
8.269118	19.373783	0.1597633
6.390495	6.390495	1.0
12.702205	13.844768	0.5
3.8913655	3.8913655	1.0
2.1280725	4.308255	0.9201389
3.7892432	10.672473	0.68
7.331311	13.246477	0.28798187
6.55465	6.6260695	0.5
5.15278	8.036619	0.2892562
6.4582324	8.173374	0.3422222
16.578163	16.578163	1.0
3.2980075	3.2980072	1.0
7.876638	27.05746	0.2345679
17.949419	26.878971	0.28
4.9101686	8.8828535	0.6398892
4.04249	7.7835274	0.32325143
3.5290272	8.931301	0.39555556
2.5968199	3.1603577	0.5
NaN	0.0	NaN
6.288237	13.879553	0.3553719
4.7181726	8.444054	0.3125
15.248127	23.507832	0.375
4.716713	10.25541	0.28125
4.794578	13.311169	0.2361111
6.8836393	13.535374	0.28
11.294987	21.248533	0.23875433
8.918882	9.753906	0.375
8.750871	11.295613	0.42857143
5.5371532	10.9810505	0.3888889
10.071489	15.957056	0.2662722
1.7441621	4.216141	0.5555556
3.8953812	6.202486	0.70934254
8.176005	17.034517	0.19723183
6.020058	25.46984	0.5147929
4.3563786	12.64249	0.4609375
3.1984458	12.583064	0.3046875
4.2793927	7.3289547	0.5555556
5.375527	7.571784	0.36
2.2384343	4.214584	0.2421875
8.118682	14.670832	0.2231405
5.623912	7.7924924	0.42
8.232998	8.498191	0.8755556
4.332986	9.125392	0.22117202
4.2017956	11.876233	0.23553719
5.7103086	7.4112353	0.3964497
5.566897	7.3718004	0.5102041
5.559364	13.515877	0.34375
7.0696154	20.313223	0.82
4.4894867	9.55997	0.625
5.521841	6.2631187	0.625
3.0231164	9.412984	0.21883656
10.447895	19.320736	0.33333334
7.187127	12.983154	0.26530612
3.3025193	9.773625	0.7229917
7.3104224	10.281647	0.18367347
7.0182133	20.864264	0.22839506
8.324113	13.151953	0.27788278
11.254396	15.640846	0.44
3.8473632	5.200251	0.35714287
6.6168976	15.761835	0.50865054
10.430202	23.38111	0.30612245
10.68417	15.098602	0.18055555
8.424584	12.235887	0.22222222
9.629319	18.524874	0.2638889
10.053118	22.85273	0.68
7.4443603	32.000546	0.7083333
2.7553477	8.140906	0.36
4.8418765	6.6044846	0.5
2.068436	2.068436	1.0
7.6245203	10.85504	0.28125
3.8095145	12.172502	0.66
2.8844392	2.8844392	1.0
NaN	0.0	NaN
2.8613234	4.9028316	0.5555556
8.445104	19.223394	0.625
2.8955925	2.8955925	1.0
3.2417283	3.2417285	1.0
6.3421416	13.227791	0.26041666
8.818232	21.021698	0.22222222
10.137175	19.108902	0.17333333
9.873674	17.79337	0.375
7.4922934	13.728784	0.2109375
1.6123093	1.6123093	1.0
5.409489	9.953156	0.33333334
6.4936376	12.493141	0.30246913
6.3118634	8.866002	0.1796875
3.1750216	9.73215	0.22117202
15.667648	18.166088	0.50617284
NaN	0.0	NaN
2.8308597	8.96309	0.33333334
4.7162886	14.818684	0.5833333
5.3561897	5.3561897	1.0
6.2957263	14.221662	0.33333334
7.4362483	11.979147	0.31944445
2.2499804	15.520766	0.69550174
10.05039	16.100996	0.5
8.04089	10.875121	0.6622222
6.974493	18.35668	0.28798187
7.6868715	10.82366	0.2231405
7.1873155	13.29905	0.19444445
6.217484	17.11029	0.19387755
3.7998116	6.4068265	0.28
1.9983345	2.7512412	0.40495867
9.093359	10.069779	0.42857143
5.8909717	9.294029	0.36
6.1788673	13.872795	0.2465374
11.244838	17.695839	0.14197531
4.214584	4.214584	1.0
3.41218	10.627068	0.46
6.8252373	13.778493	0.33081284
7.7103777	13.686703	0.375
4.311311	9.316364	0.2631579
3.176886	7.1860228	0.29411766
5.0725555	5.8923826	0.3888889
2.5285869	2.5285864	1.0
7.088066	7.7404313	0.52
9.455546	11.051264	0.5
4.892915	17.61012	0.2654321
8.623451	15.308071	0.28125
16.008097	18.038084	0.52
4.8476276	21.233103	0.32871974
7.1052513	16.364408	0.225
5.2664843	6.1521664	0.43209878
10.021426	12.112622	0.26530612
5.7315426	10.784616	0.43209878
4.1485934	4.1485934	1.0
4.088516	11.370494	0.4489796
7.4810715	8.764834	0.2777778
9.86677	9.86677	1.0
4.4166784	5.019588	0.30864197
2.6251378	7.913569	0.80246913
6.8005548	6.8005548	1.0
6.438128	6.553909	0.7222222
5.030765	5.030765	1.0
8.768468	20.013897	0.2
10.409555	28.05081	0.2421875
6.069592	12.406064	0.18518518
8.0963125	10.03344	0.625
6.8352237	10.858287	0.3888889
6.564885	7.9882193	0.3877551
4.645576	12.287365	0.35714287
5.559179	12.7599125	0.3553719
10.78523	30.84082	0.30612245
7.8404	7.8404	1.0
4.9150763	6.428387	0.52
12.6021185	32.544865	0.14197531
5.823032	9.500837	0.28719723
11.428826	18.74059	0.48444444
5.8802304	12.881465	0.26222223
9.592113	15.148261	0.32544377
4.240444	6.1856265	0.5
3.8789065	17.219532	0.4609375
4.262612	14.915833	0.359375
5.8109593	12.572281	0.38842976
5.263679	13.863399	0.78125
8.608957	13.324772	0.265
6.4660907	13.904573	0.3877551
7.9222918	9.759838	0.52
11.6266165	13.5865135	0.34911242
4.79762	6.2767186	0.5510204
4.8577056	11.679953	0.3472222
8.966649	21.060009	0.33333334
5.2212934	5.6774774	0.68
3.9329102	24.751451	0.35123968
4.346517	9.726383	0.4814815
7.839392	13.934213	0.1764706
10.676078	21.153778	0.1875
8.188117	12.57146	0.25619835
8.511569	18.68932	0.2638889
8.603154	32.976444	0.29777777
8.244452	9.195265	0.5555556
6.7840686	14.100494	0.40495867
10.846021	12.406064	0.36
5.930233	15.818133	0.3888889
4.2617326	4.766154	0.68
8.619009	10.020765	0.3125
12.7167635	14.705446	0.5
8.649964	12.575799	0.3125
4.9701757	7.736513	0.18055555
1.4277546	1.4277548	1.0
5.98932	8.604783	0.42857143
6.09292	20.294666	0.30555555
NaN	0.0	NaN
5.0360045	6.165317	0.33333334
3.6686773	7.5392675	0.625
6.7230225	6.7230225	1.0
6.881354	11.951726	0.28
3.5273426	7.0280514	0.5555556
3.4957824	5.8663964	0.5
1.7672075	1.7672075	1.0
6.63183	29.153189	0.56232685
7.6208935	34.029556	0.359375
6.485872	13.324772	0.33333334
5.4215384	13.786554	0.27272728
10.867112	16.281689	0.25
4.7991776	19.719805	0.375
5.8488445	8.19155	0.5
3.7304835	14.044064	0.75510204
11.298792	15.267322	0.2
7.8717966	15.966893	0.44
3.8861034	3.8861034	1.0
7.492389	19.085184	0.13609467
6.826694	24.249784	0.15680474
6.366369	6.366369	1.0
6.3302765	8.524764	0.29338843

6.5927677	14.182363	0.34375
4.663647	13.280835	0.2797784
9.840193	22.543123	0.1301939
11.779223	19.246132	0.31944445
5.0229793	16.47539	0.3402778
3.0990815	11.357407	0.390625
3.7440531	9.989382	0.32544377
5.9985847	8.58114	0.3515625
11.100847	20.723135	0.28
9.495583	11.841584	0.3877551
8.645082	15.928197	0.30246913
18.534672	22.627417	0.5555556
1.5767435	3.8136303	0.43055555
4.054436	9.305443	0.595
5.501841	15.512436	0.6296296
5.121636	10.084668	0.30612245
4.9327326	4.9327326	1.0
4.3083	14.540343	0.654321
7.0485415	9.835048	0.22222222
0.5953296	0.5953296	1.0
7.757212	8.845231	0.5510204
8.6233425	12.188066	0.5
8.578872	12.773975	0.2777778
6.2786326	10.01186	0.2892562
6.0597157	16.0	0.2448
5.123435	5.123435	1.0
3.1572983	4.892317	0.60330576
3.7001336	18.995928	0.34593573
4.3714066	6.5867395	0.625
3.2341247	3.7087772	0.415
4.318755	4.318755	1.0
4.9736633	17.47942	0.25510204
3.715283	3.715283	1.0
5.664374	5.664374	1.0
5.5366096	7.2279124	0.5555556
5.366047	10.082745	0.2249135
7.3386474	11.742459	0.5555556
1.6467644	1.6467645	1.0
2.9474895	11.738363	0.41836736
9.285611	15.242764	0.20661157
5.2667074	6.5871506	0.24
6.9050455	6.9050455	1.0
5.580337	18.510504	0.44214877
3.521422	9.36701	0.3877551
10.140878	23.073109	0.19111112
4.531604	5.5697665	0.5
7.3184376	15.282088	0.25
3.060478	3.060478	1.0
7.562618	9.894867	0.28125
3.7549322	4.011678	0.5510204
5.646609	9.232302	0.2777778
6.489018	6.489018	1.0
4.3992085	9.305682	0.3580247
3.3836513	8.120662	0.6296296
7.042272	11.113738	0.28395063
7.4049478	13.063728	0.3580247
6.9471283	8.93639	0.3469388
7.6073847	8.955204	0.59183675
3.394387	7.398424	0.46875
11.433881	13.504681	0.38
6.8051057	10.972775	0.4861111
7.467511	7.467511	1.0
7.298092	7.298092	1.0
3.3082135	11.628117	0.30246913
5.6955733	9.619347	0.33333334
7.046527	11.222095	0.5
6.3965683	15.474979	0.29591838
11.720381	23.402433	0.18518518
8.084172	15.080948	0.2638889
6.2664046	10.386487	0.3359375
5.994661	14.59217	0.41735536
5.9595523	7.847159	0.28
8.347903	12.663724	0.33333334
2.07173	2.07173	1.0
9.22202	11.394174	0.5555556
4.9177885	13.656235	0.21900827
2.5829895	8.334562	0.61937714
1.9419731	2.903861	0.5138889
3.6966646	7.120679	0.43209878
7.0485396	11.563873	0.30612245
5.0582843	7.23863	0.2638889
9.929929	26.6704	0.3580247
4.2486835	20.138481	0.45833334
7.1705623	14.848876	0.25
15.567757	21.487448	0.33333334
4.516158	9.423464	0.315
9.420548	21.672665	0.12
9.835176	10.857119	0.34375
8.096919	17.027033	0.13580246
6.987652	7.738584	0.59375
6.339998	10.46338	0.28
1.7700759	2.4644747	0.42857143
6.713479	15.736015	0.29411766
NaN	0.0	NaN
6.3424788	32.71909	0.11911357
5.724357	8.12409	0.38842976
3.4920359	3.9648414	0.3888889
5.8568854	16.665144	0.4489796
2.41334	8.3626	0.585
5.042815	22.727789	0.40828404
13.285991	23.743422	0.32
9.479658	15.126844	0.16666667
14.860083	34.86813	0.22
2.9450996	6.1917377	0.29591838
12.163287	24.520327	0.3125
8.176741	15.972043	0.59183675
8.516484	9.90262	0.4876033
5.2486567	8.759089	0.5555556
2.7681086	2.7681086	1.0
4.0961885	11.6579685	0.36
4.0774384	5.3150115	0.30864197
3.3693478	6.32083	0.68
6.0389986	16.52845	0.328125
2.8766937	13.187925	0.4117647
7.2695403	8.943061	0.5
2.7335832	2.7335832	1.0
2.824469	3.715283	0.59876543
9.357995	14.079969	0.5555556
5.768266	9.235624	0.6296296
7.7101083	7.7101083	1.0
5.507418	19.134424	0.3580247
3.9103258	3.9103258	1.0
5.862435	13.02185	0.41975307
5.808794	9.72976	0.2777778
5.770883	9.608652	0.33333334
4.1396437	6.386404	0.30864197
2.7493691	4.6781573	0.42857143
8.394715	21.008018	0.26275992
3.56468	19.242281	0.41950113
5.979133	13.191554	0.44
6.21265	6.789785	0.40495867
7.5926776	15.320684	0.22902495
4.953338	5.3319798	0.5555556
3.6722243	17.577621	0.30177516
5.138968	13.108584	0.63434905
0.9063737	0.9063736	1.0
3.245159	4.527261	0.3888889
3.5056899	3.50569	1.0
5.2469263	5.2469263	1.0
8.196644	9.241591	0.625
17.664694	17.664694	1.0
5.940468	8.927867	0.4876033
5.5352364	12.515133	0.15277778
4.446486	4.9370384	0.7222222
6.2787156	10.747942	0.23875433
5.8505125	5.8505125	1.0
8.29433	13.291409	0.3
3.7047126	6.3612294	0.44
5.552796	9.004667	0.30246913
3.5466971	11.202003	0.56786704
10.438984	16.529593	0.5
9.108839	34.738934	0.19135803
7.125576	8.8546715	0.31944445
5.5864673	5.5864673	1.0
6.4978137	11.133257	0.3888889
13.707145	18.083172	0.22222222
6.067646	6.993142	0.625
4.797789	9.348361	0.28125
7.7211065	9.709062	0.44
6.6417704	6.6417704	1.0
4.4531546	14.946228	0.40495867
4.6422477	10.118861	0.26530612
3.1534357	5.74979	0.31944445
5.2466574	7.710248	0.2362949
10.766916	12.362291	0.375
3.358976	3.3589756	1.0
2.3094776	2.3094776	1.0
8.307838	8.307838	1.0
1.864896	2.4818482	0.5
5.149724	11.919767	0.44
8.94352	15.960647	0.216
6.653234	15.505779	0.41666666
4.5645556	13.256846	0.31632653
6.0754747	13.564656	0.19727892
11.39694	15.430613	0.5
5.0886374	16.349615	0.75510204
4.340326	11.995766	0.2638889
4.8091044	6.3361487	0.3888889
5.592402	9.196367	0.2231405
5.2152076	7.915878	0.4829932
9.61164	14.297008	0.2244898
4.0797744	10.7385235	0.50617284
1.7598332	1.7598332	1.0
7.652132	15.403073	0.28395063
7.6281	10.266035	0.22
4.960166	9.885063	0.25
5.330307	20.980486	0.338843
6.205314	6.517545	0.44
10.193725	16.24885	0.18222222
6.725233	11.723283	0.2421875
6.9281087	21.847515	0.3265306
2.4206314	4.377675	0.5555556
6.9375324	11.056281	0.5
3.6659496	15.7322645	0.28544423
4.3608985	5.5676966	0.5
5.5982304	10.62428	0.3125
12.40218	12.418068	0.5555556
5.8300004	8.692126	0.36
4.293768	9.218673	0.42857143
4.4584665	5.6953044	0.375
12.346064	14.092758	0.5
6.450573	15.009316	0.15277778
7.067556	7.067556	1.0
5.6335473	6.3289275	0.8472222
5.4942245	12.301485	0.3511111
2.8236902	10.762966	0.33333334
6.300397	9.220247	0.52662724
6.3392763	21.124016	0.29338843
6.9754314	10.749338	0.28395063
4.6686506	17.063631	0.35349718
6.755215	8.662502	0.26530612
7.3008914	15.853745	0.25925925
5.030452	14.585089	0.2345679
3.5056899	3.50569	1.0
4.065592	17.901789	0.57024795
2.9381058	6.369102	0.3633218
11.439055	18.409126	0.25443786
20.67417	35.114273	0.23875433
7.8725877	9.722103	0.40625
6.5245633	8.811286	0.5
7.028895	14.84851	0.4
7.0740724	13.328039	0.38271606
5.9859385	14.26627	0.17355372
5.7471075	12.237471	0.390625
5.7654514	19.587574	0.2962963
5.921376	7.899861	0.34
4.924837	15.950482	0.28544423
9.203451	29.842022	0.285
6.993142	6.993142	1.0
2.7629073	3.9635212	0.48788926
6.2839475	6.891697	0.5
3.426499	17.04423	0.53061223
10.211801	27.367228	0.27
4.5942087	4.5942087	1.0
3.5195122	4.318755	0.654321
4.324765	13.046145	0.22666667
7.809881	13.15961	0.25
6.815454	10.8569565	0.2510288
5.1770253	6.715126	0.25619835
2.688535	9.687143	0.5822222
2.9590755	10.583279	0.48444444
3.6797876	4.1860714	0.40495867
7.27771	12.64073	0.19526628
5.3621	5.3621	1.0
2.7689397	4.764017	0.625
7.643795	20.652523	0.5
7.7674894	8.738355	0.375
4.0549197	9.249767	0.3195266
6.098564	19.116877	0.4861111
5.3567286	9.993763	0.75510204
3.8980136	16.741678	0.74489796
5.187887	9.904996	0.27272728
4.119382	6.7441587	0.36
4.776373	9.849852	0.21900827
10.7859335	14.1237545	0.28395063
18.703804	18.703804	1.0
7.952046	13.627035	0.2231405
3.2307107	12.667139	0.32231405
4.641335	13.777736	0.38666666
17.031961	18.016672	0.5
6.6546087	9.279439	0.28
11.5832405	19.345913	0.20987654
6.3319225	11.027251	0.20888889
5.993359	15.033635	0.42011833
NaN	0.0	NaN
5.503045	28.77607	0.900277
10.604983	13.705986	0.25
5.157603	5.157603	1.0
2.2968996	2.3094776	0.8579882
23.32811	23.32811	1.0
NaN	0.0	NaN
5.2141757	14.379421	0.2781065
4.524807	18.221315	0.33333334
4.4388986	8.293293	0.625
5.6525173	8.341029	0.33333334
7.13056	7.13056	1.0
5.7204547	14.405766	0.40444446
7.4279485	14.89118	0.30578512
3.5604217	10.986054	0.41666666
3.5992737	3.5992737	1.0
5.746518	19.93713	0.26643598
2.4701529	6.15918	0.50617284
7.4993653	12.259529	0.3888889
10.583967	14.306056	0.44
8.326585	8.943061	0.5
7.905757	10.41932	0.19008264
5.400347	8.089051	0.59375
5.4004803	15.430494	0.23555556
7.1682744	14.726645	0.25333333
9.280483	18.355164	0.20987654
6.0199175	24.293789	0.36483932
7.056958	29.32337	0.31
5.317491	25.643118	0.2249135
2.722475	3.493267	0.375
11.623858	19.331682	0.25
2.891376	4.885463	0.59183675
NaN	0.0	NaN
6.9156256	14.131266	0.115
9.722103	9.722103	1.0
4.851623	9.477483	0.6859504
6.324316	27.890247	0.61728394
8.291306	19.203224	0.20987654
3.305059	6.61697	0.60330576
12.242861	23.562992	0.2
4.1897683	4.1897683	1.0
NaN	0.0	NaN

5.560234	15.223341	0.34567901
6.2225904	16.0	0.28099173
5.514309	13.167969	0.46875
7.145913	12.201255	0.40828404
6.258301	16.599041	0.5029586
5.904659	10.225137	0.4453125
10.865415	22.92912	0.1796875
9.403477	20.099726	0.23875433
NaN	0.0	NaN
3.0071318	11.213455	0.43195266
15.053072	21.286036	0.26
8.087904	10.659214	0.37190083
10.443854	12.27413	0.3553719
4.7890854	5.3663397	0.42857143
2.9093077	18.538273	0.49333334
8.646381	8.646381	1.0
1.8273848	4.4941106	0.5555556
6.601541	20.542656	0.3888889
8.775549	21.565252	0.1875
5.7559466	15.8713665	0.3184
10.13279	16.91031	0.33333334
6.884518	11.6498785	0.28125
4.5835724	8.510218	0.45454547
NaN	0.0	NaN
3.7387931	6.779316	0.5847751
7.9685006	11.980685	0.22
10.696092	14.901518	0.36
8.448573	10.1684885	0.5555556
3.4260902	6.7642274	0.3677686
7.8166614	15.718442	0.21107267
10.355053	12.468818	0.33333334
8.445784	11.635171	0.3877551
6.388008	10.859309	0.26
4.4097505	12.177332	0.3984375
4.9492164	4.9492164	1.0
10.897733	15.419627	0.33333334
6.6014724	7.1606164	0.52
4.1294303	14.5571	0.51
6.7193747	18.047873	0.46
6.7912483	15.9271345	0.3125
5.147839	10.28954	0.42857143
7.6511145	7.6511145	1.0
12.999162	18.237904	0.18343195
1.1681432	7.268192	0.75510204
5.4078217	9.05986	0.42
5.2574053	6.466866	0.52
6.936164	10.336867	0.3372781
5.8950963	8.406418	0.30193907
4.0623693	8.543013	0.46875
12.276501	14.416117	0.375
6.022867	6.5111194	0.5
6.346285	7.807299	0.22222222
5.612696	11.924328	0.33333334
4.1931243	9.093874	0.60544217
3.5001647	12.837462	0.7222222
5.850958	8.049823	0.40625
8.769283	9.724689	0.3888889
5.845541	9.354659	0.28395063
11.205634	13.6852455	0.5555556
5.6635156	8.456072	0.33333334
4.3203464	4.3203464	1.0
11.850053	28.694096	0.25
7.2968063	8.658706	0.8347107
8.468657	16.371078	0.3469388
2.4340549	6.9095774	0.3888889
8.263455	20.726194	0.30612245
4.9546614	10.018341	0.44
5.4271317	7.0930057	0.30612245
6.4270244	12.340859	0.2231405
7.8001056	28.696945	0.553719
3.7745357	3.9643805	0.68
4.4700594	12.347922	0.25259516
4.929484	9.297064	0.2361111
7.428026	10.786347	0.625
2.9354236	8.725547	0.7222222
5.8572197	8.968615	0.20775624
7.8979163	7.8979163	1.0
6.6680994	12.972114	0.26869807
5.340555	12.168139	0.375
3.9156003	10.705681	0.46
4.7700663	11.929336	0.2802768
1.7006084	1.7006084	1.0
5.5020485	9.141675	0.4074074
6.569447	6.569447	1.0
2.5500386	8.38851	0.2857143
2.7272446	6.005455	0.7222222
1.7117431	1.7117431	1.0
11.975494	18.275215	0.18367347
5.2004137	5.694201	0.52
2.796469	4.9881907	0.5555556
2.4374967	7.083578	0.32544377
6.4847746	17.367712	0.2107438
1.9181426	1.9181424	1.0
6.3735	10.12893	0.37278107
7.4921265	7.528158	0.52
5.196928	5.196928	1.0
6.6559	9.5636	0.421875
4.091936	8.382286	0.375
6.4925413	7.308002	0.75510204
12.764511	20.872799	0.33333334
6.5127397	8.672889	0.5
2.4261668	6.52911	0.5
5.4877944	11.179107	0.4340278
11.544759	18.72118	0.25925925
6.783002	17.709131	0.3553719
7.999597	16.635662	0.19031142
6.2089386	8.980257	0.25443786
8.338038	24.556059	0.2888889
11.413649	11.413649	1.0
6.684007	20.610086	0.2777778
5.265658	12.438802	0.4
2.83213	8.384083	0.7229917
6.449316	10.783206	0.20118344
10.113046	16.167446	0.338843
4.6813884	4.6813884	1.0
3.2658837	9.194994	0.3
5.6433825	5.6433825	1.0
1.7968479	3.1059983	0.58264464
8.574263	12.642482	0.26530612
7.5234814	12.362798	0.28994083
8.405111	13.681994	0.24
8.279798	9.373904	0.5413223
13.724268	36.740158	0.18367347
8.195525	14.811956	0.1388889
8.224647	14.611666	0.5
4.152751	16.356089	0.25761774
4.847893	6.2199607	0.5041322
4.5375075	5.9433627	0.5555556
3.269156	5.7119594	0.30612245
12.14033	16.515366	0.33333334
5.2109795	17.1165	0.19274376
7.6714287	12.381217	0.24
2.1393702	2.5860057	0.7222222
2.7896352	9.176714	0.76
5.8664274	19.119253	0.47
9.5934105	14.179796	0.29777777
10.976276	14.261266	0.32
3.8066287	7.106282	0.59183675
9.0809145	18.594234	0.5
2.9934752	15.328365	0.3553719
4.8256006	17.064497	0.45454547
4.7697983	7.599141	0.28
5.456635	15.247853	0.345
7.8493724	10.582452	0.5555556
5.964546	12.071209	0.46938777
6.9496984	18.051693	0.26222223
11.237104	26.267277	0.14666666
6.3064713	12.379118	0.20888889
3.5420213	6.864315	0.30795848
4.743325	8.790087	0.285
4.9505043	5.932852	0.375
2.829879	6.15791	0.42857143
5.214897	15.098974	0.19113573
16.720537	28.333136	0.1328125
7.477276	11.06774	0.7222222
6.620841	12.908236	0.42857143
4.172183	8.296696	0.34
5.1254115	8.062667	0.15625
5.480235	9.854835	0.29777777
5.1028357	5.196928	0.5
5.87006	9.719146	0.24
8.423576	14.665071	0.30612245
8.456989	10.312077	0.44
10.280135	11.83482	0.33333334
1.6327053	1.6327053	1.0
9.980604	19.183702	0.18
9.788619	11.024182	0.3090278
8.119304	16.673069	0.2888889
6.139051	11.620136	0.30612245
3.7890058	10.99299	0.4074074
2.7636771	6.0687337	0.6064
14.138306	25.547287	0.26530612
1.777399	1.777399	1.0
8.298983	15.345085	0.20833333
3.3820536	4.466322	0.625
3.126562	8.191983	0.41836736
7.964437	20.514757	0.23076923
6.052533	12.157433	0.26200274
7.544431	10.887529	0.33333334
8.323584	8.323584	1.0
10.293582	14.189062	0.18518518
3.2116754	7.266	0.5972222
15.6533985	26.025352	0.16049382
2.742991	5.5860343	0.6234568
7.463674	10.524938	0.20408164
7.229154	10.59168	0.33333334
8.856672	10.843955	0.5
NaN	0.0	NaN
4.611023	12.807037	0.234375
3.2394984	8.658706	0.4861111
7.6061068	21.045792	0.17006803
7.2852607	8.349052	0.3
10.697399	29.60297	0.17355372
7.132996	8.349052	0.5
6.1273794	26.362125	0.68
6.034489	9.758422	0.5138889
6.595618	10.781053	0.5900277
13.726968	15.849765	0.5555556
7.5882635	12.085302	0.3515625
11.751687	27.781645	0.18518518
7.6613297	18.602324	0.33333334
8.750877	10.312077	0.52
6.91283	10.582452	0.2345679
4.9095235	6.774017	0.45833334
13.589816	16.546385	0.2421875
6.893593	6.893593	1.0
5.6159844	8.46674	0.5555556
7.3828287	14.271886	0.38271606
2.6010554	5.0496364	0.32231405
5.783587	9.144333	0.3469388
4.7874103	9.302272	0.33333334
6.8401184	9.591387	0.25
NaN	0.0	NaN
5.569124	13.375628	0.3553719
3.3460796	5.0356874	0.39795917
5.449489	5.449489	1.0
7.3745637	13.83446	0.17580341
6.155289	9.597779	0.20661157
21.512094	21.512094	1.0
5.860899	15.540505	0.3372781
4.536897	5.449489	0.52
3.036199	22.385775	0.44970414
5.282856	16.85381	0.3469388
5.008145	6.413905	0.5555556
12.805268	13.137013	0.375
4.8768363	8.202231	0.5
6.0284457	12.053735	0.16049382
10.149766	10.149766	1.0
7.8176003	7.8474903	0.5
4.4056454	8.37703	0.82
8.433525	23.8882	0.17751479
4.02545	29.132662	0.34072024
4.211894	6.6409917	0.4453125
9.281309	12.662258	0.36
4.8519597	8.956228	0.56232685
4.5023313	6.733339	0.34256056
7.212377	12.432518	0.36
1.8793961	2.942199	0.7222222
NaN	0.0	NaN
5.624516	13.968207	0.2534722
8.058107	13.748252	0.18518518
4.0865417	5.322478	0.75510204
7.1155396	7.1155396	1.0
7.506383	11.643678	0.183391
6.352015	9.08569	0.20833333
2.2105336	2.2105336	1.0
6.5862007	13.407664	0.30612245
8.354308	9.311729	0.7222222
12.695708	16.97294	0.33333334
6.8502197	8.2587385	0.5555556
4.0843873	15.897478	0.22085048
10.557326	10.557326	1.0
13.460005	13.460005	1.0
7.402303	13.125527	0.38271606
10.801373	15.812256	0.25
2.471909	2.471909	1.0
4.535942	5.0496364	0.5555556
4.157116	14.091664	0.31
5.1826453	13.23724	0.33081284
5.835093	23.559322	0.27160493
5.038584	6.221763	0.5555556
1.467076	6.2904634	0.7222222
10.253519	13.692598	0.30612245
5.5677795	15.155876	0.2733564
5.558138	13.019013	0.4375
1.9682827	9.822099	0.7962963
6.921477	26.430767	0.45454547
4.469606	23.331238	0.21799308
5.5540466	12.106874	0.625
2.9100614	5.346103	0.375
3.9968908	12.678912	0.32409972
3.020631	3.020631	1.0
2.855655	2.9573102	0.52
5.557704	17.996843	0.53846157
5.979197	13.9455	0.23076923
4.16483	8.175965	0.40828404
3.83698	12.520529	0.5236295
10.723608	24.271856	0.515625
5.1549253	13.317578	0.28125
1.3103323	1.3103323	1.0
4.4207807	9.785092	0.42857143
5.656115	9.601206	0.3877551
5.873235	13.8716545	0.19387755
8.646798	16.722174	0.24099723
7.2967405	8.435851	0.45454547
16.467726	21.409626	0.5
3.7768528	4.397155	0.35714287
6.151362	17.735273	0.7222222
10.374666	17.817404	0.19526628
5.3899975	7.908427	0.3203125
4.354784	4.354784	1.0
8.669	20.548603	0.32
8.180073	20.186121	0.23875433
5.3108044	10.469253	0.2037037
4.2267447	13.396882	0.23731138
5.6992946	9.407549	0.26275992
9.127982	11.814919	0.58
6.0634127	16.257963	0.25619835
5.1252418	8.323584	0.42
3.9799726	6.733339	0.25510204
7.365492	25.397434	0.25925925
9.603033	10.5489435	0.5
4.00009	4.00009	1.0
7.041714	14.157331	0.25925925
8.334036	12.925862	0.50617284
2.0306401	9.006477	0.6015625

6.163117	10.78125	0.2777778
8.522796	16.587622	0.338843
5.339961	10.774981	0.375
7.1296997	13.957726	0.37190083
4.937736	11.636873	0.3125
4.0232673	10.484857	0.7278106
5.373816	6.0582213	0.625
6.634589	8.117388	0.46
7.4622936	29.914316	0.30578512
9.569651	16.0	0.1322314
7.424162	16.0	0.1953125
3.8950758	5.466622	0.2638889
8.705806	15.373781	0.5833333
9.016324	20.45913	0.23555556
6.7031837	7.1757913	0.5
7.549019	7.549019	1.0
10.337741	17.018826	0.34375
2.062947	10.047108	0.82
8.480338	16.0	0.42857143
8.903292	10.750615	0.44
13.921419	19.433393	0.5
NaN	0.0	NaN
10.9777355	14.217034	0.2520661
8.280042	17.701876	0.18
6.833609	12.881233	0.20888889
6.8895674	19.853306	0.25
5.02323	8.352558	0.68
3.4537811	4.4354925	0.3888889
6.454251	8.564407	0.27272728
6.147229	13.635015	0.42
10.915792	17.304523	0.1875
8.470368	14.878106	0.5555556
3.5880995	4.244781	0.5555556
7.440678	17.791712	0.421875
2.3110328	5.227123	0.82
2.805953	8.32251	0.46875
5.4389625	16.019218	0.19526628
8.0233135	8.253544	0.5
4.6273565	13.885758	0.359375
5.587737	14.947463	0.42222223
7.832285	15.13987	0.46875
10.584197	27.224165	0.42011833
10.249956	16.730663	0.18367347
5.7161465	10.252184	0.22437674
7.590379	10.708979	0.33333334
4.753224	7.0110145	0.44
2.9393451	3.0338159	0.625
11.196613	26.14858	0.13609467
4.123012	4.123012	1.0
10.188134	19.945751	0.33333334
3.888934	9.283807	0.5555556
2.9960623	11.636474	0.6818182
11.101091	18.578526	0.25
12.248274	13.350876	0.44
5.2283287	8.074342	0.1734694
9.4670105	19.84703	0.625
9.195841	23.861155	0.16049382
12.867075	17.58653	0.5371901
10.655194	11.2303705	0.375
2.1757255	2.760248	0.375
4.549588	7.121832	0.375
5.3944154	21.985939	0.29085872
5.7996984	6.9802103	0.5
4.148369	4.593411	0.375
2.655933	2.6559327	1.0
11.469446	14.89564	0.18
2.9327745	9.681769	0.41666666
4.509587	11.296857	0.5
10.471172	27.504831	0.20987654
6.4595466	16.20024	0.7278106
1.9424701	8.758791	0.8755556
8.996225	11.98039	0.36
6.2825785	7.2128286	0.33333334
4.3037868	6.1012974	0.4876033
5.8740373	5.8740373	1.0
11.815134	23.068787	0.17751479
8.019487	8.019487	1.0
6.797666	19.82049	0.2631579
7.287466	8.745657	0.4876033
2.5943809	13.855483	0.82
8.369488	14.771369	0.3877551
7.9978094	30.021406	0.26530612
3.4527292	16.859858	0.37278107
4.1478415	4.874908	0.30612245
10.526646	25.950583	0.50617284
4.7846613	4.7846613	1.0
2.5430088	10.704822	0.64285713
4.5057273	9.79966	0.68
4.544379	5.1285577	0.625
4.427088	9.202696	0.6859504
1.7414532	1.8257368	0.50617284
4.9997673	7.110528	0.2345679
9.236837	14.926609	0.28
6.446034	11.730308	0.2777778
4.7942863	5.546065	0.3888889
4.8060427	14.060017	0.475
4.9991736	5.0203676	0.8472222
3.9882512	9.621268	0.3580247
4.002303	8.544794	0.19526628
3.9473724	15.7279005	0.2299169
7.379009	11.447063	0.23076923
8.4215145	14.386867	0.39506173
8.388759	17.65308	0.18055555
4.879209	5.697692	0.60330576
8.865378	15.252613	0.25619835
4.231777	10.170242	0.80246913
7.0082107	17.136137	0.375
3.5509207	10.319731	0.6403061
4.183522	7.444898	0.3553719
10.009953	16.676607	0.30177516
5.981125	10.021193	0.44
2.8780148	9.368559	0.59375
3.9116955	9.212827	0.55709344
6.0477037	10.627636	0.2249135
9.16871	13.466792	0.5555556
4.400081	8.151231	0.28395063
5.292945	8.605316	0.3125
3.1078713	7.494252	0.5
8.420945	9.627916	0.5555556
1.830204	1.830204	1.0
5.4815655	10.224511	0.26222223
NaN	0.0	NaN
8.519271	15.3649845	0.3
9.449284	9.449284	1.0
7.2340393	16.998056	0.20181406
4.7274685	7.1176405	0.38
8.265656	12.110066	0.21799308
8.956981	8.956981	1.0
5.0848303	10.262079	0.44
8.39926	13.040938	0.195
7.8119617	16.344885	0.25619835
10.594947	18.224535	0.18343195
9.407786	20.562273	0.32409972
4.1374836	8.416033	0.43209878
2.4561527	4.0935683	0.42857143
12.170025	17.28278	0.2777778
9.779102	30.237608	0.19111112
1.9877398	4.27702	0.42857143
9.707209	14.190705	0.5078125
8.939439	10.203155	0.5555556
6.7854037	8.954245	0.5371901
6.789503	9.133547	0.26222223
1.3431476	1.3431476	1.0
5.173526	15.833885	0.28
3.659731	21.086048	0.5734072
4.702002	5.711453	0.37777779
5.05441	5.05441	1.0
4.7605553	12.257691	0.17
9.156005	10.460215	0.5555556
5.5370183	10.712601	0.3504
9.760516	23.78423	0.20221607
6.3700795	12.029333	0.21107267
3.2234018	10.2832	0.40444446
3.9993105	6.8758664	0.43209878
5.34502	7.6934524	0.28125
4.549667	10.198482	0.3984375
5.5262957	14.386165	0.46938777
7.309772	7.3164396	0.5
2.6843674	4.4044147	0.26041666
5.2552195	9.894449	0.3
2.622208	9.333214	0.80246913
3.3684194	6.4926295	0.42857143
7.4266024	17.738304	0.78125
5.31798	15.941398	0.1953125
10.727814	17.050114	0.36
4.6611304	8.71777	0.375
4.117743	5.680965	0.5555556
NaN	0.0	NaN
5.7583246	10.043603	0.5
5.809172	9.231351	0.22222222
3.5463245	7.736492	0.42011833
1.1914977	1.1914977	1.0
10.557779	15.093535	0.34375
7.79825	16.042503	0.50617284
6.212814	15.693179	0.584121
7.286001	20.479088	0.15555556
12.6436	13.940196	0.375
3.855943	10.946215	0.2962963
4.868279	9.27442	0.40444446
9.326436	12.988361	0.2777778
2.2894218	2.8320723	0.47555557
8.745657	8.745657	1.0
6.399527	23.740648	0.338843
9.498014	16.70292	0.3
6.033295	6.6107745	0.5
3.8057609	10.685044	0.46875
7.1183033	15.140884	0.16049382
6.406239	12.785057	0.27272728
5.436241	12.510575	0.23553719
2.904224	2.904224	1.0
7.905556	27.969059	0.15555556
8.824141	11.053891	0.38271606
8.880391	8.880391	1.0
4.4117055	5.047981	0.5555556
3.0514915	8.28996	0.355
6.1339555	14.209618	0.4
10.085429	19.551725	0.375
4.82224	7.0160613	0.24
6.37798	7.2564654	0.2662722
5.4863653	15.775831	0.155
8.308015	10.372448	0.3372781
5.1500216	7.111448	0.42857143
6.764241	9.944913	0.3265306
9.288355	16.909662	0.28
4.6044025	5.366162	0.5
8.755265	13.972394	0.23076923
11.650416	18.258894	0.25
10.228036	15.683808	0.625
8.4808035	21.800741	0.30864197
1.7178967	7.623684	0.82
5.1726785	5.26712	0.625
7.0184746	16.026579	0.21107267
7.6632156	10.369399	0.42
7.401705	16.52236	0.30864197
10.728099	36.288834	0.15570934
6.526837	12.161457	0.30612245
5.4325953	10.539504	0.26530612
5.074164	16.716145	0.3877551
6.238113	6.4346766	0.5029586
5.4852476	13.945943	0.38408303
4.3532467	15.275018	0.34971645
6.1847863	18.447746	0.38271606
7.422997	14.367158	0.7222222
5.0374813	6.436663	0.8347107
4.306368	5.688913	0.5555556
5.279736	8.526235	0.32
4.5050774	11.98275	0.28719723
4.60785	7.3653913	0.43195266
4.6055727	9.965525	0.7222222
7.9895473	15.808949	0.19444445
3.001826	4.805958	0.3125
2.7629516	13.657651	0.7734375
4.9272895	8.847795	0.50617284
2.4526048	2.89893	0.59183675
5.115552	7.7771873	0.2
4.1594963	4.1594963	1.0
8.714524	12.7826605	0.2777778
6.868019	12.290261	0.26
3.2951899	7.3487825	0.7222222
9.177198	17.820906	0.32871974
3.6935573	4.411112	0.5
9.410742	17.526472	0.42857143
9.681769	9.681769	1.0
4.37791	5.711453	0.375
2.6274972	2.6274972	1.0
7.333253	9.652675	0.5
12.806339	22.448805	0.25
4.8753977	6.1331296	0.50617284
17.175175	26.518803	0.15625
4.629356	5.642034	0.43801653
12.353254	17.231453	0.16
9.784666	12.785057	0.28
3.239048	3.4946678	0.70247936
5.8735247	19.790667	0.25925925
6.9594307	21.096348	0.28
4.8131814	13.311648	0.26516053
4.0954328	9.962358	0.5
4.9332614	7.44318	0.38842976
4.8941183	5.466622	0.5
14.345327	19.278833	0.36
3.5174098	3.5515232	0.52
9.793907	13.341274	0.5
9.0217285	24.048454	0.34375
4.304823	8.074342	0.18222222
NaN	0.0	NaN
2.0053508	3.1744554	0.29166666
4.70238	8.46487	0.375
6.4586806	16.467981	0.5555556
5.0974708	14.372597	0.75510204
NaN	0.0	NaN
3.223749	12.288465	0.3888889
2.6965883	2.6965883	1.0
6.023896	6.703656	0.625
8.078228	25.541979	0.29166666
4.9973674	5.0725756	0.53125
9.361245	9.361245	1.0
5.1155696	6.0909405	0.5555556
3.5450983	5.4166613	0.38271606
3.7225335	9.843578	0.2520661
9.103888	22.910906	0.41666666
4.9359074	8.235252	0.36888888
10.371425	18.600231	0.19723183
4.6141715	17.73383	0.38
6.146015	14.717601	0.68
5.523008	8.297625	0.42857143
4.0799994	7.5693645	0.36
13.138339	21.409689	0.1764706
8.726794	13.933789	0.33333334
8.036225	9.752402	0.57024795
7.5732083	17.98948	0.25
5.4009056	7.0533	0.36
6.482622	17.420837	0.1953125
6.13019	8.048716	0.33333334
7.2236443	8.445119	0.33333334
8.893112	13.311171	0.22222222
2.3230534	5.2665	0.52
4.3689456	16.38979	0.43801653
6.7597904	10.036318	0.19274376
6.751648	16.585978	0.25
13.402425	13.402425	1.0
11.860043	18.933517	0.44
13.030841	16.62908	0.32
2.829322	17.882414	0.578125
5.95474	15.822419	0.33333334
4.143513	6.794776	0.625
4.082758	10.391968	0.3877551

4.659617	9.540421	0.29777777
10.672735	16.0	0.4
7.961096	7.961096	1.0
5.276066	6.354172	0.33333334
5.8471174	11.01055	0.43252596
4.8450394	7.2680044	0.40625
14.588572	31.149923	0.13573407
3.4555435	7.302734	0.27272728
10.851523	16.290236	0.20604914
3.245819	4.810213	0.74489796
1.5441034	1.5441033	1.0
8.123394	27.917303	0.42
3.2073352	3.207335	1.0
5.0629873	13.623409	0.32444444
8.138178	17.068317	0.19008264
5.407857	22.298086	0.654321
6.0185013	22.627417	0.2578125
13.992628	30.240976	0.21875
8.062014	16.0	0.20634921
4.326274	8.834989	0.68
4.2016816	10.988191	0.56786704
2.2436328	2.2436328	1.0
5.7487435	7.538584	0.5102041
6.187328	8.454648	0.3553719
3.4190843	3.4190843	1.0
10.348023	17.580677	0.2244898
6.038409	8.615004	0.296875
6.3530674	7.234133	0.43209878
4.518625	5.8821898	0.5029586
4.8473716	7.0454297	0.20710059
4.2351837	8.992402	0.38271606
6.8441105	7.0587487	0.80246913
8.925593	12.05287	0.375
2.7715197	11.9437	0.60946745
6.730516	10.5606165	0.36
4.1344953	5.118564	0.57024795
NaN	0.0	NaN
7.9976654	11.226948	0.33333334
3.5497646	3.9431186	0.50617284
4.4516354	14.693072	0.13305898
11.963067	14.746843	0.33333334
3.5213833	15.159651	0.74489796
13.565178	20.31776	0.28
6.211027	9.106647	0.375
2.9282725	2.9282725	1.0
7.439104	12.151856	0.50617284
6.1341586	11.337083	0.38271606
9.104098	9.450548	0.8347107
6.48297	19.011238	0.405
4.5087137	18.760763	0.3515625
6.456812	10.297238	0.27891156
5.706358	14.398497	0.13494809
NaN	0.0	NaN
6.5993547	8.587206	0.30612245
7.66893	9.308752	0.2638889
8.971686	14.361676	0.18518518
11.7082615	16.476543	0.43801653
5.2101517	19.221848	0.2578125
3.412673	12.512181	0.35640138
6.5696683	15.299897	0.3888889
7.655969	7.6559687	1.0
4.9931383	11.621003	0.31632653
2.7821782	8.219474	0.80246913
7.7473106	10.85935	0.3125
7.8274546	12.262284	0.1632653
7.934959	18.534248	0.4375
5.387774	6.903464	0.5555556
7.6430993	13.17519	0.175
3.860809	9.053281	0.29166666
11.877548	14.696785	0.33333334
NaN	0.0	NaN
4.185107	14.528482	0.74489796
4.3554296	5.5287256	0.50617284
2.6413305	6.311354	0.63705105
4.561984	8.492378	0.21875
6.0971303	19.132944	0.57894737
9.418099	9.514445	0.5555556
6.6131516	7.099348	0.43209878
3.675068	5.8372574	0.43209878
3.086282	6.1680055	0.25
9.501562	15.825946	0.21777777
2.9764853	4.104772	0.45833334
2.1170638	3.3316274	0.8347107
2.8485842	3.9943786	0.34
5.3907647	10.583324	0.3125
8.820016	25.029507	0.15277778
5.756273	10.212595	0.32231405
3.0883467	5.427222	0.75510204
3.7382672	4.9887643	0.3469388
9.942632	14.868215	0.3
6.452328	8.046331	0.19008264
6.8530154	9.667647	0.2781065
6.2210326	9.547409	0.375
6.92887	14.827189	0.27891156
10.098498	15.332135	0.33333334
4.330248	12.63916	0.2366864
7.014536	13.679066	0.14285715
6.0363665	16.081854	0.34911242
3.1616309	9.394855	0.4340278
7.2856717	10.623237	0.3888889
9.031508	11.184568	0.2777778
4.478064	10.61361	0.14814815
8.7113	12.549619	0.16446126
9.191529	13.895664	0.25
4.049737	6.0721416	0.26
7.069703	17.225239	0.41333333
8.273757	10.436304	0.2037037
5.11253	12.441027	0.20661157
8.408127	15.44865	0.315
7.732193	9.697932	0.34567901
5.60108	14.500707	0.32409972
5.8660693	12.721269	0.38271606
4.708788	4.708788	1.0
6.7392893	9.329453	0.33518004
6.9148545	22.79385	0.3877551
3.697096	8.379023	0.338843
4.4838066	8.841066	0.7222222
NaN	0.0	NaN
7.55817	7.55817	1.0
12.021729	16.213072	0.5
5.1420965	33.105083	0.30246913
9.655162	15.191808	0.3888889
8.165631	11.180446	0.375
2.667385	13.708211	0.8579882
5.018993	14.812617	0.45454547
7.0281153	9.023573	0.5029586
6.8349495	12.605907	0.2777778
2.7663698	11.471176	0.359375
13.353708	20.752323	0.36
11.363698	14.897186	0.3964497
6.4827604	11.211436	0.43801653
5.120235	7.101309	0.42857143
6.196374	18.443722	0.32544377
4.708788	4.708788	1.0
5.815534	9.376874	0.3580247
5.2663302	11.311268	0.3888889
6.189167	6.956047	0.42857143
4.7976604	16.819904	0.45454547
5.8389354	8.033709	0.30177516
9.7392025	14.26805	0.21875
8.311606	14.827914	0.23469388
3.6668804	7.4668555	0.43209878
4.336583	15.111576	0.28125
3.5471077	3.6054964	0.5102041
3.7349308	18.995132	0.76
10.186961	15.572463	0.5
4.5139747	5.105149	0.5555556
7.692882	16.771463	0.28395063
2.7187583	9.760284	0.57024795
3.059269	4.6287303	0.44
6.453851	13.828512	0.21777777
8.307965	14.973415	0.16666667
6.1857257	8.563567	0.50617284
11.494858	13.130225	0.28
4.6504207	10.559115	0.25761774
11.188976	12.921385	0.625
9.224118	16.806559	0.15277778
4.7897043	9.2254095	0.38271606
NaN	0.0	NaN
5.537761	5.5377607	1.0
3.9632053	14.166514	0.34256056
NaN	0.0	NaN
5.0503826	7.1041193	0.27272728
3.183051	4.508035	0.3408
22.226341	22.226341	1.0
4.6960425	14.233428	0.29166666
3.5410743	11.919313	0.2465374
16.72261	37.31625	0.2755102
5.3258395	9.465567	0.18055555
11.343611	21.503386	0.15306123
7.0282006	11.434303	0.19444445
3.0855827	3.0855827	1.0
5.595035	13.533664	0.52662724
6.658808	13.439073	0.375
6.1282845	18.03714	0.255
5.794579	12.817147	0.17355372
2.5916944	2.8105087	0.5555556
5.6977034	25.092855	0.3984375
4.9230347	4.9230347	1.0
5.486264	10.172068	0.25
10.699892	18.845465	0.20661157
4.550462	5.658175	0.215
5.856688	15.832378	0.78125
10.277738	10.848017	0.5555556
5.3276157	7.7470818	0.203125
8.347577	9.22139	0.68
6.313649	11.056165	0.18367347
5.8822856	13.740504	0.38
3.5407767	7.3533797	0.2644628
8.258685	9.821644	0.5555556
9.185031	11.6675005	0.2345679
5.3499947	13.332165	0.4814815
2.7491524	12.4110775	0.44132653
7.1946387	7.9285574	0.28
3.6419504	6.362408	0.45833334
9.614439	11.6675005	0.5555556
6.2536077	13.781092	0.5147929
5.4704423	10.182775	0.36
7.6293836	15.394105	0.24567474
4.5075903	7.853011	0.5138889
6.289858	12.525263	0.5555556
6.547761	15.91541	0.20408164
5.14204	13.4043045	0.1764706
11.173493	23.221996	0.14285715
3.5127883	5.5083165	0.5
3.1514866	6.69425	0.45833334
3.4513495	6.76696	0.7962963
6.7403383	8.959283	0.5102041
8.369032	14.093242	0.375
6.862799	15.378418	0.44
2.8218536	5.34189	0.59183675
12.480028	12.480028	1.0
6.8938327	10.127312	0.25
NaN	0.0	NaN
11.148787	38.66419	0.12244898
3.5239296	7.5659375	0.34375
11.926561	16.798334	0.21875
6.6828685	14.846359	0.3372781
10.13691	21.383942	0.2048611
3.837029	11.267497	0.2890625
13.500007	18.582418	0.42857143
5.3018327	8.750966	0.5555556
12.210452	13.384949	0.5555556
6.848936	12.48954	0.5
4.3539844	6.496676	0.43801653
5.8266206	8.981087	0.375
6.1151466	7.5074124	0.5
3.896181	10.537413	0.36483932
6.592295	11.640765	0.3888889
8.596016	26.676052	0.37950137
4.0526237	4.0526237	1.0
8.569274	25.295635	0.19526628
2.3628116	3.9245834	0.75510204
8.313319	8.4649105	0.3888889
NaN	0.0	NaN
3.9431186	3.9431186	1.0
4.3387046	16.08195	0.4338843
6.075979	10.523464	0.30578512
8.610017	18.971539	0.22222222
4.6639156	11.762144	0.265
NaN	0.0	NaN
5.897093	5.897093	1.0
8.2740345	22.266878	0.22839506
7.3803897	12.256231	0.375
6.1362095	9.562377	0.2777778
9.071189	24.630213	0.7083333
5.6172853	18.785078	0.22902495
6.4684067	14.031126	0.24691358
6.6415043	15.120839	0.2345679
6.9993134	9.177458	0.3888889
6.0758085	13.062128	0.34375
7.821654	8.220408	0.5
7.238021	13.288268	0.25
8.567073	10.970454	0.375
4.433026	10.386041	0.2231405
7.4002433	20.335365	0.18
13.043417	20.968208	0.3372781
8.847783	19.764717	0.15625
5.412967	10.185481	0.5510204
4.9022913	6.7221627	0.2777778
4.533791	13.121134	0.17901234
7.8874497	17.115475	0.34375
11.153368	11.153368	1.0
3.226685	12.641287	0.66
2.6323323	3.3851376	0.5
4.2452803	9.4629545	0.5555556
1.9956074	1.9956074	1.0
4.6037116	12.574913	0.26530612
5.4042134	11.360968	0.23
3.5635145	4.4229555	0.30612245
3.5178816	4.604795	0.654321
2.89839	2.89839	1.0
8.080718	10.778463	0.43055555
3.275908	6.7709785	0.4090909
5.5986915	11.378584	0.30612245
10.2851	11.367121	0.3877551
11.998669	29.786903	0.2777778
8.54243	18.315565	0.25
6.325746	13.348412	0.22727273
6.961984	8.64274	0.19008264
4.612891	12.570136	0.265
5.92246	16.695312	0.16
4.556779	10.8412895	0.375
8.0520115	20.489075	0.25
5.7930207	7.9109826	0.46875
5.7380233	6.20117	0.46
4.629606	6.874215	0.33333334
6.5053015	19.191578	0.42
3.0302753	11.697516	0.32963988
8.132784	10.866501	0.45918366
7.4655457	11.1674	0.52
5.7655015	10.602525	0.31944445
9.596056	12.093443	0.46814406
8.718781	15.919394	0.1875
7.7217584	15.954284	0.5555556
11.502496	14.038762	0.22222222
7.9703045	8.219474	0.625
2.047358	2.047358	1.0
6.460036	8.073091	0.44
2.8226871	10.455167	0.5
2.8604991	10.790129	0.6689342
3.6130261	11.032619	0.42011833
7.595745	16.568233	0.45152354
8.85474	21.103851	0.18
6.9299674	14.8319435	0.24074075
2.5314426	2.5314426	1.0

NaN	0.0	NaN
5.8865404	14.361403	0.25
7.066175	16.0	0.42
8.356399	14.29409	0.28
6.796263	16.615458	0.2777778
2.7352188	10.559226	0.3696145
6.9700046	16.0	0.33333334
11.728207	16.0	0.37278107
4.7571697	18.45233	0.25
7.9166102	16.79012	0.22117202
7.723476	16.779945	0.2777778
3.6262364	9.325315	0.2781065
3.93898	11.816976	0.36
4.1345744	16.552532	0.59861594
6.729615	7.091123	0.5
8.461585	21.5383	0.359375
6.8554015	7.3320127	0.5555556
13.760318	20.792778	0.3125
7.0539193	16.398563	0.39
9.005958	16.0	0.11418685
4.8739276	9.830379	0.36888888
9.448339	16.46586	0.5
11.990885	22.627417	0.44
5.7718234	6.6556096	0.654321
3.5731714	4.1165314	0.3877551
5.1983166	13.355283	0.4814815
6.833376	12.32697	0.2888889
15.358552	21.04142	0.20661157
6.0110416	9.997399	0.25
9.854442	19.008745	0.1734694
NaN	0.0	NaN
4.439006	12.845179	0.32231405
2.7437923	5.1047173	0.4117647
5.60612	16.507416	0.27272728
NaN	0.0	NaN
3.1779153	11.938834	0.6296296
7.970706	13.440273	0.3553719
8.087096	15.778341	0.25
7.007042	14.423904	0.3112245
9.30271	12.836988	0.46
10.49626	16.004145	0.26
14.508063	22.653957	0.18559557
2.5125418	15.451354	0.485
3.5516553	8.309497	0.31360948
5.5181665	8.125339	0.3469388
5.2906647	10.020978	0.50617284
6.3366365	9.199232	0.2892562
4.881946	19.941507	0.335
5.5249705	5.5249705	1.0
9.384027	11.189088	0.46875
11.882544	14.272528	0.37755102
6.1328015	16.352106	0.32544377
NaN	0.0	NaN
9.090459	15.907698	0.2
7.438662	16.581545	0.19723183
4.5979238	7.574077	0.5
4.6247473	15.786246	0.43195266
10.295943	19.739763	0.36888888
5.200846	5.848243	0.5555556
11.735582	12.725408	0.68
4.319599	10.184279	0.8579882
5.85186	12.650498	0.25623584
6.3799534	6.3799534	1.0
5.7448907	18.488323	0.64285713
3.0903692	12.010679	0.37654322
6.755393	18.170576	0.31568998
3.1321704	3.4065757	0.5147929
14.920577	17.629286	0.3888889
5.06141	6.006289	0.5
7.2728543	13.772515	0.2892562
3.5249379	9.387915	0.7083333
6.6506567	23.796408	0.25
9.830972	18.073118	0.1953125
5.677936	15.553413	0.4186851
5.7201786	9.677109	0.2638889
7.809795	11.93864	0.296875
4.720276	6.905295	0.35185185
6.9916286	15.34384	0.5555556
11.117248	29.400455	0.21428572
4.2663093	13.471519	0.30612245
7.0538063	7.088524	0.59183675
6.6581416	8.442444	0.37278107
4.718457	14.956199	0.59375
5.4979796	5.4979796	1.0
4.668193	9.09144	0.30578512
7.5991206	14.239217	0.19008264
6.298347	8.450301	0.17768595
4.994926	13.227153	0.6296296
5.445818	8.955893	0.28395063
3.5580223	15.655607	0.38842976
4.9795747	10.081276	0.5833333
7.110223	7.7246833	0.5
4.28525	8.867881	0.33333334
7.6838512	22.92453	0.2345679
4.665291	10.172744	0.2662722
9.876705	24.720446	0.30864197
3.3519046	8.448791	0.75510204
3.808142	3.8631048	0.625
9.150265	19.94192	0.30864197
4.4205356	21.24556	0.51
4.051016	9.736046	0.3984375
4.9427857	5.2855496	0.5555556
2.9080987	2.9080987	1.0
4.886014	18.246763	0.34
6.3342533	6.554633	0.8579882
8.48598	10.938761	0.42857143
11.468384	17.195211	0.13609467
6.518902	16.826447	0.28
8.814561	13.776169	0.21604939
10.669769	10.669769	1.0
4.891731	5.85592	0.3888889
4.477855	5.3558354	0.3888889
5.144714	6.4396358	0.33333334
8.97775	8.97775	1.0
3.9828236	15.981592	0.6296296
3.3825407	4.7267303	0.7222222
8.898663	11.381774	0.26222223
6.6550407	15.749954	0.3702422
3.6053534	4.332135	0.5
3.4251904	12.101365	0.36094674
7.947422	9.494841	0.36
5.7775173	6.3102803	0.7222222
NaN	0.0	NaN
5.7277036	14.1689825	0.21604939
9.340295	11.049029	0.375
6.0199294	12.761612	0.27272728
7.1035	13.164003	0.34375
5.0527225	5.0527225	1.0
4.4640794	9.83584	0.30612245
4.3410807	17.4941	0.36094674
2.5648034	7.4597487	0.48752835
7.887822	14.394628	0.34911242
7.530947	15.832027	0.36
5.842321	6.342721	0.29166666
9.423555	29.128206	0.19753087
3.4384463	11.221625	0.2608
3.4942687	8.787519	0.2578125
7.816163	7.816163	1.0
10.752054	33.277607	0.1796875
4.5974617	4.5974617	1.0
1.0699596	1.0699596	1.0
11.239611	26.342628	0.28
5.095075	9.484019	0.37716264
5.3949556	19.447367	0.2734375
5.1196136	18.512897	0.1966759
8.029212	16.47901	0.24
6.354191	6.561903	0.5
5.208022	9.886876	0.25510204
8.489394	14.2748575	0.26530612
8.906679	15.058577	0.375
9.122875	11.750635	0.33333334
7.3208504	17.579487	0.69550174
8.932586	13.457902	0.1824417
12.278994	23.681267	0.19387755
6.2245655	7.1684217	0.5
13.274782	21.813023	0.34375
4.604929	10.298258	0.5138889
3.9496334	13.625527	0.20226844
NaN	0.0	NaN
9.783496	16.31463	0.25
6.989692	20.447744	0.26530612
10.333236	10.900303	0.46875
11.027766	20.774212	0.25
7.6703024	12.444976	0.4488889
4.0145	7.858426	0.375
3.3487074	6.8302393	0.4876033
2.6974037	6.111973	0.80246913
6.2936597	16.278276	0.265625
1.447755	5.2718945	0.6632653
NaN	0.0	NaN
13.427629	17.433174	0.375
8.142277	14.427668	0.375
9.38407	28.020262	0.25
6.6782537	11.595008	0.22222222
2.1424205	3.565928	0.37190083
12.199741	12.423668	0.5
10.350291	16.684185	0.22569445
6.3029056	13.942121	0.18336484
13.552222	17.084328	0.3472222
6.6779175	7.983687	0.40625
7.5781226	19.718462	0.555
13.117085	21.082241	0.22666667
NaN	0.0	NaN
5.843112	13.156509	0.20987654
6.900997	6.900997	1.0
12.805623	18.14042	0.375
9.991662	9.991662	1.0
5.6179376	7.4764333	0.5138889
9.418148	9.7033	0.57024795
6.672761	16.862314	0.2318339
3.2985213	4.4312773	0.36842105
3.15143	11.381178	0.3553719
9.575063	19.21847	0.28
4.846562	8.127926	0.69550174
6.1262574	6.7417307	0.5555556
5.8123803	16.185799	0.14739229
5.214902	6.6075726	0.2951389
2.7968972	3.0635974	0.5847751
5.246012	12.440609	0.38321996
4.703848	15.17685	0.22569445
8.120145	14.965809	0.34
NaN	0.0	NaN
6.080389	9.704935	0.2
8.88883	11.794443	0.5
11.4871	14.832413	0.42857143
3.6581774	6.2880983	0.2662722
4.6749377	9.077136	0.4876033
12.763516	14.349472	0.30612245
5.4784064	7.969283	0.33333334
3.7433364	3.8905542	0.5555556
5.276705	10.134777	0.375
7.8076677	18.506868	0.18714556
4.193946	10.2958355	0.34375
11.938834	11.938834	1.0
5.1979146	11.842128	0.30666667
4.5362415	7.617853	0.3553719
NaN	0.0	NaN
4.975264	14.313544	0.19111112
NaN	0.0	NaN
3.7506032	4.877148	0.654321
3.4230137	18.650518	0.5833333
10.640972	11.433721	0.5
2.2372139	5.5724177	0.42857143
6.989198	8.45953	0.42
5.8892546	24.646704	0.25333333
10.43281	21.09558	0.23076923
9.230323	14.493328	0.28
4.060367	10.3444805	0.296875
10.350696	17.548311	0.22222222
8.729809	8.729809	1.0
4.1261935	10.581608	0.30555555
12.197061	15.908438	0.25
6.6531744	7.570182	0.53125
7.6573863	19.493076	0.3422222
14.521439	15.792579	0.33333334
8.6077175	9.836553	0.325
3.3249304	5.9435663	0.5
6.334475	10.884428	0.30864197
3.6748428	12.957674	0.595
7.773642	17.624859	0.2361111
4.21426	5.4618435	0.25259516
3.1934817	6.006289	0.57024795
5.9166636	19.617994	0.421875
7.421471	13.310385	0.21875
11.948284	15.934483	0.3553719
12.913033	27.922468	0.375
3.5609694	5.2968345	0.625
5.6892176	17.457666	0.3422222
5.4105897	18.802536	0.30578512
10.742727	18.07242	0.43801653
7.0782056	9.677285	0.3125
2.0239487	4.834174	0.46938777
9.826431	12.079731	0.19444445
0.4048079	0.40480787	1.0
4.5974617	4.5974617	1.0
2.9853704	4.0726504	0.25619835
3.6299515	8.835256	0.5147929
7.7751446	10.496394	0.40625
9.016113	14.195928	0.18518518
3.9010262	4.4593124	0.52
2.7202604	3.7308424	0.52662724
15.847224	23.538061	0.21893491
4.4479895	6.4990177	0.23140496
4.7092695	10.884428	0.46875
11.96596	18.44242	0.42857143
5.581228	10.7642355	0.31944445
8.506365	14.748334	0.2244898
10.402992	18.03432	0.3888889
7.9183297	10.669769	0.68
11.784263	20.204157	0.25
2.5711565	5.161633	0.46875
4.3494277	15.618167	0.18559557
7.3391275	14.797447	0.2244898
6.9237127	15.485408	0.34
6.597571	9.269958	0.28
7.6956506	7.6956506	1.0
9.088293	17.593386	0.14197531
6.2962103	6.2962103	1.0
7.521375	17.905237	0.4
5.114734	8.201187	0.30864197
5.712767	7.6083508	0.33333334
7.3271837	17.088154	0.25619835
16.681414	26.954845	0.15625
6.9449444	10.7642355	0.375
2.6002555	14.759917	0.78125
2.4782615	2.7612996	0.5371901
7.572745	16.581194	0.5555556
6.689411	9.830008	0.32963988
5.190221	17.842848	0.2465374
10.792505	24.767101	0.35950413
4.3338337	4.6154656	0.5
7.8680477	22.158188	0.23966943
7.452332	20.109163	0.30612245
7.245275	22.508282	0.27160493
14.063886	30.328726	0.22
6.804367	8.864322	0.5
10.116489	16.784002	0.25619835
4.007151	5.5724177	0.3888889
2.6741362	5.34318	0.3923611
3.1147742	9.091	0.46
7.865999	13.497837	0.53125
3.5469005	4.65582	0.18192628
7.729742	7.729742	1.0
8.698302	13.649199	0.37278107
4.2044697	11.070582	0.58
4.1545515	9.347942	0.30555555

4.6787686	8.694635	0.28994083
10.7124195	23.8758	0.22
8.385407	17.291407	0.46875
4.68605	16.39296	0.421875
6.59324	10.350621	0.44
6.266066	13.3892565	0.22
7.6692195	17.815256	0.17708333
4.691465	5.3312883	0.3877551
5.9150653	9.511002	0.5555556
3.0347464	6.926591	0.44791666
13.947721	25.86882	0.2
5.9880867	13.134001	0.26041666
6.5592823	10.319723	0.38271606
10.6872015	19.349745	0.20408164
3.5718253	3.6204302	0.4074074
4.6616364	6.3880873	0.625
4.61709	14.090522	0.43209878
6.897625	8.5624	0.375
6.4739695	15.484781	0.42857143
3.3914957	14.910359	0.4074074
6.438019	14.794028	0.4375
6.5800123	18.75436	0.32
14.84096	19.455378	0.34375
6.7365084	16.840942	0.28
NaN	0.0	NaN
3.0152152	6.7541375	0.46875
5.197805	6.5935316	0.52
7.6537485	12.6466255	0.68
5.7361584	12.93828	0.40625
5.645329	5.8623514	0.5
10.224086	18.828102	0.19444445
7.5127797	13.4221115	0.3877551
8.014197	11.104707	0.375
7.851154	14.48242	0.33333334
2.3797624	2.3797624	1.0
8.015727	17.411682	0.1796875
15.796489	15.796489	1.0
4.458757	6.1179833	0.4814815
7.5326676	10.672617	0.52
4.3839035	6.5747952	0.43209878
4.090966	9.433474	0.25
5.0727625	14.768361	0.3515625
5.061529	15.403302	0.16262975
3.6953332	6.0421205	0.33333334
6.049783	12.776437	0.2244898
8.924219	20.05497	0.375
4.706747	11.113453	0.3511111
7.77378	16.96513	0.42
4.981712	11.184615	0.75510204
3.5504673	3.9939842	0.5739645
4.467116	17.911734	0.3469388
4.193168	6.9040484	0.2244898
2.6005337	10.6891985	0.42
7.718592	30.824432	0.23875433
3.153149	6.6679173	0.4453125
7.313731	18.33242	0.3422222
5.8073964	12.007347	0.45454547
9.314547	15.140214	0.23966943
4.2011423	4.2011423	1.0
10.291376	11.371149	0.5555556
4.954476	13.489235	0.2734375
6.70273	11.017648	0.2361111
10.058001	12.131386	0.3125
4.1081867	6.292888	0.68
8.352735	19.38338	0.16
6.423125	12.192464	0.2892562
14.682091	15.819925	0.5408163
4.813574	15.680072	0.4074074
5.3055587	7.0325885	0.33333334
4.216168	7.8249736	0.44
3.1587944	10.350274	0.78125
1.9703199	4.330438	0.8347107
3.527517	10.234216	0.31360948
12.468703	12.468703	1.0
7.0274353	13.386048	0.5
9.465432	12.938637	0.28
4.2774105	7.879023	0.375
5.351299	9.218551	0.30864197
5.459549	8.778742	0.70934254
3.4115336	6.6283092	0.625
6.9763575	15.830393	0.34
8.497526	17.8636	0.33333334
11.518137	25.429575	0.30612245
5.9718566	5.971856	1.0
4.7604713	4.7604713	1.0
4.4469113	13.601384	0.7278106
NaN	0.0	NaN
5.5681076	6.7751403	0.52
6.8240533	12.336284	0.2244898
6.8050346	23.25472	0.4375
7.641753	17.452343	0.28
4.922377	11.669975	0.46875
4.475647	8.61408	0.46
9.254408	12.825222	0.15555556
2.3895016	13.1004095	0.34072024
6.4436674	14.298964	0.40444446
4.413314	12.409009	0.75510204
NaN	0.0	NaN
12.377897	13.390011	0.5
2.822743	2.8227432	1.0
6.522082	7.4359775	0.42857143
7.215007	16.373152	0.22666667
5.526276	11.562076	0.19008264
5.5829954	7.6641283	0.5
5.642343	10.922361	0.654321
10.271568	11.913547	0.44
8.940946	13.448293	0.36
6.7647715	18.976397	0.34911242
8.246276	13.320852	0.3472222
9.863649	17.47947	0.25
6.9343605	8.270693	0.28125
5.856241	6.74427	0.5555556
9.320282	15.239892	0.25
11.741989	12.8555	0.5555556
6.1278605	12.326518	0.20987654
6.871956	24.332472	0.17768595
13.390584	18.14025	0.29012346
3.7860723	12.871656	0.41274238
5.182983	8.121352	0.30612245
3.5873518	11.707037	0.43801653
7.9296875	12.495205	0.50222224
3.0435836	4.7604713	0.625
9.973305	18.510212	0.20226844
6.0071216	7.8410444	0.5555556
5.2917023	8.266517	0.34375
5.941774	15.167287	0.145
4.949157	7.7398353	0.5328798
2.964639	3.9207697	0.3888889
7.5658827	17.127981	0.1734694
3.0407104	5.8623514	0.68
6.371292	14.9477415	0.4816
4.0748425	5.387046	0.28395063
6.5473824	6.5473824	1.0
10.555194	18.236689	0.17355372
7.701143	18.117245	0.19008264
12.290706	12.290706	1.0
4.0793524	9.296101	0.43209878
8.059681	11.571608	0.5555556
5.270542	6.8464365	0.33333334
4.6718426	16.52847	0.34567901
5.048255	5.048255	1.0
3.8656769	6.0251746	0.30177516
8.284889	10.957294	0.36
7.6355424	15.656813	0.44
NaN	0.0	NaN
4.707096	6.124288	0.5555556
8.807495	17.472332	0.26
4.459127	6.4153233	0.4074074
11.212646	21.19599	0.16528925
7.337725	7.337725	1.0
6.0357122	12.683163	0.18222222
10.032423	19.538513	0.30612245
7.0009346	14.308534	0.27
5.254229	11.935829	0.16262975
9.463098	9.830976	0.625
7.755335	8.930392	0.5
2.3288393	7.6615434	0.73964494
2.7308164	10.758815	0.30747923
7.8072886	10.849466	0.375
6.2656193	21.333044	0.32544377
5.1228285	13.397467	0.28125
5.2421556	16.961351	0.39555556
12.150387	22.411287	0.3696
3.1400843	12.486984	0.3568
5.85361	19.051281	0.1616
6.985701	10.975616	0.654321
5.792657	5.792657	1.0
8.0790415	17.660517	0.375
3.8944604	4.876904	0.5555556
7.5592194	17.582064	0.24263039
5.068766	5.068766	1.0
9.050756	23.62174	0.18
13.0461445	13.0461445	1.0
3.3029668	4.484975	0.5
4.731991	13.724856	0.25951558
5.1016383	7.3707514	0.8579882
9.121943	13.630625	0.375
7.360527	13.756348	0.16049382
6.5151343	7.9520035	0.50617284
8.406924	11.788038	0.3159722
8.059037	8.239615	0.5555556
7.41139	11.929295	0.19135803
5.486643	7.109811	0.5555556
1.7788243	1.7788244	1.0
4.29406	4.29406	1.0
3.2205002	11.228358	0.43801653
10.326655	19.500418	0.25
2.2228577	3.7402604	0.50222224
7.4514227	13.319214	0.33673468
3.4521625	8.715116	0.4488889
3.5575223	12.848727	0.5617284
4.951568	8.287376	0.24444444
3.9183195	13.021152	0.2888889
14.845836	16.698866	0.5
5.380465	10.469547	0.35714287
3.8915908	6.3914275	0.3888889
6.053226	7.6910977	0.2781065
2.4575531	6.80513	0.70934254
4.36263	5.140697	0.50617284
5.9607325	11.394198	0.40625
3.4929905	18.910805	0.4027778
6.333533	8.708016	0.30555555
5.7346845	12.955488	0.21799308
8.5504	15.696403	0.14049587
7.0639873	10.036724	0.42857143
4.0868287	4.72031	0.30612245
4.659322	14.263174	0.30612245
6.9511576	7.659002	0.75510204
6.8417063	17.340979	0.46875
11.235841	26.940083	0.5833333
10.88006	22.023027	0.38
5.820618	7.157751	0.375
4.9874015	10.097412	0.2777778
5.5717425	6.1003895	0.42857143
7.617117	16.25312	0.32426304
4.0983644	14.03184	0.30193907
2.5547333	2.5547333	1.0
5.3768144	10.685272	0.3888889
6.0892644	19.512121	0.3046875
7.696882	15.664295	0.33333334
11.785884	24.674892	0.1640625
6.5490417	9.52816	0.28
5.716367	6.7954473	0.42857143
11.365507	18.975142	0.18820861
NaN	0.0	NaN
5.9622827	9.843382	0.25
4.63908	11.260773	0.5972222
7.3737803	17.684067	0.21
5.237582	7.6641283	0.24444444
10.288651	19.082758	0.22666667
5.370539	5.37054	1.0
2.41356	4.641934	0.43801653
4.9400105	10.990504	0.25
4.844301	14.985511	0.3984375
3.7740839	3.7740839	1.0
4.625571	14.919095	0.30812854
4.757165	7.5221868	0.31944445
8.098312	21.653088	0.33333334
5.502541	11.521419	0.4074074
4.983072	14.369663	0.8472222
6.1800475	13.304091	0.2037037
7.1040697	23.197557	0.68
9.746521	13.784797	0.20987654
NaN	0.0	NaN
5.9085546	10.795791	0.32
4.1988974	4.1988974	1.0
2.8801925	5.303446	0.44
12.431656	14.737076	0.5555556
4.9454494	6.3880873	0.43055555
5.879755	14.074047	0.28994083
13.534916	13.534916	1.0
3.171094	6.1769314	0.2781065
6.913015	13.869116	0.25
9.060602	16.656054	0.2
6.0031486	7.9701576	0.5510204
9.639353	14.032568	0.5
7.3233075	11.850184	0.34948096
3.0235128	3.710588	0.5555556
9.977533	12.8707285	0.28
7.087069	11.677482	0.2777778
6.0911503	12.468416	0.375
3.2862527	9.291005	0.5510204
10.127281	20.756023	0.33950618
5.6652856	11.521554	0.21875
10.51199	16.885906	0.2345679
6.4305735	18.246244	0.33564013
9.954115	14.216761	0.18
7.609756	18.321459	0.25
8.535829	13.475693	0.25
9.931799	22.790348	0.120181404
6.009813	26.177954	0.215
6.3525543	8.079593	0.33333334
7.2910795	12.544875	0.3125
4.702586	5.030654	0.68
7.805317	12.02947	0.36
9.4444	14.570437	0.3888889
5.259688	13.814612	0.3611111
4.2842255	9.61242	0.31944445
5.605935	6.5473824	0.24260356
7.185474	18.315735	0.50617284
8.712781	10.257692	0.38842976
5.117823	20.870691	0.2244898
5.4489737	7.703036	0.42857143
4.015207	4.7535377	0.3888889
8.443948	13.022735	0.2578125
7.151803	8.894811	0.4375
13.21176	18.582474	0.5
5.639702	7.168445	0.3888889
5.128271	17.6492	0.2578125
4.1689315	10.193279	0.5138889
7.858635	8.884634	0.375
10.9469595	16.75093	0.33333334
19.04864	23.612999	0.3888889
9.897519	27.009802	0.28
9.522321	14.506296	0.21875
4.3975854	7.2710886	0.5555556
2.421868	9.237883	0.32871974
7.138804	11.017648	0.34375
6.0134196	17.114204	0.20982987
8.68017	12.8707285	0.42
7.8863397	16.740713	0.16
5.545898	12.466441	0.26
2.4226766	4.1170964	0.36094674
3.74576	9.074684	0.7222222
9.227768	9.227768	1.0
11.181274	14.213369	0.33333334

9.791149	18.134438	0.1694215
6.3138657	9.652305	0.20833333
4.8894997	9.482166	0.42857143
8.991686	13.252162	0.2244898
12.12938	23.110176	0.37950137
6.7746534	11.278935	0.32
5.5231414	16.0	0.25951558
NaN	0.0	NaN
5.0908227	5.0908227	1.0
4.4067764	4.4067764	1.0
12.660287	22.627417	0.42857143
10.52341	16.0	0.3469388
9.417197	26.55848	0.3422222
5.3976946	6.2051167	0.53125
4.7103353	7.624082	0.20710059
13.973384	20.949705	0.2777778
5.804429	7.020303	0.5
5.1685295	16.43076	0.50617284
4.140584	6.586147	0.44
8.549727	20.82654	0.3877551
6.9314294	10.476162	0.52
7.4547634	7.4547634	1.0
9.685273	20.163992	0.15
4.794627	12.269272	0.3140496
5.4903464	18.500702	0.4602076
3.5617175	12.788005	0.52662724
9.089045	13.035416	0.28125
7.613511	10.682225	0.33333334
NaN	0.0	NaN
10.993251	20.22959	0.3580247
3.3495057	7.576571	0.4375
4.468427	6.699413	0.36
7.462208	12.170879	0.22222222
4.8101206	14.235784	0.68
3.9905636	10.911425	0.5510204
6.5675697	25.774204	0.2362949
7.076475	14.547302	0.28395063
4.486766	4.486766	1.0
3.8345885	7.9332857	0.4375
5.673156	11.710781	0.20888889
11.100446	31.53615	0.19031142
6.5072656	9.652589	0.2768
NaN	0.0	NaN
7.143373	9.482166	0.33333334
5.074053	10.374383	0.78125
6.3865423	11.3123865	0.23469388
7.9618955	12.907558	0.50617284
6.650843	8.65168	0.5555556
7.872786	10.403556	0.36888888
12.371546	20.120283	0.2578125
9.439264	16.360342	0.2299169
4.455214	4.455214	1.0
NaN	0.0	NaN
7.4460526	7.5953603	0.5555556
5.4728384	9.673898	0.3877551
2.505359	2.6173358	0.5
3.3479967	12.256624	0.38271606
5.5783772	20.452595	0.31519273
5.605414	8.185954	0.3469388
6.109424	16.081766	0.53061223
8.470711	20.424055	0.28395063
3.381997	8.602876	0.4669187
5.0491023	8.838921	0.30578512
5.0248785	5.1770797	0.625
5.649283	11.872263	0.2711111
8.955759	22.055126	0.3125
7.903818	13.491582	0.23966943
7.777119	26.39153	0.29591838
6.685349	26.663424	0.3888889
3.5091708	5.935712	0.625
7.0143275	13.404504	0.23076923
3.7950656	12.941834	0.20710059
6.234627	12.166809	0.31944445
11.43605	15.726386	0.20987654
7.600553	12.59057	0.14285715
3.964525	8.69908	0.2777778
3.9314616	22.511723	0.7278106
10.621231	12.9588375	0.25
8.325559	10.221356	0.52
8.672733	12.974713	0.25
2.8564694	2.8564694	1.0
11.249863	20.994091	0.16049382
6.0099845	21.050001	0.36
9.806396	9.806396	1.0
6.8633223	10.952328	0.18518518
4.3693776	10.016533	0.18222222
2.9088264	8.766518	0.5432526
9.5946045	13.008231	0.33333334
4.486766	4.486766	1.0
12.779609	20.52448	0.26654065
4.372989	4.372989	1.0
7.812604	27.323597	0.3422222
8.65131	28.687437	0.4375
4.465965	6.38555	0.26530612
3.1366072	9.248905	0.60544217
5.623187	8.02243	0.375
NaN	0.0	NaN
8.417892	28.694355	0.17355372
10.778456	22.647837	0.3580247
6.2194514	17.412964	0.25925925
NaN	0.0	NaN
5.802211	8.261786	0.3271605
8.115698	9.95819	0.33333334
7.7683163	7.7683163	1.0
4.2059817	7.9375844	0.36419752
3.8221564	3.8277283	0.5
4.5376415	16.340158	0.4140625
NaN	0.0	NaN
4.516389	4.623943	0.47928995
6.4168234	9.759038	0.38271606
7.253126	8.751634	0.4186851
5.098992	5.411455	0.75510204
7.061423	13.802484	0.21875
3.6334336	5.3445516	0.40444446
4.4266963	6.423962	0.53125
8.163591	9.694267	0.5555556
2.310873	7.2299085	0.4074074
7.635294	25.45703	0.13378684
8.997997	9.120646	0.5
7.637854	9.744752	0.29336736
3.4752355	6.3587065	0.5555556
4.0814	6.74708	0.4074074
9.47217	17.289673	0.32879817
6.174851	10.773642	0.19008264
4.871124	12.096032	0.5510204
4.465239	7.921877	0.44
7.5898	16.16423	0.23966943
3.4029188	7.043424	0.61245674
8.914812	11.698974	0.27437642
6.6057196	19.187984	0.296875
4.877967	14.95561	0.3511111
12.505645	18.589947	0.43801653
6.6634426	17.08782	0.57024795
4.38948	8.839404	0.44
3.9165099	5.6391983	0.3125
NaN	0.0	NaN
5.051288	13.068301	0.16863905
6.7310796	6.7310796	1.0
3.4078708	5.5582423	0.3877551
3.6706934	18.794466	0.80246913
6.2439284	12.809085	0.44
7.836666	18.579048	0.1701389
6.6637535	9.593392	0.30612245
12.043607	16.857924	0.3888889
4.358056	9.020892	0.5138889
5.617633	6.5233254	0.5
3.3712187	11.597616	0.35185185
3.3446538	7.80874	0.34256056
6.7393017	8.067148	0.5
6.053689	6.053689	1.0
7.8947825	14.020764	0.5
6.34026	9.676655	0.32
3.7398176	4.135267	0.5
7.5381937	8.074405	0.5
6.177204	18.312963	0.3888889
4.879708	8.622658	0.4861111
6.905284	13.324648	0.2231405
9.20646	16.450447	0.25925925
6.7210464	15.262408	0.28099173
6.9297442	9.266852	0.3580247
5.400382	15.25096	0.22
7.614395	15.648934	0.35714287
3.2119932	12.929717	0.32699168
8.352961	16.192478	0.26222223
4.3853555	8.326305	0.3125
6.2934933	8.768593	0.25
10.7377615	21.764555	0.2361111
3.6948373	13.464367	0.14197531
8.48515	13.689491	0.3888889
3.3353367	5.0986013	0.5555556
6.571574	8.659219	0.46875
8.625365	15.189994	0.39555556
5.1874986	9.815589	0.25
3.311906	3.311906	1.0
3.3750577	3.8779156	0.5532544
2.9353404	4.831023	0.5102041
4.4894886	11.51905	0.3515625
6.437013	17.38963	0.32
16.643959	22.43034	0.5
5.8747196	15.360718	0.21883656
3.648815	3.8930888	0.53125
18.044203	21.715855	0.5555556
3.2005768	8.960655	0.7278106
7.736458	12.058316	0.2777778
4.5539255	9.534783	0.28395063
3.8533192	9.051026	0.20221607
7.017352	10.485011	0.625
3.7257593	7.856241	0.375
9.891972	11.520054	0.25
4.3019614	12.463587	0.43055555
6.589124	14.735459	0.2249135
7.8270555	20.226084	0.33333334
6.731713	22.992516	0.2520661
8.47042	29.045366	0.5
3.52523	15.05694	0.30612245
5.530327	5.530327	1.0
9.871662	15.582748	0.20710059
9.000548	9.000548	1.0
4.412143	17.330246	0.20833333
3.5343633	5.8387494	0.80246913
7.071553	19.12693	0.45454547
6.3386755	14.551363	0.16343491
2.9968064	3.282887	0.38271606
3.1654274	7.705131	0.3125
11.218894	16.87967	0.33333334
3.481517	13.867443	0.23469388
5.7330327	6.246242	0.5555556
7.5051827	10.215667	0.30612245
9.443417	10.070823	0.5
5.609541	5.864145	0.5
2.0373738	3.4341624	0.60330576
9.480348	14.940562	0.27272728
4.8904357	7.708164	0.27
3.964211	12.368026	0.23875433
7.9767838	7.9767838	1.0
6.6192636	10.200867	0.21883656
6.508774	7.5697336	0.3877551
5.5870576	14.272384	0.30612245
5.095346	9.038027	0.2361111
3.9565237	9.749436	0.46938777
7.32222	12.0278	0.24489796
3.5359027	5.7972775	0.5102041
8.269763	16.473732	0.2888889
7.2624774	21.166708	0.3422222
5.8908296	11.206495	0.27272728
5.185792	14.955181	0.2892562
4.416373	9.226906	0.3888889
14.313782	17.70513	0.40444446
12.14215	20.112658	0.1808
6.017634	9.720979	0.7222222
12.091639	16.721897	0.28125
8.616272	11.210032	0.33333334
3.5630236	6.2808084	0.5555556
6.691785	17.826187	0.1734694
5.7705884	12.632492	0.2578125
4.6496825	5.3549366	0.82
8.944005	19.97417	0.2
6.065183	17.235548	0.14814815
6.072533	14.699216	0.3611111
11.339972	27.874792	0.24099723
10.5198965	23.267008	0.34375
4.676409	6.8535924	0.53125
2.9871752	4.238177	0.3469388
4.0883145	7.812814	0.33333334
3.7243724	9.315797	0.51800555
3.3088374	4.384077	0.3372781
11.803722	18.422003	0.25
9.219783	11.840504	0.36
5.8621144	7.470476	0.25
NaN	0.0	NaN
3.0743318	3.311906	0.68
4.7688274	11.571826	0.5555556
6.3119893	20.896954	0.203125
5.4728136	12.468201	0.22222222
5.531188	16.43076	0.1570248
4.1097884	7.22425	0.195
3.0766215	3.0766215	1.0
3.5144901	6.851861	0.46875
6.0536885	6.053689	1.0
7.2041173	9.559076	0.2777778
8.006782	16.734598	0.20833333
8.830852	8.830852	1.0
8.252413	23.337381	0.3739612
11.516054	23.178331	0.305
1.8791063	4.8135595	0.89506173
11.332085	14.606514	0.3888889
6.8104506	6.8104506	1.0
3.1562603	3.8557715	0.58
10.160784	15.272885	0.19008264
5.338986	11.600173	0.32
3.9967947	4.6451616	0.40495867
11.42828	18.575214	0.16262975
5.4342985	5.4342985	1.0
6.206848	13.252162	0.24716553
6.843721	26.965097	0.27423823
7.0312123	10.032236	0.31360948
2.9826696	3.775394	0.2318339
6.6691327	14.56481	0.3877551
5.8101435	18.619097	0.33333334
2.2485764	2.2485764	1.0
13.019498	18.371332	0.36
11.277188	20.462238	0.54
7.34426	11.826801	0.50617284
9.86475	10.228789	0.5555556
9.316469	9.460606	0.5
6.2020364	13.251785	0.1796875
4.5503497	10.590013	0.17355372
6.1193495	8.917053	0.28
2.3060005	11.913823	0.8472222
3.7498376	7.155541	0.3888889
5.12228	10.19057	0.25
5.841179	9.226078	0.375
1.0706178	1.0706178	1.0
3.6209517	9.460606	0.4072022
5.6020455	10.926152	0.32871974
9.249506	18.536684	0.3877551
5.0070252	18.613	0.4340278
13.93955	15.478415	0.5
4.9396043	14.175571	0.3877551
8.947023	16.42358	0.18518518
3.680649	4.711941	0.625
3.0766218	3.0766215	1.0
6.769436	7.515671	0.5555556
7.2195134	13.486208	0.39555556
6.1482983	8.565709	0.20888889
3.2012691	7.8829613	0.40123457

