PollenDist	MaxPollenDist	WDivFathers
10.829936	10.829936	1.0
8.072632	15.537553	0.13777778
10.286117	10.69941	0.5555556
12.324023	21.305004	0.5
6.08708	25.55888	0.4453125
6.0133996	16.456411	0.375
5.473416	12.048772	0.2265625
4.0446334	4.0446334	1.0
5.769502	7.438294	0.3888889
13.599491	23.776724	0.33333334
8.748984	27.333239	0.3130194
8.717479	11.454597	0.21875
10.793575	16.61897	0.14814815
5.769951	15.572086	0.19421488
7.012005	8.337533	0.5555556
9.157046	20.95316	0.44
9.842604	16.0	0.14049587
4.733945	5.4570084	0.625
2.9879494	12.127764	0.7734375
5.8274026	9.600432	0.24
8.639443	15.073265	0.33333334
6.764587	11.184146	0.2244898
9.394707	12.394304	0.46875
3.5259056	5.2933984	0.5
4.616486	15.200302	0.3472222
12.797807	22.598011	0.1328
5.4571395	18.805899	0.3628809
8.919481	10.301342	0.22222222
5.570462	14.295799	0.43209878
5.3148484	8.943757	0.44
9.651045	24.687393	0.21875
15.38995	21.428625	0.21875
7.4079623	13.004964	0.2244898
6.1844115	6.1844115	1.0
8.815641	16.160265	0.44
7.322096	18.569605	0.3888889
9.460929	27.15647	0.19444445
4.804609	13.782389	0.375
5.3208427	14.339927	0.50617284
13.375021	16.504784	0.2
6.1318703	14.913551	0.3611111
NaN	0.0	NaN
5.688502	24.495813	0.35555556
4.0446334	4.0446334	1.0
5.847133	7.632534	0.3888889
5.7410755	17.192747	0.2733564
4.702662	14.832197	0.32098764
10.330145	13.149553	0.375
2.533167	14.559594	0.30612245
9.661848	11.45289	0.30612245
9.122624	12.588216	0.16666667
5.986704	19.210846	0.3515625
2.0925996	2.0925996	1.0
8.938858	17.486872	0.23875433
8.146829	25.30144	0.2318339
3.4350052	3.4350052	1.0
2.317366	2.3173661	1.0
9.463233	15.808746	0.2318339
9.007561	17.059978	0.4375
6.1739507	22.657028	0.2892562
3.2851593	6.8598323	0.34375
7.517543	19.126566	0.44
6.9482675	6.9482675	1.0
1.9920143	1.9920143	1.0
10.939749	19.447817	0.2
4.205532	10.731515	0.24567474
8.302326	18.756035	0.2802768
21.012045	21.012045	1.0
5.430877	10.16617	0.3611111
4.1100845	10.190993	0.2631579
2.6486588	6.9742417	0.38408303
8.964946	22.778759	0.3359375
9.924672	26.094595	0.18055555
11.297771	11.297771	1.0
10.929365	17.37339	0.10249308
5.986828	13.039409	0.28395063
5.0320597	13.046998	0.3203125
9.722808	24.134472	0.25
4.788998	13.442494	0.26869807
6.3905983	6.9482675	0.52
10.828063	17.83156	0.2892562
4.428947	4.4466414	0.625
13.209893	20.463335	0.22222222
6.7788773	13.436865	0.20833333
7.4324446	14.5044565	0.20661157
NaN	0.0	NaN
10.236146	14.218891	0.18367347
4.2492595	9.785851	0.37755102
7.619779	22.121832	0.16666667
2.826984	2.826984	1.0
6.717837	11.4753475	0.33333334
4.552193	5.371514	0.3372781
6.313918	15.63489	0.4375
2.0728252	3.6332016	0.29012346
5.6163263	9.982422	0.88927335
3.8161836	29.804855	0.5041322
12.002322	18.520832	0.2734375
6.0699196	18.312176	0.24691358
6.2922764	9.497925	0.33333334
7.498928	12.114584	0.35640138
12.876832	24.342304	0.5138889
2.5703564	3.0134003	0.42
11.632435	29.99875	0.2777778
5.568818	6.137784	0.3125
9.3018675	16.53607	0.18367347
9.315611	33.43889	0.42
2.3271003	2.3271003	1.0
9.533395	20.044739	0.15625
6.4221573	12.430688	0.28125
3.4642322	17.125753	0.5859375
6.225061	11.95287	0.2352
6.488533	17.59538	0.2345679
6.2292137	16.524675	0.3888889
7.741882	27.091848	0.375
3.751072	14.801626	0.4814815
NaN	0.0	NaN
NaN	0.0	NaN
1.7307888	2.1789694	0.5555556
4.3949413	12.822774	0.6234568
2.2430396	2.2430394	1.0
12.152209	15.544156	0.22666667
3.3756201	4.5803823	0.4074074
4.5875773	11.528069	0.3125
3.9124806	16.625557	0.22495274
5.8034573	6.1585784	0.7222222
8.164655	24.570492	0.40444446
3.8359473	4.7335067	0.5703125
3.7216399	6.5514445	0.4453125
7.2917986	13.635806	0.24489796
13.877204	20.717283	0.42857143
7.4340696	8.485709	0.43801653
6.679445	14.329648	0.32426304
3.6611335	11.075864	0.33333334
9.739503	14.116025	0.30612245
3.6235654	10.423507	0.5972222
6.7523394	8.580021	0.5
4.915594	17.155983	0.43
6.5928507	9.136264	0.34
3.0204759	5.0126677	0.24567474
7.3773065	8.90427	0.52
6.064018	22.879072	0.234375
8.1843	10.377365	0.3877551
8.642779	19.96142	0.1632653
10.846933	20.096834	0.18343195
5.089837	7.2404075	0.5
12.009533	24.34574	0.19526628
9.235331	18.129679	0.2109375
8.13405	11.778459	0.5
1.5621159	1.5621159	1.0
6.943485	9.61475	0.3469388
8.497401	8.838119	0.5555556
2.8668213	22.350975	0.7218935
10.864868	19.978912	0.15192744
10.345141	11.574109	0.56122446
6.7756357	21.228226	0.175
4.537688	9.521907	0.33333334
4.513127	5.6416917	0.5
7.643817	8.477611	0.5
7.4744444	9.053854	0.43801653
5.111418	10.882598	0.30177516
2.8605244	16.406168	0.6446125
5.217044	16.164734	0.183391
8.916368	17.705994	0.3305785
11.645024	16.272375	0.21875
3.9365864	14.263483	0.4240363
5.28946	22.957912	0.5859375
6.7820787	27.017494	0.16049382
6.5507994	10.602673	0.33471075
9.832885	19.960457	0.22222222
8.849257	27.76309	0.47928995
4.6422935	9.811315	0.2244898
NaN	0.0	NaN
4.341354	4.4217224	0.8347107
7.9807773	25.063581	0.27272728
2.1293771	4.931758	0.4570637
8.085133	12.643359	0.3125
12.17581	15.303347	0.3580247
0.637948	0.637948	1.0
5.5862675	8.485709	0.5555556
3.1205366	19.826303	0.89506173
9.239344	17.54668	0.1734694
4.430895	5.0183682	0.34
3.6960454	7.121296	0.43209878
5.995699	20.383226	0.145
NaN	0.0	NaN
1.9920143	1.9920143	1.0
4.0282927	10.391587	0.625
4.029718	13.691663	0.54
6.7106447	8.788742	0.28
8.2633095	9.432678	0.25
7.549308	15.273891	0.28
5.5467343	12.783443	0.35180056
13.744133	23.114456	0.50617284
8.283201	14.71731	0.13
7.7544384	22.612572	0.20661157
8.588066	8.588066	1.0
8.774751	20.65302	0.16
4.410046	16.412231	0.63434905
4.855169	13.995913	0.2777778
3.843476	7.8922358	0.4
5.0074444	10.10943	0.2777778
12.800953	21.786282	0.2638889
4.7570076	6.2033257	0.52
6.516397	22.498592	0.36
7.8124814	10.106852	0.20987654
5.7870345	15.097361	0.46712804
12.146195	23.860003	0.22222222
3.2297163	8.741375	0.625
6.15824	15.951558	0.2244898
12.080475	20.755032	0.27272728
5.966317	12.776191	0.38504156
9.734232	17.121891	0.18367347
4.4491825	10.960453	0.5972222
7.0909224	13.919029	0.2244898
3.5528114	7.4423127	0.19444445
8.239809	9.416694	0.38271606
4.4543467	5.772557	0.34375
9.544005	27.656166	0.18055555
14.257898	17.8211	0.5
6.5925865	20.086018	0.2384
5.5207214	13.217225	0.4375
8.77546	17.009281	0.25619835
NaN	0.0	NaN
8.341475	11.12534	0.28125
7.6334043	7.6334043	1.0
3.5656579	11.441101	0.3
5.384767	7.3625503	0.52
5.5206003	12.990667	0.285
7.1817966	18.064066	0.28395063
12.4174	19.220364	0.375
9.910448	14.849496	0.44
9.369837	13.085142	0.24260356
2.619009	5.1488547	0.3515625
9.085097	11.574159	0.42857143
10.404899	14.594133	0.33333334
3.034949	14.621409	0.80246913
7.3903227	10.30205	0.3877551
5.7985854	6.0264263	0.3580247
6.0090714	8.73566	0.37654322
6.751503	9.736024	0.30612245
9.754988	22.963049	0.38271606
8.976473	25.575785	0.19444445
3.9717667	15.63825	0.39058173
8.483471	15.964263	0.25
5.9904017	6.98879	0.3888889
4.912161	8.080853	0.2421875
3.9304726	16.123789	0.905
7.178115	16.630783	0.31360948
7.165366	7.7083335	0.52
7.36549	18.917473	0.20181406
5.6729064	13.679369	0.38271606
3.4037242	13.5257	0.68
8.38687	26.52406	0.33333334
2.622196	8.3414345	0.6294896
4.82424	13.374172	0.25
9.080732	16.300634	0.25
7.5415096	15.61716	0.18820861
10.044678	16.434696	0.1632653
5.548976	10.127173	0.28125
11.434906	26.620655	0.25443786
5.896027	10.650422	0.36094674
9.182087	14.872382	0.20987654
4.1537786	11.574006	0.5510204
4.327179	8.534881	0.5
5.437102	8.439953	0.34375
2.0394578	16.62328	0.4488889
3.746517	4.785595	0.33786848
2.4349673	3.9205832	0.7222222
8.031377	11.222881	0.28
4.89054	6.853285	0.44
4.870037	6.5372143	0.625
7.67878	28.743032	0.5510204
7.397081	11.065817	0.3553719
3.4278216	30.232353	0.86734694
3.4898252	9.403998	0.41828254
9.712611	9.712611	1.0
10.00383	22.077898	0.19113573
4.641468	18.68306	0.5
8.198261	19.67654	0.20775624
7.154632	12.70361	0.625
4.404238	4.9246583	0.53846157
5.325359	5.6053367	0.7222222
5.5429606	8.71854	0.2096
7.336668	19.497173	0.25259516
9.390419	20.55922	0.33333334
8.646381	17.537006	0.3580247
4.3592553	8.746897	0.234375
4.8392186	13.159256	0.36734694
10.418137	12.344725	0.34375
7.69266	17.358347	0.15555556
2.069066	4.877715	0.553719
4.477602	4.7335067	0.5555556
8.670496	9.736907	0.375
8.987585	29.626608	0.2465374
7.5383797	10.114526	0.5
7.1498694	8.74703	0.375
14.35479	16.47888	0.68
3.4350052	3.4350052	1.0
6.7250595	27.343105	0.75510204
6.6406097	27.122648	0.33333334
2.2004063	2.685536	0.70247936
4.5787516	9.217341	0.375
8.697803	22.279541	0.1456
6.8819976	10.005018	0.18367347
11.747276	14.632112	0.31944445
6.5417604	9.34994	0.25925925

6.04125	8.97789	0.27272728
7.603027	22.627417	0.3671875
7.9800277	12.956165	0.25
10.102557	10.102557	1.0
8.174209	11.502736	0.18055555
5.1699667	7.629191	0.38
4.0475516	17.889404	0.5822222
8.614181	13.519085	0.75510204
4.221827	6.6261578	0.36
6.75607	14.852723	0.36
5.4920883	6.8054914	0.5
9.598941	12.757163	0.33333334
7.4383087	16.613638	0.38842976
7.5075245	13.814863	0.17355372
4.539656	6.2646623	0.33333334
7.9388785	17.75677	0.22
7.7156296	19.032278	0.26530612
6.388107	7.2372994	0.625
9.840003	12.563291	0.25
6.669185	14.470561	0.31855956
7.174081	8.184079	0.28125
5.5205536	8.506788	0.5
9.621546	17.112932	0.25
7.4933257	21.951809	0.4375
4.110136	12.043724	0.50617284
6.206728	11.512129	0.2892562
7.6031227	15.506747	0.26530612
2.6441157	9.225631	0.54320985
3.2489254	9.420351	0.3888889
6.2967515	11.9556	0.43209878
12.268666	23.747929	0.5555556
19.714106	36.555294	0.33333334
6.602092	10.201032	0.28
5.8013315	13.0614605	0.3552812
13.201953	16.930721	0.33333334
5.4605675	7.530628	0.375
7.62628	18.940853	0.2361111
3.0771697	11.221247	0.38842976
5.831263	16.151173	0.19444445
12.3686075	28.519703	0.1796875
7.912237	14.554743	0.2777778
2.211806	8.491676	0.73964494
9.444336	13.733435	0.19008264
2.8559277	6.6999063	0.34
3.2867393	5.9264336	0.53846157
3.4541862	3.4541862	1.0
4.628712	14.178782	0.24260356
11.871886	18.706678	0.13305898
3.4392824	15.772366	0.36
NaN	0.0	NaN
4.3503485	8.011481	0.2345679
10.939774	16.615171	0.32
5.7000766	12.799903	0.70934254
4.9555883	9.100359	0.42
4.077948	4.141292	0.60330576
6.665168	19.163542	0.3
15.910846	15.910846	1.0
5.0536585	12.152686	0.2465374
5.244598	14.408156	0.24007562
7.1965756	8.152776	0.53125
10.191943	22.901556	0.25207755
10.315826	15.830945	0.28395063
9.358245	9.358245	1.0
9.5617075	24.190042	0.232
12.707251	20.489075	0.22
8.711445	13.75839	0.15555556
5.0150847	5.4809575	0.4074074
4.5324774	6.0446935	0.33333334
13.113354	15.967789	0.5
6.0047445	8.479868	0.39795917
14.427626	26.626308	0.36
7.451879	9.140322	0.33333334
6.1222672	9.207275	0.5555556
3.5182302	8.543599	0.45454547
5.8048387	7.083854	0.5555556
5.5933304	16.850113	0.30666667
3.3036695	8.011481	0.22
11.947763	18.871809	0.14
6.8091593	18.209675	0.20775624
6.919156	9.816799	0.36
3.075255	3.9090304	0.40495867
11.052184	16.279219	0.20710059
15.972261	26.127325	0.30612245
4.1922655	15.646603	0.29166666
11.540322	11.540322	1.0
3.2941902	3.2941902	1.0
3.0193164	3.6532469	0.5
3.4197512	6.2507744	0.50617284
7.1563377	12.102437	0.25259516
2.2096505	3.08544	0.82
5.788307	11.365288	0.29591838
5.8515625	5.8515625	1.0
8.35365	13.060416	0.25
3.3928509	5.7827997	0.34375
2.2731779	2.862644	0.50617284
NaN	0.0	NaN
9.926867	28.430937	0.28
8.024257	18.258572	0.5
3.9946613	11.185262	0.7222222
3.6640236	18.417025	0.66
12.665083	19.370567	0.1875
7.7446074	19.134394	0.625
4.7190104	15.125946	0.43209878
10.090988	15.183759	0.1875
4.6237764	7.418197	0.50617284
4.141783	4.141783	1.0
4.603164	15.644791	0.27788278
5.0314126	5.7176533	0.5
5.744613	10.909909	0.23076923
5.011101	6.305113	0.625
6.0150146	6.324388	0.33333334
6.1346245	7.3189335	0.5555556
5.83523	8.167542	0.28
9.932502	9.932502	1.0
7.395867	11.283683	0.32231405
7.9898133	14.922133	0.22222222
2.9590893	12.888252	0.66
3.614588	8.806175	0.5739645
5.439315	5.646018	0.5
10.8250675	17.181755	0.29338843
1.5752056	9.872766	0.53497165
9.6859	12.320117	0.375
5.3068447	6.8681664	0.38271606
9.40847	9.968456	0.78125
6.0590744	6.9763937	0.52
9.429511	12.377645	0.28
7.9227185	12.573358	0.22222222
5.928396	17.094797	0.38271606
9.155402	15.715092	0.1597633
10.3136425	12.556092	0.18343195
4.508969	16.606144	0.4814815
13.062413	13.062413	1.0
6.502785	15.230523	0.37777779
4.335868	32.441483	0.60544217
4.814301	5.7176533	0.5555556
5.2199244	10.750018	0.2231405
12.225675	21.974524	0.24567474
7.142232	18.075592	0.375
5.691642	14.050069	0.335
6.2751775	13.210836	0.30612245
8.773963	10.988901	0.2231405
16.249407	34.046204	0.19848771
12.504181	18.871809	0.2
8.622049	22.41441	0.26
6.998079	22.461674	0.13378684
5.226753	11.174044	0.54
6.9932437	15.79653	0.2638889
5.535267	8.596198	0.2638889
6.2972174	7.3782563	0.53125
12.613579	23.295393	0.16955018
3.5492089	6.5148883	0.5555556
3.6913953	12.1832285	0.2781065
3.207217	5.207665	0.5510204
3.7180426	11.1031885	0.5510204
6.6974845	18.635183	0.25694445
6.286249	19.376904	0.328125
4.470867	10.087422	0.21428572
5.061644	18.644691	0.1966759
5.04772	6.1327057	0.59375
9.810874	10.79546	0.5
8.113369	12.825494	0.4074074
12.79439	21.469215	0.28
7.5972204	9.571386	0.50617284
10.500496	14.435264	0.15311909
9.176824	10.491527	0.5413223
3.7438595	13.079286	0.46
14.009598	21.112946	0.1388889
8.7273655	12.843659	0.28
13.0341215	13.0341215	1.0
24.110573	46.32973	0.2345679
6.948694	19.642054	0.2345679
10.77579	14.267148	0.19111112
9.557548	19.696741	0.28
4.9860497	5.007601	0.5
6.8898497	10.404159	0.24263039
2.8808086	8.240838	0.7222222
8.262118	12.417936	0.18518518
4.280907	13.342827	0.3610586
9.439184	16.60072	0.2
6.0150175	10.491989	0.375
3.948503	10.703725	0.4876033
14.225361	21.204485	0.1484375
3.5412033	3.8233035	0.52
3.445212	29.525576	0.600907
4.0007906	8.976978	0.42
6.600386	19.793716	0.26530612
7.3737516	16.391697	0.32231405
8.177553	9.031475	0.40625
4.5830584	6.129411	0.385
6.16571	20.849548	0.33333334
5.911512	6.1919346	0.654321
4.1780243	8.879495	0.68
2.9158657	5.20541	0.2777778
5.2659435	11.233726	0.2662722
3.237199	8.238006	0.3888889
NaN	0.0	NaN
5.784061	12.999587	0.5
9.56081	17.529058	0.2514793
7.9258857	13.654649	0.28395063
18.71461	31.70636	0.33333334
7.621863	15.425001	0.2361111
10.465401	18.915834	0.3888889
4.1672635	6.567285	0.41333333
3.9426484	3.9902344	0.52
8.329505	14.935973	0.2244898
2.910786	3.7072158	0.43801653
6.2928786	14.180379	0.29085872
4.5615263	8.936588	0.34
2.2692068	11.928481	0.4602076
6.107738	12.701387	0.24489796
5.658385	33.177265	0.7083333
6.6165557	11.269393	0.32098764
6.343643	9.281913	0.5
9.563837	20.098362	0.18343195
5.866508	10.00897	0.26530612
4.976507	5.1624184	0.68
4.210434	9.733662	0.5555556
8.724688	13.790596	0.375
4.0941386	11.400086	0.21107267
5.885697	6.91173	0.59183675
6.5743446	8.576978	0.34375
10.395086	19.187574	0.28
3.3901398	6.3788934	0.4609375
10.250601	12.374955	0.28
6.5308514	12.331827	0.21893491
10.659643	27.219038	0.24489796
6.4532394	11.372683	0.30612245
6.002508	7.2184777	0.4074074
5.7993927	32.487175	0.74489796
12.811866	15.947985	0.5
6.1750007	9.590579	0.5
NaN	0.0	NaN
7.161816	14.788034	0.18367347
10.324144	12.448945	0.33333334
2.212015	2.212015	1.0
4.3491488	5.9551463	0.28922495
6.2099752	14.657748	0.2318339
8.295937	14.489805	0.2733564
3.5223513	4.801103	0.375
6.558336	11.6830435	0.3
9.8565235	21.886543	0.171875
6.7589083	12.592741	0.17159763
5.0165935	5.016593	1.0
9.857657	13.959284	0.36734694
4.9067984	6.237628	0.40625
3.0026565	3.0026565	1.0
14.806852	20.405027	0.5
6.0454855	16.20694	0.2802768
5.917237	7.821422	0.5
11.8990755	28.9644	0.19387755
4.1224494	4.1224494	1.0
10.645864	19.848734	0.15625
2.9415092	13.752401	0.35416666
3.4087825	6.3687043	0.41836736
9.123028	22.748608	0.30578512
4.7521825	5.531299	0.5555556
9.438319	20.238142	0.2249135
5.901524	24.38614	0.3265306
5.2182407	11.425988	0.25519848
11.301409	18.132633	0.21893491
7.31568	13.211113	0.25510204
7.038282	17.453491	0.4375
6.3215775	17.421694	0.33333334
6.066411	7.594889	0.36
4.2765565	17.280127	0.5644444
8.9165945	12.339323	0.375
12.0426235	18.428307	0.375
8.0927725	13.602938	0.43801653
8.949159	10.831894	0.28
4.257747	6.9634514	0.2345679
9.695204	15.618983	0.205
8.423635	12.799903	0.15625
7.2993736	9.975028	0.3469388
8.586994	13.209058	0.2
14.363257	22.524078	0.2777778
10.262961	17.670776	0.1484375
6.479496	8.039016	0.2777778
6.8705707	13.595877	0.33950618
6.196303	11.0888405	0.6885813
7.667111	10.844678	0.41666666
6.363969	11.2395735	0.26530612
7.783661	14.82225	0.24074075
5.918068	6.466635	0.5
5.9557185	28.12737	0.25
7.1681504	17.879803	0.27272728
4.715702	11.6306925	0.265625
6.6111307	9.719812	0.42
5.409951	20.1723	0.2244898
3.2471757	4.749608	0.37755102
10.677544	13.475573	0.25
6.97416	10.404159	0.28
6.4057083	10.783201	0.3
9.191664	9.191664	1.0
5.475283	5.475283	1.0
6.683724	6.683724	1.0
10.244825	26.358007	0.59375
5.2960825	8.355792	0.23076923
7.006178	16.970436	0.3125
4.7397747	10.836017	0.33333334
7.0166364	10.783201	0.16444445
3.0695376	4.586902	0.52
5.9580207	10.21302	0.46875
6.5798364	12.160417	0.20415226
4.5304995	5.8419585	0.3372781
8.138317	14.552918	0.1796875
4.4701834	9.281913	0.66

8.992032	19.723461	0.5
5.8641977	8.850437	0.28395063
2.6584206	3.1657403	0.70247936
5.9470806	15.591006	0.20181406
11.723247	15.506652	0.28395063
3.5662344	12.279501	0.7229917
7.206421	19.77661	0.28994083
7.594162	16.78134	0.2802768
11.488003	18.306581	0.12396694
3.269651	14.720586	0.42
8.281163	8.281163	1.0
6.0737224	7.0322385	0.3046875
7.8020353	12.646676	0.26
11.135907	24.208313	0.18367347
2.6793785	7.201236	0.5147929
6.0022926	7.482461	0.5
7.6338496	9.394634	0.5555556
10.060281	15.580353	0.43209878
10.05813	16.0	0.3
4.5096726	10.909276	0.625
9.804186	17.290823	0.1875
8.63121	16.0	0.5
11.432819	22.627417	0.375
11.839452	13.906894	0.33333334
2.8688529	5.0415115	0.36
8.120804	13.439137	0.2107438
NaN	0.0	NaN
8.816595	13.556504	0.33333334
3.2072606	5.6279454	0.4814815
6.701557	23.342442	0.18559557
5.588598	12.949505	0.2777778
9.621435	22.89387	0.36734694
4.7601347	6.843006	0.21893491
5.6307583	13.132474	0.21893491
5.960321	13.97274	0.2361111
7.5042987	16.24554	0.18595041
7.0373363	11.127883	0.25
23.70706	23.70706	1.0
9.728978	18.059679	0.21777777
3.4569805	9.842191	0.46875
9.266579	25.374407	0.28
8.987158	15.470222	0.16
8.82645	11.772295	0.18
9.35536	13.039394	0.20408164
7.8865366	18.466246	0.26530612
7.5583715	13.9254	0.3877551
5.223745	10.277281	0.1875
5.109366	9.9349165	0.17901234
10.221547	12.94276	0.5
5.774955	14.67012	0.6296296
3.1323166	4.866774	0.40484428
4.4710436	11.794428	0.40444446
5.8751354	10.261031	0.2361111
3.525419	7.0281873	0.3181818
9.869207	19.72249	0.32
5.672411	11.470839	0.41
4.3288374	9.312562	0.59183675
6.90707	10.965235	0.20408164
6.0203958	13.111823	0.24
NaN	0.0	NaN
10.369247	28.724895	0.1875
4.928826	10.42547	0.3472222
5.4094577	18.007818	0.33333334
5.4093924	17.567509	0.24444444
2.5063012	5.784624	0.50617284
6.5014925	12.825352	0.45454547
8.26634	15.252283	0.18518518
11.2414465	29.296843	0.23875433
5.182368	12.697556	0.42
8.452913	11.648217	0.19111112
7.80218	12.379007	0.3888889
NaN	0.0	NaN
5.9117627	14.006647	0.42857143
9.188578	10.397404	0.28
8.025372	9.534404	0.5555556
9.71038	12.786945	0.21428572
8.200152	12.379007	0.46
8.333961	15.050746	0.16955018
10.30075	13.636238	0.20710059
11.575276	27.934769	0.28
2.8321533	9.218564	0.40828404
10.253405	20.970673	0.26530612
7.35389	14.491432	0.20710059
14.445754	25.286402	0.2361111
6.2782702	9.144367	0.2244898
3.5259683	9.820421	0.45328718
8.226691	16.906515	0.2892562
3.4140942	12.857537	0.34948096
6.4108553	10.510619	0.5147929
8.636349	19.059433	0.16897507
6.1895294	20.888136	0.4602076
7.041402	15.715581	0.19008264
8.3685	21.291397	0.2
10.04043	18.529266	0.3877551
6.9874372	22.98375	0.225
6.81823	11.192445	0.1392
NaN	0.0	NaN
12.143469	22.81399	0.295
9.425687	20.632095	0.13017751
5.420043	6.731114	0.50617284
7.134096	8.704136	0.80246913
9.424131	16.13807	0.375
5.6912384	13.828723	0.38271606
5.694971	5.694971	1.0
5.3194933	5.7232056	0.25
2.240616	2.240616	1.0
8.751274	16.24492	0.16666667
5.87051	12.478023	0.18367347
4.6024933	8.152236	0.5739645
7.57698	25.453814	0.23076923
2.5696607	7.9816833	0.6859504
9.884923	18.262737	0.21777777
5.1543217	7.1677303	0.37190083
16.002895	25.904795	0.28
10.895801	20.65292	0.26530612
10.735263	17.845018	0.25619835
8.7221775	13.762165	0.2
14.145425	14.145425	1.0
6.456165	11.969914	0.42857143
8.351885	16.841337	0.20987654
6.217686	6.5143747	0.53125
10.506962	29.575483	0.45454547
5.414776	14.759489	0.27437642
6.8918977	11.205528	0.33333334
13.345487	19.76805	0.2244898
8.077645	8.427951	0.625
7.5694118	9.115614	0.5555556
5.4701276	15.01971	0.35185185
5.2113504	8.054481	0.34375
7.70085	14.276563	0.36
8.168333	8.168333	1.0
11.4595175	20.472275	0.11909263
5.1893597	7.1699157	0.3472222
2.5351305	7.5827065	0.37654322
NaN	0.0	NaN
NaN	0.0	NaN
3.0148935	3.8220608	0.375
4.3191757	10.218049	0.39555556
7.2099066	13.011095	0.25
11.262646	13.232214	0.6296296
11.29193	19.852417	0.25925925
6.1108193	7.471201	0.40625
12.698672	18.60588	0.22222222
5.500496	9.420094	0.25925925
8.554736	18.461178	0.30612245
7.4541693	19.035574	0.2244898
8.837718	19.799719	0.20408164
3.7883844	6.4929557	0.2777778
3.046112	16.234568	0.6885813
10.048457	10.373195	0.5555556
5.834858	12.690511	0.24099723
5.8158035	18.460688	0.2578125
11.266809	28.461288	0.16824196
2.9542868	6.9773903	0.7688889
10.902625	11.671326	0.625
8.469161	17.548168	0.28395063
2.240616	2.240616	1.0
12.696503	27.336683	0.338843
8.387515	13.271415	0.375
9.629991	10.095425	0.5555556
5.3777986	7.443375	0.42857143
8.948649	16.923853	0.28395063
12.328965	22.899174	0.20710059
6.5585837	13.494674	0.175
7.448308	8.704136	0.5
5.115168	9.6946745	0.42857143
6.1408043	12.029681	0.46
4.37221	19.938074	0.43195266
5.8023105	8.120285	0.30864197
7.0371227	17.205818	0.3125
1.4947158	1.4947158	1.0
3.9459703	4.232054	0.50617284
6.347264	18.496391	0.1800554
10.155019	12.561565	0.3877551
11.013712	12.833491	0.30864197
4.653503	12.797274	0.19444445
4.1829324	10.697807	0.43195266
4.273376	16.089317	0.5047259
6.0532413	10.920783	0.2603306
5.00964	9.510114	0.3553719
8.85108	26.84539	0.18
11.825418	11.825418	1.0
15.88078	30.05545	0.16
9.770946	12.734519	0.33333334
7.043459	18.55281	0.28395063
4.0484834	7.7952724	0.5555556
7.2561707	11.796216	0.30612245
5.7769756	6.5423455	0.36888888
11.353217	28.398695	0.34375
8.4708605	14.566203	0.46875
5.4396424	9.229358	0.30612245
4.2334905	19.187181	0.5644444
6.6742706	9.690013	0.28125
10.788073	22.455214	0.11111111
7.910078	16.107178	0.21893491
7.896712	15.536263	0.20408164
5.6117883	9.649475	0.20661157
1.8206787	2.7706354	0.51246536
4.4536867	9.510965	0.21875
5.9922357	17.649166	0.20833333
2.11423	3.3490598	0.5102041
4.865458	16.998562	0.2857143
5.482184	19.93955	0.2888889
13.156153	18.895205	0.25
3.4346502	3.4346495	1.0
6.996922	14.459509	0.21893491
4.4466743	6.042322	0.375
7.6070185	10.611247	0.5
6.136697	19.472425	0.34375
10.160517	15.982908	0.2244898
9.372922	30.664022	0.5
9.508409	19.089697	0.5510204
8.838669	17.448156	0.46875
7.3760347	9.398439	0.25951558
6.096419	10.351823	0.19723183
2.1345062	9.979839	0.6622222
11.59232	18.690903	0.19008264
11.110366	11.110366	1.0
7.6601562	15.363362	0.3888889
4.24032	7.126849	0.43801653
4.838971	7.2707114	0.6859504
4.1838455	4.1838455	1.0
8.033757	18.17089	0.125
6.1703444	21.258392	0.45918366
5.1774716	7.7253356	0.3125
6.1492677	18.761576	0.1875
3.0834444	8.617693	0.3961219
10.174956	13.256174	0.5
5.201289	8.165749	0.43209878
12.91495	35.531822	0.2299169
4.110644	5.625327	0.5102041
4.142029	13.073411	0.3511111
8.765491	19.164856	0.15306123
2.3764715	2.3764715	1.0
5.159681	10.487718	0.22222222
10.939487	23.34629	0.17901234
5.7280364	9.9268	0.265
17.923203	17.923203	1.0
6.5021596	10.937	0.25619835
10.999667	27.479916	0.19444445
5.4709086	7.347668	0.5555556
3.1917844	11.317749	0.66
4.833965	6.0067058	0.5
8.659693	17.209038	0.32544377
6.3652754	17.110764	0.18367347
6.5064178	11.667812	0.42
5.358075	17.219492	0.33673468
11.296073	16.600681	0.26530612
4.881137	19.586477	0.43801653
7.819288	10.004783	0.25
7.2151628	15.683055	0.2244898
5.459925	10.978739	0.34
16.939026	22.323486	0.15625
3.39858	16.126839	0.47530866
5.158068	13.1348295	0.2512
8.862767	8.862767	1.0
4.613823	13.660684	0.3553719
8.449066	9.321262	0.52
4.926767	10.609386	0.36
10.629341	10.813496	0.5555556
5.349019	6.309842	0.38
3.5540445	8.542278	0.5390625
7.645585	10.389233	0.31555554
6.5015287	13.153591	0.3194707
4.838888	10.41391	0.3472222
4.9825087	4.9825087	1.0
7.3914857	14.308277	0.25
5.427881	7.2674375	0.4488889
10.722886	23.962862	0.2777778
5.8543344	15.596202	0.19135803
8.047443	15.786728	0.375
3.3203487	3.3921916	0.8472222
7.97251	12.709983	0.375
10.149045	18.964972	0.125
3.4346495	3.4346495	1.0
5.013199	10.937	0.375
12.281987	21.369179	0.28395063
10.299506	22.710823	0.6213018
6.494686	12.747571	0.30612245
3.2597048	3.3490598	0.5555556
8.623077	11.178742	0.6296296
9.350797	17.629065	0.44
5.70144	10.277416	0.43209878
7.176634	7.176634	1.0
7.419805	12.680423	0.47928995
4.1637197	12.041364	0.75510204
4.1674576	11.631017	0.44
5.582403	6.8883624	0.36
4.619039	5.8123736	0.5
8.396585	24.736675	0.5833333
5.161576	10.960449	0.20661157
17.366076	20.014984	0.5102041
7.938425	9.784063	0.375
9.484434	18.142136	0.2421875
3.895649	6.9458413	0.4722222
6.7643404	11.82211	0.39795917
13.712941	18.292274	0.2777778
6.972152	17.823257	0.19470699
3.1496887	5.625327	0.28395063
9.940705	14.665346	0.30612245
13.2155	20.105263	0.33333334
4.4831877	4.4831877	1.0
8.499587	15.363362	0.24
18.164906	41.550854	0.12802768
8.853332	11.589914	0.20987654
8.578204	9.212431	0.625

12.560491	17.55547	0.21777777
2.9817836	2.9817836	1.0
11.008871	16.051489	0.23875433
5.9764676	8.41222	0.56786704
2.8510897	16.0	0.3568
7.831542	16.43469	0.20987654
3.8424106	9.919758	0.50617284
5.594693	17.032644	0.5
7.517658	13.555452	0.375
7.1042194	11.981583	0.3888889
4.9461923	7.2248526	0.26530612
10.62058	15.9071865	0.32231405
4.2203593	10.577327	0.32231405
9.106957	24.547424	0.3671875
9.29112	16.0	0.19111112
5.1925907	13.450606	0.3372781
8.519485	11.170199	0.25
6.957413	16.106777	0.23469388
4.192419	13.228333	0.37037036
9.850416	16.14551	0.24074075
3.4188852	10.40082	0.7734375
8.086398	15.615802	0.2781065
14.295238	14.295238	1.0
7.168515	8.746871	0.5
6.229645	13.043206	0.3372781
4.0574474	11.172825	0.5555556
9.649473	20.086088	0.23076923
7.814837	7.814837	1.0
5.86016	17.760511	0.2888889
5.0158997	7.6551814	0.37278107
7.5985675	19.186356	0.31632653
6.1079135	21.982124	0.2244898
9.312459	19.561129	0.68
3.9395905	16.43366	0.42011833
5.6816344	8.092343	0.375
5.185607	10.853897	0.28
7.2990885	10.363501	0.375
8.165098	8.165098	1.0
3.8220987	8.429051	0.2638889
5.701886	7.7367177	0.30612245
8.183791	15.473124	0.19031142
3.7647963	14.647877	0.50617284
2.6834888	23.056654	0.5734072
9.873608	22.505335	0.28125
3.1179821	4.6989613	0.52
8.720259	10.486905	0.44
12.31542	12.31542	1.0
12.123425	22.005499	0.375
8.816482	15.744592	0.23958333
5.051259	13.348403	0.40625
7.409335	20.51877	0.37618148
11.117458	18.878298	0.5
5.339197	8.521555	0.43801653
4.202325	11.178718	0.30747923
4.051737	9.402331	0.48765433
3.519561	13.624428	0.76
4.391633	22.612354	0.29591838
4.471228	13.154856	0.29085872
9.382458	12.187686	0.33333334
6.9800377	10.334289	0.44
7.835496	11.256432	0.21875
7.167434	9.416339	0.8347107
7.837082	12.785	0.24260356
4.0376444	6.423347	0.46
3.1135828	4.27813	0.26222223
4.649166	11.259963	0.4861111
9.960194	18.276855	0.34375
3.5303535	4.916567	0.33333334
9.004788	20.5486	0.43055555
9.602679	18.750908	0.296875
10.447791	24.269089	0.23875433
9.496365	9.496365	1.0
4.553321	8.0836935	0.28395063
3.7755852	9.125535	0.4876033
10.969391	20.004238	0.11111111
6.0662956	33.91045	0.19274376
9.390325	14.442051	0.2345679
5.3024516	11.925776	0.5859375
5.247209	6.9867644	0.33333334
0.79749936	0.79749936	1.0
7.6828103	9.249264	0.5555556
3.6663876	3.7865412	0.625
11.982885	15.429971	0.36
8.6118	14.606646	0.33333334
6.9769526	6.9769526	1.0
7.09459	11.439144	0.5
6.7744102	16.665356	0.32
9.174456	17.06913	0.25
4.0432024	12.80289	0.3376
6.171075	8.311865	0.42857143
10.816118	13.79048	0.44
9.601478	27.81693	0.2781065
8.821102	20.758442	0.33333334
3.0726745	17.543201	0.76
9.4735565	9.4735565	1.0
7.6267962	22.303343	0.16049382
3.74556	7.4332914	0.30578512
7.34649	8.0594	0.50617284
3.7517407	13.43842	0.375
9.820316	16.299898	0.3888889
8.49391	8.617561	0.34375
7.800318	17.546856	0.2231405
5.711113	13.915898	0.3580247
5.5616817	9.778735	0.1875
2.3855515	3.316231	0.75510204
10.182458	17.343891	0.5555556
14.0435915	17.430391	0.28125
12.884058	21.797834	0.58
6.091814	6.899584	0.5555556
12.303484	38.759815	0.14
9.605979	18.042044	0.5510204
4.881744	15.239848	0.183391
6.1298733	13.976369	0.2781065
9.35516	16.346794	0.1875
9.014804	10.863934	0.52
2.5676606	2.5676606	1.0
4.120566	8.5765705	0.33333334
NaN	0.0	NaN
5.045637	14.97023	0.22
7.015963	17.29125	0.28395063
10.072126	15.225627	0.215
7.4914074	12.772355	0.25443786
3.168824	3.1688237	1.0
3.9886422	6.5939403	0.44
8.699294	13.849794	0.5
3.7948365	17.254198	0.29777777
3.6426177	8.291534	0.27272728
7.7708426	12.954055	0.375
8.736459	22.157259	0.21893491
5.408631	6.4100866	0.3469388
4.467245	16.27867	0.20661157
9.763553	26.651304	0.16444445
5.4111214	16.342445	0.15625
8.143612	19.513603	0.3125
8.788937	14.505002	0.20661157
9.352415	12.241086	0.26530612
NaN	0.0	NaN
8.744232	22.385342	0.18402778
7.196823	14.58047	0.21875
3.5524483	8.511803	0.44
9.203194	11.743147	0.3553719
6.4457016	10.976113	0.42857143
2.358867	3.9977183	0.375
3.606951	6.1816263	0.17355372
6.9973707	12.3223915	0.68
2.7947373	3.1529527	0.58
5.10848	16.70508	0.44378698
2.9817834	2.9817836	1.0
3.5759466	13.849227	0.47845805
5.542154	8.398332	0.54
12.068547	26.10001	0.18367347
5.8156185	8.041483	0.5555556
7.6141686	13.831201	0.22222222
7.934923	14.444631	0.22222222
8.2766075	11.589185	0.28125
6.297125	7.1677494	0.5138889
7.609248	10.625816	0.5
5.07243	12.503436	0.38842976
4.009202	6.4802604	0.20775624
1.8196539	4.9655123	0.52469134
3.900999	14.600126	0.30747923
4.526288	11.2808895	0.6622222
5.039044	12.288712	0.29
7.011544	7.011544	1.0
4.4607115	7.456195	0.68
6.1775527	12.825507	0.5
5.101343	16.539656	0.29411766
8.792644	17.00943	0.16049382
11.466647	18.496212	0.2361111
6.846122	10.0428295	0.5
10.903048	11.398486	0.68
13.693287	17.552694	0.4861111
27.662804	58.89036	0.37190083
4.129807	13.065765	0.23966943
5.6138043	17.473639	0.45918366
7.0737844	15.587835	0.33333334
12.402561	13.181826	0.33333334
8.921026	13.675148	0.26530612
5.5525784	22.447132	0.43209878
5.609279	6.8843775	0.625
5.615071	13.840678	0.21428572
6.140594	14.672889	0.24007562
2.5163302	5.8514967	0.31855956
5.8304796	10.112402	0.375
10.238052	12.037698	0.5
7.1065793	15.955606	0.36625513
5.879729	15.218466	0.4826389
6.524387	8.801434	0.42857143
3.688118	6.718157	0.43195266
4.565922	10.569949	0.22437674
10.199954	19.728447	0.13494809
8.334708	22.931074	0.32
8.081608	23.579784	0.23076923
7.967533	11.745233	0.33333334
3.8351626	5.0292516	0.5
5.7570004	14.631298	0.42011833
5.2839494	7.4861364	0.3888889
6.861751	15.435605	0.1875
3.8076828	4.6456947	0.36
6.714667	14.848803	0.36
8.64075	13.87257	0.30612245
6.2237306	22.926497	0.26474622
1.4593446	1.4593446	1.0
8.359143	16.462008	0.39100346
4.7331243	7.255136	0.25
3.548729	4.6252847	0.33333334
10.873191	24.408945	0.17333333
NaN	0.0	NaN
5.275934	10.40082	0.20987654
6.0102963	23.114948	0.16052319
7.041206	18.247534	0.328125
9.063765	22.885456	0.205
9.595969	15.213924	0.31632653
3.6896756	8.711784	0.32544377
5.752994	16.456663	0.43195266
2.7931747	2.7931747	1.0
6.038205	10.164641	0.5
10.862211	26.638933	0.2299169
3.6141315	3.6141315	1.0
9.751068	14.353492	0.20987654
3.704431	10.271608	0.5822222
5.39214	12.98678	0.2644628
2.7694519	11.346285	0.8347107
5.474326	11.604017	0.38
7.50149	7.5014906	1.0
3.649414	3.649414	1.0
7.1218038	16.63808	0.30578512
10.218475	20.497108	0.14186852
7.441202	10.534019	0.2777778
6.4886665	11.352883	0.31632653
5.297752	15.26088	0.41666666
11.262333	12.772355	0.38271606
7.6381946	9.619211	0.30666667
3.9666355	12.648172	0.2962963
8.605808	9.689475	0.33333334
11.557756	11.557756	1.0
9.840886	24.525024	0.19111112
6.7587466	9.132092	0.3472222
6.8480306	25.921015	0.23140496
9.015039	12.856641	0.1875
7.1273203	8.397683	0.625
7.778237	13.917566	0.5
5.948126	5.948126	1.0
3.2765925	7.011544	0.28395063
4.980252	10.735326	0.3580247
10.750277	32.270344	0.28
7.444993	11.199754	0.44
14.145789	20.943325	0.3888889
6.6765633	12.60292	0.5510204
7.8990474	7.8990474	1.0
11.584187	19.39473	0.34072024
9.891729	9.891729	1.0
5.822333	11.210175	0.52
5.2270017	10.057361	0.6859504
3.1469502	12.544754	0.68
7.900264	17.301706	0.17159763
17.319155	21.264694	0.33333334
4.525086	7.2376113	0.5555556
5.519851	7.6551814	0.2361111
4.5043974	8.324607	0.625
4.6610355	12.684337	0.45454547
2.906666	6.2196445	0.6859504
NaN	0.0	NaN
9.849951	14.621123	0.28
3.0441637	7.9278393	0.70247936
3.7424507	9.921822	0.2244898
7.2301793	13.672893	0.30666667
20.606524	22.633938	0.5
3.2729979	6.2363486	0.3628809
10.908459	13.784897	0.25
7.4187174	24.491505	0.2802768
2.104029	4.898736	0.3
6.26696	8.768552	0.5
8.631712	9.379386	0.34375
4.09535	9.921034	0.3877551
7.44555	15.577963	0.3125
9.102509	13.917136	0.2890625
7.703985	17.17821	0.15235457
8.448728	13.551564	0.3580247
10.032397	13.46814	0.26
15.619565	24.020798	0.5
8.410985	25.902472	0.3125
3.933262	10.484621	0.3888889
2.6796818	5.098877	0.51800555
7.7300987	10.4479	0.34
6.668689	19.639978	0.20661157
2.1911182	4.580851	0.52
6.80529	8.522026	0.5
5.6201015	13.24107	0.38842976
7.032553	12.997508	0.3
4.930248	9.376046	0.42
7.4664464	10.6595	0.3553719
7.390992	26.819439	0.39555556
7.392343	8.482175	0.33333334
3.9072952	4.005771	0.5
4.2117505	4.5139866	0.43209878
5.372927	23.446306	0.34430727
11.542306	36.00673	0.25
9.436027	16.681334	0.30612245
11.198055	20.771042	0.32231405
8.966328	21.680141	0.553719
3.801301	3.8013012	1.0
5.0931983	20.60916	0.32544377
4.155597	4.155597	1.0
5.088621	9.11633	0.2345679
11.461882	16.602287	0.36

3.0440567	4.47323	0.50617284
8.795473	14.594077	0.3
7.8962255	7.8962255	1.0
8.809026	16.237186	0.31944445
10.07892	12.770078	0.5
7.827878	16.079264	0.375
8.658886	8.999775	0.625
10.472119	14.457219	0.33333334
9.508785	17.479588	0.25
9.036069	17.589102	0.25619835
6.3771906	16.0	0.29300568
3.1571605	3.469612	0.44
10.620276	16.0	0.26530612
3.5241134	9.74919	0.2711111
13.466554	25.119173	0.1388889
9.701879	16.0	0.30193907
NaN	0.0	NaN
8.473926	16.561836	0.20710059
3.2776845	10.155656	0.49333334
7.792231	7.792231	1.0
9.164466	16.0	0.34375
4.5944557	15.187888	0.37755102
10.073013	14.84219	0.1734694
9.781625	14.113503	0.3125
8.790594	9.24746	0.5
3.727618	5.0098257	0.3469388
5.6117	11.878635	0.2892562
9.777367	26.504261	0.3
9.86576	17.487799	0.1597633
10.547005	14.038477	0.34
2.3832004	2.3832004	1.0
4.2839036	11.089287	0.25951558
7.514766	12.440084	0.19526628
5.3308964	16.491425	0.44
3.9440725	6.439432	0.33333334
6.059985	13.940819	0.20181406
5.4144564	10.782873	0.23469388
8.248746	9.879553	0.28
10.59827	19.105507	0.19008264
6.6366177	15.648571	0.5833333
6.7427053	17.384363	0.22222222
8.761036	17.293879	0.20987654
3.807088	13.417564	0.43310657
12.314783	22.293661	0.11570248
9.124679	13.185427	0.20661157
11.619596	19.450645	0.43209878
4.9705696	6.07881	0.375
3.9920933	8.0808115	0.54
5.7769804	8.130032	0.2755102
10.233835	13.166898	0.375
10.208143	19.154785	0.21875
12.041897	20.717756	0.3580247
14.456021	27.223137	0.16666667
6.0331426	19.304821	0.34567901
6.5139346	8.313301	0.43055555
8.549352	19.963919	0.22222222
4.37046	19.406546	0.30578512
6.948936	29.35158	0.2781065
8.63446	13.857258	0.33333334
9.101817	9.101817	1.0
8.769672	20.169521	0.2231405
5.6576242	11.685735	0.25
8.753948	17.016798	0.14049587
6.279412	17.274231	0.27272728
8.45283	14.24912	0.30612245
17.905825	38.481876	0.2345679
6.5924144	22.685068	0.17768595
7.734292	10.070892	0.30864197
9.511476	15.509897	0.15555556
8.057665	17.74262	0.26
7.563295	9.102653	0.2
7.8220477	16.695492	0.42857143
13.196199	17.709084	0.375
4.575472	4.753486	0.5
5.718306	14.706408	0.26530612
7.636278	14.407782	0.30578512
8.247168	11.212749	0.30612245
8.535573	8.535573	1.0
4.4610105	7.7747345	0.30612245
NaN	0.0	NaN
9.926092	16.776716	0.25925925
11.331203	13.039125	0.2231405
3.8118486	9.186561	0.5
6.072365	11.959401	0.3580247
8.362058	16.162085	0.2638889
10.284873	16.069872	0.33333334
3.6513834	4.591847	0.5371901
7.5456767	14.050627	0.38666666
7.2922535	11.3078985	0.22222222
6.270243	12.7214365	0.36
14.758904	19.568382	0.33333334
11.488637	19.937304	0.26869807
6.0157595	20.879238	0.28395063
7.940448	16.55337	0.23966943
8.244056	19.472141	0.31555554
4.4689593	13.406887	0.2654321
4.44515	10.007411	0.3148148
4.92739	15.939062	0.328125
13.487916	13.487916	1.0
8.44763	10.935998	0.36
8.077788	10.99531	0.5555556
10.235644	13.32227	0.3
7.96983	15.404218	0.34072024
11.8222685	18.716148	0.3877551
9.913898	15.516059	0.25259516
8.882313	15.999494	0.33333334
9.746163	28.791481	0.2361111
6.0355678	9.86347	0.25
1.8571837	1.8571837	1.0
8.191686	12.76339	0.3877551
7.326813	7.336035	0.5
4.364784	5.5362554	0.5
7.2963066	10.702852	0.28
5.825793	10.097178	0.4814815
5.0147467	18.539997	0.34911242
3.1984086	15.676131	0.35459185
5.330723	6.2085495	0.52
11.803772	14.411173	0.625
2.128763	10.023236	0.7083333
6.7597556	7.3035927	0.5555556
2.3083858	2.3832004	0.654321
6.211677	14.672358	0.20888889
4.6642184	15.892721	0.42011833
9.696882	18.665743	0.44
4.9139285	13.239556	0.35640138
4.758397	6.5135474	0.3
6.2442765	6.2442765	1.0
6.4966307	19.71205	0.38429752
10.921692	21.730177	0.25619835
5.947971	6.1120763	0.625
8.967914	30.67073	0.30864197
10.150511	15.0932665	0.46875
9.39219	15.974691	0.26530612
9.52355	10.8943	0.375
4.641341	11.688121	0.22222222
8.385248	14.23715	0.21428572
5.9945703	12.521035	0.625
9.002207	14.777088	0.33333334
3.0528257	4.7119308	0.7222222
7.5980124	20.551743	0.305
4.7693725	18.356451	0.2857143
5.182829	6.766449	0.33333334
5.704572	20.95943	0.3964497
7.0761924	11.158295	0.21107267
4.9397383	16.119516	0.51
6.2644916	10.171245	0.46712804
7.991716	24.224552	0.22222222
5.6732717	10.429605	0.25925925
5.6649323	19.815403	0.20987654
13.1213045	33.85476	0.26530612
7.977213	23.32359	0.30555555
11.388593	23.35472	0.20408164
4.5363784	9.143936	0.33333334
4.642221	6.488863	0.30578512
6.508494	10.52244	0.19444445
3.0013945	6.766449	0.7083333
5.846148	16.03507	0.375
13.128698	26.172188	0.1570248
4.2368045	14.380455	0.28826532
4.9184303	9.879553	0.34375
10.19208	16.674877	0.125
6.205183	24.926477	0.2777778
4.195689	9.409774	0.265625
11.884234	19.302013	0.33333334
10.12368	18.45196	0.18
16.99557	26.76444	0.33333334
5.617436	6.1438146	0.58
5.703854	8.883766	0.33333334
8.333368	8.9313	0.7222222
NaN	0.0	NaN
15.003337	21.337818	0.30612245
7.957313	18.85297	0.24260356
10.616609	18.418257	0.21487603
NaN	0.0	NaN
4.089934	13.467654	0.63265306
4.596304	5.745871	0.39555556
3.9860818	5.5505652	0.5555556
5.037045	7.6559873	0.6213018
7.9437175	14.409916	0.1800554
2.5651913	7.074756	0.44044322
4.335657	11.719711	0.50138503
7.1572266	14.848248	0.14814815
3.0224416	7.2789407	0.4463668
11.283874	45.72089	0.26530612
4.3281765	16.175686	0.4375
6.4414654	6.8518877	0.50617284
8.650206	29.344738	0.4375
6.173079	7.123201	0.2231405
7.9191823	15.930687	0.30578512
10.978137	31.500792	0.32444444
8.13045	10.428748	0.28395063
5.6915836	8.09613	0.33333334
8.224268	8.922475	0.53846157
7.8380423	14.460686	0.19723183
8.433724	12.203521	0.33333334
5.0071874	25.663612	0.4814815
3.5549734	9.111826	0.24567474
7.1922913	8.753882	0.31944445
4.3152394	10.50762	0.28512397
7.762076	8.246509	0.52
15.295597	17.534634	0.40828404
5.8817096	19.780878	0.19008264
9.7198105	26.28296	0.392
10.748679	21.90365	0.20833333
NaN	0.0	NaN
5.7907515	11.644529	0.2244898
5.0171647	13.487916	0.23
7.616451	9.063271	0.5510204
9.476841	11.698121	0.3
5.630634	15.075133	0.24489796
9.040982	12.365496	0.2244898
9.0860615	19.942444	0.3469388
12.188179	21.625414	0.25
11.554071	29.516907	0.20987654
9.780283	39.587627	0.3125
9.991868	15.805609	0.2777778
6.9362464	10.97103	0.2638889
2.0146966	2.0359502	0.75510204
2.1023574	8.082076	0.80246913
7.9913344	19.02043	0.5085066
6.3685093	7.937492	0.38271606
4.2397895	9.120006	0.3888889
8.5513735	18.925507	0.26869807
4.5764594	4.5764594	1.0
7.518615	14.096484	0.2345679
7.472047	10.969649	0.5
7.8884525	9.200063	0.42222223
5.265219	18.970112	0.6296296
14.058283	19.803265	0.5
4.7960567	5.0156536	0.5
6.0540032	6.5768504	0.75510204
7.317169	18.141006	0.2
2.4696743	2.4696743	1.0
12.504395	32.21258	0.1875
6.65999	11.351395	0.29639888
5.6875267	14.928784	0.44
5.8788595	9.815332	0.26530612
4.576874	16.2439	0.26859504
10.989483	16.797457	0.5555556
13.299562	18.327301	0.25
7.291476	17.81722	0.28
6.405476	16.709751	0.18367347
4.861139	22.904747	0.42
6.0583763	13.120688	0.34375
1.5735568	1.5735567	1.0
8.314967	8.408123	0.59183675
7.786838	9.108397	0.5510204
7.456567	8.9313	0.2345679
2.6463766	7.336035	0.25925925
1.3548926	1.3548925	1.0
4.3432016	11.738935	0.20408164
NaN	0.0	NaN
5.2163944	17.276297	0.41333333
5.1844745	7.5487905	0.50138503
5.6470194	8.922475	0.28
5.7659154	14.5715275	0.37
4.9540443	4.9540443	1.0
8.335089	17.262527	0.33333334
9.879547	15.019299	0.5555556
7.7418127	8.555961	0.44
4.958543	9.471857	0.5102041
8.466252	20.628298	0.18
5.241327	11.47989	0.42857143
14.902413	18.460966	0.17355372
4.410478	12.771969	0.3469388
8.406751	12.537227	0.33333334
6.5858264	17.844707	0.3553719
13.680452	21.47027	0.22
5.822226	20.824131	0.488
3.1951013	21.129356	0.6322314
4.169763	7.5872927	0.38408303
7.5197883	17.197676	0.11111111
12.016659	19.98664	0.18343195
7.75543	14.396271	0.25
6.2408905	8.901865	0.30612245
11.759763	15.235781	0.2777778
7.645576	20.25174	0.3125
2.6624954	8.550738	0.6859504
5.2341914	8.698802	0.5510204
3.6612353	7.002696	0.456
6.012462	17.241386	0.2892562
10.472517	11.835095	0.654321
7.6175785	15.446932	0.2421875
6.075632	6.075632	1.0
4.397781	6.9884005	0.31944445
5.9596825	11.286523	0.375
5.8564625	6.2797217	0.7222222
6.131627	7.653515	0.37278107
7.004729	10.403105	0.52
11.079669	17.338448	0.44
5.368112	11.561662	0.44
3.0126863	6.8594327	0.3877551
3.7708452	7.6211233	0.60330576
7.1558795	16.996235	0.42857143
7.4761486	13.686609	0.4375
6.115416	6.58393	0.42
5.486661	11.298192	0.23356009
4.7250834	4.7250834	1.0
2.7412171	2.795863	0.6449704
3.2824862	6.2085495	0.375
8.697485	11.970667	0.35734072
6.804141	6.804141	1.0
7.650102	7.6501017	1.0
4.90355	7.932623	0.52662724
8.431841	24.291355	0.22222222
9.674595	16.509932	0.23966943

6.4464655	12.922074	0.375
6.666762	30.054989	0.27272728
8.160553	16.77647	0.16897507
2.8103857	2.8251145	0.5
5.7246933	13.640532	0.2244898
5.6027946	10.320377	0.42
5.3624086	9.473275	0.39229023
7.1963205	12.238515	0.44378698
5.6332064	16.0	0.37278107
6.471939	8.1364355	0.33333334
7.8112135	15.231558	0.2797784
14.561146	19.168377	0.17159763
8.409929	10.368048	0.46875
NaN	0.0	NaN
3.0903559	5.230083	0.2013889
6.808697	29.061771	0.49584487
2.5565822	4.3315663	0.88927335
20.333265	30.51338	0.12962963
6.433966	16.73359	0.4074074
3.983323	3.983323	1.0
5.253574	14.3497925	0.50617284
12.71549	16.69484	0.375
9.052138	13.817405	0.33333334
6.4390597	17.168512	0.33333334
5.5520344	5.5520344	1.0
7.1200013	22.568447	0.2173913
8.461645	20.036991	0.265625
9.422995	37.695618	0.24260356
6.711185	16.55231	0.3888889
3.034539	4.3334775	0.375
5.052129	7.3291855	0.5102041
4.581453	15.459311	0.3125
8.607026	14.129295	0.26530612
3.380232	18.421272	0.3372781
11.318097	14.267737	0.4
5.8226614	19.821444	0.3125
9.210947	19.475435	0.2
9.881208	15.303203	0.25443786
6.5648775	38.45078	0.52
5.599556	8.193566	0.25
3.4478884	8.896033	0.59375
7.482665	9.31071	0.30612245
8.797038	12.202951	0.1570248
6.251109	14.042377	0.24260356
7.9194827	10.46733	0.25925925
8.820416	23.243092	0.32
3.5949156	5.175223	0.5555556
4.7411847	9.576605	0.26530612
11.1435795	13.817405	0.375
7.1059194	15.638916	0.25619835
6.8472447	24.30869	0.3888889
3.1359272	3.1359272	1.0
5.911123	7.0250154	0.36
3.0938683	8.225332	0.29166666
9.24498	26.15216	0.205
4.1092725	9.829417	0.43195266
3.4643698	11.75624	0.4876033
9.047581	13.26854	0.18
5.899125	14.456895	0.28
7.55851	19.961357	0.3553719
6.606801	10.26784	0.390625
NaN	0.0	NaN
5.230083	5.230083	1.0
4.312673	5.9946365	0.50617284
6.5921717	28.703808	0.26530612
7.4267125	20.441626	0.3877551
10.908251	13.846206	0.5
6.8229537	24.547998	0.36
2.7325084	4.142029	0.900277
6.844248	8.517388	0.33333334
3.7235434	14.405642	0.6622222
4.655062	14.456895	0.31360948
9.64976	20.460186	0.44
12.725273	13.875949	0.33333334
6.6650324	10.2182045	0.5
5.357617	9.238663	0.68
6.586011	15.255661	0.455
3.5654073	10.259723	0.26530612
7.0520554	12.477748	0.5555556
10.18184	18.14453	0.44378698
2.9404664	9.499952	0.53497165
5.6244535	17.511057	0.37777779
14.019326	29.675499	0.34375
6.1291723	9.271342	0.42222223
7.651133	14.652928	0.24
4.604028	4.604028	1.0
8.187224	17.199732	0.2265625
4.857988	6.0338283	0.5555556
12.673399	27.8219	0.28395063
4.1051607	8.942989	0.34911242
6.9736743	14.740031	0.33564013
7.1655846	12.172366	0.3125
9.331186	13.341887	0.5
3.0518012	9.321366	0.37
4.5901694	8.36111	0.2755102
6.25518	12.910353	0.25619835
6.0162363	6.6279755	0.44
3.8714917	8.878568	0.56213015
5.8015747	15.229057	0.27846366
12.54124	15.950488	0.375
9.885943	11.087004	0.44
6.128698	6.128698	1.0
9.806094	16.826958	0.5555556
6.9968324	15.840375	0.20247933
4.9577823	14.675727	0.51800555
6.85222	13.113661	0.35714287
9.870205	17.059044	0.3305785
9.309757	9.309757	1.0
8.739099	11.224629	0.30555555
8.374122	12.098685	0.21088435
7.919273	14.011368	0.22222222
4.9156938	6.189241	0.37190083
4.301728	6.082878	0.42
14.730718	18.987951	0.44
5.2346053	9.323962	0.33333334
10.370545	15.537037	0.18518518
4.4499545	7.200503	0.375
7.5834436	10.235385	0.375
6.4521985	11.380009	0.2733564
7.959682	23.9898	0.30612245
7.5406466	16.108702	0.26984128
6.1821904	11.688167	0.28395063
7.720607	13.839201	0.25619835
6.8706455	13.503498	0.375
7.5092354	21.53217	0.36
2.7217247	3.983443	0.4214876
5.315238	8.378558	0.3580247
8.335835	11.387907	0.375
7.442134	18.130547	0.24
7.6742682	17.564854	0.22
7.2052364	9.81441	0.25
5.1068473	8.2389	0.28395063
4.375724	12.739998	0.36842105
7.895181	12.531978	0.23958333
6.1766877	15.527149	0.20982987
4.416785	4.9681487	0.5555556
7.0846186	8.218153	0.5
6.4490767	11.043117	0.28
5.37141	10.926709	0.2802768
7.192997	9.280829	0.54
NaN	0.0	NaN
8.706065	16.379375	0.2
6.809964	29.872347	0.18
9.394941	18.03781	0.14878893
6.9829135	24.090872	0.50617284
3.7714136	15.5822315	0.46031746
7.2227645	20.48361	0.1301939
10.165956	10.454842	0.654321
9.519906	15.636448	0.2777778
10.896907	10.896907	1.0
12.323992	18.90064	0.28
7.4692154	15.303203	0.25925925
6.6222715	15.658724	0.265
8.533063	14.219728	0.33333334
10.434382	22.496351	0.29166666
12.083166	33.557064	0.19
5.548426	14.394605	0.2733564
3.9323096	4.022181	0.46
4.9966063	15.277656	0.30555555
9.62314	16.38701	0.18367347
2.9350505	2.9350502	1.0
1.6445326	4.6677246	0.82
7.3236895	8.258679	0.5
5.831168	10.250524	0.25443786
4.54527	7.533917	0.5
3.135077	4.4817257	0.68
2.9866316	6.095289	0.37755102
2.7537777	4.1411033	0.5555556
7.1278067	19.272257	0.34911242
6.635979	21.480186	0.3671875
10.0092745	18.206318	0.125
5.032148	5.771604	0.5972222
13.4295635	24.71104	0.26
15.040544	25.07212	0.1875
1.7507657	1.7507657	1.0
5.598529	12.938014	0.22085048
5.8971953	14.9375305	0.2109375
6.152747	13.608219	0.36
7.8236494	8.771429	0.78125
10.842412	22.351898	0.26530612
14.44425	19.195341	0.3553719
9.402351	20.691734	0.25
6.7164555	8.652285	0.5555556
5.150515	20.811144	0.20408164
4.2333345	5.317563	0.5555556
3.1193743	7.5737815	0.31360948
5.5948954	11.86381	0.52249134
8.797341	26.038965	0.25510204
4.724012	17.407248	0.20833333
7.129031	12.102549	0.30578512
6.2650523	9.204593	0.6859504
NaN	0.0	NaN
5.0324945	17.49951	0.275
5.973833	7.287842	0.375
6.8545356	14.157707	0.25333333
4.961961	12.852226	0.42
5.649325	12.839997	0.5408163
6.8252974	12.345771	0.28
5.6676564	25.66326	0.4861111
8.661612	34.901608	0.3888889
8.072817	13.775753	0.2711111
9.178991	19.450087	0.375
3.004191	6.470517	0.52
14.736703	31.204351	0.26530612
6.888431	10.852654	0.20661157
5.0532117	5.0532117	1.0
8.61779	15.296555	0.47107437
7.125371	20.471642	0.21893491
7.8661323	21.81067	0.14
11.08218	17.111149	0.5
9.429326	15.252231	0.2345679
13.529567	33.430813	0.21883656
8.219331	20.419603	0.3125
8.841097	10.093615	0.5
6.2431335	11.148079	0.18055555
5.029729	6.2811413	0.40625
6.436544	17.325624	0.32
7.4338765	13.786252	0.3888889
4.812629	15.4666395	0.59375
9.44382	16.29128	0.22222222
4.175931	5.8186803	0.52
9.013877	11.579761	0.27272728
9.567971	24.925947	0.2857143
6.5216146	14.195163	0.29639888
16.011963	23.00489	0.3553719
NaN	0.0	NaN
7.6538277	20.143267	0.23875433
7.5608044	8.19351	0.3580247
9.746029	15.915063	0.20661157
5.466686	19.084652	0.3197279
5.9720154	12.001359	0.4489796
3.2826955	12.280505	0.3106576
11.96432	11.96432	1.0
7.9148717	9.522956	0.2421875
6.825133	15.068531	0.1736111
5.8175735	9.06507	0.38
8.485149	9.712318	0.3580247
7.210341	10.3568535	0.5
9.449022	17.396961	0.2802768
6.400698	10.3568535	0.22222222
6.616118	16.896328	0.2631579
4.8540144	11.685681	0.2781065
6.3172317	13.450338	0.21180555
11.915917	26.654755	0.1388889
6.432789	13.047693	0.30864197
7.4758787	16.38701	0.2890625
4.3551574	5.105785	0.5555556
11.712387	14.898424	0.25
7.3253584	10.498431	0.375
5.5517955	12.393584	0.42
7.059494	9.154854	0.5555556
5.0447044	12.884333	0.38
8.538319	11.713873	0.30612245
6.90837	19.559258	0.47845805
7.305243	8.8968315	0.5555556
6.098393	10.292121	0.5510204
5.961601	6.7315836	0.25
6.504843	8.133305	0.375
10.410201	19.218788	0.33333334
3.6099265	11.261216	0.8347107
8.091241	17.865026	0.21107267
10.3314085	13.22559	0.375
11.826083	19.898785	0.22222222
12.719539	24.334576	0.33333334
13.674297	19.972197	0.375
8.689053	21.347277	0.25925925
7.2798033	9.186553	0.42857143
4.6397433	6.639106	0.6859504
6.6798334	14.733072	0.2
6.554297	13.589432	0.17355372
6.694119	17.139141	0.42011833
7.697888	10.340643	0.33333334
10.729032	18.846506	0.20408164
6.3515997	6.548627	0.625
7.7518454	14.312072	0.6296296
2.163637	6.6245775	0.57024795
8.130563	18.51954	0.20710059
10.702396	18.43533	0.25
7.809946	14.225058	0.22222222
11.243194	24.911386	0.24
5.703098	8.825485	0.375
2.399161	4.3709764	0.3580247
6.93807	13.073305	0.25
5.4382234	6.1294928	0.5555556
6.397669	13.540971	0.38271606
5.7923045	8.6893215	0.5
11.107146	18.154556	0.5555556
5.7796583	10.694981	0.24
3.916357	8.695412	0.42
4.266277	5.3743305	0.5
12.605634	17.52524	0.28
2.6661143	2.8251145	0.52
6.17587	19.175228	0.8579882
8.047494	20.601725	0.30747923
3.935988	6.7762866	0.36
8.284915	8.743214	0.3888889
NaN	0.0	NaN
7.3366585	10.3151045	0.2777778
18.912151	30.843424	0.10743801
4.5661025	7.997982	0.30864197
4.8241963	17.932783	0.3984375
6.8743043	18.367744	0.30612245
4.50331	5.882409	0.5011338
10.579357	20.940218	0.22222222
2.9940922	2.9940922	1.0
3.8077333	3.8077333	1.0

5.9829636	8.765408	0.2734375
6.556356	15.445135	0.18639053
4.971541	4.971541	1.0
6.2626405	7.43531	0.5555556
4.751918	4.751918	1.0
16.0	16.0	1.0
3.7550266	16.0	0.5734072
7.0425014	26.333061	0.4903047
9.217187	22.627417	0.17355372
4.0591288	4.657125	0.625
6.401939	15.5971365	0.17580341
6.444713	6.444713	1.0
11.197342	16.008652	0.5
5.000349	13.998855	0.2244898
2.6719353	6.6580095	0.3046875
13.69974	20.005365	0.28
12.785016	18.980148	0.28125
10.367524	11.825402	0.5
4.509745	15.319206	0.31944445
4.5080667	23.375145	0.50617284
3.9967093	12.822555	0.30193907
13.712699	20.56748	0.1875
16.0	16.0	1.0
11.847146	16.0	0.1875
7.0502367	17.440336	0.21893491
12.185383	25.908255	0.28
4.266494	11.885634	0.43209878
4.3908243	14.335853	0.36
9.30318	12.66583	0.3877551
9.209703	14.263826	0.44
8.375609	13.7569895	0.25
7.511489	13.59001	0.305
5.994437	10.6710615	0.21875
4.321978	10.955088	0.54
6.3733115	17.403679	0.33673468
6.7484784	8.129062	0.2711111
8.436914	16.107786	0.1875
10.271687	15.124493	0.28
3.8705614	9.384137	0.41666666
6.4835668	8.4699135	0.50617284
5.8997474	12.808451	0.25
1.95116	9.524089	0.5555556
2.3604102	4.110631	0.5555556
5.4699206	11.358805	0.553719
5.0504208	18.02674	0.37278107
6.2184224	9.104378	0.42857143
6.232458	21.935106	0.3511111
10.81984	26.775549	0.23469388
3.6426773	10.3673725	0.537037
5.6036787	14.34616	0.2888889
5.6878057	16.175842	0.27272728
5.407263	7.8493643	0.2345679
8.076168	23.138605	0.15646258
6.108689	12.162522	0.2231405
7.932941	13.9468975	0.25619835
4.7494583	6.810094	0.2755102
4.9869328	6.224318	0.5
6.3054156	9.161626	0.3888889
6.7059145	13.491485	0.234375
5.096218	6.042362	0.38271606
5.2433524	13.889923	0.2892562
7.6538095	13.459214	0.34
2.9972851	8.610313	0.4488889
6.981959	12.167602	0.1388889
7.6027913	11.853247	0.30578512
6.3275886	17.353027	0.42857143
4.968079	7.398549	0.5
9.3743105	15.4757595	0.26
9.155786	16.01851	0.29591838
10.314999	14.945571	0.5
3.8704329	16.459982	0.32231405
9.030106	14.609283	0.3979239
2.8841047	2.8841047	1.0
5.4529533	10.623793	0.20415226
13.518584	29.469477	0.16444445
5.492822	15.197544	0.2711111
8.974121	10.026701	0.59183675
6.916107	15.773075	0.3195266
8.399238	13.51181	0.33333334
6.6345253	17.029566	0.5833333
5.1090817	12.130891	0.5555556
4.282609	7.896112	0.32231405
7.5351205	16.768456	0.234375
6.070697	13.606217	0.23966943
5.286447	7.3767285	0.33333334
3.0559633	7.0546536	0.45454547
9.254176	10.51949	0.5
4.563857	9.161626	0.25308642
3.5659041	9.503727	0.4214876
9.312903	13.678612	0.22222222
13.6717205	30.150312	0.34375
3.4361188	13.913274	0.4090909
7.3706264	9.191117	0.2231405
10.830571	15.738516	0.43055555
4.6721444	7.3476377	0.2777778
5.2851443	9.326965	0.4074074
5.725124	18.34977	0.22
6.1039195	17.898533	0.2361111
16.685276	21.698807	0.2
6.163852	13.469141	0.24007562
5.735121	9.271795	0.4214876
2.245896	5.5600185	0.2857143
3.6671154	7.9077463	0.2896
5.9759564	29.440056	0.33333334
6.9056234	19.191341	0.3580247
6.2031565	13.33514	0.375
5.0971923	9.841812	0.18518518
7.6347656	15.778422	0.6859504
2.4787014	9.590255	0.47555557
11.454593	15.321993	0.36
5.5958953	10.025604	0.30864197
9.168933	17.940105	0.24
6.801146	16.586304	0.25
NaN	0.0	NaN
2.4161327	8.508803	0.3824
NaN	0.0	NaN
2.8724575	2.8724575	1.0
7.5247717	11.271728	0.2
3.2733235	4.2761803	0.3197279
1.1799371	7.0285873	0.8755556
9.208206	12.324536	0.46712804
6.9612646	13.465316	0.1953125
5.2720323	10.26747	0.23875433
3.8542333	4.6366835	0.5510204
7.0349193	7.0349193	1.0
2.5665605	3.8739586	0.4375
7.82413	17.77547	0.24260356
5.0055237	5.157512	0.5555556
7.745478	9.191117	0.52
8.545922	17.012123	0.3125
7.2156134	13.837428	0.38
2.9296684	3.2891996	0.39555556
7.990464	12.725378	0.50617284
4.7411895	10.397007	0.46875
7.179807	24.844736	0.26984128
7.724159	11.482263	0.2777778
5.4083986	12.595525	0.21
11.55659	19.672863	0.26530612
6.9418736	28.67995	0.36094674
3.370043	6.093813	0.50617284
2.3801365	15.396043	0.70987654
6.4022665	6.4022665	1.0
10.180859	15.164152	0.25
5.489733	7.135549	0.35147393
11.338226	11.338226	1.0
9.007114	20.788801	0.44
6.7969027	25.961515	0.79698217
8.716666	20.889084	0.2892562
5.6209965	14.477209	0.30555555
14.587564	23.75856	0.165
8.502686	14.102723	0.33333334
6.5898156	20.696918	0.18055555
3.022806	14.14524	0.3265306
2.8303478	8.152156	0.42
4.225454	18.98607	0.43055555
8.35115	31.421232	0.59375
9.557342	13.668782	0.19111112
6.7748585	13.078243	0.23555556
1.0098478	1.0098478	1.0
7.2060103	13.060108	0.1800554
13.184889	18.453388	0.5
10.066308	12.095018	0.5
12.637386	17.651165	0.23966943
5.2376966	9.163849	0.3877551
11.152355	11.993319	0.59375
3.8159454	14.345689	0.5347222
10.348247	18.925436	0.22222222
3.4680798	8.234324	0.4140625
11.288659	26.460451	0.17333333
3.2188292	3.6474905	0.8579882
7.434399	13.82724	0.19526628
13.426126	23.384018	0.2244898
7.847871	20.300982	0.24099723
2.647875	3.24324	0.5236295
6.858463	13.070213	0.28395063
6.2681155	13.4105	0.16115703
2.8019495	2.8019495	1.0
7.120106	16.684187	0.25925925
6.772519	13.709379	0.16553289
7.7751694	17.260595	0.26530612
4.182863	7.250835	0.31519273
4.872051	8.766818	0.31360948
5.2257075	13.805385	0.17
9.815215	10.799186	0.5
7.1475616	15.125219	0.46875
6.955834	13.863107	0.19723183
6.589262	23.839016	0.4375
4.531368	16.43991	0.59375
9.4534445	13.571296	0.375
3.883908	12.333433	0.44
2.7116835	6.042362	0.42857143
4.340718	4.5189486	0.5555556
7.376406	12.259479	0.14878893
10.200779	18.654884	0.25
9.193815	9.193815	1.0
4.3103004	6.2422004	0.3671875
4.1251116	8.492193	0.42222223
6.281507	10.330229	0.25333333
3.2458763	3.6392043	0.46875
5.318576	14.204039	0.2733564
8.646838	24.586454	0.3511111
7.992523	19.984194	0.3
8.428536	10.832023	0.5
16.154898	20.664463	0.2
4.0594435	10.926585	0.405
3.7223284	9.954554	0.5510204
2.2059293	2.2059293	1.0
6.5791903	17.025404	0.27272728
3.743585	11.494806	0.32
6.7911825	12.920877	0.30177516
7.2775583	9.09848	0.26530612
NaN	0.0	NaN
4.488675	11.647764	0.78125
5.641949	12.555199	0.46875
6.2932115	10.011694	0.28
5.3468876	10.905248	0.37278107
5.0320225	7.330262	0.25443786
7.876399	18.567186	0.28
5.9812465	15.124493	0.47928995
4.241158	6.9560585	0.2244898
8.80518	15.079999	0.59375
7.9243402	21.096958	0.3877551
9.763451	14.50287	0.175
5.834279	5.8342795	1.0
6.506236	9.03267	0.375
9.418723	12.339014	0.23966943
10.025214	15.632846	0.23140496
8.47334	24.789574	0.2345679
13.04334	15.953006	0.3469388
3.9887495	13.345189	0.2345679
7.446938	12.50994	0.2777778
5.4556856	17.211071	0.36
9.065756	19.93306	0.34375
6.280034	10.122736	0.43801653
9.977385	16.966946	0.14
14.782898	17.923601	0.625
13.183604	18.395893	0.375
8.198775	12.605187	0.2244898
11.763777	18.925436	0.3877551
3.7433949	7.8282647	0.3984375
12.7040825	16.233389	0.375
4.5515866	9.023801	0.40166205
11.60981	25.904139	0.1875
12.855375	12.855375	1.0
8.524753	12.839546	0.22222222
10.401516	12.911298	0.22222222
7.1013427	27.317682	0.2192
2.3351383	4.479455	0.46875
7.170928	10.555677	0.28395063
10.663663	12.20745	0.5555556
2.1777847	2.8724575	0.34948096
8.353494	16.998838	0.265625
3.6477652	3.8243606	0.654321
5.6587195	7.52676	0.5555556
4.8717523	15.385355	0.4602076
5.091818	7.3829045	0.3984375
13.856513	20.994558	0.3472222
4.0764203	9.696713	0.6885813
6.930863	10.871061	0.19387755
5.4460206	9.267076	0.3888889
6.416233	12.709705	0.26530612
6.6803217	8.215883	0.42857143
9.027712	23.76824	0.2345679
8.441631	15.512475	0.20987654
5.0944953	14.297655	0.5147929
6.3807163	7.1530466	0.4488889
10.324385	16.10212	0.5
10.951481	17.564413	0.34375
5.1858745	8.182031	0.24
1.9270717	1.9270717	1.0
4.3652296	7.3054934	0.28
9.25208	12.809642	0.22222222
8.006887	16.179562	0.12244898
3.3209567	11.834574	0.6213018
5.2556243	16.811169	0.22916667
3.4659483	3.4659483	1.0
7.515432	22.699007	0.22666667
6.7842617	8.328782	0.21893491
4.570392	5.577019	0.3515625
16.918545	33.30112	0.25
8.357672	13.2891445	0.25
10.026701	10.026701	1.0
2.0531988	2.0531988	1.0
5.429438	14.80306	0.38271606
3.9084947	20.225483	0.6035503
NaN	0.0	NaN
6.036534	11.773429	0.37777779
8.145511	8.145511	1.0
NaN	0.0	NaN
2.7273836	4.1467433	0.3888889
8.756957	18.360998	0.2345679
4.196099	4.453964	0.375
9.184798	20.144732	0.52
8.723307	14.867166	0.375
10.590413	22.859522	0.18
11.093113	22.447098	0.14186852
7.592079	12.38325	0.17355372
6.5591764	13.325071	0.26035503
3.960802	7.43531	0.44
9.45622	25.651377	0.22222222
13.030107	13.514985	0.5510204
13.498055	13.498055	1.0
4.040238	14.255558	0.3553719
4.1250587	4.1250587	1.0
5.4226294	17.731462	0.38408303
4.3951983	8.640095	0.1632653

8.366273	13.255879	0.1570248
6.7463493	16.0	0.25259516
6.691726	8.339873	0.33333334
9.041238	11.273804	0.52
6.709686	11.199177	0.25
4.282998	4.282998	1.0
1.9963843	4.0181923	0.6632653
10.653518	17.891068	0.25
11.8930235	18.263844	0.2231405
8.859598	14.080848	0.26530612
11.31178	29.124874	0.22
4.036653	14.8688545	0.44
2.4390376	2.896305	0.5555556
4.3884306	5.2138968	0.5
4.704274	20.154577	0.75510204
8.892096	21.724623	0.32
6.731455	7.428565	0.5
7.708303	13.660206	0.28
6.956106	16.837164	0.16666667
4.3021774	10.681648	0.5363322
5.6598043	15.828286	0.28531855
6.5633273	12.695925	0.2797784
5.1929154	13.786331	0.22666667
5.5135098	17.95572	0.3422222
6.832903	14.660405	0.23966943
14.196289	23.813633	0.25
2.4600713	4.520705	0.4556213
12.680214	16.765377	0.328125
11.003546	18.77815	0.2
5.118542	8.751955	0.43209878
3.6912181	6.1638083	0.38271606
16.149523	18.926737	0.42
7.8555365	15.463325	0.22
7.8756647	19.433987	0.25925925
3.1361408	6.2286777	0.45833334
4.6644692	8.138245	0.5555556
4.6727843	13.556072	0.3472222
9.64336	18.60816	0.375
7.5957017	21.191116	0.27891156
4.742133	15.8819685	0.43801653
5.5147767	15.759773	0.4375
NaN	0.0	NaN
3.3645194	7.926668	0.2318339
8.232568	12.366262	0.3553719
6.2466245	14.10539	0.23469388
8.457055	9.647295	0.59183675
14.497331	17.608868	0.3877551
3.8067563	6.327779	0.33950618
10.2807455	13.612482	0.19008264
7.3463783	19.747244	0.1712
3.69294	22.001436	0.7734375
8.552763	16.368979	0.35714287
9.762478	15.374632	0.25
13.544334	22.275385	0.375
5.2318907	15.042989	0.3372781
10.403782	15.758765	0.59375
3.4261506	5.1504707	0.52
3.3642838	7.83947	0.32
12.25783	12.25783	1.0
6.441584	28.43617	0.17901234
4.381701	8.590536	0.5510204
5.217682	6.2496367	0.28
4.7439394	4.74394	1.0
6.4149694	21.247276	0.285
4.4354243	11.298373	0.26222223
5.5865116	11.364925	0.203125
5.7093005	11.2367525	0.36
9.10738	14.985607	0.54320985
3.8047876	8.406979	0.22873347
4.997674	7.2793	0.375
3.7799869	22.007889	0.3
9.018077	12.364926	0.21875
8.568942	13.723074	0.28
3.7272468	8.789111	0.5147929
7.3463054	8.343319	0.5
NaN	0.0	NaN
6.8783574	12.93155	0.25
2.06464	8.0322	0.45833334
7.4421234	15.32669	0.2892562
9.477127	14.821815	0.28
3.5304315	9.880681	0.49333334
2.86544	17.74008	0.66
6.917323	14.296997	0.3046875
6.4009657	12.836899	0.24
4.9971766	13.871209	0.19113573
7.3788724	16.764065	0.6296296
6.914231	11.079811	0.22222222
2.9224858	3.0011082	0.4453125
6.4335213	23.286306	0.27160493
5.0823917	8.433793	0.4876033
7.4099374	13.838239	0.50617284
14.240889	21.104809	0.5510204
9.2812805	17.117876	0.25
7.853191	27.851484	0.21799308
13.461393	13.461393	1.0
4.9684777	13.172944	0.39100346
6.1380563	26.840158	0.4
3.8983166	5.2138968	0.5
5.2340984	13.9038515	0.33333334
7.8766804	8.330083	0.78125
5.5611377	13.821394	0.30473372
4.754904	8.031762	0.33333334
8.74224	16.414637	0.2
8.078586	18.787788	0.18367347
13.163108	28.624224	0.2777778
5.8018694	9.946171	0.36
6.822205	10.273753	0.20408164
7.399231	15.3638525	0.4
8.873904	15.767109	0.33333334
5.3247833	5.8045635	0.2777778
4.861722	23.661148	0.5
6.5226936	8.606252	0.44
12.320223	17.512873	0.375
7.352022	19.213867	0.38271606
6.8891606	15.355968	0.43209878
7.433197	21.790543	0.2733564
4.8918767	8.370777	0.31632653
8.363876	20.08759	0.375
7.157632	19.813175	0.42
5.5761905	10.790345	0.1597633
14.024762	33.04039	0.2231405
6.768727	14.732037	0.23469388
NaN	0.0	NaN
2.760117	9.111983	0.42
9.391853	14.381448	0.1875
9.948325	14.920209	0.23966943
7.6767836	17.410326	0.18343195
5.5693216	8.562665	0.37755102
7.912663	13.674176	0.28
7.039843	11.051039	0.55709344
7.1981535	12.434512	0.34375
8.7718935	13.420542	0.30864197
6.7126775	18.028887	0.23076923
6.820816	11.989091	0.36
4.2339187	6.8594017	0.5555556
11.755362	12.94242	0.5
17.827168	19.445208	0.625
1.4449819	1.4449819	1.0
13.564079	20.642538	0.40625
6.545885	13.354706	0.2384
7.7865734	15.782447	0.20987654
4.7598343	24.086937	0.2781065
8.448477	13.923771	0.25
3.2107508	9.156727	0.292517
6.938467	16.683868	0.3580247
6.281398	14.7259035	0.31568998
9.965596	19.308344	0.8276644
6.94418	10.201461	0.25333333
2.492282	6.5358644	0.7222222
3.2625089	12.62568	0.46938777
7.362266	13.79732	0.30177516
14.486105	23.544065	0.25
3.1323752	13.790252	0.54
7.4929147	7.7012815	0.78125
3.4879382	8.791467	0.5555556
6.1934805	7.0516148	0.44
2.8202085	3.0437531	0.47107437
8.232699	14.69417	0.30612245
4.4609656	8.660428	0.42857143
11.613888	25.653204	0.25
6.5013685	9.535186	0.28
6.3828416	12.778194	0.4375
8.442022	12.269164	0.375
5.078587	7.82517	0.60330576
NaN	0.0	NaN
16.771637	20.936825	0.21875
5.981485	9.167504	0.21883656
4.426745	5.6536417	0.2777778
6.450254	7.3741126	0.5555556
5.4832544	12.013048	0.26
6.388496	10.309507	0.28
4.130418	19.28626	0.60553634
9.942374	15.04813	0.28395063
4.9102097	9.674734	0.625
3.5302975	9.257735	0.36
6.80273	13.600993	0.375
5.3227687	13.620752	0.25259516
7.1827145	13.312112	0.5
4.694495	12.228365	0.26222223
5.533666	10.294231	0.18343195
4.403099	12.56006	0.23966943
7.2485857	27.33797	0.23966943
6.7032127	8.693305	0.5
2.9275818	2.9275818	1.0
5.3712206	14.840891	0.31632653
2.9240797	3.7892623	0.58
12.851942	24.415314	0.375
2.4465742	2.4465742	1.0
7.5067897	9.219511	0.5555556
7.101641	7.28824	0.68
12.1295185	27.493296	0.125
6.658111	9.817468	0.30103806
8.67614	14.999409	0.2
3.8123705	6.259403	0.37190083
5.394747	13.402892	0.375
3.2722332	16.611433	0.37755102
5.8263392	5.8263392	1.0
6.6359663	12.345714	0.28994083
10.999612	15.32669	0.19008264
4.070439	5.9653687	0.42011833
7.5629706	12.656252	0.34
5.2153444	13.312112	0.28125
4.2446156	6.349292	0.545
6.4834805	7.543672	0.40625
3.5130565	5.101411	0.7222222
5.744752	5.744752	1.0
2.5752203	11.995837	0.555
7.2361913	10.114478	0.3877551
2.1731112	8.390312	0.7222222
5.9380107	6.5880923	0.5
6.256175	9.662133	0.18367347
4.9288597	11.727329	0.4648526
7.3679457	12.976094	0.232
5.3340592	11.163134	0.5555556
7.1483107	9.779768	0.23555556
5.829862	13.609022	0.2
8.94727	12.940371	0.3125
6.868692	17.308184	0.45454547
5.4586105	15.086897	0.5
NaN	0.0	NaN
10.37044	16.435768	0.20987654
6.9671764	7.9725456	0.33333334
18.521082	20.410393	0.44
4.212621	17.854387	0.60946745
9.396051	12.973444	0.2
5.250412	5.3165913	0.5
9.803514	13.8679285	0.5555556
3.8492522	10.567067	0.55709344
5.310387	6.9018297	0.36
15.229533	32.895233	0.14285715
5.054666	11.092016	0.34375
1.7912318	4.96351	0.6622222
7.299784	9.778855	0.38
2.6835046	11.162721	0.27423823
8.930279	20.49695	0.38271606
6.5939507	17.446133	0.28
4.451115	8.737069	0.26
5.4641075	9.997532	0.33333334
11.0090685	19.316483	0.2711111
12.757338	27.814611	0.24
2.6206555	2.8543718	0.6446125
6.1265817	7.8605485	0.5555556
4.6463842	9.118051	0.21875
8.1761465	10.810923	0.34375
3.0576255	5.6846886	0.39555556
NaN	0.0	NaN
4.918215	12.674879	0.28
2.335563	3.5023646	0.82
9.781361	12.868459	0.2
9.296007	12.434421	0.3469388
4.3639483	20.898006	0.30578512
7.150865	12.314955	0.68
5.887977	8.084317	0.45833334
14.913095	22.441185	0.1597633
9.318826	22.37715	0.28125
9.297675	14.245997	0.28125
5.6415467	17.031227	0.25333333
7.8129487	12.037821	0.33333334
6.8340354	18.114729	0.2777778
6.8866286	8.730765	0.5555556
4.400929	9.486804	0.3580247
15.156059	15.156059	1.0
NaN	0.0	NaN
6.538262	8.9656105	0.5555556
11.836633	20.561937	0.5
13.076935	34.195145	0.3046875
3.3527126	8.427896	0.3888889
6.060095	10.84543	0.38842976
7.807957	19.867968	0.28512397
8.591264	15.168919	0.20833333
10.71513	18.86753	0.28395063
4.483171	12.4833145	0.2421875
5.6123223	8.025225	0.28395063
4.3511605	9.2171135	0.4453125
6.033324	14.684376	0.33564013
11.734098	24.059517	0.2
7.2017903	9.65964	0.5
6.289332	14.792002	0.29705215
5.2534223	19.241562	0.29705215
5.752264	12.376725	0.18055555
9.043311	21.547531	0.24489796
1.476943	1.5085301	0.68
4.429731	24.531475	0.5567867
3.8161309	11.375888	0.569161
7.171885	11.826229	0.36
11.3354	27.490326	0.3580247
4.197724	8.865382	0.4463668
13.406156	19.939524	0.17355372
5.2551904	6.067964	0.33333334
9.78744	12.117115	0.5555556
2.5827363	2.5827363	1.0
7.220433	21.623844	0.18
3.8301759	4.520705	0.50222224
6.874749	6.874749	1.0
4.674725	5.3588767	0.5555556
3.963443	9.948998	0.30612245
7.243449	14.6849375	0.2
4.632697	5.4095416	0.46875
9.198992	15.959871	0.171875
5.3631024	9.302338	0.5555556
5.0349984	15.486853	0.33333334
6.7745385	18.437103	0.30555555
3.1747024	11.008921	0.80246913
6.574514	15.05942	0.22117202
8.152119	26.195356	0.18222222
4.909643	9.347275	0.18595041

8.1628065	14.131336	0.24380165
6.258904	8.95128	0.29705215
4.5521584	16.0	0.18714556
7.94891	10.8906355	0.26530612
5.236607	16.13726	0.25
8.992965	11.454577	0.5555556
11.40119	16.581484	0.34375
6.7675233	29.255894	0.33333334
3.6028137	12.068984	0.3877551
11.210094	18.164846	0.13609467
4.7896776	4.7896776	1.0
7.046234	14.430749	0.33333334
12.110321	35.531727	0.1966759
6.244555	12.107584	0.21777777
5.8696523	5.8696523	1.0
12.280166	16.0	0.34375
5.748741	11.461555	0.40625
8.095344	18.467875	0.1597633
13.974491	19.205664	0.21875
5.617777	11.210647	0.37190083
11.63334	18.242529	0.25619835
11.18714	16.0	0.33333334
6.2255864	27.556473	0.32
5.398677	7.8043838	0.5041322
4.366868	9.819458	0.34
5.312776	7.0428305	0.45833334
9.987057	11.793605	0.34567901
4.5993686	5.807545	0.375
10.20226	19.406136	0.26
4.7680106	25.416718	0.31632653
6.901863	20.555252	0.625
3.982559	7.1512876	0.25619835
5.572164	5.572164	1.0
NaN	0.0	NaN
10.115616	11.049699	0.5
6.3467684	7.5690775	0.3877551
6.030726	23.989506	0.50617284
9.609085	11.974517	0.28125
7.4912796	10.2152195	0.30864197
7.6405964	13.876687	0.28395063
3.6145656	6.5519795	0.3472222
7.972361	10.581851	0.40625
2.4313805	5.355171	0.50865054
5.078996	15.086386	0.3553719
9.212805	10.530157	0.42857143
3.6141498	6.341604	0.4375
7.0391793	15.495586	0.23555556
7.3902545	16.954979	0.24260356
12.345838	12.345838	1.0
1.2754973	3.9213583	0.8579882
5.6982193	12.799309	0.38271606
6.9117785	8.3543005	0.2733564
8.315078	14.7512455	0.30612245
6.71025	19.211832	0.11111111
10.705056	19.290928	0.28719723
7.4609313	13.487722	0.29591838
6.1876097	13.483733	0.42
15.336723	42.32514	0.125
6.9831686	24.233812	0.24099723
5.556787	24.652496	0.24444444
4.498078	22.61003	0.6533333
8.818886	14.5793085	0.20661157
5.272064	7.437134	0.40444446
2.7821276	4.3629723	0.28125
9.470547	16.207827	0.19526628
7.416002	15.681617	0.3611111
5.673679	17.596289	0.19526628
11.355238	14.894812	0.44
NaN	0.0	NaN
6.914234	18.868834	0.2
8.255478	24.039253	0.14127424
5.3693767	7.806349	0.25619835
7.952145	7.952145	1.0
7.0835795	16.515558	0.1659808
3.3311653	9.019089	0.45918366
14.191039	14.191039	1.0
5.3277326	9.537253	0.43195266
7.4324055	8.488001	0.375
2.752728	9.809069	0.3515625
7.7840734	11.556059	0.30867347
5.3413544	29.27618	0.6533333
8.76407	23.26988	0.32426304
7.074105	14.526368	0.2734375
4.202177	12.052691	0.4
6.683378	10.88121	0.3580247
5.9589953	11.570452	0.6296296
7.140555	10.788334	0.28
5.9139886	8.203983	0.31632653
8.766535	22.185295	0.30612245
7.8791122	14.904961	0.28
9.257626	22.194847	0.28
17.598072	29.051533	0.19008264
5.467692	6.970986	0.625
5.571981	5.9987054	0.5555556
6.331363	31.41513	0.265625
4.8842587	16.033764	0.553719
12.697493	22.152933	0.375
3.5023236	7.349925	0.3633218
2.3637092	2.949663	0.5555556
8.419473	11.2101755	0.28
5.4110126	12.9719715	0.21777777
9.326642	15.711109	0.2777778
5.3606477	23.595448	0.7083333
8.900987	21.883663	0.44
5.1014123	26.431168	0.60946745
9.365587	14.200139	0.28
8.859032	17.61599	0.375
6.9792113	23.296846	0.44
17.578949	68.7311	0.22
6.4729705	11.091136	0.7222222
8.01357	14.160249	0.625
7.603368	20.663479	0.2781065
2.8924117	5.287562	0.375
6.106954	9.453203	0.38
9.129139	15.443642	0.28395063
5.4524937	5.572164	0.5
8.373838	11.506469	0.375
7.123436	14.427673	0.2638889
5.51013	11.072555	0.37654322
5.3658843	8.014002	0.5
16.50317	19.150791	0.68
4.1602407	8.348881	0.34911242
7.7764864	14.680596	0.2
9.571338	9.571339	1.0
5.5341086	14.740918	0.2777778
10.725762	18.131958	0.3888889
4.2190557	13.518486	0.78125
14.536496	20.598955	0.22222222
8.249147	15.727971	0.2249135
6.760065	19.36819	0.41274238
8.985449	13.377266	0.2
6.077144	18.061544	0.18518518
3.478143	8.096331	0.3888889
4.42768	16.729433	0.51984876
13.029932	20.560043	0.1484375
10.637825	16.496866	0.33333334
8.817037	18.139734	0.18367347
11.006465	27.140991	0.18367347
7.3100557	18.615513	0.2
7.096609	13.92049	0.20710059
6.610728	8.582839	0.29166666
8.057429	15.075169	0.28
14.583522	27.627987	0.2244898
2.0716226	2.875576	0.5283447
7.4115343	15.805348	0.3888
10.5889225	15.031756	0.3888889
6.299791	13.20999	0.42
9.604773	10.88628	0.47555557
8.545179	20.203943	0.34
4.1845016	11.876977	0.31360948
7.3207297	15.721829	0.3372781
3.3500123	10.036439	0.4876033
6.6353645	12.713067	0.5510204
7.2582574	17.879553	0.20181406
8.535506	26.075235	0.6213018
6.7954946	19.89487	0.12802768
7.9347234	13.271006	0.4027778
9.236041	18.757233	0.38271606
4.598857	19.918097	0.234375
1.5070153	2.5911415	0.50617284
4.2777977	9.192304	0.2578125
9.789138	32.70015	0.1301939
7.301956	14.527222	0.195
6.3748846	14.903499	0.46875
4.9380665	18.344751	0.38271606
11.191658	26.577785	0.2777778
4.742797	16.791267	0.18
10.447539	26.880108	0.38429752
11.814561	30.499342	0.25
6.4908795	7.6827464	0.5555556
12.963739	22.167645	0.23966943
14.746875	21.761152	0.16666667
12.270486	12.270487	1.0
8.194408	15.539418	0.17006803
8.883088	10.092721	0.375
7.724351	15.614286	0.22666667
7.931399	8.956064	0.43209878
3.7185106	11.052761	0.4722222
10.755883	27.169586	0.3877551
2.9261487	13.952468	0.76
5.839919	8.330761	0.26
4.2125406	9.117431	0.23076923
6.329464	13.472992	0.42
6.3236456	10.271352	0.2
5.924088	25.054348	0.28994083
NaN	0.0	NaN
8.7460375	11.02482	0.28125
2.7875345	2.8671434	0.625
8.57697	8.57697	1.0
8.366223	11.04122	0.26530612
NaN	0.0	NaN
6.609444	20.647358	0.30666667
8.554601	22.321766	0.20408164
7.2800703	11.743943	0.29085872
9.829092	13.926066	0.44
11.515278	16.246323	0.20987654
11.701988	17.063416	0.28
9.226136	18.302465	0.1328125
6.7001953	12.703532	0.42857143
7.3118825	13.147036	0.2797784
6.2258744	14.135824	0.30864197
3.952144	12.478567	0.42
13.691567	22.50331	0.125
5.5054264	7.9280367	0.5555556
3.6100807	7.688491	0.34375
11.111121	20.664389	0.17355372
7.9527707	16.209932	0.1953125
4.8916254	8.510718	0.34
9.519789	16.8477	0.50617284
6.8885446	10.753655	0.2662722
NaN	0.0	NaN
2.0170975	8.831106	0.80246913
10.69628	23.32629	0.14049587
7.9330964	16.628967	0.3877551
6.1429853	7.236316	0.68
8.192779	13.368555	0.3553719
3.8898373	3.8898373	1.0
5.4047427	6.30502	0.28125
4.5315967	14.931625	0.2888889
9.0528965	10.915276	0.625
8.49161	23.02253	0.1923077
6.099657	9.998421	0.28125
5.784418	12.497277	0.28395063
2.105714	8.838072	0.4656
2.051154	6.012987	0.6509695
13.43495	19.061935	0.25
10.344925	13.79289	0.33333334
13.953402	16.669165	0.375
8.27504	17.172499	0.30578512
5.042498	9.209231	0.33333334
4.516023	8.857241	0.3610586
11.189655	19.959127	0.34375
10.747586	12.431918	0.31944445
7.1204844	8.623684	0.28
3.3623526	9.204944	0.3553719
5.772348	7.3022614	0.5555556
4.7482767	23.804249	0.53061223
9.413546	24.724371	0.135
4.77959	7.6316853	0.3046875
7.738379	16.246685	0.5555556
9.008076	16.871498	0.2244898
9.837256	15.681445	0.36
5.333196	17.289839	0.21875
8.070827	9.753917	0.5555556
7.3414917	17.907688	0.30747923
6.506838	6.506838	1.0
5.59338	7.0209846	0.5
8.024391	8.187201	0.52
8.070443	13.195339	0.5555556
7.7024765	18.718925	0.17708333
10.392113	10.392113	1.0
5.7649264	8.915924	0.28125
14.380322	14.380322	1.0
5.9290695	6.4796767	0.5
12.394722	22.87584	0.22222222
9.213369	10.14002	0.7222222
13.840563	13.840563	1.0
NaN	0.0	NaN
4.1562967	7.365405	0.30864197
3.7522418	13.571607	0.445
5.7688437	6.9408665	0.5
4.1776996	4.718532	0.3888889
16.717304	25.25785	0.20226844
9.986848	14.096575	0.24
2.9288666	3.2171679	0.5138889
6.6344194	10.6412	0.45454547
4.3524456	8.334431	0.25619835
5.9352813	15.029467	0.25951558
3.4698668	12.625367	0.40444446
5.5668755	9.019089	0.375
NaN	0.0	NaN
10.555623	26.715088	0.23076923
5.0436087	13.322774	0.45918366
5.3824844	16.355965	0.4375
9.885652	15.937916	0.553719
12.829056	24.82263	0.32
8.823801	23.254202	0.21428572
7.578325	15.925694	0.17355372
2.6341565	10.130616	0.3964497
4.874312	16.25245	0.34
3.2780492	10.93307	0.27430555
11.551669	14.526368	0.5
11.746943	27.425169	0.20987654
1.0550088	1.0550088	1.0
5.262042	13.268772	0.375
7.570054	10.664405	0.3877551
5.724735	11.691135	0.3877551
8.30187	20.066696	0.44
NaN	0.0	NaN
6.6552997	13.201043	0.26530612
1.6827528	2.4238474	0.78125
7.218643	10.260534	0.30578512
7.207424	22.60534	0.15226337
2.8289914	4.3861465	0.8755556
6.800454	22.667265	0.3224852
4.361466	8.710481	0.28
8.8518915	15.170047	0.375
5.5718174	10.720062	0.2777778
10.976765	12.478063	0.5555556
6.8378644	11.081939	0.26530612
8.481807	22.788822	0.46
3.1506817	3.1627634	0.5555556
6.5056896	6.5056896	1.0
4.2465787	10.5426035	0.20181406
10.99358	24.038036	0.32231405
6.230125	11.629886	0.3877551

7.440932	17.634125	0.5972222
4.7288346	13.000223	0.37777779
13.284135	15.089797	0.33333334
3.0745375	6.793553	0.40625
5.807061	7.0090113	0.375
6.1466208	12.165871	0.2
3.424297	20.41422	0.5029586
8.875033	16.0	0.3888889
7.373179	26.049313	0.17580341
9.200914	22.39147	0.3553719
5.13191	9.841131	0.375
6.1411057	6.202569	0.5555556
7.745583	12.06475	0.5
4.137469	7.625638	0.2890625
10.336273	18.540253	0.14285715
7.700182	15.355044	0.40625
12.85032	24.149633	0.34375
8.221813	12.196774	0.2231405
2.2964394	2.3481767	0.8472222
8.881969	14.666896	0.5
10.8645115	17.789816	0.2781065
4.140688	5.9335756	0.44378698
5.1384	12.0051365	0.33333334
5.950897	16.15035	0.36483932
5.602414	7.9508743	0.32544377
9.089148	14.470278	0.37278107
4.4939933	20.247526	0.2832
7.218278	14.628302	0.20987654
7.5455985	12.571947	0.2345679
6.1048827	14.346342	0.25
4.7795963	10.668099	0.4814815
8.124273	8.124273	1.0
6.673683	14.6723385	0.78125
9.486828	13.131113	0.25259516
7.2973514	12.722844	0.23140496
9.282825	20.787964	0.625
7.1963506	7.1963506	1.0
5.496483	7.4517245	0.2777778
6.2136955	8.622514	0.5
9.328892	10.712624	0.375
4.4161143	15.869497	0.46875
10.748121	42.65276	0.171875
5.2404027	5.240403	1.0
5.7177854	15.398322	0.25619835
5.76874	12.231975	0.5847751
2.8217642	7.1397247	0.30177516
11.853938	24.498919	0.1966759
7.701215	16.47926	0.34948096
5.671466	6.506153	0.34375
5.086929	7.5612073	0.32231405
5.550542	15.822093	0.46938777
13.184448	20.271845	0.21
6.8471255	7.633978	0.33333334
4.739531	9.707216	0.3125
8.738454	21.580444	0.2892562
10.378157	19.84269	0.42857143
18.327314	26.062323	0.33333334
7.6781263	14.228618	0.30612245
8.462484	21.23492	0.1570248
12.2647915	14.246675	0.5
4.7581124	16.899368	0.3888889
3.7945902	5.7556734	0.41836736
6.554231	9.958212	0.22222222
8.359224	8.983538	0.625
3.0571759	5.0639486	0.40625
8.413029	20.972132	0.2654321
4.974533	11.14472	0.5
3.6589649	7.8458567	0.54
5.1252236	11.326846	0.67800456
6.913928	10.455761	0.4488889
4.9490004	6.4648433	0.375
8.648223	15.764311	0.25619835
NaN	0.0	NaN
5.471854	22.242952	0.5029586
9.888466	15.186795	0.25925925
6.0039735	8.163214	0.28
10.806543	11.059349	0.5
10.333649	17.665476	0.24099723
7.7627153	10.952772	0.34375
4.432728	8.429227	0.375
2.4381037	8.169618	0.37037036
5.064694	11.817383	0.7222222
4.5282373	6.339995	0.5127551
10.124623	14.3390665	0.2777778
9.733223	13.55195	0.15625
6.581171	19.906286	0.25333333
4.612702	7.1963506	0.3888889
7.5958843	10.825655	0.4375
6.434819	14.691134	0.21893491
14.872097	14.872097	1.0
3.876842	7.64361	0.28
4.5337987	22.113346	0.44378698
8.752205	16.42576	0.33333334
2.6503286	2.9383252	0.5
3.6858025	11.056119	0.4074074
6.6820173	21.318	0.2892562
7.8098288	17.420181	0.18820861
8.843993	8.843992	1.0
6.642418	7.5724854	0.338843
6.495704	18.45574	0.3271605
8.1692095	17.274378	0.30612245
7.1571374	7.157138	1.0
11.706287	19.071697	0.18518518
3.7225325	14.903619	0.59861594
5.7528925	13.02589	0.52
5.455495	10.060295	0.26
7.522103	19.247107	0.18820861
4.0545344	13.524198	0.6296296
7.3383536	8.98938	0.29012346
8.214567	17.356503	0.36
9.358997	23.602736	0.11111111
NaN	0.0	NaN
7.0423255	14.869036	0.16666667
3.0569434	13.15545	0.46
12.762225	17.775644	0.52
5.8933797	5.8933797	1.0
2.772025	7.638105	0.3515625
NaN	0.0	NaN
2.087504	5.7556734	0.56122446
9.355465	20.32504	0.1694215
10.25462	23.945595	0.22222222
6.239064	19.744081	0.4375
6.329306	14.335798	0.24279836
9.929784	16.384962	0.625
7.2643547	10.183658	0.52
7.0424833	10.967021	0.23469388
3.7047877	8.332862	0.455
2.416809	5.598487	0.6859504
6.50548	8.799479	0.20661157
9.850528	19.332472	0.36
3.113346	4.8574257	0.45454547
10.03116	26.428043	0.24444444
6.4299383	10.371896	0.53846157
11.332106	20.598803	0.21088435
5.616009	15.604515	0.46938777
4.0235357	8.767928	0.3472222
6.2308016	11.1104355	0.35147393
11.073473	20.915308	0.17283951
9.965117	22.524864	0.30666667
4.4176683	6.3655095	0.28
8.190816	13.009533	0.5
6.6799674	9.119375	0.33673468
7.3207946	16.80336	0.19092627
10.648415	25.86862	0.1875
4.438524	5.4506316	0.5
6.238726	11.893303	0.654321
10.082967	14.872097	0.36
7.125871	26.124695	0.175
4.8678155	9.25294	0.3422222
3.7503402	7.674816	0.38
3.795582	8.707485	0.3125
3.775981	16.918634	0.32409972
8.911997	17.624306	0.14555766
3.987203	6.506153	0.24567474
19.223293	19.223293	1.0
11.494175	34.350067	0.2
2.9069188	9.56017	0.5510204
1.677458	1.677458	1.0
8.338867	20.713923	0.2777778
12.853787	19.002121	0.3553719
7.058605	12.368686	0.2249135
5.6072154	13.51804	0.26530612
7.8019443	7.8019443	1.0
6.8665257	8.42314	0.2892562
9.200166	21.754972	0.16666667
5.09726	10.755064	0.48971194
4.0652485	9.919229	0.4
NaN	0.0	NaN
2.6861513	3.991494	0.52
6.057107	14.342532	0.32544377
4.911866	7.372618	0.25
8.029221	8.029221	1.0
6.1764064	9.821528	0.34375
1.3894981	1.3894981	1.0
3.9823349	16.222895	0.45328718
3.181351	7.045132	0.19444445
6.1461444	6.409475	0.37190083
6.7531037	10.637248	0.46
7.3518434	25.633263	0.32
4.5258527	18.794706	0.53061223
7.0522637	16.387018	0.15555556
4.776856	12.57032	0.20408164
6.71512	7.4812093	0.45328718
6.170015	20.450026	0.25619835
6.8325953	11.280736	0.33333334
4.963484	7.254959	0.5
7.3047996	19.888613	0.28994083
6.536383	11.929948	0.26530612
13.231084	15.581597	0.5555556
7.866023	9.964286	0.3125
5.6919904	13.784255	0.234375
4.9118247	5.750878	0.654321
NaN	0.0	NaN
15.652803	15.652803	1.0
6.450633	13.966323	0.44
7.9292717	16.214714	0.15625
7.389981	10.992604	0.3305785
6.3355207	9.274786	0.5644444
7.868507	25.69833	0.20775624
6.039353	20.206932	0.25925925
5.9176865	8.411295	0.3888889
7.844501	15.8848	0.26530612
10.043042	19.045803	0.28
5.5634537	11.137359	0.33333334
6.785298	24.816904	0.1694215
8.79818	20.21885	0.21893491
9.863723	15.356225	0.25443786
6.789038	14.416827	0.33333334
3.4431992	12.804984	0.42
16.979425	24.920708	0.1875
7.1674633	15.428384	0.16049382
2.6425755	6.7446575	0.52662724
5.1322017	14.199133	0.27
6.371298	14.27646	0.26869807
4.871592	6.9878054	0.41358024
5.281	21.926497	0.2465374
8.494003	15.001205	0.5555556
4.0170946	8.123493	0.68
8.005323	9.484881	0.4074074
2.4109435	6.99628	0.2736
10.401765	21.860117	0.17355372
7.406124	17.395908	0.31944445
3.1182907	4.9179416	0.8347107
4.0155177	6.5719037	0.625
2.7253077	5.25524	0.5617284
2.906528	4.443509	0.59183675
7.356294	10.410445	0.29591838
NaN	0.0	NaN
3.9026325	8.514771	0.24716553
19.308352	36.609966	0.42011833
8.469465	17.918142	0.3372781
1.6103942	3.7141564	0.79238755
13.9013	23.87395	0.5
3.1601903	3.1601903	1.0
7.447115	22.302166	0.37278107
6.498737	13.5892725	0.16888888
7.319893	10.735127	0.625
6.480455	11.059349	0.2603306
8.12977	15.428384	0.2638889
14.985513	17.894756	0.44378698
10.993745	17.671543	0.2755102
7.2183776	8.076921	0.52
4.540047	4.883254	0.75510204
4.5596833	13.441717	0.4375
8.270981	18.44111	0.2231405
5.296904	12.53466	0.33333334
4.883254	4.883254	1.0
5.591577	19.073494	0.20604914
7.280653	20.591654	0.19791667
7.1182127	7.1182127	1.0
10.851966	16.05291	0.30864197
5.3630958	14.083424	0.30612245
8.903242	14.655226	0.36
7.852124	16.343498	0.21875
7.7727733	10.785741	0.46938777
4.426988	9.645078	0.74489796
17.261717	17.261717	1.0
14.374467	20.52517	0.25443786
3.972893	3.9728932	1.0
6.4915743	13.4778595	0.36
6.613345	11.0722685	0.4375
4.4513087	8.668138	0.3628809
5.741921	7.2933254	0.49716446
3.2612512	14.639182	0.46875
6.1472726	19.35326	0.4814815
9.62093	25.504107	0.18367347
14.930024	24.803778	0.14285715
9.797837	14.349028	0.1301939
11.222035	15.367357	0.3877551
8.8473835	17.576761	0.265625
6.4571867	10.279358	0.82
NaN	0.0	NaN
5.341591	20.078636	0.24
5.5375266	9.662068	0.25443786
5.343486	23.140114	0.18181819
7.746621	15.2204075	0.44
6.489293	12.686301	0.34375
19.21947	33.17226	0.33333334
3.3426073	6.642576	0.2265625
11.4581	16.774256	0.26530612
6.3769455	14.236142	0.30612245
6.4520264	13.572215	0.25
20.915058	20.915058	1.0
4.98012	25.89788	0.30747923
12.698338	19.993639	0.25
5.453279	17.767883	0.21799308
12.982563	17.129168	0.33333334
7.872159	16.473473	0.4375
8.3417015	17.5423	0.30177516
9.246047	11.082846	0.59375
10.279358	10.279358	1.0
3.7209644	6.29435	0.3469388
9.130761	21.801004	0.2638889
4.746306	4.746306	1.0
4.3664474	5.2723284	0.44
3.5016825	6.7283998	0.5555556
9.914302	17.744259	0.3888889
10.516572	20.555914	0.5833333
6.5694327	8.943649	0.3611111
NaN	0.0	NaN
NaN	0.0	NaN
5.990845	18.045486	0.2603306
9.7923975	15.922062	0.26222223
NaN	0.0	NaN
2.68483	5.4396358	0.6296296
1.9936752	9.241976	0.80246913

