PollenDist	MaxPollenDist	WDivFathers
6.1713142	10.270494	0.2244898
14.275362	21.951748	0.13580246
12.942948	41.226074	0.16666667
6.7606993	19.561924	0.275
8.841656	17.849178	0.3216
7.307127	11.997851	0.33333334
14.771273	44.29874	0.26
7.1342745	28.740547	0.22666667
4.3577065	4.3577065	1.0
6.924639	14.246331	0.30612245
8.441283	13.73452	0.33333334
13.449324	16.0	0.5
20.969778	29.392479	0.23076923
7.850342	20.35713	0.29411766
4.9548244	9.536095	0.3472222
10.646686	20.851377	0.31944445
3.2911286	14.578682	0.37037036
9.67891	19.23894	0.33333334
10.085376	20.450108	0.22222222
9.167125	17.662157	0.22222222
9.571655	17.95054	0.25925925
10.355592	25.632854	0.12888889
9.724416	18.999353	0.26041666
9.587295	15.041985	0.16666667
6.167482	7.1188173	0.33333334
8.6214285	22.653471	0.175
9.950812	19.73334	0.18055555
6.8332257	13.980996	0.3359375
10.0146265	25.75579	0.21875
4.991589	33.1935	0.41828254
40.532005	40.532005	1.0
11.305206	19.571678	0.25
7.1988134	17.932907	0.33333334
12.099678	38.563957	0.33333334
7.500157	20.31324	0.19444445
10.177679	18.797562	0.345
4.598662	8.428298	0.2777778
12.143602	29.228506	0.1468144
7.932268	9.083184	0.5
8.12703	11.896355	0.5
13.271117	17.87184	0.26530612
11.060088	24.082867	0.26530612
10.699646	28.883253	0.5
18.332993	43.28315	0.375
6.7067914	27.389116	0.6234568
9.513747	20.473312	0.22222222
20.159409	22.120535	0.28
14.226053	15.633676	0.3877551
8.4085655	16.891825	0.4375
15.617686	21.898949	0.33333334
7.081066	10.899018	0.28395063
10.14898	30.043386	0.21107267
11.197261	15.060635	0.27160493
18.819757	41.846928	0.17460318
9.884238	10.239963	0.5
1.9175758	8.16364	0.43195266
9.629577	17.151054	0.18
21.394722	40.75178	0.1388889
7.6108265	17.66134	0.2384
11.075011	20.980923	0.375
29.142693	32.26019	0.59375
4.821554	9.650457	0.2890625
4.0515103	16.12713	0.7083333
6.016071	10.956747	0.36
6.149208	7.500488	0.375
11.541658	16.692469	0.25
4.5535817	5.088499	0.5555556
7.1686897	10.6496	0.35640138
6.9688225	22.082224	0.3125
5.8071823	17.084732	0.5
4.0800586	15.750365	0.4375
7.19928	7.442809	0.44
20.47068	35.199997	0.28395063
5.8098135	20.681942	0.45328718
3.8693573	12.940672	0.4488889
8.457598	23.513178	0.36094674
9.489391	14.405092	0.17958412
11.1384	14.6456785	0.2777778
10.082127	12.879464	0.20775624
6.5046763	7.695216	0.42222223
9.023223	24.509975	0.18367347
8.75339	14.258037	0.20661157
11.61017	17.290142	0.1875
6.8271766	13.661364	0.3125
6.440273	12.9514885	0.30612245
9.1339245	9.87505	0.38
1.817688	1.817688	1.0
5.713247	15.597512	0.3702422
6.3978195	15.565936	0.4861111
19.78512	23.384474	0.33333334
17.161251	36.43963	0.17
13.042076	26.84764	0.28
11.059946	28.934612	0.2231405
12.260524	23.902046	0.2
9.540235	30.985468	0.3877551
10.774856	26.048496	0.1953125
4.4351406	7.976491	0.625
8.83094	13.007959	0.28
8.929096	23.449858	0.30864197
11.896206	11.896206	1.0
6.412994	18.519558	0.23076923
NaN	0.0	NaN
4.5552926	19.894941	0.54320985
8.818079	20.71455	0.18559557
8.63051	16.314215	0.375
8.455577	15.722802	0.34
7.751186	13.0777645	0.29591838
2.9569921	3.7368522	0.5
11.101886	16.172468	0.36
9.1813135	19.358824	0.2662722
6.297421	8.907543	0.7222222
12.739147	25.563993	0.21893491
5.8092895	8.743565	0.4375
8.897847	11.411789	0.2
4.934662	11.975424	0.5510204
11.936314	16.157433	0.20987654
7.9160433	16.704828	0.34375
6.680756	15.962227	0.47555557
5.0886235	20.366158	0.38408303
9.073997	17.007282	0.625
8.645786	16.838024	0.20987654
7.183214	17.133186	0.22666667
9.159702	19.055746	0.46875
20.169817	31.843204	0.28395063
3.1800199	12.743488	0.42
12.1471195	19.35465	0.2888889
15.909316	24.91346	0.1597633
8.544947	16.811823	0.12
14.765944	28.321049	0.26530612
9.003839	15.571186	0.25
0.49547637	0.6436032	0.5
7.3813868	13.601267	0.3422222
11.818621	18.53545	0.43209878
11.518649	23.636644	0.28395063
11.531958	24.169258	0.36
12.220274	26.245451	0.19387755
6.7940917	6.7940917	1.0
11.586	19.996902	0.375
11.204953	16.05885	0.44
5.6832814	14.773781	0.26530612
17.176817	45.675365	0.18367347
19.887104	41.025314	0.25
10.929041	14.964336	0.5
12.521562	26.286055	0.42857143
1.6646098	2.147809	0.53125
9.250008	17.398407	0.21262003
6.310242	6.5383124	0.36
21.649086	32.103306	0.33333334
6.8267293	13.348384	0.43801653
8.484425	19.418402	0.30578512
9.989468	17.449318	0.19008264
7.83106	26.31027	0.37278107
8.847711	15.2715025	0.5
8.740085	16.146349	0.375
4.2771025	8.187124	0.625
7.2833667	9.36757	0.5
10.594339	17.228384	0.125
13.144831	18.334764	0.2
2.4579582	4.0513697	0.40828404
17.115286	43.12579	0.28395063
3.3216164	16.221941	0.52
9.649705	15.740318	0.25
15.700965	27.258724	0.47916666
15.223889	27.278093	0.2244898
10.745877	22.534496	0.33333334
7.159406	19.361052	0.21
6.5795436	21.24817	0.30177516
6.543706	11.055272	0.2781065
13.072774	16.97696	0.25925925
7.809297	10.0621195	0.44
12.538539	15.002258	0.26530612
9.255555	10.24391	0.625
12.407591	31.431442	0.33564013
4.2023745	11.506663	0.3515625
5.7961745	15.566695	0.3125
9.023596	11.200712	0.68
12.239436	23.48785	0.28
19.550495	31.54288	0.155
15.70998	22.5814	0.33333334
11.830954	12.608711	0.28395063
10.606222	13.9510145	0.52
6.9883547	15.883811	0.4489796
8.890181	15.456849	0.28
14.875383	18.777786	0.375
7.3165393	11.426507	0.2654321
4.129756	4.6563	0.338843
9.143715	23.176996	0.25
8.372085	15.121421	0.30578512
10.648825	20.678686	0.30864197
1.3369058	1.3369058	1.0
12.534246	17.924183	0.26
22.262644	34.704292	0.17159763
8.025007	14.017119	0.19526628
11.429969	17.49306	0.2
7.1645775	17.164965	0.5363322
5.8231664	7.8591795	0.35
9.769784	18.59123	0.5
5.2402563	16.396477	0.34
13.656642	28.634693	0.1875
5.263938	12.932709	0.4382716
5.410016	19.152016	0.33
11.038324	20.185331	0.28531855
8.722372	19.585007	0.25
13.506185	16.370573	0.5236295
10.562879	15.55279	0.33333334
6.784713	16.115932	0.205
10.025778	15.060941	0.5
7.504419	9.25847	0.36
15.63398	41.64947	0.28125
11.765117	21.097734	0.2777778
11.8328905	13.148555	0.36888888
1.0818654	1.0818654	1.0
11.273764	14.19698	0.42
4.9197173	13.507559	0.26859504
11.401705	32.656937	0.18518518
8.618657	25.818863	0.26077098
10.703444	22.208967	0.25
4.5166035	16.100767	0.37654322
8.125064	8.509412	0.5
8.862066	27.383799	0.41975307
15.175217	25.066235	0.33333334
14.507344	28.441246	0.30612245
14.40135	23.9258	0.18518518
10.186205	10.186205	1.0
6.3746014	17.854301	0.47368422
8.037056	9.146597	0.37190083
9.5048	17.95757	0.22222222
9.543817	16.367077	0.33333334
13.043168	24.668108	0.14285715
8.3527565	20.753754	0.19723183
17.093206	25.165762	0.14
14.743028	23.23179	0.2777778
8.931574	25.811586	0.18192628
14.123723	32.568848	0.17159763
8.455055	19.844254	0.66
8.590189	11.743379	0.25
11.914914	20.674232	0.28
NaN	0.0	NaN
10.294023	21.611437	0.23966943
6.915601	21.768002	0.32871974
6.4232707	7.2810006	0.40828404
8.737341	19.56894	0.30612245
8.845065	21.582287	0.2345679
4.9228106	5.8973346	0.5555556
10.266585	36.891148	0.22222222
10.419611	21.222368	0.28125
5.531624	5.72068	0.5555556
12.503755	21.749352	0.2244898
19.484276	29.864597	0.2777778
2.6697574	2.6697574	1.0
15.699099	25.086111	0.25
24.36833	33.11119	0.28
13.391299	18.480633	0.2
9.764764	11.5016165	0.22
17.49466	28.281301	0.33333334
6.4014444	19.912624	0.33333334
6.7105985	11.643073	0.29012346
7.384006	10.970489	0.18518518
15.908234	23.135906	0.3140496
4.2305603	20.420082	0.2962963
10.514334	17.763412	0.375
7.4298043	24.49956	0.19387755
6.6535263	19.94182	0.3877551
10.88072	12.21826	0.375
18.463839	33.488964	0.14814815
6.6572876	16.05074	0.25333333
3.3773918	4.651093	0.5041322
14.446114	33.198032	0.140625
14.237411	22.684336	0.33333334
19.428755	33.511307	0.18518518
8.99757	9.566314	0.5
10.505394	37.107952	0.216
23.865648	53.49294	0.15625
9.200312	23.478724	0.2
9.111437	10.350783	0.2265625
2.5633762	8.104808	0.5
9.044903	11.84869	0.2244898
7.3333206	16.723684	0.2345679
10.883548	11.633303	0.3422222
4.750841	15.884666	0.553719
6.2131824	13.508277	0.19135803
10.474219	21.214949	0.22222222
14.683349	38.219627	0.26530612
7.9016547	19.534798	0.26
6.8235865	13.67993	0.59183675
1.7387347	1.7387347	1.0
5.6340475	17.096806	0.40625
7.604206	17.454926	0.28
11.836731	24.49956	0.16262975
6.823041	21.59193	0.3
13.6184635	16.429056	0.375
22.687868	27.620335	0.3
16.728418	28.936802	0.5
4.700791	13.536887	0.625
7.292505	28.21383	0.32
3.6615036	14.530832	0.58264464
5.7455707	16.12713	0.415
14.61199	25.38827	0.22
10.926359	17.987484	0.3
8.721075	16.054731	0.375
8.437509	23.91764	0.20775624
9.126286	11.626544	0.5
9.179749	9.179749	1.0
15.530535	18.015316	0.4375
5.304189	22.645521	0.4376417
11.003529	16.869139	0.168

12.772561	16.131794	0.22222222
18.468151	24.398037	0.14
11.61088	18.012438	0.25510204
3.1639504	3.1639504	1.0
13.991124	20.368145	0.3469388
5.8064294	16.0	0.23469388
6.495897	18.672842	0.2711111
9.711805	11.674044	0.375
10.459678	16.105637	0.2733564
14.235538	18.660788	0.15625
11.360675	33.67508	0.1796875
5.3677163	8.197009	0.5555556
17.715586	39.547924	0.18367347
6.361209	21.945337	0.3469388
9.324566	18.873354	0.375
7.0465965	8.4718895	0.375
11.197574	28.988632	0.27160493
7.7075753	16.674149	0.625
11.601513	22.627417	0.14186852
16.111988	25.030151	0.18
8.369315	15.699549	0.16
10.743332	35.330486	0.26643598
6.308632	8.687115	0.5
NaN	0.0	NaN
8.179207	17.474596	0.17355372
10.4016905	17.01561	0.3422222
8.605892	24.97678	0.50617284
9.604332	13.829904	0.26
7.5571256	13.814591	0.32231405
8.868905	13.507915	0.16
3.3699727	9.872748	0.23555556
11.45911	19.892702	0.2892562
3.6604252	5.7085896	0.24567474
14.9210615	33.555756	0.11564626
8.162211	12.525315	0.26
6.048367	23.284489	0.43209878
8.138402	13.3539295	0.338843
9.130486	11.028257	0.5555556
12.614333	37.06784	0.1640625
17.746582	33.49214	0.2249135
3.472462	3.9618714	0.50617284
9.422652	21.282198	0.41666666
22.12025	22.12025	1.0
12.459704	12.459704	1.0
NaN	0.0	NaN
5.2037735	43.191784	0.2361111
7.6903825	28.473858	0.475
5.4084735	6.0804157	0.625
4.6790476	7.0366263	0.3265306
12.023225	18.00327	0.18
11.239176	16.671988	0.375
12.809201	22.103825	0.18055555
13.029059	29.0349	0.16049382
7.9347596	22.806503	0.2888889
10.588541	28.63411	0.24
11.792421	16.124142	0.36
12.628472	23.895866	0.3888889
4.627716	17.809261	0.31555554
8.420563	19.569029	0.2361111
18.3826	31.146057	0.13580246
7.12149	18.65188	0.3888889
10.129218	16.749308	0.28125
10.011654	21.252768	0.17355372
11.63787	33.456245	0.20987654
12.303159	21.782091	0.20888889
2.9573667	13.674752	0.5859375
13.471249	19.197237	0.20987654
11.841194	22.516975	0.28719723
4.529096	9.510427	0.40625
14.217726	22.984749	0.5
4.2518673	13.106601	0.375
7.8534546	17.918497	0.32871974
13.954934	17.538054	0.26530612
13.294669	13.565087	0.5555556
10.314317	29.891497	0.22
5.720711	15.315291	0.41358024
5.361671	13.451171	0.3125
4.297053	10.671976	0.43195266
8.33923	27.459614	0.33333334
10.469459	17.71835	0.20987654
2.184865	4.944521	0.6213018
12.045468	18.600117	0.33333334
4.0908747	9.502885	0.4117647
9.057367	13.627762	0.625
9.32937	23.242058	0.2345679
13.529373	28.60738	0.28395063
NaN	0.0	NaN
14.9298935	21.616877	0.26530612
11.632077	20.04658	0.1616
8.682096	14.91246	0.375
12.729832	22.67181	0.25619835
13.042221	31.463717	0.18
10.339278	29.626945	0.28395063
8.889521	13.0830765	0.36
1.6110922	2.605414	0.75510204
6.1047025	15.727177	0.338843
13.265319	42.33823	0.25
8.827704	24.207113	0.20661157
11.975792	19.589216	0.44
8.321586	25.475506	0.2644628
13.553544	17.503592	0.30612245
17.206726	45.40636	0.32
NaN	0.0	NaN
13.963058	26.885725	0.21875
6.3771944	9.271945	0.36
8.94944	14.335024	0.25925925
15.030577	28.959873	0.1796875
11.468901	21.893286	0.19526628
12.434341	28.61472	0.1875
14.443736	24.805027	0.12345679
13.8661785	31.355167	0.18367347
9.152547	20.725508	0.19444445
14.177412	36.827335	0.16444445
12.939178	20.907764	0.375
9.80969	14.61587	0.1597633
2.649653	4.309115	0.2781065
8.793329	23.236012	0.34375
6.628009	20.47347	0.2465374
16.459251	26.076168	0.2244898
16.946178	34.62538	0.17355372
9.360178	21.501425	0.5510204
13.02057	22.31022	0.14285715
10.661698	12.743583	0.33333334
6.529849	12.484655	0.18518518
3.8245122	11.795913	0.22222222
6.754868	19.847893	0.30177516
4.5288005	20.350258	0.5029586
15.514355	30.65878	0.15625
8.470837	18.86691	0.175
17.39277	36.10308	0.33333334
7.5741076	24.26054	0.4876033
7.748069	17.222351	0.4375
6.209364	10.420143	0.33333334
4.1206183	7.013144	0.4074074
3.4214933	5.691618	0.3553719
15.282266	21.578295	0.2777778
4.783135	13.414014	0.2892562
2.7978737	9.119692	0.4117647
6.897793	12.20753	0.3877551
13.887989	41.769875	0.1953125
6.5244126	32.786922	0.25623584
3.452443	30.298826	0.4602076
9.262417	17.507084	0.3580247
11.598475	27.89244	0.38
9.460981	17.843723	0.375
6.5517097	6.5517097	1.0
13.919249	20.259468	0.40444446
15.302236	30.034948	0.33333334
4.128059	14.111888	0.3888889
10.483559	28.064236	0.19132653
14.296019	24.490017	0.20710059
5.6353545	11.246052	0.7222222
6.009624	30.135214	0.43944636
17.503792	27.469652	0.3553719
4.481032	14.2469	0.19723183
16.176737	43.21748	0.19135803
4.2841997	32.905903	0.4528
12.803169	23.619062	0.2777778
11.949257	28.711496	0.1800554
1.843171	4.049406	0.75510204
14.880714	23.076134	0.25
9.773624	19.254416	0.2
16.483221	47.153606	0.12888889
16.014616	17.74771	0.44
6.0664062	9.080102	0.26530612
5.9928513	9.758441	0.5555556
7.387966	11.486622	0.31487888
13.032139	13.99565	0.625
8.862235	16.473585	0.28395063
12.681783	13.900252	0.5
7.8375535	23.571613	0.3888889
10.684481	11.283773	0.68
8.814206	21.61555	0.50617284
15.77285	42.733704	0.22
8.752313	13.618249	0.39506173
7.618413	10.727445	0.5
12.10864	19.25681	0.18367347
3.6389282	5.323214	0.53125
7.4811378	14.973455	0.18820861
6.5081367	7.9930277	0.375
10.693217	33.152027	0.18055555
8.569293	12.167776	0.33333334
8.505539	27.131926	0.17
9.064892	25.653841	0.29591838
3.7040868	10.460795	0.37777779
13.169079	16.222857	0.38271606
2.7851126	6.920388	0.59375
14.678869	20.143177	0.21875
8.359751	21.4888	0.205
13.369588	20.202496	0.375
9.7685585	14.438933	0.2345679
14.295845	21.843822	0.3125
10.897724	26.717445	0.32
17.163576	40.551743	0.3877551
12.559122	19.543615	0.21893491
13.080588	30.152538	0.1640625
6.2379	10.035473	0.45918366
13.274894	25.87933	0.2662722
7.831093	17.510786	0.3125
13.864421	21.37917	0.3888889
12.664266	26.40388	0.3472222
11.119861	23.605307	0.18714556
24.338478	25.123283	0.5
9.996403	21.48202	0.26222223
10.759124	20.203403	0.2777778
7.2433014	16.118174	0.25510204
8.342649	39.396698	0.43801653
9.518048	9.518048	1.0
9.675104	21.271097	0.34
9.23866	30.055523	0.5
3.5935957	4.4528866	0.5555556
4.279087	4.279087	1.0
8.435675	21.735939	0.18367347
2.7481701	3.9530697	0.654321
26.802505	37.971203	0.33333334
16.6027	57.752125	0.10650887
5.974512	11.298274	0.2299169
12.404759	20.327852	0.1597633
7.265457	16.490358	0.375
3.7016943	10.209908	0.7083333
5.238484	5.238484	1.0
10.969879	32.325256	0.3671875
6.155415	9.599017	0.4214876
4.288854	15.027535	0.28719723
8.064216	19.473728	0.22222222
8.09655	22.643446	0.26530612
18.376858	47.980553	0.106575966
6.9172683	15.483199	0.25333333
14.7572775	21.020683	0.2777778
9.610188	26.98979	0.140625
13.443381	35.689808	0.3888889
6.7006326	16.269928	0.3580247
8.008997	29.607103	0.21777777
10.479703	28.249697	0.24
6.1657023	22.167454	0.625
11.670062	40.21473	0.3553719
5.1947756	14.300408	0.4375
12.474765	25.12557	0.28
10.67928	16.54508	0.26516053
8.773904	18.92398	0.42011833
15.332758	43.89858	0.19274376
3.4840453	22.2183	0.6015625
5.719438	10.35689	0.34256056
9.792357	19.145802	0.18518518
11.379607	31.923553	0.2231405
3.9566755	8.344425	0.3888889
11.802796	32.263645	0.19444445
17.0427	31.775225	0.3
12.776961	31.023668	0.28922495
12.511261	24.851254	0.2244898
11.161719	19.247667	0.25925925
17.661604	22.93984	0.3888889
5.4573283	15.727177	0.34948096
16.450613	38.31057	0.15192744
8.110782	10.221741	0.23469388
12.00239	25.580801	0.18343195
16.342236	38.98784	0.1764706
10.243857	19.169859	0.2
24.049452	27.565348	0.28395063
12.104118	25.10707	0.45833334
9.122426	13.019868	0.18367347
6.498084	27.145782	0.2
10.294096	23.383352	0.28
11.680291	20.196926	0.3422222
5.2881517	11.886401	0.3125
10.771114	20.143177	0.19444445
5.1539235	8.267192	0.42857143
5.2196636	16.523525	0.338843
13.45139	39.152115	0.19444445
2.9247828	2.9247828	1.0
8.803915	12.590883	0.1875
4.186238	30.15553	0.6296296
11.021359	12.260346	0.4920635
29.570543	49.114967	0.16049382
10.789681	32.430664	0.1796875
16.75055	31.709106	0.2
11.249318	23.579844	0.140625
17.900414	17.900414	1.0
8.83213	14.885232	0.25
12.945336	29.00167	0.25925925
10.232618	17.222351	0.38271606
4.8965926	5.035579	0.5555556
8.130774	21.72217	0.52249134
6.526249	13.621378	0.26530612
5.3992786	20.991524	0.3125
14.569403	21.598518	0.375
9.3162985	17.900429	0.28125
12.591256	19.305456	0.21875
2.9548974	3.0358655	0.82
11.970998	28.932251	0.12888889
9.180971	42.225056	0.18714556
8.3148575	23.18119	0.4375
2.9329844	18.787245	0.46313798
8.839978	26.769049	0.26530612
13.461437	26.576153	0.28395063
6.881044	29.828478	0.3359375
14.484297	14.484297	1.0
10.461142	33.370857	0.17451523
NaN	0.0	NaN
12.579543	27.479347	0.22222222
10.998463	12.466782	0.34375
8.624203	27.628036	0.14666666
15.001916	20.81873	0.20987654
13.0085745	20.321941	0.1632653
10.3965435	24.43713	0.2777778
8.156827	24.09269	0.30555555

6.697684	14.868987	0.355
8.389147	8.7565565	0.68
5.805184	14.109828	0.46938777
6.4376535	11.030879	0.31632653
11.941916	25.835943	0.18
12.820843	39.091797	0.3125
13.9053755	29.439371	0.20888889
12.359776	18.680092	0.21875
12.051008	29.190435	0.3580247
9.0486145	36.330257	0.2644628
3.9996085	11.4226675	0.5147929
15.353631	20.27022	0.22222222
6.1417046	13.25895	0.3125
7.01381	18.06875	0.15789473
21.10318	41.689266	0.2777778
8.508967	50.13529	0.24260356
1.9739382	6.0583367	0.66
12.705575	31.258316	0.20987654
8.398438	16.994259	0.18343195
18.940868	32.37457	0.14
6.151088	17.89843	0.50617284
30.100304	36.992317	0.33333334
11.450444	32.0	0.21777777
8.2090025	16.0	0.32231405
4.9655056	7.070716	0.50617284
5.437562	13.487263	0.265
6.12303	20.983046	0.24305555
5.7547026	13.497665	0.28395063
11.811087	17.540768	0.36
7.354825	13.266662	0.1875
10.629184	16.925558	0.42
9.954273	30.369955	0.24099723
9.395473	22.639105	0.23076923
19.231102	36.345337	0.2037037
7.8338614	20.539953	0.24567474
7.278366	16.307383	0.31632653
8.370958	15.563929	0.42
18.147932	26.22266	0.2231405
10.583302	13.106293	0.22222222
19.498335	34.16404	0.20833333
21.201904	27.428	0.3877551
8.503687	23.976133	0.20888889
8.86061	26.357828	0.3372781
7.6357346	15.119108	0.39795917
12.641734	26.473759	0.28395063
4.308862	10.869557	0.3877551
10.405799	33.629955	0.2249135
10.060994	10.060994	1.0
5.821	17.727346	0.22666667
4.5666914	9.3029785	0.45454547
4.6330104	9.487599	0.28395063
15.3316965	21.923119	0.25
7.464424	16.66218	0.25443786
16.147083	21.507664	0.24
6.2707825	8.698893	0.30612245
7.866645	18.343864	0.21875
12.599136	21.060577	0.44
8.887592	23.73796	0.24099723
10.352071	13.969473	0.43209878
9.635344	15.227453	0.21875
12.926121	19.535482	0.3580247
13.726409	27.128817	0.18367347
6.656254	28.775454	0.2299169
7.601756	12.822006	0.36
6.922967	16.241365	0.26530612
8.20013	11.623317	0.265625
6.1343784	8.8439455	0.40625
2.072881	9.21825	0.78125
7.37364	7.37364	1.0
5.2355466	10.333871	0.30177516
6.6228223	9.562923	0.26530612
12.621438	33.45433	0.2096
6.914743	16.612642	0.30578512
18.422047	40.548565	0.25
23.317688	44.713814	0.16666667
24.564175	30.75744	0.28
8.530869	16.304676	0.2797784
6.9185977	26.595127	0.3580247
9.814225	15.229754	0.33333334
7.304219	11.517025	0.22222222
5.965059	22.726501	0.7222222
8.76063	30.400679	0.3125
11.465765	20.526218	0.16
12.839012	25.965693	0.34375
24.108494	28.886732	0.5
7.978499	33.549576	0.2711111
3.6473045	11.671242	0.2857143
7.785856	12.09734	0.33786848
10.261698	15.779457	0.2711111
NaN	0.0	NaN
6.793134	21.982378	0.34
6.32188	10.248189	0.78125
11.942545	45.37515	0.3125
3.9636357	31.341312	0.3964497
6.749353	12.190017	0.5555556
6.814286	9.0562935	0.31487888
18.19474	30.079508	0.16666667
9.606992	12.093561	0.33333334
16.405994	24.50747	0.20987654
8.699758	15.010533	0.18367347
3.9209197	3.9209194	1.0
5.7478504	14.613603	0.2734375
5.7606683	5.7606688	1.0
9.220887	19.333286	0.11909263
7.892838	8.651659	0.5
11.760496	24.728584	0.185
4.1105456	4.1105456	1.0
9.549414	9.549414	1.0
4.576519	5.0253973	0.7222222
8.787901	16.44522	0.44
6.9836535	16.55919	0.2711111
8.603969	24.687416	0.21088435
6.1982822	30.46449	0.355
14.025048	32.558884	0.36734694
13.502332	31.55878	0.33333334
11.098167	36.326702	0.2777778
9.655602	13.675621	0.30612245
12.155564	28.987661	0.46875
3.2693377	10.86006	0.59375
8.779159	13.53419	0.375
8.223748	24.97703	0.42
2.9847775	5.862046	0.59183675
9.884141	18.333357	0.16666667
13.480888	18.092607	0.5
13.690384	24.621193	0.1734694
12.589159	20.321257	0.1734694
8.425199	14.354721	0.17913832
12.75903	19.678446	0.46875
7.068571	17.606153	0.42011833
10.837511	14.408534	0.3877551
5.964494	13.804574	0.26077098
6.8019185	15.750301	0.30177516
13.415798	18.092607	0.33333334
9.278008	20.817278	0.14049587
7.06756	13.930551	0.625
13.693888	28.849543	0.30612245
8.156944	25.128553	0.18559557
17.646017	28.976187	0.2345679
12.707999	20.261976	0.3148148
15.188137	26.85142	0.20987654
8.109988	8.109988	1.0
9.871075	21.873432	0.2631579
10.716264	13.70058	0.390625
8.568564	14.161191	0.2777778
5.317066	5.317066	1.0
16.087257	25.101664	0.16666667
13.164143	26.432371	0.15625
3.201221	8.991943	0.3877551
5.943467	16.03997	0.23076923
9.905866	22.553019	0.33333334
17.111109	30.341326	0.15625
5.822881	8.291658	0.28
9.12135	47.72861	0.43055555
7.5296407	22.535841	0.2662722
6.294728	15.080439	0.46
9.16057	13.567143	0.30578512
5.034882	30.391237	0.47555557
7.6078906	15.371974	0.2231405
5.4371595	11.027252	0.3846154
5.2250156	5.862046	0.5555556
8.100772	28.525944	0.30612245
5.972976	7.52594	0.25510204
14.311773	18.188292	0.375
10.264735	25.694603	0.28125
13.483389	31.644093	0.1648
5.8437934	7.4354434	0.5555556
16.150213	29.33244	0.28
4.7760615	12.366031	0.35123968
12.112807	19.173325	0.2892562
8.877833	29.04754	0.2777778
5.852306	18.341988	0.38271606
5.982135	12.473853	0.68
3.972854	8.385165	0.625
4.3169	16.911644	0.2733564
18.508526	30.14764	0.36
12.997858	15.765052	0.375
11.981614	23.28075	0.5
6.0695586	6.162404	0.7222222
8.502811	30.048052	0.17355372
15.277932	20.445602	0.33333334
7.805919	30.071026	0.12396694
10.442378	21.627245	0.16666667
9.75867	27.673967	0.19444445
14.108711	21.06679	0.30612245
7.53166	10.034183	0.5
11.099194	26.208971	0.25443786
12.084982	31.31019	0.25
13.19689	28.237898	0.25
9.751689	16.045187	0.30578512
7.648652	37.525333	0.2781065
13.5077	26.162924	0.12244898
11.323313	12.888837	0.375
8.081257	25.117708	0.75510204
15.803495	24.900732	0.25
7.4073176	8.728838	0.33333334
7.0202103	15.246414	0.24
7.6971745	30.836315	0.3799622
19.234985	24.925825	0.2
10.067358	15.423321	0.32544377
6.190368	14.674368	0.2888889
6.152227	6.152227	1.0
9.831852	13.460129	0.42011833
11.3167095	20.2311	0.24260356
9.944666	16.895926	0.33333334
16.562363	30.428078	0.375
13.149017	41.74855	0.1764706
6.4312077	13.328678	0.25925925
18.448116	49.94546	0.1875
NaN	0.0	NaN
10.979612	20.48665	0.22
2.0268922	7.6016273	0.6213018
8.443403	18.000875	0.21875
4.5130043	10.442916	0.27437642
15.836411	32.25549	0.23356009
4.96637	10.057993	0.29012346
12.888026	28.658594	0.18367347
2.271328	8.444584	0.31487888
5.8731227	7.563931	0.5
12.946736	21.710817	0.2777778
6.64383	9.614359	0.25
7.9051404	15.081583	0.3877551
10.995964	24.572401	0.16049382
2.739361	6.3489103	0.76
2.6867168	8.134779	0.74489796
12.393773	18.342945	0.16666667
4.9738135	11.986767	0.26530612
8.508518	19.226112	0.33136094
14.115112	33.175095	0.2638889
3.617935	12.652308	0.49333334
12.8979645	43.941006	0.28125
3.7802463	9.880273	0.255
4.7616506	32.09491	0.28402367
7.56952	13.7219715	0.22222222
8.114329	24.581934	0.35640138
15.052954	24.808252	0.24
12.738549	14.1005125	0.28
13.137439	28.705744	0.3888889
14.175591	31.273605	0.375
3.9010804	12.66717	0.5644444
6.4846263	12.345214	0.2244898
16.346031	33.167114	0.14049587
2.197076	2.197076	1.0
12.486149	15.612701	0.5
7.844891	10.2922325	0.375
4.2855973	10.953583	0.40123457
13.012771	21.042818	0.30177516
7.7530255	9.821395	0.24260356
20.326218	36.54955	0.1875
4.182314	4.182314	1.0
10.852467	36.975155	0.25
14.563795	37.836823	0.15088758
11.5938635	15.80442	0.33333334
14.575132	18.012997	0.28
7.452372	9.796018	0.33333334
10.027964	15.822411	0.23076923
12.71062	23.507393	0.11911357
13.659298	26.168306	0.2888889
5.514125	14.261563	0.42
16.995348	43.689537	0.3125
23.467228	30.38144	0.375
5.588318	12.272251	0.38271606
7.057592	13.330936	0.5555556
3.4310458	8.864497	0.43195266
6.866085	11.517267	0.165
18.893183	20.994032	0.5555556
7.3353405	13.230872	0.3217993
5.2465386	6.5563965	0.3148148
8.08197	16.541935	0.4489796
8.226464	17.464718	0.25925925
12.641513	43.972042	0.175
13.315607	25.828972	0.3553719
4.2661815	15.743002	0.46712804
6.6666865	11.769368	0.23555556
5.5525227	21.063087	0.25925925
8.253197	11.198192	0.375
3.0333207	4.698902	0.5555556
12.258979	16.490839	0.33333334
8.191589	16.419895	0.1875
22.47421	22.47421	1.0
6.911204	16.65595	0.34911242
6.0057554	15.956621	0.25619835
6.4825487	11.578868	0.27272728
4.996277	6.7112174	0.5
9.102438	21.393333	0.19387755
9.631482	17.81407	0.33333334
6.6110854	8.385165	0.30555555
10.917825	36.1467	0.328125
6.316171	15.436956	0.38
8.148089	23.815819	0.30555555
4.6550713	16.769854	0.36
14.637687	27.363762	0.1122449
10.199116	23.465452	0.16444445
8.829046	20.808403	0.5510204
6.6283245	11.984315	0.33333334
11.343733	24.112473	0.17355372
6.595977	12.235108	0.375
7.300965	18.656603	0.19031142
14.063493	19.734673	0.32231405
5.432796	11.270254	0.20408164
8.496649	17.14188	0.26
9.7352	11.473069	0.2755102
7.8339186	13.984783	0.32
7.838238	20.588442	0.28
4.6327496	13.6846	0.3372781
6.10967	14.003975	0.25
9.841657	10.741117	0.421875

7.3800497	14.314774	0.28
10.789809	22.627417	0.33333334
6.529551	14.59771	0.3846154
7.722288	34.47854	0.19753087
11.319643	23.40918	0.3877551
7.654908	31.22279	0.22666667
8.674598	20.4883	0.18518518
10.880635	28.802242	0.22222222
6.553295	18.59803	0.5138889
6.7820454	19.663132	0.30578512
9.349007	22.627417	0.338843
13.118285	33.522995	0.19444445
13.434054	18.045776	0.2638889
22.270472	28.239021	0.5
12.188979	30.279497	0.171875
7.3964725	22.408297	0.33471075
10.528844	16.0	0.22902495
8.9543705	28.790783	0.18222222
25.148678	29.922483	0.3877551
8.215826	25.552465	0.23356009
9.303079	13.879493	0.5
14.792159	21.558884	0.2231405
12.213298	18.9458	0.20888889
5.258885	8.180416	0.3469388
6.608058	11.024444	0.44
12.244897	24.723839	0.3580247
8.584008	23.226269	0.25
4.281504	5.2735643	0.5555556
22.450253	44.781693	0.1875
5.786753	12.962341	0.38271606
3.3067558	10.373532	0.5408163
6.32193	19.283237	0.2741021
9.123547	12.255184	0.2777778
9.728093	16.801603	0.33333334
4.0252852	4.1633	0.5555556
9.947602	18.597542	0.42857143
14.81236	25.033052	0.18055555
2.3459983	2.3459983	1.0
15.072449	33.87192	0.455
6.2959375	14.607935	0.296875
6.125253	21.799965	0.3580247
4.8214746	6.060246	0.33333334
12.181742	14.456987	0.3
10.065906	19.273056	0.40625
13.418077	29.130894	0.13580246
12.150494	18.3591	0.25925925
12.098365	19.248539	0.265625
15.764226	25.715572	0.15277778
7.033694	13.055769	0.44
13.056751	18.903513	0.5555556
14.855194	33.27922	0.4387755
9.610704	34.646675	0.31632653
8.943577	18.296305	0.4375
17.531363	36.532345	0.23469388
5.786108	22.53213	0.6296296
15.839958	21.833239	0.33333334
2.9815257	2.9815261	1.0
13.182235	23.037746	0.1875
9.66782	24.828653	0.25
11.051148	15.414263	0.16
19.67734	42.091766	0.2781065
7.0781546	10.922174	0.2244898
11.379181	19.669352	0.32231405
11.694436	16.49663	0.33333334
9.204952	12.483558	0.33333334
5.201221	9.6259575	0.421875
14.665186	27.568521	0.19822486
15.682651	20.376793	0.28
12.487823	17.44592	0.24
8.100446	15.761403	0.27272728
8.984837	12.779926	0.23076923
10.266312	34.271866	0.42857143
6.4007487	18.540764	0.5147929
19.393967	37.774223	0.17602041
16.736635	48.71537	0.155
6.6846943	7.4996614	0.5555556
16.183136	26.93178	0.36
16.171778	49.62216	0.183391
3.5146606	5.977175	0.36
8.296176	11.177939	0.19097222
12.659853	24.28016	0.15306123
11.276483	34.45892	0.30177516
12.827546	22.97323	0.22222222
5.525711	19.911024	0.4293629
2.450723	5.7855434	0.53846157
14.382644	25.530735	0.1734694
10.409961	34.11086	0.21900827
7.094143	22.061672	0.24716553
6.0064836	12.295152	0.3877551
NaN	0.0	NaN
4.632545	15.89736	0.30612245
8.257848	16.429138	0.34375
8.190065	18.777863	0.2109375
9.385875	13.273768	0.75510204
11.061723	27.384623	0.18343195
3.0723662	4.2561917	0.42
8.562608	14.618942	0.2781065
5.0801277	8.363638	0.8472222
11.7305765	18.321266	0.19111112
15.839478	20.354181	0.2244898
8.555276	25.81204	0.1875
6.795822	7.5393605	0.2345679
25.576097	25.576097	1.0
7.808185	20.523003	0.3877551
9.318423	17.02796	0.27437642
8.171303	12.534412	0.28
8.924387	21.047956	0.2662722
2.94674	10.59478	0.30555555
25.30595	40.13187	0.53125
5.6744576	6.732912	0.375
8.38754	12.9830265	0.36
4.1057315	4.1057315	1.0
9.276528	35.141174	0.31944445
12.25882	17.424803	0.30612245
13.320444	22.1208	0.3271605
13.431507	15.240501	0.625
5.978793	15.39949	0.375
11.195174	50.090977	0.15277778
4.4112983	6.562021	0.3877551
15.210829	39.21108	0.18367347
11.824665	11.824665	1.0
9.536337	32.56963	0.32231405
12.402241	18.062073	0.3125
5.8795776	5.8795776	1.0
6.844517	15.7275505	0.38842976
9.97974	14.135967	0.11111111
10.780829	14.893255	0.2834467
7.582455	17.287853	0.26530612
19.928795	26.629837	0.2638889
4.294478	14.973756	0.7222222
7.078667	12.64493	0.32231405
11.6948595	40.038612	0.42
16.843405	28.935694	0.2345679
6.1184106	21.027273	0.3046875
12.364928	34.729137	0.1122449
4.7447705	35.55545	0.28719723
12.735335	21.831266	0.3125
31.19371	40.96212	0.45918366
15.76053	34.606007	0.28
5.2459445	17.447428	0.38321996
8.945299	12.011021	0.5
9.41535	24.298958	0.2781065
7.9804606	41.907494	0.19113573
6.036006	21.839567	0.26643598
6.2598853	24.298496	0.48752835
8.32956	12.822998	0.30864197
16.336338	19.05463	0.375
6.9451275	21.844452	0.2578125
4.612375	12.315546	0.3056
6.0879908	12.613169	0.28125
8.031225	25.762232	0.30555555
7.177164	15.269471	0.25619835
7.9829006	28.20544	0.3125
10.6574955	32.137253	0.12222222
12.027433	34.40771	0.26222223
6.9865556	13.800002	0.7083333
16.725956	27.036856	0.26530612
8.849563	32.90209	0.21799308
7.730085	15.195889	0.46
11.435008	23.909784	0.34911242
13.101731	33.562347	0.16343491
20.865284	29.464756	0.36
7.4164624	8.240492	0.5555556
9.630335	19.041924	0.1875
5.7579937	28.293827	0.54545456
6.4184594	7.557006	0.33333334
3.9113147	11.520949	0.5510204
11.9667845	27.764765	0.44
2.6898663	9.360676	0.76
6.503235	15.709952	0.25925925
12.3235445	22.680826	0.25761774
15.388279	37.94668	0.13043478
14.155372	23.580795	0.375
3.715314	10.4392605	0.2797784
9.985922	11.579675	0.5
4.930799	10.625147	0.36
8.41751	23.48603	0.29591838
14.902162	31.493925	0.25
9.8165245	12.374908	0.33333334
14.715377	32.228638	0.25
3.9505053	16.165432	0.3271605
13.568669	29.649588	0.2711111
9.064019	24.609968	0.2777778
7.8825674	10.497557	0.3469388
16.077787	52.23613	0.17355372
14.305571	35.808887	0.1632653
11.753026	14.119165	0.26530612
10.262898	13.684039	0.5555556
4.3457265	15.436156	0.35253772
15.935395	26.892464	0.21875
10.4481	30.601141	0.14814815
9.611325	15.429246	0.33333334
7.527544	17.847963	0.45454547
10.915022	16.088032	0.14
6.7444077	18.826656	0.29591838
3.6809604	3.6920822	0.625
6.7114	16.042278	0.37278107
4.54565	13.845779	0.46875
10.549441	10.549441	1.0
7.829981	8.408746	0.5555556
8.105133	17.559105	0.1875
14.027111	24.676878	0.16666667
8.347894	20.23673	0.5555556
12.455954	20.959276	0.17768595
3.5368493	4.9996686	0.3888889
2.5699322	2.6151347	0.82
6.608251	21.802313	0.26
8.222287	18.291883	0.33333334
6.652722	12.9131775	0.28395063
4.239663	9.096721	0.44
7.7820597	10.72196	0.37278107
1.8820076	4.1057315	0.5555556
12.862631	15.231467	0.25925925
13.533959	20.770855	0.375
9.74998	13.579307	0.42857143
7.209719	14.684175	0.2578125
9.840615	26.91329	0.2
8.1648035	21.545397	0.2857143
12.629089	32.88104	0.28395063
9.382627	53.580982	0.22873347
9.419823	10.794575	0.3580247
8.65097	19.59466	0.296875
10.16102	23.306513	0.19526628
8.881609	10.100639	0.375
10.012396	19.199728	0.28
10.657685	23.136415	0.183391
7.7122006	25.166876	0.27160493
12.153916	17.284271	0.5
13.47887	33.031242	0.171875
7.527192	14.325295	0.3271605
5.217631	17.676798	0.34
3.2819862	12.030395	0.43801653
8.558745	15.642603	0.20661157
12.438843	27.223078	0.28125
4.1751404	10.027499	0.2781065
10.016489	24.43981	0.1875
10.523458	19.56377	0.16272189
21.542437	37.30868	0.15555556
8.260726	10.3955	0.4876033
17.862967	30.831087	0.25
12.104916	38.221157	0.3984
15.632007	20.522474	0.5555556
11.525993	27.08189	0.19444445
14.230671	27.1493	0.17460318
12.375096	40.26942	0.10493827
13.617198	27.001707	0.19111112
13.694587	27.863	0.20661157
16.595284	33.85575	0.17333333
11.281368	17.916136	0.25
12.826186	12.826186	1.0
6.242618	16.042278	0.28
7.991023	19.622978	0.42
13.582936	15.842439	0.5
5.1108027	14.654215	0.5
17.967491	33.296776	0.25
4.7063394	15.416282	0.625
7.192133	11.991887	0.2361111
11.875184	17.94565	0.25619835
7.2190967	13.427461	0.33333334
9.798297	19.980528	0.19111112
6.8867145	8.686031	0.21875
10.66203	10.66203	1.0
8.003008	24.401205	0.28
10.776834	37.616764	0.175
4.7572837	10.106681	0.4117647
11.239989	16.194872	0.16666667
9.268886	12.575864	0.2244898
11.184876	38.747677	0.13609467
6.5218453	18.726065	0.2345679
11.906563	12.305082	0.33333334
13.70024	37.307243	0.33333334
7.8263726	7.8263726	1.0
18.661303	19.945454	0.5555556
2.2914157	9.344917	0.6689342
5.912371	20.360579	0.2244898
4.5420494	6.7803845	0.5555556
16.83001	22.62038	0.36094674
14.711422	30.191177	0.20661157
NaN	0.0	NaN
8.788052	22.739508	0.3580247
5.066442	21.667719	0.6622222
25.680487	40.563766	0.33333334
8.464033	17.401367	0.18
5.80884	15.045892	0.38271606
9.990784	15.900309	0.21777777
5.7723546	9.210856	0.23076923
15.948419	22.499245	0.3580247
9.039069	15.372223	0.30612245
9.926013	26.626806	0.18055555
9.305683	21.704786	0.33333334
16.858587	34.70985	0.22222222
10.242778	12.570691	0.5
11.40799	26.657877	0.36
12.977893	17.96288	0.44
10.895284	19.443714	0.44
10.689171	21.74814	0.375
12.572107	22.173262	0.5
17.652327	50.560467	0.59375
0.85449743	6.4609876	0.905
13.250929	27.63846	0.23076923
12.476502	24.786993	0.21107267
15.06665	34.01867	0.2361111
8.9087715	11.431447	0.375
12.212928	30.915382	0.18559557
12.116817	16.175535	0.25
9.897759	19.159369	0.26530612

10.184076	24.784727	0.23469388
27.326456	55.45391	0.145
6.3761425	15.333408	0.2231405
15.137854	22.480112	0.28
11.291412	16.362728	0.5555556
11.446133	31.249308	0.22437674
20.152548	37.168312	0.1875
7.62322	12.440702	0.46
10.64581	27.453928	0.24489796
8.440328	10.849573	0.28
5.565458	16.360971	0.28395063
22.827444	36.919323	0.23555556
8.6030245	8.6030245	1.0
16.162992	30.48228	0.28125
9.10984	14.089252	0.28
8.718978	25.76485	0.2109375
3.0071292	4.6793385	0.41836736
5.4360995	10.623031	0.5555556
18.124441	29.757734	0.25
12.655023	21.262705	0.2345679
10.03741	15.5142975	0.2638889
5.9537244	30.22106	0.4814815
6.783057	11.550469	0.44
9.956861	22.94391	0.21875
16.239439	30.588968	0.16049382
14.088343	28.447313	0.2421875
17.506489	29.07769	0.2244898
14.471103	25.27667	0.33333334
6.0378623	14.987891	0.33333334
7.308406	15.468315	0.421875
5.2113423	17.456532	0.29777777
13.142482	13.142482	1.0
17.080421	35.62903	0.16049382
22.497307	51.786892	0.22727273
7.50855	19.173216	0.38271606
7.2020516	28.135061	0.32544377
4.4910364	4.6812882	0.5
15.523372	26.284227	0.21777777
8.889779	19.3657	0.28
1.1222224	1.1222224	1.0
12.556884	23.100853	0.15277778
15.621392	22.320541	0.375
6.1599708	11.391226	0.2777778
10.905308	22.528473	0.2231405
5.9351296	6.942127	0.5
15.9401655	42.358063	0.19444445
8.058412	15.125063	0.147929
14.714582	25.520851	0.14878893
11.444299	15.967132	0.33333334
4.822879	7.0515566	0.3877551
4.5508404	10.161793	0.3580247
8.63824	8.874457	0.68
8.145901	9.695593	0.33333334
9.485318	28.809484	0.3125
11.469273	17.45526	0.13580246
7.8195496	12.261317	0.34072024
11.112007	12.74782	0.30612245
10.220806	12.693463	0.28125
1.5206788	11.791361	0.8755556
9.3014145	17.227634	0.15277778
9.922069	20.157358	0.147929
4.2704015	10.750645	0.3046875
NaN	0.0	NaN
15.387026	22.900324	0.138322
5.6235943	12.754926	0.45454547
14.216996	25.67489	0.22222222
7.5898123	10.4553175	0.36
3.3821836	7.649321	0.68
14.229635	22.921515	0.14
17.81345	35.995266	0.30864197
12.480177	14.433034	0.5
2.994679	6.9010262	0.5
12.493661	19.121864	0.34375
12.026643	15.695052	0.33333334
14.204794	38.143288	0.18714556
7.0990953	8.673184	0.44
17.130383	40.94686	0.1734694
14.736025	24.231302	0.36
6.6589394	10.836775	0.2802768
4.2417927	4.2417927	1.0
4.963593	11.4864855	0.30612245
10.052933	17.305931	0.38271606
9.331491	29.742388	0.12465374
8.293421	17.026442	0.2231405
12.770032	32.231247	0.18055555
10.391122	28.376247	0.26869807
15.508437	18.350574	0.5
5.7094626	19.745926	0.4861111
10.089729	28.200603	0.25
6.628882	11.161867	0.28
7.882962	34.611916	0.1597633
5.3415995	15.695428	0.18518518
6.6517777	11.956396	0.21995465
9.739714	11.816054	0.30864197
5.9741044	6.8196754	0.5555556
4.775719	13.700119	0.32
10.709015	29.260788	0.2361111
14.122082	22.689949	0.2345679
11.925284	19.513622	0.1570248
12.447171	31.886667	0.13777778
12.7231865	24.96485	0.22666667
9.743956	9.743956	1.0
14.430656	39.70073	0.31944445
13.455062	34.494698	0.18367347
7.648134	12.21658	0.3125
6.717112	16.161818	0.6796875
7.625668	7.625668	1.0
4.4755516	6.561827	0.3888889
2.3153992	2.3153992	1.0
6.4334693	18.062515	0.4
10.545329	15.399981	0.52
14.563799	30.610935	0.4375
22.236637	22.236637	1.0
11.1909485	23.743284	0.18343195
7.5975957	16.2538	0.19444445
11.48506	28.105999	0.28
4.3650937	12.943611	0.66
7.0709643	22.474903	0.390625
11.447792	31.67874	0.2244898
14.14201	29.32434	0.16955018
10.798558	11.825578	0.23966943
15.243618	30.695717	0.20987654
18.550276	29.916357	0.155
8.071444	25.408783	0.4
20.13788	45.736298	0.2777778
3.7452185	26.363892	0.32223544
14.850893	35.853806	0.24074075
4.899393	14.722594	0.2662722
17.199074	29.595924	0.18518518
20.13652	51.657707	0.19753087
4.579615	15.506922	0.3515625
1.7790126	3.6562786	0.5371901
6.647945	18.091555	0.4814815
14.368132	22.169462	0.25
18.92791	51.67456	0.11
7.654286	19.198423	0.22839506
13.660058	13.660058	1.0
10.53395	18.19998	0.2244898
7.7495713	11.302211	0.59375
6.5916104	16.07046	0.27032137
18.310863	31.15087	0.2244898
14.88956	29.601938	0.18055555
14.154295	18.055676	0.1875
6.6817665	11.694177	0.8472222
9.592354	30.22106	0.25925925
12.155844	13.916008	0.625
19.103424	36.119404	0.21875
2.2189274	2.2189274	1.0
6.1482806	18.003025	0.31944445
6.4766903	18.28411	0.4375
5.2135296	5.2135296	1.0
12.5387745	17.84967	0.5
20.251207	35.96295	0.31555554
12.238623	17.404888	0.24260356
9.891968	20.935457	0.5555556
14.667491	16.010363	0.5555556
9.15532	16.080591	0.20661157
18.469269	36.50242	0.34375
9.136483	12.551799	0.33333334
5.399399	10.048456	0.3
14.005631	28.500803	0.31555554
5.747032	7.215132	0.5
5.732926	8.8997345	0.43195266
3.8231187	15.402033	0.82
21.00319	49.019314	0.18
4.856406	10.138479	0.18367347
10.3646145	24.38628	0.147929
2.780947	9.415843	0.68
6.7143135	7.7645607	0.36
8.070262	21.51944	0.25951558
1.9315599	5.241063	0.66
8.470139	23.111073	0.26530612
16.908619	31.100721	0.18367347
8.534206	8.534206	1.0
8.276381	13.49762	0.2638889
6.1589212	13.760466	0.26222223
8.626067	9.533774	0.375
4.084039	4.1447697	0.625
11.085195	17.794722	0.17159763
8.585461	25.220045	0.2345679
9.766248	23.894205	0.3877551
10.168866	19.00578	0.24
12.945717	33.768616	0.2244898
7.57768	9.171309	0.33333334
5.461613	11.349371	0.38
17.479488	27.073719	0.12
13.809745	28.076933	0.22222222
14.092269	24.97616	0.17159763
10.322448	10.322448	1.0
13.871998	45.49419	0.18055555
7.356964	8.016449	0.5555556
5.035438	10.675918	0.46875
10.523775	12.571646	0.375
15.463799	34.022438	0.1875
8.306124	17.908169	0.18055555
13.510581	18.886482	0.4814815
8.069001	16.896103	0.36479592
11.197742	29.47015	0.32409972
11.517148	27.355587	0.18
7.2401567	13.875637	0.34
6.476868	10.311133	0.22222222
8.186128	13.122896	0.33333334
6.5070233	16.429325	0.45918366
11.268732	36.446915	0.28395063
7.243158	8.773674	0.5555556
8.02548	20.461037	0.375
9.854479	16.788992	0.3148148
4.7519894	9.512894	0.2892562
5.4404244	13.43322	0.2345679
9.280886	16.834803	0.2345679
9.845323	21.96523	0.28125
3.3440285	3.3440285	1.0
12.787148	30.817272	0.4027778
3.0962539	8.608333	0.33333334
5.823459	11.621507	0.28
20.536264	38.092594	0.44
3.937303	9.002268	0.56122446
14.620547	24.558815	0.14
7.153317	14.318698	0.30666667
12.442375	49.42591	0.3515625
5.0794067	7.4335856	0.68
4.3036456	16.610199	0.43195266
8.819292	11.750801	0.18595041
9.3885765	14.71176	0.15555556
12.212113	19.2008	0.245
8.65638	17.686996	0.40625
9.268343	23.746431	0.3125
10.175436	28.956036	0.2578125
11.873962	23.233574	0.21
5.75905	14.339487	0.40625
14.077084	25.606028	0.16666667
5.720651	22.667517	0.20661157
5.1149325	15.025714	0.34
4.943521	14.761106	0.42857143
18.619646	45.363644	0.18367347
8.924849	26.76642	0.38271606
14.350738	27.845716	0.26530612
9.885014	27.831558	0.22
12.04063	17.80795	0.28
2.303226	5.8072357	0.600907
3.8239527	15.679945	0.4488889
7.0134497	14.929876	0.30612245
14.722705	25.006151	0.3125
8.546765	12.84502	0.28
7.2494636	17.730621	0.2361111
9.146615	17.579126	0.3
14.895325	25.47323	0.12465374
9.831271	13.085144	0.3
6.8230295	20.696417	0.1966759
3.8641512	3.8641512	1.0
16.453432	16.453432	1.0
5.557003	8.572507	0.33333334
7.124949	12.044603	0.33333334
10.469203	15.16714	0.5
11.155507	28.302578	0.22839506
10.568262	15.361945	0.21262003
9.195737	27.87096	0.45918366
16.535511	38.375137	0.24
16.459898	30.19869	0.2777778
8.326577	19.258326	0.26222223
8.889501	12.730368	0.33333334
9.030547	18.463882	0.2132964
7.969156	7.969156	1.0
5.207891	18.597181	0.3515625
16.943512	16.943512	1.0
4.0076075	4.1289115	0.36
7.49957	8.483145	0.2231405
12.057004	18.027906	0.2345679
12.869362	21.128881	0.16
15.301724	38.963066	0.12396694
12.559186	23.469437	0.2638889
12.403366	21.48113	0.30612245
3.2824783	11.446112	0.5
8.415092	18.238869	0.22117202
7.42308	16.88994	0.18181819
11.171439	18.299845	0.19
30.231564	30.231564	1.0
27.94926	38.583183	0.17355372
10.305158	16.907661	0.33333334
7.9269743	25.10504	0.15289256
3.3501968	5.471424	0.7222222
10.255838	45.04433	0.19723183
6.221203	18.544361	0.2318339
14.8858	22.822502	0.33333334
15.769441	51.39774	0.25619835
5.3717065	13.9342575	0.64285713
10.738435	14.275537	0.33333334
10.44821	26.940735	0.26530612
12.433882	13.643749	0.54
27.391626	27.391626	1.0
14.9467125	28.674131	0.5
8.571196	15.02074	0.3148148
7.439744	24.909393	0.3877551
8.225699	22.184164	0.28395063
9.891746	15.302184	0.15555556
10.465442	26.618069	0.234375
10.139198	22.967312	0.17451523
7.92998	20.804956	0.18367347
6.300102	14.729988	0.375
11.255944	54.27394	0.10222222
9.029164	41.991795	0.2173913
15.605144	26.176449	0.2345679
16.929344	28.72412	0.20987654
5.999346	17.884268	0.32544377
8.531239	8.531239	1.0
8.56826	18.920383	0.17283951

13.053884	41.606686	0.15
14.286498	28.775795	0.26530612
14.040634	26.046122	0.21875
12.90212	13.860794	0.36
6.003907	7.5107594	0.5102041
5.1078515	15.839244	0.30612245
NaN	0.0	NaN
13.988934	22.13742	0.4814815
8.010293	33.99729	0.38842976
8.356782	31.67167	0.36094674
9.181957	17.67669	0.1875
7.291382	13.832051	0.2755102
22.325623	46.049618	0.12396694
11.42744	33.18332	0.1734694
7.4318204	21.357864	0.47555557
8.528605	16.561657	0.14049587
8.322342	35.741467	0.27437642
10.93704	22.627417	0.2890625
9.3689785	16.434004	0.18367347
6.783368	6.783368	1.0
8.170304	10.013534	0.3877551
11.161033	17.555223	0.42857143
7.0771112	12.509571	0.3125
16.205269	31.38387	0.20987654
3.1136398	10.404253	0.42
10.61074	29.93874	0.2755102
9.47538	28.317158	0.2864
8.707789	13.935316	0.20661157
8.650526	24.102234	0.234375
7.7593656	25.901072	0.22437674
4.0525136	5.253503	0.5555556
16.381931	28.869543	0.12
13.16482	23.212456	0.28
10.716027	25.938162	0.28994083
10.697654	26.892933	0.20222223
14.123772	18.275814	0.2777778
2.6708274	20.287909	0.86734694
8.166343	8.166343	1.0
11.488745	22.644361	0.16
5.12928	6.23415	0.3877551
15.287767	32.846	0.13265306
6.311553	24.15648	0.2662722
9.413581	13.495204	0.23076923
15.728314	30.218954	0.15277778
7.7037563	16.874231	0.2132964
16.475014	37.3285	0.25
8.2977495	17.38286	0.15555556
7.5560265	15.105321	0.33333334
8.522277	16.54894	0.23076923
8.521869	17.746807	0.2231405
9.482366	15.146688	0.36
8.095436	12.062047	0.5
11.151587	30.743494	0.24
18.555832	18.555832	1.0
8.066369	10.025518	0.39555556
3.9366987	11.733025	0.625
8.161616	8.826413	0.41666666
4.7821865	15.954987	0.34
10.36617	19.4161	0.2
5.7793474	12.97794	0.43944636
11.190094	13.980734	0.5
11.245806	18.394207	0.80246913
5.710093	10.153732	0.40625
14.213232	36.318424	0.20661157
5.5868344	9.080017	0.3877551
12.2894945	22.8898	0.44
6.3930397	12.315215	0.36
8.712028	18.391125	0.22222222
3.2293806	19.856165	0.8305785
7.664803	7.664803	1.0
6.2111125	14.52864	0.3511111
7.0407867	13.512831	0.28
6.761521	11.8163185	0.2244898
10.020718	15.678459	0.28
9.549828	21.144226	0.27272728
11.723533	46.739796	0.32544377
18.693634	30.351954	0.33333334
11.979672	17.519236	0.1570248
6.8350167	15.666493	0.33333334
14.177468	18.638441	0.33333334
14.25582	31.008543	0.2244898
8.755465	13.588542	0.26530612
3.6683526	7.5821733	0.68
14.817928	21.6439	0.375
10.735017	19.725826	0.27272728
6.2713394	13.90667	0.43195266
8.984189	15.477343	0.17901234
9.791387	23.930918	0.2299169
7.274804	8.620317	0.34
13.3004	21.699812	0.625
5.8077383	6.8773947	0.44
12.854131	16.152164	0.32
7.2368164	24.557678	0.16
16.0555	31.701445	0.42
24.159386	54.550438	0.09259259
23.07567	41.931335	0.2638889
5.1879506	20.056513	0.5972222
22.910109	49.07494	0.3877551
11.967585	19.24192	0.2
5.2137637	9.252502	0.38271606
6.7212057	17.09719	0.46875
9.45784	19.782429	0.20987654
10.142936	16.65191	0.3125
10.617304	14.20612	0.21
11.314478	19.921614	0.1328125
20.146675	32.78142	0.33333334
13.175692	32.95342	0.18518518
9.34763	16.25956	0.21875
12.524967	25.88477	0.19135803
14.396235	30.241499	0.26222223
9.795633	22.406544	0.2244898
10.658644	16.703716	0.25925925
6.9713554	14.046306	0.5555556
8.06716	13.313477	0.3877551
4.966681	8.716768	0.5
7.121296	19.17909	0.24385633
11.359456	22.039225	0.21893491
9.894075	24.293892	0.2892562
4.0828433	10.204624	0.33333334
5.8566318	11.123354	0.29085872
14.456873	27.274723	0.375
7.697654	14.560161	0.2244898
11.678232	44.691227	0.29591838
8.653215	13.485061	0.28395063
NaN	0.0	NaN
8.499455	17.069614	0.21995465
5.53659	11.781215	0.26
14.620494	37.98212	0.31944445
6.8995347	24.087845	0.25761774
9.615691	17.399883	0.5
16.266998	19.077707	0.42857143
8.54791	21.333677	0.2797784
7.613428	20.742111	0.38842976
7.018007	9.277373	0.37190083
4.3734655	7.8394933	0.30612245
11.328332	41.284447	0.2345679
7.6557755	12.001782	0.26
18.508104	42.095264	0.2109375
18.441841	32.86664	0.22222222
11.772558	19.294546	0.5644444
11.441084	14.569676	0.5
6.8407183	10.458344	0.36
11.018844	21.94737	0.32
7.6645403	10.610175	0.2857143
5.276291	16.020039	0.359375
12.750228	29.511433	0.21088435
8.106496	11.407157	0.2638889
8.884863	16.247341	0.26869807
17.365072	39.954456	0.2
9.977195	13.618896	0.2777778
5.0092826	18.19045	0.28125
12.266458	22.782476	0.25
7.629833	13.137133	0.2265625
5.979251	11.052968	0.23555556
11.732666	15.11788	0.3888889
7.557559	13.588542	0.2244898
2.0064325	2.0064325	1.0
4.326791	15.158642	0.68
5.497714	13.177539	0.34
8.083081	13.938955	0.2318339
9.616329	34.927498	0.26643598
10.337813	27.382156	0.33333334
11.504333	23.127201	0.25
6.9883175	8.459297	0.5555556
8.492259	11.089065	0.2416
13.929567	29.683414	0.25
9.859314	16.133158	0.20987654
10.209254	16.947395	0.23469388
6.246998	13.298737	0.3888889
8.104969	14.217753	0.22222222
4.4447627	16.859455	0.6398892
13.475692	19.993895	0.1734694
7.3069954	10.212241	0.28
NaN	0.0	NaN
14.186542	22.880703	0.2777778
6.0356407	7.8099194	0.25
8.5111065	18.573925	0.3580247
9.800165	27.37079	0.4238227
8.104808	8.251233	0.5555556
11.089175	23.672548	0.1570248
10.425727	27.301935	0.18
NaN	0.0	NaN
14.478171	28.891304	0.17159763
11.712141	24.93748	0.25
14.841888	29.235155	0.13580246
17.64385	21.052687	0.26
6.5752354	18.033424	0.4876033
7.4320636	15.388347	0.2244898
14.063	23.88614	0.25925925
9.049501	11.597054	0.2345679
12.89153	22.855867	0.35253772
10.1254	19.13971	0.2361111
9.714389	9.714389	1.0
16.161217	31.45727	0.14049587
12.744639	17.388563	0.44
7.5422664	10.96292	0.1388889
5.428251	14.340233	0.37716264
3.5530229	12.127389	0.26
5.6601963	17.8919	0.2037037
9.265366	9.265366	1.0
9.515485	37.151154	0.39508507
3.5346084	11.005916	0.46875
3.6340928	10.122235	0.42
5.8370485	31.605923	0.7824
17.173204	51.66756	0.25510204
4.564769	5.592688	0.37190083
7.1943603	29.169622	0.2644628
17.132595	30.971157	0.2244898
7.3994207	15.361012	0.22
7.202086	24.732498	0.2299169
15.773827	16.637587	0.5555556
10.571151	20.482162	0.29591838
9.23222	9.628506	0.44
8.763277	45.071224	0.29591838
4.664421	9.289305	0.20661157
4.432813	8.809263	0.35714287
9.035748	23.999773	0.2
8.859822	12.855966	0.5
9.728346	23.791412	0.3372781
6.217209	16.148005	0.18055555
8.632667	14.635714	0.25
7.8098507	19.957043	0.2231405
10.352261	23.132025	0.20710059
11.0023575	28.83581	0.10396975
10.728222	17.947725	0.20775624
12.022232	27.980066	0.1953125
8.377646	13.166505	0.28395063
12.128863	32.081078	0.16666667
12.402465	22.931892	0.3877551
10.172865	11.607167	0.5
1.3156673	1.3156673	1.0
4.4542828	11.420299	0.23545706
9.315153	25.92084	0.18343195
11.032892	15.588454	0.21604939
4.367805	16.341105	0.48765433
19.1418	27.675983	0.5
3.1221237	6.183487	0.64285713
6.9088783	17.174358	0.2777778
9.017534	55.380688	0.2755102
15.542762	34.20294	0.14127424
5.503322	9.214069	0.5
9.7178755	21.214754	0.17913832
8.839174	19.915222	0.19444445
NaN	0.0	NaN
7.455628	14.868877	0.15306123
15.144929	23.43551	0.22222222
8.749157	16.861217	0.2733564
8.244277	24.940569	0.22222222
8.027677	16.967459	0.18
7.2435684	16.081043	0.3203125
16.188723	26.430422	0.30555555
7.2824755	15.713669	0.68
5.461811	11.194503	0.1875
14.100487	20.098246	0.22117202
12.728033	20.387224	0.2244898
14.538712	19.856165	0.5
8.669273	20.973116	0.3888889
6.7473817	7.37632	0.68
11.779375	15.693366	0.22
11.154469	11.820601	0.5
12.699547	20.700113	0.22
8.445218	18.763285	0.23545706
14.283527	14.707559	0.5
14.788095	22.007608	0.1953125
4.393304	8.631284	0.2755102
8.870402	18.937891	0.44
16.531965	27.147566	0.28994083
8.91675	19.093367	0.31555554
NaN	0.0	NaN
18.841246	28.032103	0.16446126
5.2513113	9.752821	0.34375
11.42796	13.566481	0.3888889
16.806513	35.54349	0.10726643
13.811061	34.87792	0.1597633
9.432947	14.565254	0.42
5.189563	7.1470647	0.28395063
8.60617	37.687107	0.20181406
3.7444234	12.088694	0.37278107
8.456324	8.456324	1.0
7.238024	24.36341	0.22902495
9.41874	17.175308	0.2231405
7.2185116	8.300298	0.625
7.954405	11.912748	0.3515625
6.68246	10.080935	0.66
14.436525	31.741089	0.22666667
7.402997	11.93467	0.30612245
10.980344	28.96554	0.14930555
6.5939837	6.7903767	0.46
11.947909	18.730387	0.3472222
9.920371	20.48961	0.18
7.14886	13.265172	0.375
12.650823	14.553035	0.375
4.029491	7.816559	0.60330576
4.2684293	7.8289003	0.43209878
10.052015	20.757154	0.35600907
9.256063	19.898863	0.21875
4.892409	4.9334955	0.7222222
19.209198	27.445496	0.37190083
23.654514	29.945883	0.28
2.8469598	5.7897973	0.5147929
9.618131	13.026675	0.22222222
7.4262633	8.987651	0.52
8.518128	21.924015	0.28395063
14.551723	35.959023	0.19444445
15.2121725	24.434105	0.2132964
4.687332	4.687332	1.0

3.2990177	3.2990177	1.0
5.6315284	15.114738	0.27891156
17.237844	32.0	0.1388889
16.059113	21.949202	0.22
12.618802	40.11327	0.20661157
7.0677953	20.56305	0.19111112
10.540377	16.0	0.20987654
5.4908395	21.636404	0.35714287
6.57229	11.471207	0.36
5.9213796	23.961605	0.24567474
9.46341	15.005301	0.3580247
4.986774	7.670964	0.375
13.199256	19.388863	0.16666667
1.831617	1.8316171	1.0
7.654751	28.456434	0.42
7.8680873	33.13721	0.21875
14.277076	31.892323	0.17355372
13.923233	23.289545	0.52
7.083395	18.496742	0.23076923
4.897777	10.014729	0.23555556
6.9091897	19.927326	0.16262975
10.162174	19.74577	0.6296296
15.302689	20.485472	0.375
12.451179	26.944908	0.1734694
13.157848	17.307388	0.50617284
8.605945	17.9017	0.36
11.935502	28.972744	0.20408164
10.488307	26.616842	0.1796875
7.366614	11.954519	0.5
6.841861	21.03648	0.5510204
7.1983395	11.021017	0.7222222
5.248526	19.422804	0.27160493
8.183757	13.862137	0.3888889
9.938248	17.02618	0.19031142
5.921626	13.419625	0.33333334
8.670747	14.784886	0.32
6.1149974	12.8605995	0.20661157
14.971263	28.461555	0.20710059
14.335583	34.054203	0.16897507
9.873042	33.833263	0.31944445
9.030607	12.110864	0.33333334
2.707668	5.3615904	0.6859504
8.376115	18.804695	0.38842976
14.591471	21.558079	0.20661157
6.3059573	12.677346	0.3472222
11.830585	23.798569	0.1301939
9.847985	12.796601	0.33673468
8.054558	18.626566	0.30864197
13.535703	26.376734	0.2741021
6.8078156	14.764303	0.3846154
13.214367	18.183292	0.24260356
6.9466043	24.24388	0.4117647
11.3709	14.561213	0.44
10.731525	18.273592	0.171875
12.488304	23.402843	0.33333334
7.7122684	15.3566675	0.3877551
1.9644966	6.2787867	0.7222222
12.052494	17.35654	0.25
17.261908	24.823166	0.25
9.30089	12.173867	0.52
5.818252	9.050422	0.42857143
9.454879	14.609267	0.5
3.8274634	9.830405	0.30555555
6.9518213	17.1898	0.22666667
8.891396	10.649039	0.33333334
16.502392	16.527534	0.5
4.222842	11.809851	0.3
10.560431	25.866194	0.19526628
3.0489175	8.946741	0.68
6.79924	21.277346	0.1597633
14.461526	33.32771	0.15277778
16.609932	28.524391	0.50617284
6.318355	14.137453	0.45454547
10.410069	14.8226385	0.30864197
12.163777	27.275751	0.25
7.967013	17.74404	0.23469388
12.713269	23.084635	0.25
6.418454	25.703861	0.18595041
11.840624	19.579222	0.34072024
9.8977	19.975775	0.14128944
11.736453	20.170195	0.7222222
16.512028	43.093983	0.19135803
11.390212	25.859316	0.25925925
4.627022	4.6315365	0.68
6.486796	7.9985056	0.3888889
14.004443	31.743475	0.21875
18.623472	23.906	0.15789473
8.1874485	12.365762	0.2345679
7.423612	30.00088	0.6296296
7.2049274	15.342197	0.5294118
4.807972	8.874109	0.34375
9.935382	9.935382	1.0
16.147263	45.95281	0.21875
15.158306	28.23447	0.2154195
18.649477	29.82456	0.19444445
5.8475194	23.041574	0.43310657
11.849324	15.106202	0.2244898
9.926857	14.188584	0.375
6.9753375	20.845829	0.29411766
9.811963	22.62119	0.338843
5.698354	11.299027	0.30612245
8.6858425	32.234703	0.26530612
9.86571	13.08776	0.33333334
4.0596733	18.857632	0.2741021
9.601837	26.376715	0.19387755
6.937908	13.672273	0.18
6.9580917	8.856297	0.46938777
5.941616	21.20229	0.41319445
7.86798	20.803385	0.20987654
13.178444	26.13266	0.3580247
9.43653	26.009428	0.2777778
12.858773	37.098938	0.29752067
11.144757	26.819195	0.5833333
11.540161	16.603949	0.42857143
3.588211	5.821849	0.42857143
15.5887575	47.266598	0.20661157
10.215596	14.965653	0.39795917
7.000818	15.106202	0.33333334
2.9889686	2.9889684	1.0
11.858884	19.08983	0.2711111
17.283926	35.564365	0.20987654
7.4541426	30.426682	0.23140496
5.5215883	19.31327	0.3359375
6.989442	14.272894	0.16343491
6.669345	12.846618	0.3553719
8.367731	10.657056	0.42
11.312821	24.814587	0.1872
9.881495	26.182673	0.30612245
9.858235	37.71234	0.205
6.7210712	22.457596	0.3125
6.1179833	7.465361	0.5
9.949357	14.39911	0.265625
14.076365	34.347466	0.10034602
14.994743	20.953516	0.5555556
2.1430922	8.49306	0.5363322
8.869239	20.750227	0.38271606
5.3840494	6.592658	0.41836736
5.172	9.328546	0.24691358
10.776139	28.718311	0.22222222
13.097075	26.167124	0.15625
5.7704644	12.908208	0.28
9.840898	22.262764	0.1875
25.119911	35.409065	0.18518518
2.4826207	3.5777228	0.3888889
8.90149	18.409687	0.28395063
9.520906	21.595886	0.25
13.18155	17.818878	0.26530612
11.14912	18.000416	0.40625
13.872942	22.350582	0.25925925
8.170439	19.18301	0.28
5.1265054	5.1265054	1.0
9.911353	10.522909	0.5555556
8.992503	23.435293	0.46875
12.0175705	22.469173	0.33333334
NaN	0.0	NaN
5.6680417	25.890865	0.1953125
12.420448	30.78878	0.16049382
6.6618767	24.555725	0.17708333
6.9163623	21.553211	0.3553719
7.8479657	15.915123	0.2892562
7.238749	14.606425	0.24
NaN	0.0	NaN
12.482686	23.652689	0.21995465
6.211716	18.274063	0.3515625
9.4159355	15.02271	0.17355372
8.69667	22.225973	0.34375
5.1713657	7.50961	0.375
13.507014	26.971329	0.17159763
14.072946	14.072946	1.0
10.97525	30.394636	0.19897959
22.527145	30.543694	0.1734694
8.114261	24.09419	0.27160493
12.139006	30.397942	0.25
11.834921	33.62291	0.2755102
7.013229	13.623306	0.3888889
5.6158547	5.615855	1.0
7.845751	20.157913	0.2888889
11.95416	32.398853	0.3553719
5.5640335	8.778017	0.5
19.527374	26.6858	0.5
4.177785	8.54663	0.28994083
7.893738	19.058529	0.3511111
8.771441	11.948507	0.33333334
4.84433	16.780771	0.30555555
5.275714	8.3362665	0.37278107
17.323185	28.453125	0.2892562
7.8634834	19.69047	0.2604043
7.2544928	10.052889	0.26530612
8.285157	26.793076	0.28395063
11.970257	18.263174	0.22222222
5.2158065	21.83931	0.5859375
12.534561	21.99823	0.16
12.877801	15.432425	0.33333334
12.977213	22.308739	0.21428572
11.655079	22.815928	0.19723183
8.304215	8.438701	0.625
6.213163	18.039333	0.38271606
8.529426	15.957309	0.16049382
11.793507	21.761724	0.33333334
9.802912	24.035164	0.25443786
4.760126	10.952294	0.53846157
6.8901095	14.946573	0.5
3.398654	15.354583	0.57024795
13.496026	50.648174	0.14186852
8.517006	23.494282	0.4293629
14.817834	35.407322	0.26869807
10.567913	13.6832905	0.553719
8.661383	27.071424	0.2231405
21.132008	25.689396	0.375
7.605611	15.896358	0.375
4.718078	10.896205	0.40625
8.042195	15.284084	0.3203125
9.512919	22.004547	0.2361111
6.698981	15.669922	0.25
5.0363936	5.0363936	1.0
10.502594	30.128084	0.19387755
7.815677	14.822565	0.20987654
9.577871	17.102327	0.33333334
5.5280347	8.372019	0.35714287
7.877644	10.98516	0.3888889
9.470127	17.765154	0.16446126
11.130324	25.993845	0.18181819
9.906082	15.516565	0.1734694
13.843314	17.781559	0.43055555
12.1700325	15.546796	0.375
12.5713625	18.44857	0.2345679
9.799108	13.468583	0.2777778
13.738763	27.22375	0.24260356
4.957717	6.2062798	0.36
8.620624	12.437825	0.25
11.385998	19.47339	0.28395063
5.897275	27.61227	0.578125
12.346549	20.070839	0.15555556
14.290372	33.792843	0.2361111
4.680054	11.499857	0.2711111
8.721632	17.604769	0.37755102
12.519771	19.565708	0.15277778
6.963718	16.099567	0.2781065
5.785351	31.19116	0.36842105
7.250965	9.045441	0.3888889
6.788258	15.284084	0.6296296
9.455182	12.493103	0.5
8.520696	10.076039	0.30864197
11.152794	17.294966	0.18367347
8.163669	8.163669	1.0
3.124902	6.512783	0.625
9.153578	16.127645	0.44
11.175933	30.511934	0.2781065
9.719292	20.127148	0.21604939
6.2190986	34.784855	0.43
2.702538	11.380629	0.5900277
7.415649	18.761282	0.375
13.515927	23.35281	0.11911357
5.167923	13.538249	0.44
10.94733	28.186417	0.25
8.744236	16.625814	0.1640625
7.6461806	24.521072	0.2361111
7.6261406	27.229736	0.82
9.563936	18.305119	0.24260356
9.752377	16.983397	0.625
9.810086	21.091925	0.32544377
8.844938	23.819378	0.21893491
7.364738	11.16529	0.25619835
4.348401	13.9887085	0.6015625
7.4128604	17.719662	0.33333334
12.781344	25.876717	0.33333334
10.013148	37.316666	0.17460318
8.805177	16.409317	0.20661157
16.562939	16.562939	1.0
5.4222407	6.39619	0.3877551
9.777767	16.250704	0.27272728
8.526714	15.380567	0.375
9.936899	18.16383	0.375
7.2703986	11.962173	0.2777778
5.932463	18.527767	0.2777778
4.107272	12.369164	0.37716264
7.0568786	17.490063	0.5
16.839266	27.884813	0.28
11.209017	26.532316	0.36
7.822484	12.687968	0.25
8.073555	12.902854	0.2890625
8.581388	9.638	0.40625
8.996433	25.824661	0.40625
19.883749	28.109406	0.23076923
9.76456	11.921052	0.25
10.201773	18.78292	0.21428572
9.228745	18.979393	0.37755102
6.9989023	18.746744	0.3877551
8.031684	13.4578495	0.25
10.384219	17.648314	0.33333334
3.0771964	3.0771964	1.0
9.381908	21.997183	0.20710059
11.458573	16.75455	0.25510204
2.8956206	5.7337055	0.59183675
9.179612	20.412	0.28395063
9.619361	14.387413	0.375
8.976542	10.273756	0.5555556
12.506877	15.728892	0.1875
17.776619	30.733414	0.1122449
14.218836	38.271675	0.28125
5.7272778	19.894268	0.19008264
10.018864	17.015043	0.33333334
5.24758	20.216156	0.5833333
11.704543	32.50981	0.1
6.38191	18.673685	0.3888889
15.233793	37.608925	0.25

6.8472385	28.112545	0.3312
19.609589	65.2628	0.2244898
4.799547	16.415457	0.5
0.9266756	0.9266756	1.0
7.1800904	13.06429	0.19444445
7.853955	17.132114	0.2781065
5.9974093	9.286959	0.29338843
14.675579	29.805193	0.16666667
10.904074	26.387869	0.1734694
7.3976345	17.574568	0.33333334
6.029004	10.316878	0.29591838
14.344897	26.17528	0.15689981
9.713558	12.894819	0.375
21.154734	38.48963	0.11111111
22.981005	41.126457	0.1640625
15.542279	30.262602	0.16444445
5.8150945	27.792208	0.34375
14.293596	21.699606	0.147929
9.496098	20.414558	0.24099723
14.60307	20.460808	0.5833333
11.814344	23.797995	0.1597633
24.750511	30.293703	0.25
12.313912	22.627417	0.4722222
7.0961185	16.0	0.25443786
25.149397	28.096968	0.33333334
5.095144	8.055725	0.4861111
11.567119	23.172071	0.33333334
3.650309	3.6503088	1.0
8.410138	13.741604	0.26
17.948582	30.090889	0.1824417
7.73962	37.428646	0.24385633
8.035967	16.439554	0.38271606
9.463047	30.624268	0.41828254
10.684419	10.684419	1.0
8.22259	15.664152	0.29591838
12.479537	32.98541	0.2777778
6.1483674	13.134305	0.32231405
5.42867	9.381963	0.36
9.452509	13.872192	0.3125
11.113549	24.933012	0.22222222
12.137329	32.078743	0.15289256
11.237276	29.068996	0.375
7.7112164	32.007263	0.15555556
10.8791895	18.811691	0.2244898
8.550917	11.837909	0.5102041
16.42893	31.82093	0.20987654
6.7292457	14.478526	0.6632653
7.9818068	13.947396	0.5
4.0971837	5.2150803	0.5555556
8.858923	15.583737	0.375
8.069357	14.002432	0.3
2.950456	6.3944545	0.36419752
14.826338	19.770267	0.28
12.538846	19.33632	0.16666667
13.326142	22.151596	0.17355372
6.7148347	6.7148347	1.0
6.6849337	20.109222	0.2781065
4.6703725	7.6752996	0.25443786
9.657517	15.879416	0.41666666
12.78941	18.851278	0.13609467
6.9296885	13.693399	0.81163436
15.187836	25.82481	0.36
13.157016	13.30672	0.5555556
26.633993	38.63988	0.33333334
21.57509	34.357334	0.10726643
11.659835	11.659835	1.0
15.1359825	21.576069	0.33333334
13.585962	32.569256	0.2781065
10.486526	16.392445	0.16
7.558341	23.936161	0.2755102
10.872857	15.698065	0.28
12.77964	21.42404	0.30555555
12.006456	20.593554	0.29591838
12.97188	21.182652	0.2662722
11.398285	22.757967	0.205
7.167958	17.668268	0.5078125
6.77684	10.628296	0.4921875
10.193534	41.32069	0.33333334
13.453537	25.427809	0.28
6.351546	25.428484	0.3553719
11.63324	16.623806	0.25
7.36929	9.408199	0.18367347
6.1193314	12.191798	0.20987654
8.037678	13.037516	0.2109375
4.620983	12.039504	0.4027778
9.646968	15.266406	0.32
11.574205	24.451574	0.3
12.796717	31.761086	0.27272728
9.664838	16.431612	0.30864197
14.735144	14.735144	1.0
3.2653723	8.750028	0.3125
6.328681	6.328681	1.0
11.567126	32.111893	0.28
10.858247	31.058802	0.29166666
8.845767	18.064594	0.28
17.564024	22.542305	0.5
12.6528	13.811354	0.42857143
5.8097115	15.875988	0.5555556
28.421837	41.37254	0.5
10.511146	19.838747	0.25
4.3316307	7.20317	0.34375
5.0375423	12.181566	0.32409972
6.6553645	13.119813	0.40625
10.568273	18.678457	0.1734694
10.848696	13.216574	0.28
8.775958	25.463108	0.32444444
8.240116	10.738082	0.28125
4.9893737	9.814064	0.34375
7.49087	10.678104	0.33333334
6.392128	18.249943	0.19421488
6.709245	16.183681	0.2
11.823876	24.202118	0.16049382
6.6038413	14.207714	0.50617284
13.397013	19.352528	0.5
8.301891	18.977406	0.2345679
11.0686035	20.302553	0.22222222
10.274502	21.34477	0.3553719
12.945416	12.945416	1.0
7.322579	27.713158	0.18367347
15.27452	42.670506	0.2231405
14.159651	15.7433815	0.68
8.070494	16.884129	0.2244898
6.8720894	9.298408	0.33333334
19.000795	29.140339	0.30103806
3.9024684	4.320028	0.50617284
6.862283	11.697755	0.28
8.208123	17.546398	0.2231405
5.683259	24.378107	0.24
2.7810063	2.7810063	1.0
11.100412	28.295883	0.54
4.3345838	12.686726	0.39583334
8.367548	23.764236	0.68
7.182188	12.130743	0.28512397
14.2167845	18.25161	0.30578512
5.499985	14.713129	0.26222223
4.1530237	15.04538	0.3148148
15.695059	18.328323	0.375
3.1443264	13.572499	0.75510204
7.2505016	15.85386	0.2109375
11.383832	19.326807	0.44
13.279472	36.916523	0.1136
3.3490915	8.352179	0.20987654
32.005096	63.626507	0.16049382
5.921221	9.333268	0.21893491
4.58899	13.79615	0.56143665
18.221687	21.053883	0.625
8.085201	39.86166	0.24567474
9.541648	22.053984	0.20221607
16.577614	59.07793	0.338843
9.014167	17.032522	0.28125
8.666385	22.594522	0.39058173
10.458857	16.921368	0.22
12.7237835	12.7237835	1.0
4.3976703	5.8339677	0.5555556
16.082912	23.359116	0.24099723
6.4595413	26.873116	0.25
20.651024	36.146423	0.25
NaN	0.0	NaN
5.602993	13.764665	0.30555555
4.4711027	5.8038983	0.59375
9.422628	9.835095	0.7222222
7.692732	14.758761	0.25
5.228912	19.425272	0.37716264
9.139308	23.713709	0.23966943
6.5105453	16.1478	0.3125
14.545966	31.35967	0.18518518
9.280069	19.591703	0.147929
15.888504	27.903141	0.18367347
10.906821	13.744978	0.28
12.271481	17.390234	0.375
7.651044	18.480265	0.4375
5.3186283	10.392206	0.20661157
9.4186945	17.65085	0.23555556
8.212397	18.329414	0.28
12.528626	36.13896	0.25619835
13.167786	33.17681	0.21875
17.037258	27.795765	0.2
13.912237	21.251898	0.25
5.5826516	6.328681	0.52
6.7303824	21.205729	0.3888889
9.424279	17.8184	0.2
10.197134	23.490776	0.3877551
4.3404455	6.4424877	0.3125
13.011038	16.650229	0.14049587
12.348908	12.776342	0.5555556
19.955853	23.165487	0.28
10.249512	22.05907	0.4074074
12.9242735	19.973751	0.2777778
6.5423794	22.489761	0.25207755
12.779452	28.274065	0.3877551
11.389529	14.312032	0.28395063
5.885374	14.709292	0.50222224
11.293074	32.67646	0.29591838
9.650022	14.5131	0.26530612
14.024698	22.04941	0.2
11.13039	13.109596	0.3515625
15.722931	25.777128	0.25443786
6.3944397	18.991192	0.4338843
8.193037	15.95655	0.18714556
5.4294143	13.562701	0.3888889
5.725454	12.718912	0.2777778
14.929022	34.49774	0.25
16.790098	32.617374	0.2244898
14.557323	52.647285	0.19753087
10.207634	10.207634	1.0
13.814371	24.131262	0.28
5.607757	8.658954	0.26869807
8.751006	8.751006	1.0
9.530991	26.052681	0.26
13.215175	13.215175	1.0
5.8604317	27.517838	0.32871974
14.791839	15.937459	0.5555556
6.9198656	33.67496	0.553719
4.119032	13.433985	0.5510204
7.2653723	27.309023	0.2704
8.876085	12.117901	0.2244898
8.302384	17.983389	0.19526628
8.0617	15.83556	0.30165288
7.4431067	16.061037	0.3271605
10.308361	22.317741	0.1597633
4.9434004	15.524976	0.4375
12.358777	28.726246	0.17768595
22.926737	28.385624	0.17159763
20.541763	44.606415	0.22222222
9.677524	31.616163	0.18055555
9.520483	20.026108	0.25619835
6.0452504	12.60079	0.25510204
4.9179235	32.067574	0.28
6.4203453	17.669014	0.20408164
4.476899	13.451459	0.2734375
13.392982	13.392982	1.0
6.299184	10.9518795	0.3
6.3993597	12.435858	0.32
0.9807731	0.9807731	1.0
4.6473966	7.29667	0.42857143
13.00966	19.36429	0.22222222
8.378544	25.572441	0.2
6.327449	22.67635	0.66
9.783376	13.654396	0.28
7.0610776	31.733025	0.34948096
11.166033	17.949215	0.32
11.215039	23.496052	0.3888889
8.177291	29.65934	0.30555555
7.468388	18.124268	0.33333334
7.7164893	10.2391405	0.2777778
6.311578	15.620233	0.60946745
8.039897	14.502914	0.1776
14.136286	36.09208	0.42
7.592633	11.1886835	0.19008264
13.252396	19.126038	0.33333334
5.1012564	5.8584456	0.68
13.840944	25.89758	0.19387755
5.246757	12.667769	0.28
12.276864	12.759472	0.5555556
16.858877	30.437206	0.16955018
5.651994	28.535952	0.2816635
10.570897	21.779238	0.28
7.8271165	18.333597	0.36
9.9691105	42.62599	0.3046875
5.2713113	13.860796	0.2857143
6.216106	10.000989	0.20833333
10.760046	28.03015	0.3125
4.9426928	11.133558	0.2421875
1.9045312	9.727375	0.80246913
8.39376	12.159023	0.5555556
3.332516	7.20317	0.6449704
9.307337	27.41768	0.1510107
6.735722	10.046689	0.42011833
12.797429	12.797429	1.0
5.910159	8.434116	0.38271606
7.4257474	15.570058	0.2711111
5.4705853	16.33046	0.46694216
20.002975	27.09358	0.375
7.261284	12.310161	0.625
9.08899	11.351905	0.42857143
10.3534565	12.035156	0.25
6.1012363	6.127148	0.5078125
11.435118	27.817015	0.245
9.872808	17.38099	0.25
8.761609	21.751583	0.18367347
9.428508	21.715397	0.5
11.227832	26.617651	0.2361111
11.490466	22.565348	0.2345679
8.5675125	25.666294	0.30555555
5.212314	8.830384	0.37716264
7.8703556	11.644118	0.33333334
5.07124	14.786297	0.5138889
8.247773	26.102892	0.25
7.3834643	19.697762	0.18222222
7.4273963	18.46189	0.32
12.627542	19.610424	0.3877551
20.512623	40.74767	0.23
14.319355	50.589252	0.25
7.82766	17.351475	0.3877551
5.706393	18.048292	0.3888889
NaN	0.0	NaN
16.85833	16.85833	1.0
13.55067	21.911148	0.22222222
8.559841	16.328756	0.28395063
12.616928	22.83743	0.20710059
11.889049	41.30305	0.13777778
8.900586	9.962684	0.3472222
7.264415	11.631206	0.31632653
8.079462	19.101679	0.30612245
7.6809044	14.144331	0.25
12.22979	26.529825	0.2244898

4.826803	14.221281	0.28125
6.7485533	10.929274	0.25925925
10.302837	10.351547	0.5
17.637136	32.412575	0.18
13.299388	33.519405	0.5
8.168134	23.012743	0.2345679
11.211598	26.45288	0.22
5.1480284	20.173946	0.44671202
6.397784	18.861225	0.41333333
4.2598586	8.099399	0.5
9.425505	11.96675	0.375
7.060229	8.727267	0.29777777
8.764693	20.061377	0.40625
9.734416	36.025585	0.28
18.259798	28.590584	0.28395063
6.5184975	7.527646	0.375
8.8372965	28.381615	0.16099773
15.806992	22.627417	0.28
10.2505865	35.663673	0.3130194
11.377319	35.219208	0.23553719
6.636225	17.062366	0.25
8.193774	15.079599	0.5555556
6.7626457	12.360132	0.20987654
3.8542519	15.046748	0.3511111
11.717801	23.853062	0.33333334
12.26601	21.559647	0.3553719
10.818625	14.165399	0.2318339
NaN	0.0	NaN
6.392946	15.599152	0.32231405
3.7304103	8.921101	0.48765433
10.388606	19.511486	0.3877551
15.599395	20.798628	0.15306123
13.015231	17.26665	0.5
8.7588005	21.382383	0.4375
6.593097	20.692621	0.7083333
9.961527	12.20852	0.59375
8.395924	16.317741	0.25
10.426307	30.59916	0.30612245
13.355336	18.245987	0.33333334
9.313449	9.347199	0.80246913
8.293461	16.21206	0.1953125
12.252616	19.271236	0.20987654
17.876278	30.48551	0.25
7.042507	9.782425	0.34
10.268999	30.898735	0.22189349
13.031568	28.152054	0.23966943
9.8690195	15.3103695	0.46
12.543437	16.382692	0.375
12.094414	23.085972	0.19723183
4.9532247	8.614907	0.18343195
6.9528933	30.156364	0.20987654
3.428306	3.428306	1.0
2.633715	3.5372715	0.5555556
6.2846913	12.197086	0.18222222
8.857718	16.551542	0.26530612
4.5914297	25.030327	0.5408163
7.582156	22.798231	0.165
16.069113	16.932098	0.5555556
11.3812685	19.818825	0.16343491
17.991297	21.42799	0.375
9.639626	16.202688	0.3888889
10.164687	19.846506	0.147929
17.26963	25.271736	0.1570248
6.368442	8.090859	0.375
10.669678	17.010052	0.23966943
8.08127	15.191636	0.2
11.975284	20.149738	0.22222222
20.679432	41.198402	0.1764706
13.236603	33.487583	0.17159763
16.21206	16.21206	1.0
10.825538	22.368887	0.375
11.435573	30.777742	0.625
5.1569066	12.833883	0.57024795
5.0751147	7.1932807	0.375
8.814549	15.579253	0.33333334
7.9632764	8.921492	0.33333334
12.165912	17.783602	0.33333334
14.523238	18.044373	0.30555555
12.068108	18.12952	0.26530612
6.5121856	15.07782	0.2962963
11.993426	16.509434	0.2777778
7.4304013	19.760891	0.23555556
NaN	0.0	NaN
7.300901	16.915335	0.17283951
10.129914	14.155916	0.1875
4.6292152	21.382383	0.445
16.314564	26.692322	0.18367347
4.540477	8.555587	0.375
10.924028	12.153971	0.43209878
18.33057	45.224613	0.109375
4.0082564	11.2312765	0.25443786
9.278065	40.222122	0.22902495
12.144001	21.810654	0.16
6.824876	9.686515	0.3877551
5.98767	10.675287	0.59183675
5.2298856	15.81342	0.4074074
6.2403054	16.404612	0.7222222
4.2216635	9.865584	0.3979239
7.7182846	15.823506	0.25619835
6.575512	12.98581	0.375
3.801145	10.136037	0.59375
4.1369033	14.576707	0.54
6.9479246	29.768833	0.57024795
8.914926	9.183684	0.5555556
15.19483	28.634935	0.29591838
12.598481	17.613739	0.28395063
10.306666	11.775917	0.33333334
6.558015	11.804683	0.42857143
4.8099236	11.9689665	0.26869807
6.2193713	10.577968	0.37190083
7.159939	10.811571	0.5555556
15.795445	20.03221	0.28395063
7.3230352	22.08812	0.234375
9.059016	24.548994	0.1875
7.8860765	34.142895	0.39
6.527257	27.560638	0.59375
16.722013	30.561459	0.26530612
23.351353	32.0352	0.26
3.1083117	4.0724316	0.21893491
10.116259	18.95217	0.12
10.052778	17.159605	0.23966943
1.5043637	7.1582556	0.8347107
15.566971	33.945343	0.1796875
2.7362435	3.0152655	0.625
15.8151045	23.510048	0.16049382
13.0654545	19.140947	0.2
6.727656	13.395589	0.26530612
19.266066	39.897644	0.20661157
19.366262	53.689163	0.16666667
14.612096	22.135605	0.11111111
5.02352	17.122679	0.7083333
9.479356	26.924685	0.35734072
12.354838	19.10036	0.50617284
4.349275	23.594612	0.3197279
3.3466282	3.8480203	0.5
12.433995	21.164177	0.25
15.367702	47.49299	0.17159763
9.058196	34.62972	0.3106576
8.525069	15.606943	0.31944445
11.28552	21.44952	0.18367347
3.730196	15.764591	0.78125
7.990359	38.080143	0.185
9.363504	14.270668	0.52
8.750341	23.389894	0.40444446
16.948288	18.084274	0.375
21.608597	52.552246	0.19727892
17.04464	29.50547	0.28
10.199354	13.53827	0.5
8.393433	10.743923	0.5
13.538312	28.57184	0.14285715
8.268908	25.913858	0.18055555
4.917634	15.796681	0.5510204
2.9718313	11.410234	0.46875
5.4505396	17.38052	0.585
11.299516	25.102	0.19008264
10.102047	10.102047	1.0
11.461208	18.510336	0.1570248
3.6756694	4.747566	0.7222222
5.640689	34.32465	0.3359375
5.251695	22.213125	0.2768
12.561506	17.534435	0.2109375
11.5843935	35.72748	0.27160493
4.5685472	5.164469	0.53125
10.791011	23.067884	0.18343195
6.8773518	19.300909	0.25308642
3.2497096	4.4354887	0.3469388
13.631303	25.016973	0.30177516
10.374269	29.026697	0.14878893
6.672908	9.858176	0.45454547
7.7225356	11.36961	0.25
11.686934	14.97205	0.2361111
8.623297	19.563494	0.20661157
6.6852307	18.771837	0.43055555
15.282981	40.477932	0.15277778
13.73937	25.872652	0.12962963
8.602695	17.125744	0.15570934
14.928152	14.928152	1.0
14.48965	25.102	0.2
6.5059686	17.937704	0.29777777
4.0650997	12.01372	0.25
25.318073	29.91336	0.20987654
9.192448	18.931177	0.2
18.630732	30.16648	0.34
16.86678	26.58679	0.375
8.1658745	31.973661	0.3125
9.298656	27.94658	0.3553719
20.474817	43.173378	0.22
7.659731	14.814985	0.375
5.678287	8.404764	0.375
14.031264	31.002502	0.17958412
13.434247	34.236637	0.32231405
8.54016	15.308487	0.147929
8.234012	11.0523815	0.3888889
4.492276	13.804453	0.43801653
9.544707	20.872786	0.16553289
7.0750437	13.5102825	0.56232685
8.6920805	10.148841	0.52
8.434151	24.16109	0.28
7.2276826	14.583562	0.54
23.112461	44.15424	0.1632653
13.013439	21.634525	0.28395063
8.741752	16.65047	0.19526628
4.9396195	13.548494	0.42
5.4609017	17.957823	0.3888889
3.1180625	4.8280997	0.375
9.1895685	21.296644	0.20987654
8.220903	20.707546	0.75510204
6.307223	8.714606	0.29012346
6.360072	12.080479	0.2
14.136902	32.57923	0.26530612
7.7998867	13.239887	0.22666667
6.056084	12.641119	0.23076923
6.2541275	21.639406	0.42011833
6.6042304	27.666977	0.25170067
5.833707	21.853436	0.2465374
9.335594	19.343536	0.5555556
5.985027	14.993633	0.2777778
19.05411	21.418362	0.38271606
5.7863846	13.773877	0.3877551
10.641597	30.333652	0.375
NaN	0.0	NaN
18.036415	33.80237	0.175
11.278519	21.293524	0.2777778
NaN	0.0	NaN
9.993907	20.61294	0.20408164
10.28008	17.006876	0.28
9.137336	19.333206	0.3888889
14.083692	28.280312	0.14
9.241737	15.252985	0.30864197
8.726417	36.546867	0.30555555
7.9858713	16.529001	0.4
2.3592846	4.663998	0.75510204
7.827634	21.091635	0.20415226
10.745179	25.515057	0.2711111
10.366218	20.487202	0.23966943
NaN	0.0	NaN
16.562473	36.533756	0.28
11.499476	15.981122	0.3469388
1.0207336	1.0207336	1.0
6.1977887	17.848995	0.4861111
19.458515	23.43547	0.625
8.014538	12.871635	0.625
12.252848	18.686733	0.375
9.543502	30.575294	0.23875433
14.373306	17.8052	0.44
8.123845	21.871973	0.22
5.9306626	9.766009	0.2421875
22.521585	55.850277	0.14127424
10.982544	18.130121	0.2578125
15.613207	37.359085	0.12962963
10.424857	15.009261	0.26530612
7.6249886	10.384047	0.5555556
10.737867	18.561628	0.25510204
12.958118	30.122606	0.17159763
5.5648804	13.06532	0.20634921
3.8042347	5.334123	0.28395063
10.755112	22.593927	0.4814815
10.32325	26.789452	0.25
17.72504	28.988512	0.16666667
4.2074447	4.2074447	1.0
10.262754	23.098135	0.21428572
10.210149	21.659184	0.3125
7.942569	14.014386	0.26530612
4.9510627	13.252129	0.3125
10.184597	26.848131	0.2892562
10.873132	15.780931	0.125
5.3916245	18.10463	0.26530612
9.971988	23.57909	0.18222222
13.815785	55.4742	0.19848771
14.885864	31.023804	0.18
6.5232635	9.507008	0.3888889
6.904818	15.836098	0.44
4.9514923	21.804213	0.42222223
3.0310378	11.3333235	0.38016528
5.1686554	11.03406	0.38842976
12.449337	22.600693	0.2662722
8.013747	9.861677	0.5555556
7.2408495	15.170289	0.195
11.794509	30.542244	0.24099723
17.16418	39.230328	0.20634921
14.252543	43.15398	0.12471655
8.475468	18.08557	0.33333334
12.458277	19.433008	0.17159763
2.5478077	4.4354887	0.5555556
5.043368	10.762625	0.21875
14.597072	29.730099	0.28531855
11.819495	22.90493	0.18518518
7.2816353	18.301283	0.20833333
6.564225	16.721434	0.20987654
16.050415	32.067863	0.32
14.049675	31.89958	0.225
3.5297525	15.344698	0.40444446
5.6274643	6.2762065	0.5555556
12.06053	26.732397	0.12
16.200634	20.268223	0.3197279
7.976435	21.281597	0.2857143
5.3134966	13.839815	0.17451523
8.947423	26.109354	0.25333333
12.159337	26.369516	0.17159763
8.757867	25.44587	0.28125
7.206757	10.743923	0.33333334
8.808376	11.71491	0.33333334
9.957751	23.984327	0.24099723
15.829031	20.468594	0.2244898
11.540097	26.32752	0.2777778
26.680536	66.38505	0.22222222

9.40579	14.41451	0.1875
12.613609	21.523191	0.19444445
21.694578	42.095325	0.14049587
9.342972	33.120247	0.2962963
7.6471896	16.90374	0.24260356
12.699755	32.0	0.20775624
13.672364	28.204943	0.25259516
7.622518	10.761735	0.44
5.1772265	12.593818	0.45833334
11.595876	23.606327	0.2777778
9.370072	27.879118	0.19031142
5.198626	22.299408	0.6234568
12.976861	24.056543	0.24260356
3.271758	3.7866473	0.33333334
7.731565	13.771432	0.265625
NaN	0.0	NaN
8.47647	24.988035	0.1734694
12.0301485	22.627417	0.25619835
9.034675	9.178799	0.7222222
11.257005	27.783463	0.19753087
7.7287383	12.768186	0.20888889
5.01767	11.326405	0.46875
10.005079	26.500616	0.5510204
7.354144	16.0	0.28
11.296002	17.475573	0.21777777
6.7875805	7.57372	0.50617284
5.904447	17.904789	0.2777778
11.404404	11.404404	1.0
8.64774	17.958668	0.4027778
11.463768	14.621385	0.25
9.452212	26.442505	0.24
6.8281527	17.562834	0.27160493
8.038136	12.827831	0.33333334
16.161037	31.772812	0.2
5.058811	11.00068	0.26530612
9.651433	34.381535	0.31360948
7.0926437	13.474496	0.21875
14.920111	30.00671	0.2
8.723372	17.965425	0.3125
25.24002	30.424305	0.3877551
5.3752356	9.886529	0.16115703
4.8630943	19.882484	0.3888889
11.955477	21.949482	0.120181404
6.024362	8.646084	0.45328718
5.309513	17.307163	0.38016528
11.478312	36.81314	0.29591838
7.2603335	10.454421	0.2777778
9.855122	25.75468	0.165
5.63078	32.049583	0.24489796
8.330983	14.764973	0.17355372
14.374905	23.617558	0.3125
8.0728855	22.793476	0.24
7.2276278	7.2276273	1.0
20.753914	29.459581	0.52
8.829663	23.529476	0.15235457
7.7750373	11.218746	0.20408164
11.299953	16.928888	0.28994083
7.860755	10.229041	0.25
12.356118	31.77118	0.23958333
20.589294	31.795288	0.33333334
NaN	0.0	NaN
11.00068	11.00068	1.0
8.695102	25.771835	0.15311909
3.8692672	4.7463017	0.5555556
3.7196305	10.004883	0.43801653
9.572562	15.745904	0.26530612
12.139418	27.321732	0.22
14.536623	28.014618	0.33333334
14.200342	14.200342	1.0
5.5802827	30.059523	0.26530612
14.189575	22.380186	0.18
7.3940125	16.824947	0.13609467
4.687514	10.631218	0.421875
4.446259	12.563185	0.29591838
11.998873	17.982508	0.15306123
6.3849316	7.3031406	0.33333334
2.8591106	7.0646567	0.26530612
10.172966	15.058566	0.43209878
19.63445	24.948858	0.18055555
9.313951	17.537666	0.3888889
11.636552	16.350897	0.3469388
21.330029	34.072544	0.2
6.2300878	10.66345	0.21875
7.6228905	15.580434	0.4861111
3.8933034	12.440358	0.32426304
16.878408	23.68233	0.22222222
12.965097	15.975209	0.25
3.9595788	6.2562213	0.2892562
6.291502	14.489841	0.3472222
8.503933	34.929317	0.39100346
11.272969	16.587126	0.2
6.608581	8.351598	0.38271606
8.33668	12.657464	0.33333334
8.485996	17.962181	0.16049382
10.735838	13.266534	0.5
6.926453	30.648073	0.5
8.925656	15.5542555	0.34
11.180143	14.033936	0.16897507
5.27881	12.199724	0.2777778
12.165357	28.952877	0.183391
4.2680073	14.618293	0.40123457
11.654259	14.53615	0.33333334
8.433339	15.428878	0.24444444
7.7231607	14.570172	0.18367347
4.5786276	9.644455	0.2802768
6.7860346	16.62862	0.42
14.229771	24.506361	0.17159763
9.626674	11.817485	0.46875
8.492888	23.782316	0.33333334
8.409725	12.526663	0.19526628
5.8576393	13.337624	0.3125
10.645671	18.513395	0.44
14.661227	14.661227	1.0
5.672275	18.407162	0.53061223
19.274364	36.70885	0.18367347
11.741848	27.774485	0.22222222
11.3896675	29.913198	0.1764706
11.345799	25.632994	0.125
12.14713	12.6701565	0.5555556
6.6407237	19.451458	0.27272728
6.968344	22.342815	0.5363322
11.771369	13.269654	0.2892562
7.4336557	26.775057	0.21893491
13.758912	25.710936	0.24444444
9.521557	20.890322	0.37654322
12.864196	25.269821	0.338843
13.502719	26.618963	0.25
7.872369	21.602129	0.375
10.976759	13.069732	0.2421875
3.918463	3.918463	1.0
16.45018	18.990454	0.5555556
1.5909104	3.1260786	0.5165289
8.129625	17.926336	0.52
7.932522	12.860827	0.41666666
17.773375	25.078737	0.625
1.3167379	4.441782	0.52
28.070562	41.503586	0.22727273
8.344189	20.516552	0.30864197
8.937233	25.837065	0.1966759
6.4121685	10.038513	0.375
33.18097	35.09906	0.5
3.996926	8.664848	0.36
8.6561575	14.5815935	0.3877551
10.542106	14.289543	0.5555556
11.272332	19.014229	0.20661157
8.655606	14.40228	0.3
18.255312	20.489079	0.5555556
6.7774076	19.307161	0.19111112
9.740879	23.836231	0.34375
5.1312623	15.900019	0.20226844
14.099469	31.10932	0.2755102
4.1413774	14.320632	0.4074074
16.22312	32.6564	0.22222222
10.324253	13.365657	0.33333334
9.592605	13.8035	0.23076923
7.572245	14.517168	0.47928995
4.108736	10.327284	0.4814815
10.627658	13.476538	0.2244898
11.270681	31.546343	0.215
23.010664	24.19674	0.68
17.655617	18.113367	0.5
3.938621	8.872554	0.3877551
16.144705	19.753746	0.25619835
9.5091095	11.723916	0.5555556
7.801184	19.128284	0.18
12.08728	33.25197	0.08884688
3.6925354	22.98558	0.8305785
8.783861	28.413162	0.285
18.114374	39.398827	0.18
7.908915	13.540471	0.28395063
14.842404	27.989225	0.2244898
5.4126596	5.7900333	0.654321
6.314741	15.2108555	0.46875
9.775647	17.464033	0.1875
13.958931	19.281326	0.375
10.854336	25.749857	0.25619835
5.704475	14.650978	0.2967864
10.968244	27.840275	0.375
7.0080667	17.059826	0.26222223
10.385673	32.185696	0.18055555
7.096957	10.963974	0.20408164
3.6673527	10.8632555	0.54
10.895241	19.408514	0.18367347
7.8963404	10.899716	0.26530612
6.692229	16.000004	0.1983471
3.7963104	12.53498	0.5510204
17.748196	17.748196	1.0
7.0351224	19.563019	0.5510204
10.911561	34.74949	0.20661157
5.899524	12.516652	0.25
11.68275	26.537333	0.44
7.0951753	15.991923	0.19723183
7.6858797	9.13337	0.28
0.700946	0.700946	1.0
9.902768	32.709354	0.2631579
26.944641	32.134346	0.25
18.893702	18.893702	1.0
14.186071	32.783066	0.25443786
7.484316	14.500929	0.38271606
9.361901	22.206781	0.24260356
12.211008	22.782352	0.2781065
4.1323047	7.6429267	0.30864197
9.835171	25.121634	0.24
11.403507	24.523664	0.25925925
13.118482	33.027813	0.16666667
13.585543	38.70776	0.2244898
5.655709	13.345607	0.2244898
4.6666946	12.319512	0.2781065
11.700281	27.81162	0.12
5.5312853	19.649153	0.31
19.260014	29.806316	0.3877551
5.027453	5.610891	0.625
6.938672	22.428871	0.3553719
13.841024	33.599487	0.2888889
25.114859	78.598434	0.20775624
6.928284	16.644196	0.17159763
13.701647	27.165611	0.34911242
16.795824	27.146444	0.44
10.000973	27.857338	0.2231405
8.31373	22.176641	0.2892562
9.96663	15.777441	0.22222222
9.360225	20.258934	0.13777778
12.36691	20.525894	0.33333334
8.503199	13.474502	0.375
9.809176	19.250376	0.19111112
6.9073644	31.20049	0.19723183
17.37365	46.748238	0.155
18.659208	24.758194	0.5
10.440806	17.476381	0.3580247
8.174734	20.349407	0.2654321
6.216089	6.216089	1.0
6.4260197	25.14987	0.38504156
6.0748606	7.0910325	0.28994083
10.215414	17.013943	0.23875433
10.065232	16.905128	0.19008264
5.998911	15.623119	0.33333334
8.634891	9.960952	0.33333334
9.533149	20.226013	0.19526628
9.105082	20.142704	0.29591838
8.297833	18.934088	0.30177516
11.166561	18.371492	0.26222223
10.030201	17.493412	0.34375
14.945406	21.94594	0.28
14.278175	20.489079	0.3472222
3.7537029	9.573917	0.59375
11.430811	19.591574	0.42857143
9.972734	21.391672	0.1570248
7.3909197	8.80972	0.52
9.243974	9.739333	0.5555556
5.9292655	7.9018273	0.3125
17.700933	44.592747	0.17283951
7.782453	7.782453	1.0
11.751892	22.863386	0.17333333
10.310419	27.047235	0.44
19.65074	26.683968	0.25
14.126425	35.448967	0.21893491
12.474317	22.748308	0.24
9.452627	34.231304	0.35
NaN	0.0	NaN
8.706707	25.797756	0.29591838
11.148481	23.744352	0.17159763
9.886659	10.811677	0.5
NaN	0.0	NaN
12.76398	22.926144	0.28125
16.073334	23.634172	0.14666666
11.4144945	16.380352	0.2244898
18.41378	21.127033	0.22222222
6.695695	25.886274	0.30612245
1.4863764	1.4863766	1.0
9.159189	10.530627	0.3469388
15.84763	24.331419	0.30864197
6.2808642	8.232264	0.16049382
13.879589	20.712831	0.25925925
15.359501	15.359501	1.0
7.9149857	45.10629	0.203125
24.183044	26.622179	0.5555556
12.217913	17.1573	0.2
8.12113	17.056849	0.21995465
9.526066	32.680077	0.18222222
5.0973673	16.520674	0.46875
15.674593	24.612835	0.18222222
2.7857623	14.78052	0.56122446
8.872352	8.872352	1.0
10.461763	29.567318	0.234375
12.607265	18.320753	0.22222222
7.6055613	7.6055613	1.0
6.7876573	13.171109	0.22
13.807557	20.444147	0.2244898
12.726386	25.276672	0.12396694
10.749881	35.453392	0.20661157
12.754143	27.647324	0.16
6.7764506	15.2617445	0.26530612
10.782587	11.842988	0.5
11.369036	28.221922	0.18
7.829085	15.110331	0.29591838
8.67047	16.621172	0.59375
12.050371	16.006363	0.15625
5.049251	19.15831	0.9334126
4.218625	4.218625	1.0
4.8061466	16.293753	0.36
23.591831	33.795853	0.12
10.493626	12.902875	0.33333334
7.6855807	21.637749	0.46875
2.0416603	4.753268	0.5
9.376143	21.26938	0.375
3.9523964	8.781063	0.68

