PollenDist	MaxPollenDist	WDivFathers
9.512539	14.638919	0.3
5.7515073	19.227913	0.33459356
4.276791	5.218605	0.5371901
13.319487	21.764673	0.20710059
1.9280647	1.9280647	1.0
7.8821306	31.55688	0.34375
8.531042	22.368317	0.21777777
6.987843	15.060835	0.31944445
4.124506	5.3037324	0.5555556
4.7305045	13.354734	0.33333334
6.0156393	35.077675	0.355
6.6065583	9.216889	0.68
8.333261	27.109545	0.2631579
3.2902331	9.089114	0.355
8.917891	14.499369	0.2244898
10.961153	16.0	0.24444444
6.364884	16.0	0.3877551
5.93619	13.513179	0.3888889
5.9100256	13.164564	0.21883656
7.843381	20.18633	0.165
9.054114	9.054114	1.0
9.345243	26.87702	0.20987654
6.914131	7.511094	0.625
5.831676	10.273965	0.46875
6.1859155	11.269103	0.29591838
7.9633136	11.726927	0.35640138
6.2640996	6.4268966	0.7222222
19.169573	34.144154	0.43209878
8.229104	22.583958	0.19848771
6.5001636	22.732286	0.53846157
7.987416	13.763718	0.30555555
8.107282	15.323439	0.33333334
8.056979	16.709644	0.22222222
5.28453	7.5434184	0.6859504
6.5593286	9.02561	0.28395063
9.44981	23.940453	0.147929
5.977055	14.147139	0.3511111
5.8837814	8.022891	0.5
10.363415	30.3997	0.3888889
11.565386	20.36888	0.16068053
10.809249	19.654202	0.175
4.347484	22.060997	0.7083333
7.214343	18.79351	0.32544377
6.872664	10.711748	0.49333334
6.699642	13.234819	0.25
7.072498	7.1593857	0.625
7.5141454	9.490756	0.33333334
11.094016	13.406873	0.33333334
7.737901	25.324345	0.7222222
1.7564414	1.7564416	1.0
8.917687	14.353019	0.3877551
7.677109	15.565872	0.28
6.05137	16.94771	0.3106576
8.033679	11.6102915	0.465
3.7954514	13.768115	0.30795848
7.8542576	18.81362	0.21604939
3.7707784	5.1236053	0.90929705
4.753845	10.143696	0.30666667
NaN	0.0	NaN
10.085861	16.617859	0.24260356
9.57437	22.631777	0.16
1.3328997	6.294495	0.75510204
6.5958743	7.1279345	0.59183675
7.3545227	18.654108	0.26
4.054632	13.839497	0.2755102
12.062169	23.99169	0.22666667
11.662202	13.371501	0.28
6.4941216	18.184439	0.22
14.116554	18.801178	0.33333334
7.8462124	20.572872	0.25
4.9441752	5.0874743	0.44
9.583714	16.586897	0.2777778
6.3115807	10.480687	0.24263039
15.865541	21.028416	0.5
7.8167562	19.690691	0.38271606
6.4379582	25.743101	0.19421488
9.775212	12.815485	0.25925925
7.844992	11.9331455	0.36
8.202911	18.68491	0.32871974
6.9608727	7.0723405	0.5
4.924197	11.458993	0.43801653
6.3222923	21.18702	0.4722222
5.0611873	18.333378	0.54
12.44765	21.096113	0.5
4.080602	5.224026	0.2777778
17.746908	33.38095	0.12721893
11.460448	26.725178	0.20221607
8.022891	8.022891	1.0
15.239216	16.39282	0.69008267
5.0975184	8.696069	0.33333334
7.354581	15.165565	0.37278107
5.575356	7.6086745	0.30612245
13.478482	22.4851	0.18336484
14.599851	20.07422	0.3888889
6.9350786	17.025927	0.2857143
2.539635	11.009526	0.6885813
9.645134	18.165714	0.24260356
5.856018	28.055206	0.328125
14.61281	17.851322	0.25925925
11.353432	37.65586	0.46712804
10.629242	11.955242	0.34375
4.558853	5.8307233	0.5138889
16.018267	33.81879	0.24
14.042015	22.049393	0.33333334
20.00656	27.935759	0.25
9.566082	25.549358	0.20987654
8.473949	14.1532	0.671875
9.173454	18.835705	0.44
5.668145	5.668145	1.0
10.560139	21.211916	0.22839506
11.253113	12.774088	0.5
7.8153887	25.44145	0.2244898
6.0375357	18.19476	0.4
3.7282567	6.732874	0.375
4.5280333	9.6050205	0.7222222
6.2879395	13.192485	0.20415226
12.211336	25.742092	0.36734694
8.003691	24.62759	0.16
6.3336797	12.023354	0.375
7.994429	16.051064	0.15277778
6.728482	9.953932	0.33333334
5.7697997	13.738506	0.4375
11.957673	17.41384	0.5
7.2986755	11.078084	0.44
5.793227	19.210878	0.28125
7.2826037	28.656496	0.42011833
3.3370793	9.360749	0.7278106
9.497224	16.226913	0.25
11.513923	23.817045	0.15789473
9.008655	18.393911	0.22222222
3.689473	6.697825	0.68
6.7647696	16.306528	0.36507937
7.6332846	22.260984	0.4296875
4.901117	5.7983475	0.58
13.12797	19.774652	0.30612245
6.8490915	10.4912	0.3015873
4.891243	12.585002	0.5029586
6.4023643	6.4023643	1.0
5.464787	19.724178	0.27437642
6.5561433	10.014142	0.3888889
5.921679	15.270317	0.28
16.979029	18.33111	0.5555556
7.242258	9.794132	0.16666667
8.69233	20.9907	0.12396694
4.4845843	6.2545958	0.34
8.133678	30.408186	0.21107267
10.056219	18.923737	0.26530612
4.319616	8.935157	0.5510204
7.221397	7.221397	1.0
NaN	0.0	NaN
6.7173786	12.804347	0.4861111
8.272276	23.679308	0.1694215
9.780242	13.448794	0.59183675
9.672835	23.407227	0.45454547
11.496929	15.542924	0.32
5.9419723	14.801284	0.68
9.129773	19.54647	0.12396694
5.0099316	15.490267	0.44378698
11.517305	15.365285	0.22
4.4859004	11.059319	0.3125
3.7004442	16.706022	0.4463668
10.448419	17.846243	0.30864197
4.7800236	12.469542	0.46712804
5.205899	10.490819	0.30578512
2.1249053	3.2098622	0.5555556
8.501254	22.676233	0.3605442
8.101769	11.305227	0.21875
9.06402	17.403513	0.2231405
11.6833725	12.303141	0.5555556
6.3820863	17.939817	0.36734694
8.840613	15.077116	0.26530612
6.571582	11.059904	0.25
11.230173	17.50587	0.1875
13.099433	23.622107	0.2777778
NaN	0.0	NaN
12.390078	18.175282	0.1875
13.170847	16.033491	0.57024795
2.5833242	8.214865	0.7222222
7.5042863	29.94976	0.3888889
21.015661	21.015661	1.0
7.9675727	33.486984	0.2128
7.0155964	26.441833	0.4296875
13.866455	25.863817	0.3580247
9.920824	11.517628	0.28
5.7909274	13.120625	0.28125
6.156006	12.1650095	0.2781065
5.0112333	13.772651	0.42
3.0778205	7.7271624	0.4375
10.2242565	10.2242565	1.0
5.1302853	14.740605	0.30795848
16.915503	32.442566	0.5555556
6.2650976	11.463501	0.37278107
8.210815	10.93393	0.26530612
8.281731	9.935013	0.625
11.985443	13.058266	0.5
2.9293563	11.019747	0.3472222
4.444922	17.629967	0.6296296
5.9205236	7.892824	0.3469388
7.209287	13.426946	0.18518518
8.010732	19.540369	0.1734694
6.4745884	11.963721	0.19753087
6.841095	20.057081	0.1632653
4.89824	10.724796	0.4387755
9.284139	16.28974	0.13265306
4.915083	8.825428	0.2345679
8.223309	10.471392	0.5555556
5.7182827	10.381499	0.31944445
6.032268	12.101803	0.23966943
2.9049635	7.656063	0.3979239
9.193304	14.5035925	0.24
12.819281	28.282091	0.625
7.521737	9.573734	0.3125
5.9643354	13.196063	0.30612245
11.305835	29.143454	0.21107267
6.9497304	20.442446	0.17958412
3.574709	11.103296	0.5510204
3.5847402	3.7433183	0.59183675
4.389703	6.4921412	0.42
9.7844	14.198734	0.30612245
10.470805	19.039537	0.19526628
5.7022243	12.398734	0.5
6.8055763	9.573734	0.52
6.6412125	10.65673	0.3469388
7.3171625	18.14413	0.26
8.123702	9.571239	0.30612245
5.686076	15.83759	0.22437674
4.5662637	10.936612	0.3984375
15.206403	23.42718	0.2
6.5450563	9.833297	0.32231405
7.3325806	13.885314	0.20987654
7.618021	22.321577	0.625
5.5152936	10.004766	0.5382653
6.579776	9.025349	0.5
7.7565207	16.657135	0.23555556
3.7399454	3.7997365	0.625
5.6833873	5.7595963	0.7222222
2.091857	3.7031367	0.625
8.08682	13.849902	0.33333334
5.4216776	7.6147857	0.295
5.917534	12.521423	0.30612245
3.8547893	3.8547893	1.0
9.483136	17.693281	0.16666667
5.7423453	9.995956	0.3472222
5.266577	6.2005215	0.61937714
4.208767	11.072621	0.31944445
NaN	0.0	NaN
7.760813	25.006147	0.22495274
8.373204	26.958265	0.359375
5.8960714	15.214402	0.21597633
11.89104	18.76005	0.2231405
7.9412	21.676035	0.1875
9.860069	34.5594	0.2107438
10.425381	10.425381	1.0
6.7060056	15.737579	0.29591838
13.772912	19.189608	0.22222222
3.9787898	11.089681	0.28395063
5.795051	12.347171	0.1875
12.494202	12.618954	0.5555556
6.7890472	18.248808	0.338843
6.2956495	12.203824	0.328125
6.8937182	22.653612	0.20247933
4.794121	8.861863	0.42
6.9114294	11.23024	0.36
13.931868	23.205254	0.2
5.2561274	11.161567	0.26
4.583518	10.882567	0.39100346
9.394992	23.58981	0.5555556
6.26939	17.241192	0.5510204
4.365597	8.292912	0.30864197
8.497875	10.232478	0.375
8.895072	15.60059	0.23469388
7.349387	14.7518635	0.21107267
4.1910334	11.918077	0.36
5.9878397	15.803992	0.3580247
4.3045006	7.3295894	0.3611111
6.451994	21.42099	0.50617284
7.1974773	14.6998625	0.34375
9.108216	14.160209	0.18518518
8.168026	17.115395	0.41666666
6.4280014	10.08264	0.2345679
3.1804364	6.889246	0.80246913
4.0927753	5.4929996	0.375
5.760432	10.802888	0.5822222
11.21778	39.333965	0.2318339
1.911648	5.1236053	0.82
6.9468594	24.420757	0.29639888
4.7481956	5.545233	0.5
8.258489	15.683925	0.1734694
3.1325774	11.431499	0.2520661
3.8159676	3.8159676	1.0
8.331099	14.21073	0.25
8.043133	11.661146	0.26530612
8.995828	9.601667	0.5
2.9763997	9.564842	0.45918366
6.4973497	14.484102	0.3979239
4.467515	9.06057	0.37755102
8.070148	21.538225	0.18559557
10.049228	13.970444	0.25
11.640733	19.875523	0.44
5.577844	17.72935	0.41666666
3.8138144	7.823088	0.22666667
9.662706	20.151127	0.2
14.534701	27.32291	0.14049587
9.020322	16.730501	0.2777778
6.098281	22.76526	0.30612245
NaN	0.0	NaN

7.1611366	13.167425	0.31944445
6.181319	10.964732	0.19387755
10.196016	12.701391	0.3515625
7.2541156	13.029211	0.18518518
5.9151134	21.13642	0.47368422
8.253474	9.342912	0.42857143
5.51215	16.0	0.16955018
3.6806931	4.8178988	0.34
5.2701564	11.531205	0.21777777
4.8958325	10.372823	0.625
5.1425996	12.768732	0.36
8.849845	12.941833	0.52
6.375711	7.873989	0.5
9.086634	12.688925	0.44
10.483253	17.673637	0.12962963
7.2157507	17.474316	0.53061223
4.7687106	11.79478	0.5
7.345656	9.4352045	0.42857143
2.7201881	6.880389	0.36419752
7.258714	16.056587	0.18367347
8.002115	15.510609	0.28
12.495956	32.0	0.16049382
7.234285	12.582145	0.26
4.3679776	7.009996	0.38408303
4.145857	4.145857	1.0
4.242728	10.516841	0.29591838
15.33017	29.83183	0.14049587
3.8338637	7.2444744	0.30103806
4.4634266	4.4634266	1.0
8.166773	20.203033	0.22222222
13.219836	24.071615	0.2244898
10.573554	37.819565	0.2755102
4.992481	34.498215	0.25761774
3.9156716	3.9156716	1.0
5.793523	15.9052515	0.42
6.802404	15.187237	0.18367347
5.5658655	5.5658655	1.0
9.355995	25.49605	0.17283951
3.8053944	4.016059	0.68
12.302912	24.741455	0.17159763
7.616716	8.6921	0.28
5.7138577	12.830105	0.44378698
NaN	0.0	NaN
4.600892	5.5658655	0.5102041
6.9563227	9.13001	0.25
11.629179	19.716524	0.28
3.453111	12.598266	0.66
8.684358	15.910757	0.75510204
8.528084	26.72809	0.15625
10.877828	27.66814	0.4296875
4.530124	13.383072	0.34375
8.569578	15.336283	0.20661157
7.4306254	17.375217	0.2777778
7.6654453	13.678843	0.30555555
11.294538	13.065039	0.44
5.3405614	11.101004	0.2231405
9.348467	15.526018	0.36
3.8829954	11.34519	0.51606804
5.8404765	8.39063	0.3553719
11.684341	21.176273	0.23555556
10.471007	15.889758	0.35123968
6.462356	8.015088	0.5555556
7.5959353	20.865929	0.1388889
7.8943343	13.381468	0.26530612
5.2371335	10.254369	0.24691358
4.486809	12.843252	0.4375
5.5759645	16.882078	0.38842976
NaN	0.0	NaN
4.796273	11.712232	0.365
6.4247003	13.927783	0.5555556
6.617441	10.149151	0.1800554
4.5565763	20.298395	0.6213018
6.174156	19.787949	0.2465374
5.636838	15.391996	0.45454547
12.2755575	16.09784	0.34911242
4.4891176	21.981424	0.265625
9.277885	13.447065	0.2037037
7.2005515	8.396262	0.33333334
10.757951	25.566086	0.25170067
8.810438	18.912472	0.3372781
6.844887	19.44967	0.28125
16.442148	37.319073	0.15625
3.8902404	13.052348	0.3515625
4.224607	12.020014	0.31944445
4.690501	13.906116	0.46875
6.881098	13.624686	0.3580247
6.2193356	6.2193356	1.0
7.8107944	15.684698	0.26530612
7.818658	10.579345	0.25
5.82777	18.513872	0.375
5.0519557	5.0519557	1.0
10.959775	22.362495	0.30864197
9.483049	29.848412	0.305
6.8293753	13.628639	0.13494809
6.3817654	11.454812	0.19135803
8.717914	29.105366	0.38842976
8.803587	21.991873	0.5138889
4.4058957	6.826641	0.3
14.232515	26.12958	0.2345679
8.487741	29.327946	0.2734375
7.6604114	13.763685	0.43209878
8.939723	16.765194	0.36
6.3805766	16.597038	0.24260356
7.5177827	29.91928	0.20833333
6.019692	16.187574	0.23076923
12.35153	21.519873	0.16049382
5.524338	18.077036	0.30666667
5.533851	14.635915	0.3216
12.935613	31.148373	0.4814815
6.207618	14.564599	0.30177516
5.1600337	14.177617	0.38842976
6.914577	6.914577	1.0
5.453288	7.4257226	0.34
6.152359	24.8126	0.18714556
7.4926057	9.159233	0.54
10.48995	11.436495	0.68
9.120491	16.943428	0.52
8.008993	17.100372	0.375
7.9488955	16.924435	0.26530612
6.624061	10.993312	0.4814815
4.7937384	19.199701	0.4186851
6.1807036	16.117397	0.34430727
10.33057	18.751389	0.18
7.287255	15.280569	0.33333334
4.8841233	4.8841233	1.0
7.855718	33.151512	0.6213018
8.912798	19.44177	0.3372781
6.7844267	12.6828165	0.2892562
6.3906655	6.3906655	1.0
10.003408	15.759153	0.25
8.169017	24.422295	0.2173913
2.2064316	2.3562028	0.82
9.886503	21.433859	0.2662722
6.1980863	16.146847	0.36862004
7.8378735	20.798332	0.6859504
7.0208163	18.867086	0.20987654
7.1930904	13.906116	0.1570248
4.8638043	24.29133	0.39555556
7.290271	11.542253	0.23
13.908741	23.76898	0.13777778
10.189742	17.832102	0.22222222
11.043319	15.447983	0.26530612
14.742566	22.504478	0.27272728
7.0304976	10.155048	0.26530612
11.353815	17.870235	0.25
6.1458907	12.362947	0.34
7.2475047	13.61011	0.22222222
10.571816	16.391598	0.2361111
8.115488	18.230877	0.40828404
4.929303	13.517024	0.36094674
5.281263	11.386861	0.5
8.3627825	16.072	0.12396694
7.2322297	8.591771	0.8472222
8.40015	11.771047	0.19444445
9.748873	20.586823	0.14
6.903493	10.993312	0.28395063
5.118015	10.723386	0.2777778
12.8836155	21.044348	0.2244898
6.0466175	12.253826	0.3376
10.601201	14.351866	0.36
11.895758	11.895758	1.0
10.933269	22.871695	0.17768595
7.260729	10.581659	0.25925925
5.544485	11.206277	0.4074074
10.6428585	24.766909	0.22
8.280583	17.272676	0.30612245
9.305536	19.378136	0.30864197
6.0198803	7.291489	0.52662724
7.694188	14.806755	0.44378698
5.3363276	17.368465	0.28395063
10.056159	25.404034	0.37190083
5.220184	7.428758	0.33333334
8.503864	20.034422	0.32
4.839513	8.679361	0.40625
7.654713	11.800407	0.26530612
10.141069	21.34001	0.16
5.1440406	14.543435	0.25
8.337048	14.506891	0.2345679
4.186899	9.234869	0.66
4.8827777	14.25595	0.37777779
6.5353594	13.612229	0.54
19.181522	22.634192	0.625
10.233273	18.216988	0.30864197
4.417194	17.247637	0.3553719
7.649016	9.998856	0.78125
9.8144455	10.912244	0.33333334
13.815227	26.448133	0.33333334
4.6034083	13.683577	0.30666667
3.6845794	11.321878	0.553719
4.2925854	5.718563	0.59375
6.050962	18.716673	0.22902495
6.1656785	10.087998	0.2711111
7.1703157	19.318003	0.24567474
5.003199	10.987343	0.2777778
8.750296	10.299323	0.44
13.139045	22.0204	0.25
13.238042	22.813152	0.5
5.3001633	20.115883	0.34256056
6.6220083	18.73607	0.295
6.6885905	16.410248	0.2231405
3.82628	11.948414	0.30795848
9.34194	13.833907	0.26530612
3.953525	6.4619136	0.3580247
13.766968	25.482927	0.20833333
8.327658	10.847524	0.3888889
7.8742776	13.819624	0.3265306
11.995481	17.175522	0.3877551
7.0888844	10.255203	0.2231405
8.2916565	29.39935	0.3877551
2.9784827	10.619806	0.59375
9.598192	12.942127	0.25
4.9193816	5.68599	0.50617284
9.164124	33.315	0.2288
8.747808	16.489967	0.18559557
10.925527	21.224007	0.13799623
7.164866	12.085067	0.3888889
11.614351	26.856146	0.4074074
6.208543	27.49741	0.20634921
8.217004	26.906378	0.20888889
12.102651	12.102651	1.0
6.6004615	16.33636	0.375
3.9937046	4.37413	0.625
3.9289043	5.25877	0.7222222
4.284969	10.334743	0.3472222
4.616665	9.931141	0.30795848
9.594619	14.679481	0.19008264
1.6428709	5.5647736	0.7222222
5.917452	16.687782	0.2037037
4.8909554	6.560376	0.5102041
3.4057386	3.4057386	1.0
6.533985	11.024633	0.1953125
4.4133387	5.3580656	0.46938777
7.873903	11.997535	0.30578512
10.847204	11.649956	0.625
2.9370189	4.413136	0.36
3.3801353	17.981155	0.42
8.952605	9.548814	0.4074074
3.3623483	13.359322	0.7222222
NaN	0.0	NaN
4.124643	13.77853	0.31944445
2.9402804	9.05358	0.3846154
8.05477	12.952046	0.24793388
7.272806	12.303639	0.2231405
18.218939	20.737383	0.33333334
4.5286684	6.7344613	0.25925925
6.0674806	21.052845	0.23875433
6.1930118	19.687431	0.32
6.7257605	27.290718	0.171875
3.1257942	3.1257942	1.0
6.778535	6.778536	1.0
10.921978	23.635302	0.20987654
14.741052	48.754868	0.21107267
6.0674977	16.728207	0.25925925
6.991743	16.620556	0.4814815
8.220853	9.612155	0.375
7.732002	13.891082	0.23875433
14.757646	19.525312	0.375
10.606659	29.272034	0.21088435
12.896029	16.773058	0.2231405
4.2418613	10.846937	0.5859375
11.463759	24.092073	0.25
11.492756	19.443459	0.16666667
7.146721	19.005302	0.12345679
4.5750885	12.546261	0.36
7.871454	8.556265	0.33333334
9.247954	17.543325	0.14049587
7.4705534	15.03353	0.3265306
4.3393598	18.232218	0.29012346
3.3655546	8.231386	0.22873347
5.311849	12.554564	0.75510204
8.497519	14.264812	0.20661157
5.4234567	6.3906655	0.5
3.759272	9.232523	0.28
7.9380927	8.231632	0.44
7.022942	14.522206	0.2244898
8.297271	18.763271	0.30864197
6.8733726	11.612754	0.5555556
4.2135625	10.32841	0.2777778
13.379605	17.412859	0.17355372
7.350838	22.564873	0.15789473
4.423589	7.344757	0.6296296
7.401134	24.67726	0.28395063
3.3126316	5.2850738	0.44
9.484494	15.296428	0.22222222
6.002536	16.502937	0.57024795
10.836975	16.456549	0.2781065
2.6150355	6.1083393	0.5510204
NaN	0.0	NaN
4.3098063	15.774669	0.4186851
3.2809908	10.053607	0.60330576
4.0822644	4.864936	0.625
6.900131	11.063703	0.28
5.841111	12.031201	0.2888889
6.645975	11.639592	0.30578512
7.2389812	12.142799	0.234375
7.2260637	16.833534	0.18367347
4.43895	21.072542	0.3265306
8.29866	12.178801	0.21428572
7.03736	12.878647	0.375
4.6205754	4.6205754	1.0
7.359829	8.617545	0.5
5.3485417	10.502032	0.28099173
3.9284217	11.282307	0.54
3.9766319	5.683182	0.3888889
NaN	0.0	NaN
1.3629537	1.3629537	1.0

7.244026	12.067387	0.2888889
8.650274	11.12628	0.25443786
17.956894	25.438906	0.5
7.5747805	15.574135	0.25951558
9.9028015	11.357281	0.44
3.352987	11.066306	0.28994083
14.853959	21.724934	0.375
11.180538	18.703691	0.15432099
3.127009	6.4651856	0.6213018
10.773719	10.773719	1.0
6.7379556	20.007973	0.5147929
8.047215	11.530496	0.5555556
5.382383	8.03279	0.26
3.1795394	3.1795394	1.0
9.417252	18.63253	0.5510204
5.25482	17.276842	0.22839506
13.357966	27.76473	0.20987654
6.843968	8.847779	0.38271606
9.371126	22.627417	0.15555556
4.920278	5.063185	0.3372781
11.522751	20.063717	0.2777778
NaN	0.0	NaN
13.555728	15.156206	0.68
6.3653936	8.851793	0.375
NaN	0.0	NaN
4.935159	15.871137	0.16444445
8.766138	10.417708	0.36
9.32369	20.271101	0.23076923
12.78671	37.58397	0.105
5.8735313	10.35897	0.16666667
7.8459444	16.965023	0.26530612
7.116407	7.116407	1.0
5.350065	17.61644	0.25
5.689914	12.182915	0.2892562
6.8352838	10.233666	0.42
4.4325557	4.554726	0.59183675
7.2620096	9.955623	0.34
7.354044	16.331192	0.1468144
4.9043818	4.9043818	1.0
12.084119	35.533638	0.24444444
5.601304	8.369606	0.28125
8.2612915	13.744643	0.2231405
12.168871	21.020851	0.25
13.267299	17.521475	0.33333334
13.2263565	19.125645	0.25
8.48091	23.402918	0.1875
5.3648076	10.964104	0.3125
11.370456	13.945715	0.2244898
8.855794	19.643013	0.6296296
9.528787	19.55424	0.21428572
4.319617	6.900928	0.3877551
6.38931	15.837254	0.2107438
7.193	7.64158	0.68
7.884711	10.277753	0.32
10.094506	23.571285	0.22222222
5.1636477	12.206088	0.50617284
6.059956	16.982172	0.2962963
5.6224256	15.6345215	0.23469388
4.446577	12.631382	0.28395063
3.903762	11.790443	0.53741497
11.162325	22.186272	0.1328125
5.565841	15.520005	0.20408164
8.362746	14.699592	0.28125
6.9160705	14.651902	0.16666667
15.317819	15.317819	1.0
9.419693	23.138277	0.18367347
4.679323	16.577684	0.5833333
7.570102	23.533081	0.40444446
4.9962144	13.68942	0.64285713
5.59143	13.76549	0.30578512
5.997741	10.029883	0.18343195
5.245854	7.844796	0.3580247
5.436966	7.055834	0.3888889
9.983412	34.10252	0.21875
11.110268	20.968288	0.29411766
4.387541	4.387541	1.0
20.621729	20.621729	1.0
8.858349	25.709017	0.20888889
5.1492414	12.951947	0.18714556
NaN	0.0	NaN
5.618043	10.5961075	0.3
6.0832047	9.602111	0.44
NaN	0.0	NaN
4.8004246	10.54137	0.25
4.5110245	7.171168	0.37777779
6.983892	9.619873	0.34
3.9921296	10.8447	0.45918366
10.862315	20.241129	0.78125
12.189441	25.80157	0.21995465
9.919833	20.666948	0.34375
6.867325	15.19004	0.390625
2.0661838	12.449879	0.63265306
10.0871105	10.0871105	1.0
9.542592	9.542592	1.0
4.12341	13.051769	0.44378698
11.190554	22.181705	0.14
5.90521	12.37059	0.29166666
10.746714	35.694668	0.4375
11.80073	27.503744	0.147929
2.9004815	6.2083673	0.75510204
9.434673	14.473421	0.3888889
7.123473	12.833776	0.26222223
4.5655637	9.02808	0.2244898
5.6913824	7.3324113	0.36
2.0923185	2.0923185	1.0
10.833751	19.050695	0.42857143
7.079579	14.481594	0.25
5.555089	6.250725	0.5
11.469333	16.156866	0.2244898
11.690404	17.391134	0.16049382
4.666649	11.303588	0.5283447
6.538195	9.261643	0.33333334
4.846269	17.521666	0.30578512
12.237516	18.308287	0.2654321
10.54714	21.110119	0.25
10.8341055	26.86852	0.19031142
9.465558	26.411804	0.23469388
8.771545	22.386362	0.12396694
9.093198	21.838705	0.22222222
9.611633	10.48048	0.68
6.602661	12.953854	0.21875
14.07823	14.177727	0.625
9.237738	23.21408	0.2244898
3.2476017	8.123784	0.625
6.0107713	7.5333743	0.33333334
5.4111238	11.908754	0.3888889
8.207073	13.380018	0.2662722
8.644943	16.671358	0.13777778
4.2002354	12.8599	0.47530866
NaN	0.0	NaN
7.4139585	11.434971	0.375
12.450463	14.659282	0.66
4.4310765	16.922531	0.75510204
7.720519	14.059095	0.34375
7.9211564	11.759161	0.20661157
10.959527	19.739433	0.23076923
12.439518	30.0738	0.28395063
6.759283	17.673563	0.3580247
5.8488154	25.7067	0.26222223
5.6001773	19.434723	0.3877551
14.464057	21.854057	0.5
3.062986	3.7572584	0.32231405
5.945084	9.943851	0.4387755
12.565668	24.569489	0.20661157
5.202152	8.05435	0.18559557
6.57627	16.248863	0.14186852
6.8445153	24.751173	0.19526628
3.6783586	5.567474	0.35349718
3.1384041	3.5723655	0.5555556
8.534928	8.534928	1.0
8.603649	17.166096	0.2231405
9.235458	11.052798	0.20408164
15.700541	23.90033	0.26530612
5.2291083	13.331461	0.41666666
5.167854	6.2723417	0.38842976
4.327266	8.23768	0.44378698
4.4939585	10.12994	0.33333334
6.9557834	14.872108	0.23469388
8.31998	26.390997	0.16666667
8.998293	12.14328	0.4140625
6.4246984	9.636836	0.375
4.8618484	5.7175226	0.68
6.576242	23.662182	0.27032137
2.1276639	6.9411926	0.375
5.7189083	13.479186	0.2638889
10.415462	11.756509	0.5102041
11.686517	19.77806	0.22222222
6.2411284	12.385971	0.33333334
6.485836	12.823295	0.28125
5.6645827	10.13782	0.22222222
1.739952	6.1097856	0.30555555
1.9322082	2.0815487	0.70247936
15.868546	21.9577	0.33333334
4.9723096	19.480864	0.2231405
7.246979	15.783812	0.625
9.14504	30.668566	0.4861111
7.236027	18.033953	0.26869807
6.733739	18.526388	0.2244898
9.128022	12.569114	0.2345679
NaN	0.0	NaN
5.176654	7.4907866	0.42857143
5.828237	6.9901886	0.625
4.6658254	13.737135	0.28
5.8236427	8.207128	0.33333334
5.327012	11.798333	0.27423823
3.515838	12.772928	0.75510204
NaN	0.0	NaN
7.8757086	12.759801	0.38271606
12.095632	13.798026	0.22222222
2.5927477	2.5927477	1.0
9.937233	17.885103	0.16666667
3.4024303	15.304445	0.5972222
7.517883	22.36552	0.21893491
15.18237	22.762472	0.3469388
3.1062417	22.664103	0.34072024
12.726609	19.705105	0.2244898
10.765561	19.592186	0.50617284
9.720925	16.386496	0.34375
6.367962	18.355312	0.2345679
15.917653	37.57467	0.25
7.1804147	8.124678	0.52
5.686673	11.270296	0.4214876
6.536596	6.536596	1.0
4.221412	9.558004	0.24489796
NaN	0.0	NaN
5.9602027	9.921431	0.2888889
5.527044	5.527044	1.0
8.511387	23.28343	0.30177516
10.972522	26.550535	0.31568998
7.809885	21.70452	0.28395063
7.1292925	14.933841	0.8412098
4.0170007	5.6387506	0.33333334
4.9936295	7.9868803	0.32231405
8.873737	15.456207	0.15625
9.026596	15.783812	0.18
9.403391	16.974743	0.3671875
6.071174	15.828293	0.30612245
2.3909478	3.0683556	0.42857143
13.237632	25.100975	0.2244898
4.4069014	4.9559555	0.44
5.707805	7.841703	0.5102041
6.2114124	12.460211	0.3125
7.768959	17.000029	0.28395063
4.505155	6.350145	0.46875
6.125386	6.125386	1.0
9.983636	21.277214	0.33333334
2.0198605	2.4779236	0.3888889
9.922603	19.882132	0.25
4.635729	10.836048	0.30864197
0.91147	0.91147	1.0
5.121789	5.653131	0.59183675
8.175126	25.002432	0.25
7.754275	11.889141	0.2662722
8.05868	21.764734	0.23469388
5.803184	18.556993	0.20710059
5.057135	19.607756	0.46938777
6.11301	13.766837	0.3580247
7.7519946	13.384612	0.5
10.706	21.60118	0.18
8.599036	8.599036	1.0
5.9251175	13.196256	0.34375
9.824468	15.103584	0.18
9.912969	29.264864	0.175
12.371632	18.6296	0.34375
6.735196	21.28044	0.20987654
11.653111	21.362568	0.5555556
5.1140614	24.550598	0.33333334
6.282454	24.334496	0.30578512
5.210358	17.696642	0.553719
5.4136786	11.1563425	0.15789473
9.178737	22.042564	0.20833333
6.8451643	9.378021	0.3372781
10.207716	16.058447	0.15277778
4.0514445	22.078184	0.2638889
5.1543355	15.664632	0.3125
10.425312	11.462176	0.3553719
10.343685	18.681753	0.30769232
6.5842423	30.008665	0.29336736
5.484767	12.477544	0.44
11.824894	17.885769	0.5
11.4006405	16.54902	0.25
5.096118	14.649286	0.30795848
7.9450393	12.442282	0.625
13.727888	30.54349	0.12287334
4.9522934	7.116407	0.33333334
5.390795	16.228048	0.7222222
6.418533	9.956676	0.25
NaN	0.0	NaN
3.4704697	7.967498	0.50138503
7.9291677	11.876538	0.37755102
5.959435	6.910662	0.5555556
6.643643	11.711269	0.5555556
1.6508058	2.5645368	0.39555556
5.0238814	24.809193	0.52
2.8721774	9.936694	0.8347107
11.557577	33.18808	0.15625
3.4626231	6.4811573	0.5
12.7366	23.291452	0.21875
4.755076	8.745829	0.66759
7.3811183	13.678228	0.43055555
7.407909	11.629181	0.5041322
14.1613245	21.327303	0.19008264
6.565933	18.424906	0.24691358
3.3589308	8.414474	0.5
8.514415	22.560123	0.16
8.761749	9.12127	0.5
16.447182	20.919214	0.6296296
4.2771006	10.93307	0.29591838
12.646401	12.646401	1.0
9.986125	15.772251	0.22222222
6.938541	18.037569	0.30612245
4.8927274	14.414811	0.29777777
9.709406	19.27108	0.18518518
8.029364	8.123784	0.5
4.052518	12.548712	0.2755102
10.721625	19.687084	0.15277778
4.4013686	4.4013686	1.0
13.665596	16.75929	0.3888889
7.082472	7.4907866	0.5555556
9.536122	21.127829	0.28
6.5434	32.24408	0.1966759
9.89203	14.744694	0.2244898
6.2636456	19.351034	0.37278107
4.7367454	8.767003	0.33333334
8.808882	23.065441	0.58
8.41008	16.600534	0.2345679

8.932367	21.83779	0.25
12.552233	15.8405905	0.28395063
5.2153254	16.0	0.27272728
4.3216558	4.3216558	1.0
11.435821	13.438579	0.33333334
8.621622	15.596524	0.375
7.717729	16.0	0.27437642
6.8498716	15.461623	0.4117647
7.9799576	17.783886	0.30864197
17.390112	17.390112	1.0
6.374147	12.358826	0.23966943
7.101748	20.196209	0.50617284
4.3858676	7.6766148	0.5555556
7.275807	15.311524	0.38271606
4.229608	14.105143	0.46938777
17.435902	20.561995	0.375
5.769372	7.0657983	0.3824
11.281715	16.0	0.33333334
7.508861	16.544212	0.20833333
7.722539	20.445608	0.2244898
5.120455	18.312744	0.26869807
7.3733053	16.0	0.24260356
5.0645375	10.506416	0.33333334
10.047635	16.407743	0.46875
5.432189	12.026592	0.42
7.875679	15.580428	0.46938777
5.9822135	9.386704	0.1632653
7.8757105	12.591907	0.16
8.220175	13.695056	0.26530612
9.297455	14.40874	0.4074074
6.894187	6.894187	1.0
9.62661	16.841852	0.26
3.1844707	13.455453	0.50617284
4.529337	13.702585	0.3888889
11.562175	12.814898	0.7222222
10.760869	12.539111	0.5510204
8.226388	13.482327	0.51557094
6.1242867	16.595116	0.4861111
16.503805	16.503805	1.0
9.924807	12.530116	0.25
5.7972746	8.494514	0.36
9.16066	12.616197	0.5
6.275523	7.7090917	0.375
6.923071	13.573156	0.22666667
2.5652077	5.381994	0.5371901
8.427403	17.739746	0.2345679
6.8880854	18.658686	0.20710059
6.902752	11.27324	0.18367347
4.347907	12.896449	0.2249135
7.4103	10.84309	0.7083333
6.615302	7.717635	0.52
13.994448	18.078405	0.44
9.620537	18.821009	0.68
6.3469872	8.864068	0.3888889
3.3772135	7.54376	0.24444444
7.631259	14.677161	0.14878893
4.8143826	6.18154	0.5041322
8.018121	13.334185	0.138322
9.400042	12.815566	0.2781065
2.417317	6.5914264	0.29705215
5.1845355	9.168132	0.38271606
14.173853	15.076878	0.37190083
6.502964	10.878021	0.3888889
3.7878966	15.356148	0.60553634
5.230565	20.573257	0.25170067
5.020463	10.80726	0.33333334
4.2776914	7.598314	0.2244898
8.990897	11.583607	0.2777778
8.935612	14.440492	0.29591838
9.286543	34.40757	0.5
7.3072295	12.498405	0.27032137
6.3538947	10.610715	0.28
8.880043	11.284247	0.4814815
7.298538	14.371954	0.21900827
12.80024	24.074865	0.136
4.575935	9.11308	0.5
3.0310683	14.768979	0.29591838
6.0603757	8.690468	0.625
17.9869	31.018328	0.33333334
2.7400572	8.721814	0.42011833
7.7540607	12.977889	0.22222222
4.608033	7.4177322	0.22
9.325856	20.293507	0.30612245
3.3933055	9.950286	0.421875
11.252822	20.761387	0.22117202
8.454332	16.342701	0.15555556
14.538199	15.867319	0.33333334
8.186782	19.55569	0.30578512
5.8298407	10.355997	0.36
6.5734687	13.205575	0.33333334
4.5427213	11.198916	0.3964497
9.100387	14.3648	0.36
9.051675	19.422445	0.2231405
6.024257	12.5786085	0.50222224
8.419383	9.966955	0.5555556
8.434582	11.317055	0.32231405
1.9027076	5.032601	0.78125
10.05669	10.05669	1.0
5.7583222	13.254483	0.3888889
8.053127	12.552219	0.21875
10.701788	14.961334	0.34
5.6095557	18.77463	0.19387755
9.016294	14.57054	0.2244898
10.615458	10.991583	0.5
5.1658626	11.095009	0.2644628
6.6949935	23.324932	0.20247933
8.6785145	34.69795	0.3605442
6.9730163	14.310484	0.36
7.4701037	16.371023	0.24263039
7.7194824	15.6869545	0.203125
6.6688013	15.304717	0.36419752
3.8355923	3.8355923	1.0
4.979973	12.049467	0.42857143
7.970552	18.479267	0.20181406
5.2982187	8.037396	0.33333334
8.628932	12.629947	0.18367347
5.0182853	10.974498	0.3
5.9375405	18.430077	0.3877551
7.2007365	14.868705	0.2631579
5.750495	15.326229	0.26
3.513699	13.760557	0.80246913
5.772525	13.397853	0.2231405
4.9552007	7.167462	0.7222222
5.729993	13.548082	0.234375
3.544662	12.155452	0.50138503
8.97056	9.270433	0.5
5.227291	27.171835	0.53741497
3.9438202	15.0727005	0.5510204
6.0470214	15.45148	0.25619835
15.5836115	18.93869	0.5
3.4991188	3.9004214	0.52
5.1812663	11.604891	0.5408163
7.7745104	9.422235	0.44
3.4469779	9.195458	0.625
6.1938195	6.2183795	0.5555556
4.596571	26.268532	0.25333333
7.4667726	22.923498	0.34
6.5074234	12.415892	0.5833333
6.260116	11.354827	0.3888889
8.908564	22.305449	0.43055555
4.9237456	10.890561	0.5733333
7.909746	19.703556	0.28395063
4.2443633	13.5702915	0.50138503
10.632209	13.904629	0.19444445
15.127772	33.657047	0.18518518
5.36468	12.411771	0.59375
11.045516	20.893372	0.31944445
8.716168	19.472721	0.30193907
4.3216558	4.3216558	1.0
7.4425597	8.695077	0.5555556
9.0456085	25.512508	0.28
5.6315417	5.6315417	1.0
10.7619	14.730545	0.375
6.519764	18.613586	0.3271605
3.5094635	4.627654	0.3888889
5.4088993	5.4088993	1.0
7.2340455	19.399391	0.24489796
3.9969835	12.635651	0.43195266
15.135527	45.10002	0.2244898
8.133993	14.871402	0.3888889
9.348648	29.747915	0.2244898
12.309474	19.435154	0.19274376
8.623427	17.141811	0.19723183
7.6581907	7.6581907	1.0
6.438988	15.238629	0.30083233
1.8956773	1.954576	0.68
12.106595	13.759886	0.42
3.9899864	8.451268	0.43209878
4.9659452	8.590764	0.37278107
8.292113	29.757463	0.19753087
8.366091	15.988535	0.30612245
4.51852	10.4348955	0.4876033
6.8814297	9.162575	0.28395063
7.1519456	8.357278	0.28
11.055147	33.95615	0.46938777
7.5180387	10.178997	0.5
3.0459957	6.0763507	0.5555556
7.098418	10.93334	0.3
10.367578	16.998592	0.28
6.1614037	13.051106	0.2288
6.9890046	19.854162	0.18055555
8.88877	16.839947	0.5510204
4.1800284	9.244049	0.30864197
4.4336524	5.9308867	0.28125
7.3606043	16.551641	0.18367347
6.070583	6.836149	0.38271606
5.0823684	11.631781	0.2777778
1.9762554	3.3414927	0.5555556
7.9341125	18.051899	0.23545706
12.835164	35.45075	0.14
3.6185124	9.460517	0.45061728
6.3656864	16.443777	0.375
4.697537	5.3453026	0.33333334
7.103729	8.59104	0.5510204
2.1879585	4.8356214	0.50617284
8.424083	15.000545	0.1632653
10.271823	14.207282	0.20661157
18.14059	25.61533	0.36
6.9566374	25.809294	0.19526628
4.959189	15.907676	0.2777778
10.852051	22.693249	0.155
5.381794	10.959605	0.2345679
12.955301	23.923569	0.26530612
4.9072976	11.158952	0.18181819
7.4687433	21.987925	0.25
3.98471	6.3986597	0.68
1.6898195	1.6898195	1.0
8.653624	11.864015	0.5555556
2.8413062	6.2183795	0.31632653
7.70749	17.897083	0.4296875
9.746722	17.434675	0.5555556
2.7167718	7.0369077	0.44378698
8.140393	15.476358	0.2
3.4130907	5.175874	0.39229023
5.302199	5.6079082	0.5
8.07325	20.68709	0.3888889
5.929991	14.930587	0.2231405
10.9507	15.752282	0.2244898
4.2309	8.790377	0.44
3.2981405	6.6688147	0.7222222
6.906725	8.1138735	0.78125
14.936957	23.474375	0.16049382
4.7000093	7.379598	0.33333334
10.431823	13.970774	0.46875
7.680005	21.21508	0.40828404
20.695902	23.043005	0.654321
7.096328	7.4177322	0.5
5.5065956	15.981159	0.2361111
4.3573174	16.328094	0.48444444
2.9082615	14.101035	0.49333334
3.7709124	6.2479486	0.2578125
6.5564175	11.203294	0.20661157
9.336147	21.383095	0.44
4.643674	11.662514	0.3422222
8.566985	18.413567	0.18367347
14.418795	18.802107	0.18518518
7.9163113	10.810528	0.33333334
7.633088	20.345352	0.21777777
6.9788303	19.123074	0.375
5.189926	13.138632	0.2781065
4.864579	10.778352	0.47555557
3.2545948	14.936676	0.7222222
5.470276	14.922965	0.7222222
6.9030895	7.0982156	0.5
8.283308	10.733931	0.28395063
7.286076	9.8207	0.5
4.6616945	9.97656	0.3964497
3.6076276	3.6076276	1.0
7.8737526	21.458029	0.5
6.5085177	15.577844	0.2857143
7.0225744	23.36639	0.33786848
9.033336	18.19634	0.15277778
9.034058	15.771932	0.18
3.0144775	4.1746054	0.38
8.629669	9.643203	0.44
4.9795156	8.581392	0.32231405
5.7059016	7.8926396	0.4074074
14.520827	15.942666	0.33333334
4.565074	7.569596	0.3
5.6730733	15.030238	0.5
16.571653	16.571653	1.0
3.54844	5.4171853	0.33333334
6.082305	12.386477	0.375
3.4885752	5.241171	0.53125
13.833833	28.535269	0.33333334
8.92153	14.774209	0.14814815
10.621668	19.719118	0.37278107
10.419661	28.012249	0.26530612
5.0515013	9.629407	0.43209878
2.608855	11.577782	0.6296296
5.007404	12.530116	0.2962963
3.006081	7.449627	0.5510204
5.5397453	9.095454	0.4876033
4.114717	4.114717	1.0
7.704331	12.200947	0.25619835
5.966944	10.663677	0.21875
2.624006	2.624006	1.0
10.435521	16.301939	0.20775624
9.249951	24.243086	0.145
13.123036	22.347258	0.22222222
6.6455507	6.871708	0.68
1.45558	1.4555801	1.0
6.659018	14.612834	0.44
15.1066065	15.1066065	1.0
2.8283398	15.701144	0.60946745
3.1869016	6.0886316	0.2662722
11.812227	20.098783	0.2711111
7.114886	14.875118	0.135
7.6891623	19.79372	0.18
3.7976577	9.2911825	0.33673468
7.844259	22.095163	0.3888889
1.6898195	1.6898195	1.0
8.397781	19.924109	0.28
9.07619	23.057148	0.8472222
3.0668697	12.514645	0.8828125
5.5108366	8.215103	0.3511111
8.437714	22.085331	0.2
8.250367	14.095192	0.17202269
13.176422	19.015806	0.20408164
4.9359365	5.361626	0.5
6.9025755	18.308338	0.5510204
8.873952	13.225578	0.20833333
3.1343486	6.898399	0.28
12.276669	20.438427	0.25
8.80466	18.122377	0.17283951
7.790708	19.672802	0.31944445

8.9094715	15.469309	0.25925925
5.3500834	7.4043427	0.42857143
11.490631	22.627417	0.20833333
3.095894	3.2088778	0.5
4.9786773	10.981125	0.32409972
7.868182	14.2858715	0.2802768
7.406843	17.451384	0.19848771
3.8880723	5.0408497	0.43801653
13.837019	29.335892	0.28125
4.5065417	19.958307	0.6622222
4.4292183	4.4292183	1.0
10.477143	18.954887	0.22222222
10.1135645	13.216364	0.5
5.9259853	22.627417	0.4186851
8.277099	11.624057	0.26530612
4.560692	11.048501	0.44
9.900833	13.928741	0.59375
1.6895783	3.5074053	0.47959185
7.048812	12.818758	0.13777778
4.677082	15.51384	0.33333334
6.8318853	10.159015	0.22666667
7.4984083	23.65561	0.23555556
3.0547254	6.6768856	0.42
6.7029405	12.165389	0.38842976
8.306034	17.805021	0.32
8.140814	20.022768	0.2781065
5.1404977	13.127668	0.3877551
13.190132	22.727743	0.20987654
6.7288933	7.9771585	0.625
3.716765	8.888134	0.5510204
7.9988127	21.540731	0.44
8.257685	8.257685	1.0
13.082115	27.083927	0.16262975
10.272644	19.611938	0.12244898
2.5688431	12.673889	0.61904764
5.8506427	21.485237	0.22902495
9.952091	9.952091	1.0
18.353714	20.447107	0.5
7.0730147	12.297646	0.2244898
4.8230147	23.766582	0.4304
3.3786387	3.865023	0.45918366
4.8782244	11.576068	0.18518518
3.469392	12.625039	0.44
8.51357	17.09654	0.19274376
8.334841	14.843571	0.28
5.093734	12.939296	0.28106508
10.612478	13.812309	0.19791667
19.478437	31.449688	0.17355372
4.9132013	5.7371535	0.41828254
6.6927342	11.834651	0.16262975
8.694012	15.309971	0.3125
7.4480233	20.793175	0.31519273
12.138287	24.047443	0.1694215
3.4202588	6.807499	0.2734375
12.06418	16.813274	0.25
8.904452	13.343935	0.2777778
7.1607795	15.005269	0.3877551
12.860334	17.324354	0.25259516
3.6359136	7.2568636	0.625
6.491715	21.419308	0.2822222
18.01081	32.88815	0.2888889
4.656633	9.060543	0.30864197
1.9832906	1.9832906	1.0
NaN	0.0	NaN
13.160981	18.202984	0.1597633
5.296113	9.077228	0.40495867
9.357579	24.447992	0.16343491
14.246262	28.073679	0.1484375
4.0777903	6.7885733	0.2345679
3.2208788	10.272812	0.30612245
6.5271688	9.757052	0.2777778
4.1667233	8.8220215	0.3
6.7862706	10.803648	0.2231405
3.9926112	14.639773	0.4489796
4.6023893	10.951092	0.37654322
9.893714	9.893713	1.0
11.449447	21.8918	0.1570248
4.401618	9.15485	0.44
5.0092993	6.153576	0.5
13.218421	16.87062	0.30177516
5.7451744	31.829998	0.21799308
2.9169528	5.7862744	0.47959185
7.5438313	10.119775	0.5555556
5.478501	21.46902	0.40625
3.1839328	10.162423	0.6296296
6.512494	11.624057	0.25
9.727308	13.647557	0.33673468
9.221832	13.276683	0.2231405
8.070257	20.463215	0.5555556
6.433859	11.124067	0.25
8.409996	19.359118	0.2318339
6.7682085	16.74435	0.42
8.21889	13.535824	0.7083333
9.084051	10.834737	0.25
7.663338	17.46652	0.20408164
3.2250702	4.5538564	0.34
4.3606195	15.303959	0.1923077
6.30519	22.226274	0.50617284
2.6004362	8.162712	0.595
14.007498	24.973516	0.24
3.78899	7.203226	0.33333334
3.5203106	4.444226	0.375
8.167964	11.420293	0.59375
16.307268	22.5903	0.28125
8.41102	9.819934	0.625
6.8657317	16.25528	0.18367347
5.523382	18.717556	0.42011833
12.141545	29.951134	0.26530612
5.023959	7.7570214	0.50617284
6.253885	6.2538843	1.0
5.376035	7.5109935	0.3979239
7.5843678	9.2392845	0.28125
8.318543	14.8563385	0.20888889
7.631471	30.004282	0.4
6.440549	16.161827	0.75510204
7.8226595	14.966424	0.1640625
4.4056015	15.334377	0.2777778
7.2491097	16.651772	0.28395063
6.629935	18.265648	0.375
2.209939	3.0876083	0.4570637
12.343321	16.05763	0.30612245
14.6677475	21.988043	0.3888889
6.889831	21.386475	0.3553719
10.204997	14.809181	0.17355372
6.906146	11.512522	0.17355372
6.5955467	7.2080584	0.59876543
6.136632	8.652958	0.25510204
13.266189	33.499058	0.2231405
11.70997	22.16329	0.28
6.8661046	10.292379	0.2361111
7.9374585	22.90065	0.34375
13.39182	27.66114	0.28
5.5186515	7.7405925	0.38
9.071082	19.863548	0.235
9.115125	11.618039	0.25
2.613059	4.444226	0.32
2.718312	6.024095	0.33333334
4.3368034	11.359757	0.59183675
6.086167	9.425063	0.3888889
4.801316	32.41692	0.45857987
7.1483703	10.230627	0.1640625
8.964877	23.697496	0.15570934
9.44062	9.447869	0.5
4.0344925	4.4800215	0.52
3.546731	6.153576	0.5390625
8.616715	12.0357065	0.29166666
9.520347	19.855316	0.3553719
10.44812	15.52157	0.5
10.123297	19.771442	0.1597633
6.7669525	8.390758	0.28994083
7.90872	23.73278	0.19111112
2.461067	2.461067	1.0
8.708459	9.620743	0.375
2.6817577	2.681758	1.0
6.4806542	17.799828	0.18367347
9.877886	10.5665865	0.40625
9.934782	19.806488	0.23469388
9.059234	21.827831	0.2244898
12.445138	15.9946165	0.15306123
3.976247	6.276916	0.30612245
9.276181	12.957475	0.2777778
5.3163147	16.651796	0.3125
16.116524	22.710571	0.2741021
4.2969937	11.401605	0.43055555
6.0161424	16.97387	0.44
13.688831	24.912886	0.30555555
2.920784	15.663546	0.4382716
11.999271	25.059122	0.18055555
11.435093	22.75288	0.1597633
9.025746	24.467762	0.3469388
10.134228	18.715872	0.33333334
2.699412	9.717492	0.37755102
6.187924	16.337143	0.1953125
2.8682144	2.8682144	1.0
7.4491577	11.831138	0.375
13.649533	15.879469	0.28
3.4927962	3.6955547	0.68
6.402961	8.490594	0.5
7.614105	10.99758	0.24567474
5.0908794	16.78533	0.18055555
6.0900083	9.307919	0.3888889
9.261061	36.415455	0.59375
2.6964188	4.046466	0.42857143
8.570312	14.463237	0.2231405
8.971229	8.971229	1.0
4.984502	6.57762	0.5029586
4.604638	15.600693	0.27
4.065471	6.8637457	0.5555556
NaN	0.0	NaN
9.957737	19.64046	0.183391
6.028366	10.586245	0.30612245
19.731926	44.49796	0.16343491
5.0310817	33.68552	0.515625
14.457494	20.17654	0.31944445
7.4542713	8.413445	0.5
4.6873784	10.972146	0.54
15.402832	21.777071	0.2777778
6.0858393	20.959332	0.265625
3.6897812	3.6897812	1.0
12.609502	19.334938	0.1875
3.972297	4.248587	0.75510204
6.2342434	11.266341	0.40484428
10.179687	15.706515	0.30612245
2.297445	4.108724	0.43195266
9.048794	9.864401	0.2777778
5.0499353	13.819412	0.47107437
9.364109	22.190235	0.38271606
9.519796	22.85506	0.25
10.317121	17.867548	0.2638889
9.245813	18.445932	0.2
NaN	0.0	NaN
5.099865	13.65557	0.43801653
8.016822	18.590837	0.21777777
9.97947	15.419244	0.31944445
9.808118	13.207005	0.2
8.991072	15.641695	0.5
6.9529433	13.943021	0.46
4.74214	4.8203363	0.5
7.690187	19.702797	0.33
6.0000615	13.392572	0.24444444
5.2567425	9.400487	0.4570637
NaN	0.0	NaN
6.119004	6.119004	1.0
9.749891	15.154146	0.22
8.688581	12.121271	0.34375
4.003388	7.826522	0.75510204
NaN	0.0	NaN
11.212505	17.095968	0.21875
9.137174	11.970752	0.25
5.461414	11.677332	0.30578512
6.38984	9.239221	0.14
3.6037805	14.843229	0.6213018
3.5246139	18.420233	0.40444446
6.745404	7.5573196	0.5078125
1.519764	1.519764	1.0
6.4346247	15.486608	0.28
5.1241627	5.1665745	0.5555556
6.3420877	12.086117	0.225
11.814199	19.449778	0.13494809
9.7824545	14.698651	0.2128
18.135798	27.168524	0.375
2.266605	11.707698	0.3979239
7.973026	15.556427	0.38271606
12.837834	27.969147	0.18055555
4.481141	11.217607	0.2777778
5.0531573	9.54607	0.2777778
4.3698936	8.737456	0.46875
4.250296	22.695444	0.20634921
6.4780216	11.944422	0.22222222
10.296992	12.163152	0.4214876
12.611639	15.458957	0.625
7.539401	13.470743	0.68
3.3952897	16.052761	0.44044322
10.28004	17.609024	0.22222222
4.8561172	8.646501	0.25
6.3509736	20.514904	0.3611111
2.2326784	4.832419	0.37777779
6.888105	18.445932	0.2
12.895222	24.484573	0.22222222
2.2268732	3.449344	0.5102041
10.943657	35.26581	0.20634921
12.002303	22.517206	0.28
9.151754	13.371208	0.18595041
8.515224	23.24202	0.18595041
5.183975	16.751001	0.30666667
11.191692	20.66269	0.16666667
5.686861	11.310709	0.28395063
5.031551	15.277129	0.15306123
12.29054	26.724998	0.21875
10.303939	21.079302	0.19387755
4.817512	10.261527	0.24716553
10.06658	14.8138895	0.22
6.2448583	7.1252346	0.5555556
7.604954	12.7520685	0.19092627
9.271282	14.625428	0.21893491
3.2594173	3.4579997	0.625
7.839162	9.363227	0.5510204
5.335738	16.165056	0.4489796
4.971622	16.329636	0.2109375
8.428983	11.551479	0.36888888
3.4949677	5.528672	0.33673468
6.253884	6.2538843	1.0
5.735848	9.307919	0.3888889
2.6135504	6.8928084	0.43195266
3.363234	20.196081	0.375
8.291683	17.809671	0.375
3.206193	3.206193	1.0
7.4126	17.526869	0.1597633
21.193071	31.572836	0.20833333
10.898762	28.978537	0.30555555
9.163254	13.413372	0.3
9.001801	16.017355	0.14
10.522615	14.500198	0.375
6.2742543	10.789452	0.25
6.3895373	7.537988	0.5555556
6.5816483	15.202094	0.5555556
10.892761	12.175121	0.26530612
3.869906	4.3380747	0.375
6.6469646	9.6948185	0.5
4.6171746	10.160903	0.2265625
7.065838	8.931213	0.24567474
3.2722137	7.513667	0.34072024
4.1496134	12.0620985	0.32544377
7.7267103	17.565876	0.30612245
4.318713	10.240028	0.38271606
12.846236	20.860146	0.6859504

18.621275	23.146826	0.17355372
5.275124	17.960772	0.25925925
7.0935144	27.33448	0.29012346
4.2955427	6.7481337	0.2777778
9.021555	16.123777	0.171875
10.422413	17.38528	0.28
8.530577	10.21456	0.30612245
12.49835	27.217571	0.30612245
4.359286	4.4303937	0.654321
14.241738	30.602348	0.2777778
8.814701	24.376022	0.24691358
9.84871	22.627417	0.26530612
15.93658	31.26514	0.22222222
5.394049	8.262375	0.5
8.013566	16.0	0.25925925
4.336443	9.907994	0.3580247
3.3630326	8.737975	0.57024795
6.752403	11.424844	0.5
16.0	16.0	1.0
19.51667	22.486498	0.5555556
5.2781844	6.4748993	0.36
6.0262322	6.2221007	0.68
12.51145	20.074581	0.13580246
4.4598036	12.366483	0.5510204
7.113167	13.53191	0.14
8.868494	14.484952	0.30612245
9.280466	17.112654	0.44378698
NaN	0.0	NaN
1.2709012	1.2709012	1.0
14.738241	25.702417	0.2
7.267986	17.228455	0.12962963
12.804975	15.374747	0.5555556
7.0200305	9.057405	0.30578512
5.60092	16.604227	0.24007562
5.295638	17.924755	0.1468144
6.47255	9.575757	0.5555556
5.63797	9.910818	0.30612245
10.610403	30.653973	0.42
4.996161	8.826629	0.34375
9.53304	20.288874	0.33333334
8.467551	9.18158	0.625
9.99264	19.977676	0.33333334
5.830957	9.563082	0.5555556
7.703542	22.791208	0.2
9.952419	28.017836	0.30555555
10.080889	16.532803	0.2244898
5.012838	11.495892	0.2
5.5945	10.02541	0.44378698
3.1266687	3.4753885	0.5739645
7.973016	14.91662	0.28125
8.762255	17.219866	0.26530612
5.5787416	17.51514	0.24305555
6.4655247	16.188313	0.22222222
7.1929135	14.807599	0.21428572
7.709088	9.394356	0.2777778
16.77883	35.332977	0.3125
2.7248986	7.208652	0.26869807
11.076196	14.64801	0.33333334
9.47622	26.362938	0.23076923
3.6563978	9.750192	0.78125
5.2277007	20.193966	0.50617284
9.153798	17.2001	0.18934911
4.5549307	21.870764	0.54
5.6572843	13.451448	0.42857143
3.5449448	9.865406	0.5733333
9.2308235	14.553389	0.28395063
3.8981571	5.0932746	0.5102041
3.7629125	5.774768	0.375
3.8103187	18.790194	0.3715278
4.146622	5.8931537	0.31190926
7.490305	13.572304	0.17159763
4.749753	11.040514	0.4489796
7.7350945	17.392548	0.5
5.5677376	5.5677376	1.0
5.6031117	12.592358	0.24074075
12.474222	27.203901	0.26654065
21.284843	30.228851	0.2
8.442209	10.471995	0.44
2.9948666	8.22685	0.7222222
7.5610332	12.181575	0.2345679
3.7597728	4.641173	0.5
9.937928	25.470613	0.234375
9.322638	29.049593	0.425
6.186691	6.588503	0.5
9.586444	19.771955	0.44
10.543455	17.660622	0.30612245
3.8293417	9.912252	0.75510204
3.9755063	7.4938464	0.30864197
7.486674	11.519522	0.3511111
15.076648	30.221134	0.39795917
5.135835	6.6268044	0.25
8.976686	14.58464	0.15625
6.4193296	11.450947	0.3422222
10.207951	13.447097	0.52
8.814945	24.440039	0.50617284
1.0340031	1.034003	1.0
10.529196	18.818726	0.18222222
3.9707563	4.6292887	0.5
5.7035236	13.447097	0.46875
14.475053	28.044218	0.13494809
8.80532	10.335893	0.5
5.972099	10.80471	0.30208334
3.3624794	15.929383	0.35
7.9322968	14.208331	0.1875
10.782128	22.446823	0.1322314
5.8191967	15.395644	0.3553719
7.7451363	18.22903	0.392
12.699826	21.676535	0.18518518
6.611786	8.267492	0.375
5.302391	17.950127	0.30578512
9.488204	15.6381855	0.15277778
12.857903	16.664177	0.2421875
5.8440156	20.02798	0.255
6.8177633	12.711863	0.2244898
5.407942	22.054552	0.5644444
10.260196	20.866035	0.3553719
2.8883064	7.08792	0.6622222
8.124052	11.502556	0.36
NaN	0.0	NaN
4.74929	8.508828	0.6296296
5.513601	6.692606	0.4375
2.7712154	8.4689245	0.36842105
8.172234	8.172234	1.0
8.249518	13.298829	0.18518518
11.410087	19.775652	0.37777779
7.95719	10.179378	0.4296875
5.6869335	7.9353676	0.5555556
6.91646	14.772268	0.24691358
4.231096	9.283836	0.535
8.173888	11.100493	0.375
5.447593	17.070953	0.70247936
2.1504824	7.653178	0.6796875
10.884755	20.952936	0.37190083
7.516014	19.70178	0.125
7.5574584	8.293687	0.36
8.0274105	29.120262	0.17355372
5.3689284	21.34388	0.19470699
3.0490472	10.877684	0.5510204
18.3827	30.777151	0.18367347
8.488582	13.554893	0.28395063
8.681688	12.750522	0.33333334
8.324113	16.121744	0.3888889
5.46136	16.175407	0.625
6.9058666	13.774106	0.16049382
5.168751	15.020805	0.35640138
9.18367	21.698103	0.23555556
7.6087255	14.840368	0.30864197
7.7421536	15.927016	0.2345679
7.7733297	15.327551	0.42857143
4.4143076	4.4143076	1.0
5.202563	21.091503	0.3964497
7.255342	12.662942	0.27272728
12.046985	21.23335	0.34375
6.737693	23.579163	0.42857143
2.9005432	4.5627165	0.5029586
7.162687	11.201488	0.5
8.2646475	23.893278	0.30177516
6.8655534	11.638346	0.36
7.4343123	8.621443	0.5
3.9258728	10.66668	0.45152354
7.8975897	13.183323	0.30612245
6.3356686	14.938494	0.24
6.7407727	9.344191	0.30103806
9.909476	27.893711	0.5
8.843205	11.100019	0.375
7.3409023	27.343298	0.22359397
5.3515563	26.785831	0.53061223
12.123897	14.058229	0.44
12.178304	17.554043	0.18639053
3.488124	6.386209	0.30864197
5.718714	8.649256	0.34375
9.1114645	15.5688305	0.25
4.200213	9.783504	0.3
7.4973135	27.631866	0.16568047
8.143141	23.047739	0.18343195
22.244343	25.722258	0.47555557
11.893544	28.844595	0.17451523
5.3645234	10.669046	0.3888889
5.3095884	11.184319	0.41333333
5.0049796	8.224529	0.25
6.653545	13.941708	0.33333334
9.47795	21.003712	0.19031142
6.7496986	8.069165	0.625
7.0671725	18.395315	0.218107
8.1564665	39.28973	0.20661157
9.97167	9.97167	1.0
7.100668	17.344116	0.15972222
8.453205	18.532776	0.28395063
5.082013	8.085659	0.3046875
5.436323	12.937356	0.19111112
8.139325	23.447233	0.21893491
5.112655	9.906814	0.3877551
4.3518634	12.053791	0.4463668
9.544461	11.937714	0.5555556
6.9528456	14.352056	0.30666667
7.812769	11.790933	0.2777778
8.257259	10.511137	0.5
10.820348	18.168068	0.30612245
7.230458	12.85808	0.5555556
16.023882	22.316317	0.25
6.9951644	14.98526	0.25510204
13.35554	15.709661	0.5
6.5439205	17.670149	0.21088435
9.21877	12.59658	0.2244898
5.034927	12.606116	0.3
7.6336126	10.130064	0.28
2.3587852	10.02541	0.6213018
5.754062	15.852106	0.6296296
12.356139	15.532718	0.28125
13.919136	20.684467	0.2318339
6.7506666	9.18158	0.44
9.638428	17.217402	0.33333334
4.0403595	10.852536	0.46
5.7685614	17.9896	0.2
6.1455736	10.816167	0.32231405
7.6628227	15.6715975	0.65625
5.7825894	16.188313	0.1800554
10.0393	13.387963	0.3888889
11.364443	11.6851225	0.625
7.0547624	8.317829	0.52
12.739886	18.730745	0.171875
7.834198	9.747173	0.5
NaN	0.0	NaN
8.491265	15.674721	0.3
4.070272	10.008804	0.3633218
11.492761	13.006577	0.2244898
4.499611	11.528451	0.3125
6.7547193	16.033438	0.2890625
7.6196566	11.1557	0.25443786
8.185269	12.862127	0.26
6.227891	12.354817	0.1800554
5.320965	6.1026063	0.625
10.654765	20.719088	0.5
8.6264105	12.059893	0.30612245
7.30395	17.708097	0.16444445
9.535214	21.255564	0.34375
8.426738	10.38992	0.40625
10.749138	24.208878	0.22222222
8.476166	9.449573	0.29166666
7.214014	26.937376	0.265625
8.950437	15.812133	0.28
15.056087	26.941181	0.18367347
24.693903	24.693903	1.0
2.9707332	8.1836405	0.295
7.3511143	16.471731	0.23076923
8.006447	13.498383	0.22222222
10.672782	11.820531	0.375
9.475695	12.125552	0.23076923
4.7660227	16.900393	0.52249134
5.0243273	8.358364	0.30795848
7.31025	20.458094	0.4027778
11.644729	27.002306	0.21875
2.989122	10.45765	0.32409972
8.106049	8.400994	0.3422222
6.1829	11.349837	0.42
2.7858555	2.7858555	1.0
11.505405	15.838451	0.33333334
9.085961	13.615233	0.28
19.440231	23.919191	0.43801653
4.879164	14.66047	0.4375
7.145079	10.669046	0.42
7.2768283	15.062545	0.41666666
13.060735	26.012064	0.28395063
8.551674	17.665205	0.2734375
8.517989	14.86453	0.22222222
6.44984	20.530365	0.4074074
3.8070312	12.751106	0.2662722
9.918604	20.017195	0.26
4.7017956	19.840765	0.23964497
10.967662	10.967662	1.0
3.6951382	21.248295	0.296875
16.199106	25.626642	0.21893491
7.9917345	30.04355	0.32
11.360093	17.970402	0.25510204
7.618728	10.967662	0.2755102
8.785761	14.089843	0.30612245
3.78685	16.574804	0.33564013
6.7525163	13.428873	0.22222222
8.646189	11.713936	0.18367347
10.9454365	31.21744	0.20888889
4.187836	17.27191	0.31944445
28.121666	47.128857	0.20987654
4.7543235	10.570724	0.625
3.6593845	8.910147	0.5555556
10.439846	12.5990925	0.3
3.5346196	8.944748	0.3046875
8.341185	13.3442135	0.19111112
3.885399	11.050666	0.30578512
4.458937	4.458937	1.0
8.710067	24.141272	0.20661157
2.949248	2.9492478	1.0
8.245072	13.291197	0.2892562
12.792426	28.788536	0.25443786
4.245145	4.507858	0.50094515
11.157934	11.157934	1.0
7.4349613	25.894865	0.23076923
12.987612	12.987612	1.0
7.6763873	14.710139	0.25308642
12.768034	17.057596	0.375
4.9568305	19.750113	0.3088
3.9527202	6.731484	0.20710059
5.7673016	14.31443	0.37190083
14.102477	31.453106	0.25443786
16.613674	18.49073	0.44
13.634918	23.939684	0.33333334
3.3347273	16.363897	0.7278106

4.54256	9.792739	0.41666666
8.367438	14.6402	0.16049382
12.990254	18.118698	0.5
3.9319162	5.7682447	0.2777778
10.935477	28.342772	0.13010204
9.78022	16.43437	0.19387755
6.6653633	22.627417	0.66
16.739317	17.331173	0.5555556
NaN	0.0	NaN
6.8432055	6.8432055	1.0
1.4733123	1.4733123	1.0
3.943977	8.420996	0.5510204
3.7939336	14.187021	0.2781065
26.974178	26.974178	1.0
6.647814	14.416489	0.25141776
3.8980887	12.606645	0.3106576
7.0434647	20.79988	0.553719
9.22574	37.559513	0.44
4.9691377	16.236528	0.32409972
2.7899818	7.171363	0.33333334
5.129617	10.556685	0.20775624
10.175778	12.488293	0.44
8.31972	19.48905	0.1736111
3.1219416	3.7581747	0.375
7.879977	15.5718155	0.2109375
12.730962	18.308697	0.5
8.922669	10.544886	0.2
8.284894	15.726114	0.27430555
10.118315	22.00539	0.13580246
3.8072927	7.683866	0.78125
10.835202	18.162203	0.2777778
8.448086	10.810006	0.375
3.2988555	6.335434	0.68
5.9440994	13.936388	0.3
16.067072	19.67703	0.33333334
12.190959	17.113848	0.21875
8.987878	16.633133	0.2777778
10.371939	11.369227	0.50617284
10.455885	23.133144	0.25
5.219653	7.424812	0.36094674
5.887427	20.518839	0.553719
6.198905	15.260982	0.68
14.223645	16.294071	0.26
13.175152	38.38955	0.21893491
12.870691	20.270327	0.68
4.3186574	8.632421	0.5408163
8.468876	18.62843	0.15
4.815402	17.22273	0.5510204
9.465798	28.129488	0.203125
15.0581255	15.0581255	1.0
8.756913	12.59092	0.28
8.147301	19.355452	0.16955018
12.4579315	30.809933	0.085872576
10.275315	31.53629	0.19008264
12.791709	14.027755	0.33333334
9.113417	17.088497	0.30578512
5.65672	8.781995	0.18
9.354305	17.41549	0.18518518
12.412049	19.651834	0.32231405
6.2038445	12.459611	0.5510204
8.064604	11.896668	0.1875
9.539747	25.419031	0.1875
5.3587637	11.147211	0.28719723
8.36984	11.755786	0.5
4.5670996	6.291596	0.73964494
13.576279	37.652775	0.18
11.9318495	15.042703	0.29411766
10.114329	15.487299	0.20987654
4.4007297	35.88463	0.671875
7.7913136	16.67831	0.16955018
4.5647354	5.086487	0.52
10.51439	13.0757475	0.19444445
11.922736	14.2346115	0.30578512
5.0052385	14.499012	0.39
6.156692	19.014948	0.33333334
4.172203	11.371292	0.2777778
4.012332	5.248083	0.5
3.900485	7.864734	0.375
4.2306805	6.2171736	0.28125
6.256136	11.619814	0.27083334
4.9718018	12.240158	0.3877551
11.0932665	21.551989	0.36734694
6.16817	12.849348	0.2781065
12.891831	18.012655	0.24444444
10.064344	11.481943	0.5555556
3.4711175	6.053312	0.44
5.8397074	12.067079	0.21875
NaN	0.0	NaN
6.3633823	12.1410675	0.553719
11.566851	19.096542	0.19111112
8.643299	19.967249	0.11983471
9.7562275	18.926313	0.32
12.27179	32.17274	0.19113573
8.355154	19.49239	0.25925925
9.938033	15.034685	0.18559557
4.2549624	4.2549624	1.0
13.018302	19.263653	0.3553719
3.4683516	3.4683516	1.0
6.681411	9.993944	0.2244898
6.1996784	8.782289	0.6296296
9.897868	11.561766	0.33333334
9.581128	14.086062	0.5555556
9.822716	18.87168	0.3888889
6.2337675	21.405367	0.4876033
4.2608495	8.05049	0.47107437
4.996694	8.280041	0.40625
3.5473192	5.412156	0.5555556
9.280945	24.7122	0.16049382
8.573935	33.644867	0.4201389
5.591736	12.601893	0.3877551
11.245465	19.671629	0.19274376
8.107088	14.110953	0.3
5.412156	5.412156	1.0
6.0523615	16.140062	0.26222223
5.919009	11.61928	0.40444446
13.506291	34.186665	0.20710059
3.1949747	3.1949744	1.0
NaN	0.0	NaN
10.41931	17.520382	0.18
6.6541295	19.790525	0.21893491
8.606032	24.461447	0.1875
6.261981	6.261981	1.0
7.8162255	25.618921	0.32
8.967106	20.137648	0.25619835
8.364268	13.495636	0.3580247
13.573263	31.102457	0.14049587
5.5803113	14.998318	0.39795917
10.579105	15.173035	0.24444444
9.750474	18.911875	0.43209878
NaN	0.0	NaN
12.353806	29.58831	0.21875
5.6395035	7.1037827	0.46875
7.0258594	25.67776	0.5147929
8.431661	13.973183	0.38842976
4.833779	20.64114	0.4814815
4.7297683	6.570082	0.5
9.885025	15.263883	0.3888889
9.447971	11.206017	0.5
12.815755	21.023441	0.30612245
5.916203	7.082644	0.30612245
8.062382	26.673265	0.18595041
7.3013864	18.892727	0.28395063
4.716975	13.452831	0.37278107
6.23707	14.561492	0.2892562
10.825803	18.386074	0.25
8.174671	12.949695	0.5
16.924376	22.26934	0.31944445
6.171408	10.783325	0.2857143
4.414526	10.302741	0.24260356
7.812274	12.394736	0.2
7.4464583	13.550846	0.2231405
7.293803	12.178519	0.19526628
5.2954926	7.5976815	0.3888889
6.8411155	19.74013	0.25925925
8.136845	25.913364	0.28395063
12.292734	17.126112	0.30578512
NaN	0.0	NaN
9.595206	23.659143	0.30612245
5.3390884	11.881481	0.5
7.5476794	20.428993	0.42857143
6.9767437	13.077592	0.25
6.3919816	10.31606	0.36
6.792939	11.029134	0.4556213
7.1054506	22.481428	0.25
7.018619	14.930528	0.3265306
6.179634	11.743523	0.3125
5.974968	11.47114	0.2857143
5.850393	7.5413384	0.5555556
8.977541	25.659388	0.30795848
4.1541457	11.894926	0.41836736
13.477369	24.643902	0.25
5.9819517	9.261821	0.205
9.783803	11.8246355	0.33333334
13.832379	16.13429	0.5
11.86107	25.508326	0.2777778
10.122693	19.68014	0.16262975
9.111128	14.841095	0.20987654
8.158039	13.642161	0.1484375
7.242946	24.248972	0.34567901
10.49242	16.907825	0.20987654
5.5886116	7.885128	0.42857143
6.638983	20.40762	0.4375
8.521546	9.683982	0.4814815
4.4090505	6.798032	0.4
13.319162	32.669296	0.2
6.32085	12.178024	0.5
11.155837	12.61865	0.30612245
4.699822	12.588836	0.44
7.3895364	21.219269	0.30612245
5.508361	8.82754	0.68
6.043976	6.9533086	0.34375
7.430653	9.445495	0.3877551
8.007802	8.007802	1.0
6.1044436	10.711577	0.27272728
7.49164	7.966864	0.5555556
10.029566	19.51793	0.2
4.498752	12.79865	0.3469388
7.8312407	21.958258	0.2
12.424724	29.955153	0.375
9.3229685	14.280651	0.2892562
4.0680037	5.0674233	0.53125
5.3660865	16.07934	0.2
4.812515	8.436878	0.30177516
9.519441	17.899002	0.33333334
8.2706175	20.13769	0.2578125
10.73839	19.482716	0.4375
16.998337	16.998337	1.0
4.6684084	7.5413384	0.28
9.536528	15.399768	0.1875
9.799604	18.186026	0.25
13.721938	28.66942	0.2662722
21.15574	24.011726	0.5
12.112253	12.112253	1.0
10.20595	30.025143	0.25
15.77177	21.230291	0.2
6.75071	20.899864	0.27555555
3.6121619	3.6121619	1.0
8.212466	23.608616	0.2109375
7.197075	9.0385	0.5
5.58319	11.484339	0.25510204
6.7849836	10.666747	0.36
5.9833393	8.314749	0.7222222
6.3708897	14.901458	0.7222222
20.565351	49.275146	0.147929
6.2609534	6.2609534	1.0
10.783775	14.555782	0.33333334
9.907354	13.650977	0.52662724
6.243102	8.25969	0.28
7.3802805	7.7794194	0.5555556
13.534949	21.035645	0.31360948
10.692514	24.636332	0.12962963
4.4948745	4.4948745	1.0
4.487256	4.9428234	0.5510204
4.9010134	10.646355	0.54
4.883768	8.713647	0.25308642
9.64844	31.125235	0.30578512
6.516159	23.434456	0.3125
5.5106435	11.947289	0.171875
9.453526	22.42065	0.145
NaN	0.0	NaN
7.8125157	20.489544	0.33333334
10.175334	10.821817	0.5
4.7083	14.599545	0.18343195
14.357803	20.840271	0.3
8.421561	9.1153755	0.36
2.870842	11.674673	0.5147929
4.1529593	11.434966	0.34375
7.3536005	21.418217	0.40589568
7.018374	12.849348	0.38271606
11.974255	22.272621	0.1953125
6.1013103	12.016529	0.21875
8.744081	29.657784	0.2777778
6.056396	18.389479	0.24763705
14.900462	31.414177	0.16319445
7.4841375	10.557298	0.3469388
10.689095	13.556519	0.33333334
10.051992	12.800202	0.28798187
11.102651	21.226465	0.21875
7.8658338	13.141441	0.1875
9.034139	20.011208	0.2361111
5.291405	14.566663	0.29777777
6.7813797	12.748877	0.3125
11.138326	14.592416	0.32
7.087257	16.34888	0.30612245
5.8138766	18.832321	0.3961219
7.4845605	17.242182	0.5555556
6.5727386	13.912657	0.21107267
4.8463435	16.751316	0.30578512
9.074858	16.520676	0.32
12.377098	21.204483	0.2244898
7.124085	8.690016	0.19008264
5.986213	18.130978	0.5243056
5.283637	6.717307	0.2890625
4.7622967	9.386904	0.6213018
6.5454497	17.657629	0.25619835
5.751256	18.46936	0.3580247
10.159503	19.132206	0.3472222
3.3539927	7.9476285	0.59375
4.329806	6.823328	0.3580247
5.5812654	14.667731	0.37190083
9.270704	13.589161	0.2244898
9.476327	13.386524	0.15277778
5.3608565	19.185795	0.6322314
7.8303733	17.100725	0.18055555
8.293475	19.16475	0.22222222
18.649296	22.68049	0.3469388
5.2124195	8.766662	0.38271606
4.8586364	24.550457	0.8347107
12.929156	17.000265	0.26530612
8.974445	28.25875	0.43801653
10.582781	15.646945	0.3580247
13.190263	13.190263	1.0
7.7462626	13.540618	0.18
5.2333727	8.938428	0.37278107
8.062027	26.732517	0.20408164
8.019423	11.783101	0.4463668
8.62866	13.993073	0.5510204
NaN	0.0	NaN
6.366117	17.299036	0.34
2.2979019	6.420849	0.7222222
8.448225	18.072256	0.46
5.6357226	9.385903	0.38271606
11.7365265	15.033387	0.375
3.4971824	6.583228	0.625
7.7864866	12.76441	0.39795917
10.837014	22.730625	0.30864197

5.397809	8.3641205	0.45454547
2.5704544	3.71322	0.35640138
6.7423754	11.256953	0.25619835
8.7892275	16.179659	0.24652778
8.428422	38.040527	0.21107267
14.435808	26.258186	0.5
6.341064	11.388162	0.375
15.428185	17.350924	0.3888889
11.674291	16.718267	0.5
4.871438	14.67777	0.24263039
17.571562	32.092815	0.1875
11.640409	16.0	0.3372781
9.340884	16.0	0.16955018
4.3675504	20.95962	0.29705215
4.406942	4.406942	1.0
11.142639	16.026426	0.38271606
4.984471	11.765114	0.4861111
8.084795	16.0	0.21893491
9.755029	15.6470175	0.18343195
6.417813	12.182505	0.23966943
7.559849	11.228006	0.3888889
5.5088124	15.258392	0.29777777
10.228435	16.0	0.30612245
3.9920068	6.9222693	0.2781065
5.001419	16.802212	0.375
11.178561	15.944254	0.375
6.4518867	17.070665	0.23076923
2.2172942	2.6335	0.5
8.988761	31.903234	0.2892562
8.4227495	10.183712	0.5
6.246639	15.218294	0.2231405
8.432024	20.06785	0.17283951
5.431577	6.238486	0.59375
6.517277	17.385838	0.1875
7.647926	9.336407	0.40495867
5.9961815	6.835952	0.5
9.033514	20.230255	0.34570312
6.919603	9.041413	0.33333334
8.130204	17.27726	0.20181406
3.795324	8.062035	0.33950618
11.993535	22.630947	0.2
7.8929563	9.645603	0.2345679
15.28429	23.195807	0.18518518
4.155047	6.39443	0.36
7.392675	11.973526	0.3580247
10.07123	15.126032	0.375
12.238132	22.646605	0.20987654
5.4086018	8.275416	0.29166666
12.936999	15.097811	0.5
5.6989074	24.727188	0.26222223
8.534111	12.83864	0.15570934
2.7722092	2.7722092	1.0
24.917675	35.293995	0.5510204
9.311822	26.459606	0.33564013
6.299093	14.667425	0.5510204
9.548917	11.7236	0.5555556
10.076806	16.035696	0.1875
18.518738	30.571423	0.26530612
8.718126	13.014779	0.20775624
8.297374	11.882832	0.3888889
6.8973565	13.881295	0.21893491
11.272724	18.523275	0.28125
4.4860816	9.837768	0.5
6.1988564	17.749022	0.22222222
4.148444	13.969891	0.46875
9.669028	18.280506	0.33333334
3.7890909	15.089931	0.6885813
4.3458576	15.36167	0.59375
3.6412892	7.709135	0.3739612
6.9338937	11.162077	0.33333334
5.92361	11.168786	0.18668252
8.7172165	14.777321	0.375
17.206312	31.236	0.42857143
13.916892	15.944697	0.42857143
15.547663	28.53411	0.13609467
3.848442	5.6950674	0.29591838
9.235349	19.063547	0.19444445
13.613081	16.06623	0.375
3.9641533	7.8841734	0.4489796
2.2079546	3.5724719	0.7222222
7.046164	16.972975	0.34
6.879693	6.879693	1.0
4.795746	6.5331926	0.25510204
3.1461515	4.2055182	0.6296296
7.7446814	11.793922	0.25443786
5.5038857	8.0175705	0.5555556
8.991433	15.499802	0.25
6.579081	8.695755	0.52
6.9497366	15.662849	0.21777777
4.341881	5.5215096	0.5
6.778148	17.851307	0.375
8.248066	8.248066	1.0
5.2204046	16.033514	0.235
9.743881	23.005268	0.13609467
3.9112666	3.9112673	1.0
4.947307	7.5951443	0.2345679
9.451559	15.488138	0.25
6.4779406	11.430084	0.28
10.07197	25.454317	0.17355372
2.055818	12.342692	0.8755556
7.8266864	18.60625	0.25
8.301943	17.841183	0.17333333
11.947409	12.420701	0.68
5.566844	5.566844	1.0
11.7584	20.651731	0.25
5.5646534	13.593309	0.22222222
2.3238328	10.707876	0.7222222
10.352246	29.615778	0.28125
10.217661	26.744068	0.17333333
10.940022	10.940022	1.0
NaN	0.0	NaN
4.1799664	12.920772	0.80246913
10.739516	12.3714285	0.68
8.365667	20.684313	0.28
4.553556	8.50779	0.3888889
5.9323244	6.5340433	0.5
7.2974615	9.110923	0.44378698
11.05984	28.666826	0.22222222
12.140174	20.715078	0.3888889
5.4452157	12.768843	0.30177516
7.610909	14.109474	0.30666667
9.598167	15.25243	0.32
NaN	0.0	NaN
7.8257775	24.498571	0.18518518
11.976145	24.348873	0.2890625
4.3816247	7.3390255	0.2890625
13.029451	20.725462	0.13777778
2.3127046	3.212949	0.78125
9.48571	30.021023	0.1764706
4.530429	12.69362	0.32544377
7.25309	9.8106165	0.22222222
10.805749	25.248892	0.1632653
4.7958355	5.126806	0.5555556
8.46808	11.800277	0.37755102
7.2131505	16.996422	0.33333334
4.8736544	5.548928	0.6632653
6.9717026	7.3017883	0.59183675
4.4997606	6.2273116	0.5
8.183217	22.90391	0.2
6.545667	8.903066	0.38271606
7.5993814	7.599381	1.0
4.951446	20.055023	0.37278107
7.099815	14.114923	0.25
8.667489	15.800458	0.23966943
9.400871	17.201488	0.28719723
10.219388	32.989315	0.375
8.212757	13.5865965	0.50617284
9.843918	18.637478	0.12888889
6.4923983	22.995827	0.17901234
7.521549	11.7421875	0.78125
12.0027485	31.5391	0.335
12.250558	32.680843	0.20987654
10.179006	11.355933	0.59375
8.617801	14.387814	0.22
5.8752804	18.322212	0.21893491
6.5867357	14.4447975	0.3580247
8.958301	19.316517	0.3553719
6.510016	8.392851	0.33333334
11.705747	15.269436	0.28
4.6982965	5.545953	0.44
16.348026	42.953976	0.28
17.700449	22.00814	0.25
13.550948	41.61529	0.23076923
3.7970226	14.208871	0.3888889
3.4856377	3.9902134	0.5555556
7.14191	14.519428	0.27272728
8.261398	22.683819	0.19008264
5.0660458	7.661303	0.5
5.991486	13.521835	0.28512397
19.63591	19.941545	0.78125
5.183287	10.3572235	0.28
8.725348	16.770397	0.25443786
8.939664	23.120827	0.2890625
5.266984	11.324333	0.16666667
14.18501	27.854517	0.27423823
4.1572785	4.1572785	1.0
4.5583563	4.5583563	1.0
4.117442	6.780168	0.29752067
5.605317	19.236217	0.34256056
2.9573956	4.614771	0.4296875
5.9757757	20.96922	0.3359375
16.88751	30.727537	0.22085048
5.6311526	6.2495565	0.3877551
7.1030784	9.309015	0.19111112
6.8271284	9.463845	0.19723183
11.780044	21.46434	0.30177516
9.24614	24.094128	0.1764706
15.065184	25.394312	0.18343195
8.193557	13.799247	0.41666666
5.570606	11.327943	0.42857143
11.156416	17.386574	0.3877551
5.891316	10.707876	0.27272728
1.3731266	1.3731267	1.0
13.119894	23.83311	0.25
3.6428738	3.7427247	0.5102041
7.449911	20.771507	0.39506173
5.700661	7.307194	0.30612245
11.546655	18.964346	0.18055555
3.1395748	7.6942472	0.82
3.8608541	4.936494	0.53125
9.265624	19.81751	0.24444444
5.4961123	26.235447	0.41975307
5.5561347	11.636247	0.3469388
16.063799	31.837015	0.20661157
10.388612	27.254492	0.37716264
3.808091	7.9123926	0.553719
3.0873654	3.0873656	1.0
3.4602256	4.576837	0.375
4.1779056	9.493967	0.3877551
4.9476624	19.230928	0.3515625
6.236975	7.719117	0.52
5.535128	10.70313	0.35714287
2.3400636	9.824167	0.8828125
3.2463639	12.96153	0.45918366
14.024222	14.024222	1.0
11.770593	19.60568	0.16049382
12.873018	25.382505	0.203125
9.818316	16.93783	0.17159763
5.2208657	12.082856	0.21893491
9.241746	18.430725	0.20982987
2.3808212	10.355743	0.59375
5.1471686	6.636456	0.2777778
5.1028233	10.394477	0.40625
4.008004	15.618746	0.44
2.996316	6.72952	0.6076389
9.730026	18.579744	0.3877551
6.570964	22.692368	0.421875
7.0561037	14.171289	0.33673468
4.309744	13.252811	0.3359375
10.826084	20.540031	0.25
5.2111664	16.036373	0.3553719
5.728052	20.6379	0.3553719
9.07966	17.822247	0.20987654
10.062455	23.315392	0.25443786
6.8145304	30.64765	0.25510204
11.371296	24.604048	0.18055555
6.665147	14.283484	0.24
10.025937	20.471125	0.2244898
17.788223	21.501448	0.61245674
8.530758	16.085684	0.1734694
10.853644	25.762438	0.2244898
6.851068	17.262707	0.45454547
9.54895	19.45804	0.33333334
2.9757648	2.9757648	1.0
7.720459	19.117205	0.30612245
5.154636	11.329625	0.24
4.1822834	24.421625	0.32879817
8.91461	21.347715	0.52
7.1098094	11.985669	0.44378698
6.407089	11.880483	0.28
4.508478	6.2932625	0.28
4.78662	10.940558	0.25
5.260742	15.002505	0.27272728
9.843315	11.924693	0.44
5.7929583	9.582063	0.28
6.2537994	30.751602	0.5555556
7.7981915	13.590692	0.1764706
3.570657	19.419458	0.42
10.970156	26.745512	0.14049587
7.7313657	10.88022	0.25925925
4.2526603	5.878027	0.33333334
11.534537	18.299807	0.1875
9.416376	10.045022	0.59183675
7.7265153	18.974209	0.18
4.9251256	18.951647	0.45454547
8.717575	17.43925	0.2
8.193317	8.676567	0.375
6.4342103	13.164962	0.22
7.42481	17.329407	0.3580247
10.110559	32.977215	0.42
6.709057	8.2605	0.42857143
7.369128	9.427569	0.375
6.0398355	10.178325	0.1734694
NaN	0.0	NaN
3.2972746	10.187011	0.31360948
10.157521	21.180506	0.15277778
5.2201505	10.4471655	0.25619835
6.1051273	11.5749235	0.68
5.7137585	8.001489	0.3422222
3.8303149	15.636422	0.29591838
4.9414763	6.835952	0.51557094
5.063399	5.063399	1.0
8.8873625	12.652502	0.1701389
12.462393	19.585184	0.32
15.971983	30.33252	0.4375
2.9757645	2.9757648	1.0
3.973113	21.193535	0.80246913
6.353141	12.13566	0.30612245
10.695805	11.870316	0.625
2.7357903	3.335541	0.46
10.09841	27.987146	0.20987654
7.189626	9.994389	0.20987654
7.720453	13.344178	0.335
7.5053496	15.747449	0.38842976
NaN	0.0	NaN
7.8970537	27.354984	0.23
7.7549696	24.420425	0.4
4.409863	24.03024	0.36888888
0.77171576	0.7717158	1.0
9.266714	18.347	0.25
9.332779	21.801722	0.2231405
10.822981	20.490593	0.24444444
9.370321	15.009039	0.30612245
5.828048	6.9196267	0.3469388
12.550652	13.583022	0.5555556
4.3922977	6.1552215	0.625

9.868769	16.95199	0.28
6.5558763	8.867126	0.44
2.1716764	4.5449615	0.654321
5.12001	6.8397026	0.3553719
3.9585567	18.203215	0.22959183
8.636521	14.758235	0.6296296
12.56625	27.331957	0.5555556
10.616973	15.249749	0.5102041
15.424496	32.0	0.21604939
6.36085	9.946502	0.2154195
8.1258	15.564889	0.18181819
6.1016245	13.433778	0.4375
7.5661383	14.634902	0.42857143
20.707	44.294327	0.28
5.5843496	9.602659	0.625
8.456228	25.162256	0.75510204
9.003046	16.668196	0.2244898
14.678815	22.029142	0.16666667
8.0275	10.429188	0.25259516
2.0383043	2.0383043	1.0
5.762548	11.714094	0.3888889
3.4899743	5.646968	0.75510204
2.834871	13.461572	0.25925925
8.645958	13.324977	0.375
11.314573	22.939163	0.40625
5.765884	9.536521	0.4814815
5.9728847	12.31095	0.32
6.255872	18.479975	0.29300568
2.6727288	2.6727288	1.0
13.686301	21.064697	0.33333334
5.1689005	25.674368	0.40444446
10.897171	15.826977	0.22222222
7.4747825	14.590149	0.28798187
11.176494	14.658476	0.42857143
5.349961	11.749621	0.24007562
6.9895024	13.320973	0.18343195
7.8892164	14.029071	0.32963988
10.728082	25.728397	0.265625
8.152814	8.152814	1.0
10.260474	12.34901	0.42857143
8.934773	20.342968	0.2
8.250088	19.08434	0.1388889
6.0833416	6.608616	0.52
7.13161	10.739318	0.2
3.6289506	7.033765	0.5
5.077867	8.3391285	0.32
6.078674	8.182623	0.28
7.2781315	15.906131	0.25
4.0780034	13.105766	0.4489796
9.110893	17.815193	0.19723183
9.255279	15.136674	0.25619835
4.925964	7.5438633	0.35207102
2.0383043	2.0383043	1.0
3.6981344	4.785973	0.375
7.2790546	18.30144	0.18518518
5.945281	7.5620894	0.328125
10.258952	16.41705	0.28
6.0233316	14.467685	0.4387755
7.7283583	15.468614	0.17355372
7.7072124	16.443394	0.183391
6.2636776	8.749055	0.375
5.0990124	9.224416	0.5294118
10.198845	22.549255	0.27
9.52591	12.35008	0.30612245
4.5898542	10.467984	0.27160493
9.210699	23.667458	0.3728
3.244822	4.178711	0.625
8.9883995	18.579475	0.20987654
7.309024	16.008814	0.30578512
6.7292523	12.176244	0.17913832
5.6660905	10.220477	0.33333334
5.3428125	16.46947	0.30612245
9.877164	17.152828	0.3125
7.383161	17.928104	0.21428572
4.393845	13.344671	0.41666666
9.601805	13.995736	0.20710059
10.033802	18.856895	0.2864
4.9541793	12.476804	0.42857143
6.322186	11.570963	0.28125
2.6937294	2.6937294	1.0
5.787883	6.35749	0.25
12.425471	24.289568	0.1872
8.34715	20.911215	0.19723183
5.189987	9.186086	0.5833333
3.6417532	5.731949	0.33333334
2.7097635	8.796472	0.4921875
1.8359772	3.804169	0.43055555
8.544543	13.576929	0.3580247
14.3222	26.180874	0.25925925
11.621999	16.783426	0.18367347
4.6552596	5.811502	0.5555556
8.84975	11.626424	0.33333334
7.257495	12.958411	0.34
9.522218	31.58623	0.30246913
10.89589	18.135973	0.18
5.8048835	18.254112	0.21875
8.916363	12.378505	0.22
16.153042	29.269094	0.32
6.4533515	18.486301	0.28395063
6.485152	6.4851522	1.0
4.231777	6.76599	0.28
9.775012	23.074179	0.2231405
9.275585	14.592233	0.5
5.0522413	21.928345	0.27
8.617525	20.344017	0.38271606
11.395708	15.267148	0.2244898
4.4021287	14.090991	0.22437674
9.50031	22.679695	0.4814815
8.309077	11.09191	0.5
3.1259782	6.481156	0.5390625
11.326597	24.94827	0.16
6.3791976	13.444587	0.1983471
6.661021	20.822107	0.3511111
5.950986	8.419536	0.26869807
8.515047	17.304386	0.28125
6.0474124	15.081949	0.3469388
7.7100644	12.231454	0.23966943
6.3127675	6.7305355	0.5555556
2.9412053	2.9412053	1.0
19.360146	23.419142	0.58
10.258144	13.716389	0.25
7.764734	10.69567	0.25
3.120156	3.120156	1.0
4.9024057	23.33637	0.63265306
1.7691667	8.662478	0.66
9.884299	17.51362	0.38842976
5.745701	22.659922	0.3979239
6.927344	15.594777	0.23469388
8.890043	12.958411	0.18
9.48225	11.291454	0.38271606
9.59296	15.881713	0.24
2.6594293	11.171175	0.30578512
5.3625364	12.703161	0.43490306
3.9456482	9.2517185	0.33333334
6.731883	12.242701	0.36
9.274483	20.587004	0.26869807
11.451606	19.800594	0.1597633
9.958392	25.717892	0.18518518
11.412256	40.553566	0.26643598
4.5365524	9.957739	0.34375
7.937042	16.9108	0.20247933
6.217069	7.994594	0.59183675
10.962419	14.032471	0.2
9.346352	9.346352	1.0
7.314869	19.489553	0.14739229
10.685962	12.69797	0.33333334
8.534683	18.8401	0.21875
6.2991076	16.187042	0.2631579
19.622326	23.08011	0.5
8.333856	26.385048	0.30612245
4.080807	9.204818	0.5
10.463768	20.676641	0.16
5.6823835	19.977396	0.2231405
8.918937	16.570839	0.34
25.519978	25.519978	1.0
2.3199105	11.113759	0.5493827
4.851504	15.472356	0.2777778
12.518531	17.474972	0.5
6.6180687	23.559132	0.41
6.4938145	8.922911	0.2265625
8.751423	11.718502	0.5
5.578975	26.033182	0.3877551
16.361883	16.361883	1.0
8.926034	13.598009	0.1701389
4.769087	14.567452	0.54320985
1.5294592	1.5316873	0.625
7.331588	10.864059	0.20987654
4.7712426	22.260212	0.24305555
7.254448	9.35007	0.44
7.5604115	19.767344	0.5555556
2.672729	2.6727288	1.0
6.7960835	12.101602	0.25
8.343444	10.440234	0.30578512
NaN	0.0	NaN
2.8785553	18.78591	0.375
5.4356003	9.130572	0.33333334
3.8144934	9.220208	0.5510204
9.217752	10.490329	0.36
6.2524805	19.767344	0.1953125
9.319827	25.796652	0.2777778
8.307316	26.368666	0.22437674
3.0368264	8.276589	0.44
14.795412	16.920824	0.5
7.0679317	15.267148	0.32231405
NaN	0.0	NaN
8.235507	20.92407	0.16666667
9.136423	21.89145	0.37278107
6.8258505	10.255877	0.6015625
4.134159	5.959757	0.23469388
6.6948247	14.539065	0.15277778
10.820846	20.440859	0.24099723
5.966058	13.229347	0.30177516
5.007893	12.605546	0.36
7.571885	16.885618	0.25510204
9.340888	14.63002	0.5859375
2.7734585	16.545492	0.46712804
4.6976295	10.355404	0.28395063
8.819324	10.084055	0.36
9.924909	24.507809	0.29777777
6.155995	20.764864	0.43209878
6.991393	25.503717	0.21107267
5.479464	9.508488	0.34
8.505546	8.505546	1.0
4.6950927	4.6950927	1.0
3.625213	7.4637766	0.7222222
18.802238	27.182806	0.52
2.9066343	8.4307165	0.70247936
14.482163	22.970026	0.375
4.2029057	4.7704487	0.43209878
10.662297	20.425	0.33673468
2.586018	4.41652	0.59183675
6.500019	23.943935	0.4814815
6.3859324	11.237502	0.2244898
10.139922	15.265454	0.33333334
4.1570153	11.629906	0.34
3.8001685	10.757157	0.31855956
12.04125	16.209736	0.32
5.577306	20.668533	0.3469388
4.6445327	7.164092	0.5
7.4587126	10.245459	0.335
9.048649	11.554121	0.36
5.1099577	13.896908	0.33333334
4.6541038	12.312061	0.31
8.474148	15.564889	0.55785125
14.070707	18.273714	0.30612245
5.6427445	19.395176	0.41836736
6.9824896	6.9824896	1.0
4.912852	10.639386	0.3888889
5.264289	9.276202	0.36
5.243586	15.089715	0.21777777
12.327944	25.091219	0.28
7.250764	9.71313	0.20888889
6.5950327	18.41743	0.34
3.4546392	20.425	0.7278106
5.811502	5.811502	1.0
5.544398	16.269693	0.20833333
6.76115	6.7611494	1.0
2.8662384	6.464576	0.25510204
10.105001	12.8060665	0.2244898
9.443045	21.281952	0.375
6.3582225	18.053192	0.22666667
6.328882	13.694471	0.19526628
6.778214	18.189394	0.24763705
11.60173	28.179745	0.38271606
7.2227116	19.44243	0.25925925
8.432218	25.641394	0.1983471
10.039856	17.545715	0.125
11.163533	22.141966	0.20888889
4.1906085	7.0607243	0.3877551
6.146564	13.144283	0.2465374
12.671997	12.671997	1.0
3.6738007	12.726051	0.24
3.0084825	14.917953	0.6296296
5.1169553	12.263264	0.2345679
9.841572	35.42574	0.22222222
9.6691265	16.74515	0.28
7.9077115	10.961558	0.1597633
7.4700274	9.756659	0.5
10.564849	19.230236	0.20661157
7.8087254	13.991157	0.25
NaN	0.0	NaN
7.2745166	8.372098	0.34375
19.227333	37.20434	0.21875
10.907026	14.483519	0.33333334
5.330493	12.346301	0.26222223
7.3153787	18.723318	0.655
6.2128077	9.018275	0.50617284
6.353994	15.0436325	0.43209878
3.5830736	6.2313848	0.59375
12.251735	12.251735	1.0
9.621335	13.23385	0.44
9.077909	9.576107	0.435
3.312182	3.312182	1.0
4.0390506	4.0390506	1.0
7.662083	12.801045	0.25619835
6.5351295	12.2078	0.25
2.5778275	13.19882	0.5644444
9.109799	26.484344	0.20604914
6.7305355	6.7305355	1.0
5.7751455	6.2385545	0.44
4.616974	8.00416	0.22
10.854991	18.656654	0.5
4.9556284	9.790319	0.2
13.406161	26.918688	0.25619835
13.184646	25.849653	0.30578512
6.7281585	14.026064	0.3
7.353713	9.350247	0.38271606
4.68128	10.298629	0.4814815
4.3651366	17.527315	0.34705076
8.63584	18.483685	0.125
10.147216	23.297585	0.30612245
8.16815	9.680852	0.6296296
9.724454	12.71328	0.44
5.443685	7.58727	0.30864197
5.973029	26.207186	0.20408164
6.9226675	13.753603	0.25207755
8.605959	21.242785	0.25
4.2835693	9.866234	0.3515625
12.647322	36.435944	0.16
1.2421868	1.2421868	1.0
9.886721	10.237566	0.5555556
10.061445	30.015663	0.33333334
2.45245	7.304977	0.66
13.512821	34.805946	0.18518518
8.902949	18.898972	0.5510204
17.356844	29.638401	0.33333334

13.697169	24.370312	0.26
14.018542	26.508402	0.19113573
5.736011	7.341384	0.30612245
5.7123957	6.299539	0.68
6.234508	19.813072	0.23469388
9.47942	23.054455	0.19111112
11.283231	16.494595	0.33333334
6.8495517	7.8116465	0.5555556
10.3293085	16.0	0.30612245
4.1758347	20.153212	0.2644628
5.705555	15.226576	0.31944445
3.9667773	16.0	0.2816635
9.6714115	14.52064	0.19526628
7.02597	16.0	0.12809917
10.570347	16.0	0.18343195
8.4849	13.773872	0.4375
15.3545265	20.912512	0.375
11.397828	22.086887	0.30612245
10.123011	12.298912	0.33333334
2.621833	14.1688385	0.74489796
4.1972804	12.923146	0.5510204
11.98467	16.105627	0.25
7.4417896	19.278955	0.2638889
12.856501	18.069613	0.28125
5.8534226	12.400035	0.47555557
3.9791405	6.850463	0.3877551
13.343288	23.419365	0.18055555
1.9830517	7.65174	0.75510204
8.77559	14.068945	0.5
6.7588406	18.63232	0.4
6.8051286	34.2056	0.2631579
13.735142	22.477066	0.2345679
3.804174	4.0976033	0.42
9.3016205	12.185968	0.5102041
4.9791746	11.057205	0.46875
5.5947986	15.37902	0.23
8.595692	15.065998	0.30578512
6.25854	21.260767	0.2892562
11.175268	14.931165	0.15306123
6.4267006	29.874643	0.2857143
14.040163	16.930882	0.5
5.620898	18.479307	0.375
8.422277	20.408478	0.26222223
7.642639	9.175014	0.68
5.244178	15.030343	0.43490306
6.293967	10.333082	0.26530612
2.8499498	5.7352424	0.5555556
7.93808	18.7299	0.5555556
2.530546	3.142597	0.7222222
4.946056	10.450093	0.2711111
2.4908872	2.4908872	1.0
7.459635	8.0601425	0.625
9.749077	10.7404375	0.5555556
7.141144	10.822861	0.19111112
6.5023084	17.84329	0.27160493
9.424063	11.695089	0.3469388
17.702347	22.584888	0.225
8.356315	16.660425	0.21107267
7.1620026	10.795544	0.5
7.4500103	22.034086	0.2318339
3.9604647	3.9604647	1.0
5.611513	7.675842	0.654321
7.922919	8.967228	0.54
7.566625	13.80214	0.33333334
10.289298	26.63258	0.45454547
5.36931	5.7263017	0.5555556
3.2797463	5.2908344	0.36
5.681777	13.221863	0.28125
4.0488935	12.775101	0.34375
6.8298907	15.16633	0.21777777
8.824764	17.144478	0.25925925
11.908769	16.777224	0.25
9.781749	22.131538	0.19274376
5.437771	12.7099495	0.25
4.1328535	9.770991	0.3046875
3.0845804	4.5486474	0.5555556
7.6307597	18.85195	0.34375
8.118278	15.529488	0.18367347
8.54686	17.652882	0.68
8.846707	12.544546	0.3472222
10.94818	25.574097	0.24
9.220814	13.220863	0.16666667
8.271358	16.405224	0.33333334
4.955553	11.775559	0.37654322
8.611456	12.000919	0.2892562
8.701672	11.604362	0.28395063
6.297564	17.16053	0.26530612
4.7836037	6.4599137	0.33333334
12.731045	20.27732	0.21875
3.6710753	5.8497405	0.3877551
13.431909	27.467255	0.18222222
7.233027	16.831732	0.3472222
9.326932	14.243667	0.2
9.520247	14.353904	0.2797784
3.3255837	3.6350644	0.3888889
10.159427	24.76041	0.21428572
9.780695	20.371565	0.22117202
4.3944974	7.226199	0.31944445
2.6844878	3.6673944	0.5432526
4.0545816	5.3468356	0.5510204
10.424865	23.817644	0.19526628
2.5188274	2.5188274	1.0
6.315025	27.461063	0.43801653
3.1398416	15.979498	0.7278106
7.575489	14.112463	0.16262975
4.818209	4.818209	1.0
7.073119	9.002971	0.43209878
6.324568	17.167282	0.33333334
6.6092596	10.941287	0.18367347
15.290665	18.449049	0.4814815
5.1199303	13.099142	0.23875433
8.934284	24.128584	0.24
9.224709	14.73337	0.15306123
5.5098176	12.571871	0.37777779
4.1600394	11.524355	0.5833333
6.932405	8.89916	0.5
5.830595	25.032976	0.215
8.152359	20.68234	0.42011833
7.174732	19.646923	0.25
10.024343	16.612526	0.3472222
14.3437	14.3437	1.0
6.323026	16.132454	0.2777778
4.6976748	11.894799	0.553719
9.803949	22.090542	0.26
8.288943	10.538514	0.25925925
5.312071	7.808772	0.2777778
10.267833	13.04036	0.3046875
7.782197	18.882322	0.26530612
4.4671006	7.9354725	0.34
5.950945	15.885628	0.31519273
15.158707	25.953873	0.28
3.7806249	3.7806249	1.0
12.309427	14.920216	0.41836736
5.0269074	8.335172	0.45918366
3.6668823	9.80599	0.3
10.537606	28.702244	0.3553719
NaN	0.0	NaN
7.9871645	8.898373	0.52
13.695745	17.950893	0.25
20.798613	28.595963	0.33333334
3.1937633	17.272537	0.8755556
6.168351	6.168351	1.0
9.821013	29.436342	0.27891156
6.6613383	11.278413	0.21487603
8.378583	11.11636	0.4861111
4.803284	6.1915245	0.5555556
5.3257756	9.192032	0.44
10.222255	14.921798	0.19444445
7.4756894	18.629171	0.34911242
5.030866	6.845006	0.3
9.871005	13.482777	0.33333334
9.3438835	20.454151	0.2892562
5.534663	13.773872	0.45454547
5.0596175	11.729791	0.4074074
6.9947004	16.680706	0.28125
2.863921	3.5784857	0.5
2.9538844	3.1318395	0.625
5.447877	24.625013	0.6296296
8.495868	22.264988	0.28395063
8.185686	15.352847	0.1953125
3.2969425	16.546867	0.21088435
4.9679947	9.9357395	0.1694215
7.749901	13.557151	0.5555556
NaN	0.0	NaN
10.115113	11.895669	0.40625
4.4977713	22.475872	0.30795848
9.58029	10.929559	0.68
12.277898	29.096384	0.14666666
5.5771027	8.826468	0.33333334
9.791887	14.358683	0.16049382
3.286098	7.639557	0.4
5.8742013	7.456032	0.54
9.642207	15.056324	0.5510204
6.6621556	14.7565775	0.17901234
9.035815	25.253159	0.21777777
9.864744	23.0558	0.235
10.356976	18.052355	0.215
12.85228	20.007671	0.2777778
7.070874	16.31883	0.19008264
5.105044	12.916903	0.18343195
7.0333066	23.57416	0.19526628
3.629282	4.109164	0.5
3.1931922	8.961656	0.5
6.233784	6.971923	0.25925925
13.075817	15.853358	0.5
6.902199	8.304324	0.28
11.734509	22.34981	0.3125
7.448847	13.718372	0.59375
5.163808	5.5363007	0.7222222
12.849009	23.112556	0.16
5.3248434	8.627649	0.3888889
8.141387	8.141387	1.0
8.228474	11.413392	0.1953125
4.317352	18.075161	0.25207755
5.2057643	8.119905	0.37190083
3.6878288	12.590106	0.44
16.303705	18.155428	0.5
8.408377	13.873816	0.16
1.840765	2.4735227	0.80246913
5.539983	13.605617	0.30612245
7.2341537	22.463034	0.38271606
12.04041	22.498695	0.091836736
4.4097033	4.4851985	0.625
9.467041	21.850737	0.234375
14.2796755	17.181519	0.44
3.4381711	18.292912	0.33081284
9.880591	14.994934	0.28698224
14.386685	16.910656	0.375
11.070413	21.305296	0.515
5.9508443	17.64251	0.70247936
9.902832	13.633929	0.15646258
4.8622546	7.854565	0.375
5.0698013	18.069613	0.5510204
7.9830756	19.430592	0.26785713
7.9010897	31.64282	0.25619835
5.2406354	11.790838	0.32544377
9.161089	21.202763	0.34
9.901499	18.597725	0.26
8.545124	20.136637	0.18367347
4.6404524	7.4577956	0.34
7.9609594	13.46119	0.5
7.725599	14.296179	0.54
2.8596997	6.734804	0.68
4.427444	18.429213	0.61728394
2.6508713	8.003885	0.7734375
16.070408	27.944231	0.33333334
4.4381957	9.050325	0.25
6.235443	6.6815767	0.5555556
4.5731335	8.10839	0.36888888
10.59124	11.917944	0.5
8.216773	20.294981	0.37755102
6.603342	16.335192	0.28994083
8.221955	20.262552	0.15088758
7.880803	9.383366	0.54
8.90094	15.118053	0.36
7.142765	14.749689	0.175
9.039426	9.315581	0.36
5.109289	16.741508	0.26859504
8.392713	20.06981	0.30555555
6.5783243	15.650709	0.5510204
5.152523	8.029987	0.8347107
5.6763954	16.229277	0.625
8.578579	15.13646	0.1875
12.930474	27.962793	0.2345679
8.587809	15.969887	0.26530612
1.9525903	5.733938	0.46031746
9.3794565	28.514738	0.1712
4.824176	15.275852	0.4489796
4.430158	6.2226963	0.4387755
13.888158	33.74017	0.22666667
10.805561	10.945627	0.33333334
8.026457	13.417285	0.25259516
17.38131	17.38131	1.0
3.1738245	4.743557	0.7222222
4.7523937	12.129789	0.31555554
6.647757	7.380884	0.625
6.4759235	13.661557	0.2299169
8.003168	11.296525	0.30612245
10.729612	23.481712	0.75510204
9.572908	17.990656	0.21
7.29614	22.425028	0.5
16.737623	26.665977	0.30666667
2.1158082	4.709524	0.50617284
4.8638406	13.219833	0.3877551
4.987578	15.161069	0.2755102
5.6961346	9.3934965	0.43209878
13.374909	35.253895	0.19444445
4.8568935	8.89916	0.30177516
10.787407	30.441862	0.375
10.66253	36.215504	0.13609467
8.537301	9.216491	0.22222222
6.519961	11.329862	0.43055555
1.8953245	2.2736728	0.82
8.938663	8.938663	1.0
6.5574865	12.666383	0.2318339
14.371992	36.52847	0.14951989
8.079419	12.1510935	0.33333334
4.7399907	11.523833	0.30578512
10.14868	16.877033	0.36
4.9942427	6.168351	0.375
9.5335455	13.604114	0.43209878
4.782107	13.8427925	0.5
8.437054	23.435547	0.4814815
9.038748	15.13256	0.2299169
9.947047	19.391388	0.15277778
6.1982455	14.925358	0.45152354
NaN	0.0	NaN
5.719141	16.404911	0.45454547
5.6119843	20.589682	0.29166666
6.3873477	15.338954	0.14814815
16.917713	18.801369	0.5
6.2848125	14.503266	0.25333333
7.2357802	11.524416	0.25
4.8413954	10.486298	0.3
9.968647	19.047066	0.30864197
9.677934	23.845472	0.16666667
9.151819	16.490229	0.43055555
5.924165	6.971543	0.375
3.5564027	9.780862	0.46875
10.652048	16.290283	0.28125
10.570158	17.379795	0.5
12.393457	16.105406	0.625
9.9029255	11.075572	0.3877551
5.862233	16.406965	0.25
5.599946	19.02835	0.2888889
3.3217566	6.611926	0.6296296

