PollenDist	MaxPollenDist	WDivFathers
6.3597035	13.022379	0.32544377
6.2627378	10.146008	0.30177516
6.7918715	25.763466	0.26222223
12.161246	22.627417	0.36507937
9.489538	10.830225	0.33333334
6.0326905	14.288369	0.28395063
9.895821	14.043314	0.5555556
5.964868	13.626509	0.4
11.04299	18.848602	0.25
6.4835067	16.0	0.3877551
10.455448	16.000847	0.33333334
3.953002	9.269822	0.5555556
2.5083363	3.547428	0.50222224
9.317473	17.54802	0.34375
5.708274	12.642337	0.23469388
6.988495	8.006143	0.52
6.5363436	18.523647	0.38016528
8.868709	23.107553	0.3888889
4.150471	12.343144	0.654321
9.081758	37.00411	0.74489796
6.9135513	8.871698	0.46875
4.912277	16.0	0.5510204
2.5738115	9.522675	0.80246913
11.539724	14.586891	0.3877551
19.357422	22.714846	0.5
7.497481	15.458771	0.26
5.1587706	7.124596	0.32231405
10.483339	20.810534	0.25
10.250101	12.273558	0.375
8.524752	13.891399	0.5
20.465864	42.58046	0.1570248
2.9544723	9.647805	0.59375
5.467352	10.321136	0.5
10.685039	20.838072	0.1736111
5.54178	21.664314	0.30795848
7.2981944	18.183622	0.13636364
5.596357	34.539993	0.6234568
12.088699	13.003013	0.5
6.880513	14.367482	0.2711111
6.223721	9.376077	0.4463668
7.8314443	10.768801	0.5555556
7.534632	9.924283	0.3877551
10.954316	34.75212	0.2781065
5.6764617	9.283782	0.2711111
18.246157	41.312443	0.34375
8.044291	10.13866	0.34375
7.3610435	20.192312	0.64285713
4.825165	16.980556	0.33333334
5.9214087	21.1764	0.3739612
8.043524	13.730622	0.16863905
9.707378	15.350843	0.20987654
15.573035	21.852423	0.1597633
7.9867215	15.856336	0.338843
8.923344	17.635555	0.25619835
11.886993	21.76122	0.20888889
8.44632	22.363243	0.27272728
10.049361	14.392408	0.3888889
10.744417	24.991558	0.09876543
6.1971045	19.6172	0.2662722
5.3976145	8.777872	0.50617284
NaN	0.0	NaN
8.462193	16.803053	0.4375
3.3729322	6.8643336	0.5555556
5.1008854	14.524351	0.6796875
2.3094814	13.675089	0.88927335
3.1230035	4.7676773	0.625
10.285325	16.19625	0.24260356
5.2601852	14.983966	0.3422222
8.880236	17.32694	0.30177516
4.241426	9.034513	0.41666666
7.747571	23.10276	0.43801653
5.811643	18.376703	0.37414965
5.0880046	18.080158	0.44
9.816306	20.379522	0.23076923
17.03624	25.30489	0.5
5.1206627	12.248513	0.42857143
5.077812	10.096964	0.4186851
7.6037664	7.6037664	1.0
12.881197	39.37585	0.29411766
2.9328592	4.208284	0.5555556
8.281732	9.729022	0.5102041
5.21994	13.659396	0.31412894
2.8888845	2.8888845	1.0
10.312369	17.489052	0.1734694
8.549475	23.994537	0.171875
8.455908	20.699614	0.3125
1.6862308	3.1125655	0.8347107
4.961915	11.3664875	0.5510204
4.5000014	21.327005	0.3422222
7.5399723	10.58563	0.24444444
19.688204	30.005867	0.33333334
14.450878	25.172718	0.22222222
11.119408	11.850471	0.3472222
10.386989	16.811665	0.22222222
10.907956	21.771135	0.28
5.7849674	12.753502	0.2
8.781894	11.832661	0.68
7.229955	12.544258	0.38666666
10.910887	21.628325	0.28395063
5.222714	8.50736	0.28395063
5.9065123	8.291224	0.22
10.593799	19.132692	0.19031142
7.3350816	16.763168	0.44
12.603824	12.603824	1.0
16.645657	30.411045	0.375
7.647926	15.575196	0.1632653
4.732449	9.661879	0.5510204
7.189244	8.717063	0.32871974
11.954224	21.661373	0.16666667
8.001946	16.211777	0.26530612
5.3197956	7.7199774	0.265625
7.5336056	20.688248	0.39506173
4.1705585	4.1705585	1.0
16.422527	30.720829	0.17006803
4.1252594	21.45465	0.42857143
8.3138275	13.926801	0.28
11.064343	25.143097	0.1388889
7.5451283	18.115982	0.23966943
4.1604376	13.154454	0.37
1.6172444	2.8753774	0.52
6.289545	23.788765	0.46666667
10.1112385	10.1112385	1.0
6.704087	9.211198	0.2244898
4.6403246	11.500974	0.44
5.8815384	20.073662	0.25
7.7041807	14.5821295	0.24567474
8.610933	15.648023	0.312
11.909637	29.950836	0.3580247
15.749502	41.319725	0.42011833
8.6342535	13.868775	0.14739229
13.034749	21.80475	0.3372781
14.185174	26.391481	0.265625
7.7990217	9.553417	0.375
4.960257	4.9602566	1.0
8.473881	11.480118	0.25
7.274649	12.428111	0.24444444
11.058524	15.125886	0.3888889
5.8804545	20.133009	0.285
7.826935	19.209133	0.24
9.828989	11.559938	0.28125
8.657632	11.567153	0.33333334
13.26533	24.61352	0.26530612
4.843314	15.969349	0.7278106
5.5959783	6.842558	0.25
3.4564064	8.174773	0.5
9.982933	22.42912	0.19274376
9.808304	13.456123	0.46
14.388262	18.757956	0.375
4.748032	7.38587	0.31944445
6.739302	10.829195	0.3984375
9.93546	17.928474	0.375
6.3940024	12.67474	0.5
6.713395	32.95813	0.29777777
9.956223	18.966639	0.2265625
3.5954072	15.744002	0.38429752
7.8151445	10.389868	0.25
4.0985327	4.8490343	0.44
7.3669996	21.430151	0.23545706
7.798234	23.656672	0.26984128
6.0408235	20.620783	0.19470699
9.506878	18.810444	0.1388889
8.763831	20.038677	0.20987654
9.410146	16.595926	0.3469388
6.0192456	15.758151	0.34375
11.087776	18.358519	0.2777778
12.993281	27.624916	0.2013889
10.090746	24.108164	0.11357341
9.537611	13.7853155	0.2
6.282952	26.13961	0.37037036
5.7842703	12.985777	0.2
7.615886	19.985952	0.2345679
4.649259	12.165327	0.6296296
9.89824	28.873447	0.30555555
3.9989085	9.04779	0.43209878
5.543336	8.153802	0.34
7.553628	23.956532	0.54
16.567434	25.531103	0.5
8.125571	20.784378	0.15570934
13.052533	27.801012	0.16
6.356001	26.463505	0.195
12.597783	26.069185	0.21875
10.649645	12.629722	0.625
10.455576	20.985706	0.29777777
16.812578	26.057533	0.14876033
8.002176	14.0616	0.37190083
7.324234	15.944998	0.375
10.952007	18.781149	0.27272728
NaN	0.0	NaN
11.0725975	17.768328	0.20987654
6.301218	9.661445	0.53125
9.81317	27.77618	0.23469388
4.2672095	26.995218	0.3961219
10.406581	14.199625	0.22222222
15.087489	38.490475	0.34
5.4935355	22.107391	0.25
17.133425	27.946568	0.33333334
12.510646	27.152061	0.26530612
9.740982	20.304884	0.140625
5.0019765	5.4620233	0.52
11.030028	34.8534	0.28395063
7.2759423	20.56228	0.30612245
7.633438	11.864056	0.36094674
4.928495	5.3687754	0.5
11.079466	17.180738	0.19526628
7.625374	20.685894	0.28395063
11.450044	13.19296	0.46875
11.91349	17.944546	0.1388889
5.619505	21.597513	0.6533333
8.18929	13.458204	0.28125
11.361664	14.0616	0.2
9.210918	18.305393	0.21
3.136794	7.925924	0.296875
9.50025	19.084286	0.14049587
14.749759	26.649342	0.27272728
9.448027	12.583321	0.23
8.571497	16.155096	0.59375
6.884965	15.540785	0.31519273
9.551548	23.486511	0.2777778
6.590117	16.822613	0.38
4.520202	10.161614	0.5147929
9.649402	9.649402	1.0
8.935692	13.567265	0.19031142
3.8794556	7.076086	0.26222223
8.504681	14.50682	0.32231405
10.173058	13.2836895	0.25
9.899102	10.447141	0.3888889
7.2087083	9.352313	0.33333334
11.143363	20.562927	0.4489796
10.220683	10.220683	1.0
5.1910634	5.1910634	1.0
6.7809854	12.314545	0.3888889
2.505839	3.0171115	0.5555556
9.173122	26.022856	0.21604939
5.6250477	14.623552	0.37278107
8.181792	8.791163	0.34375
14.502706	30.122501	0.2
2.4179065	8.410283	0.375
8.164976	14.88977	0.20415226
2.6065795	12.158694	0.900277
5.0164847	9.849437	0.3580247
11.16095	11.16095	1.0
2.9405706	7.742908	0.42708334
3.7376845	9.552935	0.5
18.559816	26.343866	0.2244898
12.655214	20.923082	0.3580247
13.046291	13.046291	1.0
5.8501973	17.478367	0.1640625
9.452396	9.452396	1.0
14.408032	14.408032	1.0
11.5907135	16.864164	0.16444445
6.4533925	25.81024	0.20775624
12.030654	16.940208	0.14666666
7.8473215	33.277454	0.32871974
12.165514	19.49927	0.21875
6.4811134	10.130686	0.28
8.433944	22.454884	0.22
7.5245914	10.788293	0.3125
11.08964	15.013147	0.375
15.061172	26.3731	0.19008264
10.734101	20.250935	0.2192
10.978799	21.34266	0.21777777
17.6144	47.31224	0.3580247
10.203034	14.381464	0.1875
10.538997	18.117926	0.3580247
12.405196	12.405196	1.0
11.545045	29.884104	0.28
6.817521	19.140219	0.25510204
9.970405	19.975084	0.21875
13.230872	13.230872	1.0
20.81446	38.565662	0.33333334
5.3380194	14.311385	0.2265625
5.744568	25.763466	0.34375
15.981992	22.390068	0.28
6.573438	20.037622	0.41666666
9.3894	23.645054	0.42857143
4.341762	12.637035	0.80246913
6.307705	6.307705	1.0
14.962423	17.280256	0.5
12.050782	23.448944	0.5555556
4.2735677	5.8400884	0.27272728
10.248144	11.591827	0.5
9.289276	20.30785	0.2048611
6.35177	23.277712	0.20661157
7.5003743	26.81658	0.24260356
3.6016371	7.2107577	0.48444444
13.966698	25.354225	0.2777778
4.709559	15.1185465	0.1875
4.267936	7.1037555	0.17901234
9.980269	12.410874	0.2231405
4.400633	7.858534	0.4814815
6.7564096	8.286672	0.53125
9.777745	19.96997	0.375
4.6898546	9.292863	0.5555556
15.72033	36.05593	0.14285715
7.0506477	7.9487605	0.2777778
7.7974753	7.7974753	1.0
7.4711776	25.273163	0.2361111
7.080551	14.496031	0.2244898
3.2794697	10.8910265	0.43195266
4.7413116	7.6931195	0.654321
11.891168	16.829775	0.2777778
11.144619	23.162115	0.22222222
11.982577	13.825094	0.5
13.716449	16.154955	0.36
3.169483	10.455113	0.41836736
8.349647	14.073642	0.35714287

5.7138658	8.684348	0.34
4.2229185	9.178567	0.30612245
9.280051	17.586216	0.2244898
9.391898	21.218428	0.1570248
5.3052053	14.046974	0.20661157
4.806933	8.590752	0.42
11.8783655	17.281834	0.18367347
10.717601	19.370134	0.20710059
7.4419427	18.944117	0.21107267
8.253647	14.086595	0.2244898
5.398947	20.947237	0.6213018
8.671801	28.072	0.32409972
14.413358	22.707087	0.22222222
7.2981668	8.559416	0.3888889
8.654082	34.501156	0.33459356
5.7410274	5.7410274	1.0
5.2156563	18.41666	0.25
10.431297	12.183671	0.42857143
15.598744	47.048523	0.19111112
15.426687	27.644913	0.22666667
6.1734676	11.644812	0.4814815
7.2445407	7.596485	0.78125
7.3630047	11.438108	0.26643598
7.3146143	12.677658	0.2244898
11.383101	12.443299	0.5
7.571624	14.144398	0.29085872
14.6731825	18.325115	0.5555556
12.40674	30.493921	0.25
10.257835	12.980601	0.30578512
5.8401	18.854185	0.32098764
2.0919404	6.3280168	0.6398892
6.7680397	12.0342865	0.33333334
4.404864	5.417496	0.5555556
NaN	0.0	NaN
5.5709763	6.4648266	0.625
10.146852	19.870977	0.19727892
8.751403	18.019281	0.5510204
13.480833	18.378643	0.25
5.9210505	13.745633	0.36
8.965804	12.5329075	0.25
12.76383	24.060196	0.10222222
14.38632	28.96055	0.20987654
10.457305	21.953058	0.30612245
7.162508	18.719719	0.2109375
7.901297	29.88004	0.375
8.117455	16.616209	0.4074074
9.770717	24.164171	0.16666667
5.661538	9.023274	0.25925925
7.5055814	10.693187	0.2638889
7.9856744	15.322966	0.19526628
9.130266	11.823964	0.25
12.731369	32.06867	0.30555555
7.1002803	17.27285	0.25
17.123486	22.924755	0.2777778
10.218072	25.817001	0.17355372
6.7972736	14.20123	0.33333334
10.184585	27.239328	0.19526628
6.4256325	7.6010637	0.68
7.944169	14.550371	0.5510204
7.278473	13.3372	0.2711111
8.18393	37.470367	0.44801512
7.367997	12.165746	0.30103806
8.063713	17.091953	0.3125
3.2745485	11.557905	0.2512
19.272236	19.272236	1.0
6.332587	23.262484	0.3046875
8.34884	21.055798	0.25259516
8.124359	11.488834	0.36
6.445293	6.916105	0.5
10.774615	29.392342	0.1800554
8.661439	12.891469	0.2231405
6.943064	15.119393	0.59375
6.185438	10.62249	0.625
11.526911	13.254341	0.26
12.04467	16.705776	0.20181406
6.0850096	16.894102	0.23076923
9.683512	23.804026	0.26530612
11.404871	24.209106	0.19008264
13.974386	36.200783	0.12
5.704307	14.674193	0.3888889
4.780956	4.780956	1.0
8.52783	23.597034	0.20408164
9.838603	20.163586	0.2888889
7.532034	14.615024	0.31944445
7.519087	7.795487	0.5555556
7.642468	24.246044	0.1734694
7.7719183	14.681943	0.147929
12.176014	15.914294	0.30864197
14.4810295	20.108274	0.5555556
9.162152	20.779049	0.3580247
6.59762	15.464645	0.46875
8.326936	15.919246	0.28395063
5.076502	17.964706	0.50617284
10.8356085	24.956133	0.16666667
9.370604	36.425884	0.30246913
9.979081	15.830507	0.15432099
10.933791	19.655985	0.18518518
7.7143283	18.257088	0.3553719
14.824694	18.242798	0.375
7.295427	23.011242	0.25
7.261724	15.499068	0.33333334
6.0964003	8.451368	0.46
11.344127	28.274038	0.31360948
9.237181	16.788258	0.44
19.29144	28.82526	0.25
9.254277	13.410552	0.2638889
10.371187	20.18414	0.2673611
9.354831	22.591742	0.2892562
11.279201	41.57114	0.1734694
9.132462	18.750542	0.19526628
5.060437	7.7240753	0.44
6.4878154	9.147148	0.7222222
10.307857	15.160947	0.3203125
4.682711	5.246679	0.5555556
8.950871	15.860931	0.2013889
8.227167	8.227167	1.0
11.238551	17.677345	0.1301939
5.280688	18.60274	0.59861594
6.440803	16.57698	0.22495274
17.316772	17.316772	1.0
3.1961071	11.641896	0.36734694
6.862634	13.414129	0.3877551
11.891754	26.835606	0.16666667
7.0664163	18.568626	0.26530612
6.801856	10.6912365	0.3125
9.281145	13.451841	0.28
10.8016205	11.142448	0.68
14.50794	14.50794	1.0
8.476595	8.476595	1.0
11.670292	18.074272	0.17159763
8.232776	15.625948	0.5555556
5.8470626	21.944094	0.41836736
3.457626	8.75056	0.32098764
4.6005597	4.6005597	1.0
7.1307025	20.536987	0.35950413
4.780956	4.780956	1.0
5.685205	9.378042	0.44
11.717062	17.808119	0.234375
9.302653	13.335548	0.375
9.557822	15.453601	0.2892562
14.172524	20.741163	0.13777778
3.8858123	5.337961	0.59183675
9.705373	16.429148	0.5
4.4330373	18.793371	0.8347107
7.2882023	13.18741	0.28395063
12.808096	19.108477	0.21428572
6.481711	11.066105	0.21875
5.60751	16.558228	0.60946745
3.9921098	10.410973	0.335
9.275241	17.458458	0.28
2.997051	6.4512396	0.59375
9.583039	27.610939	0.1734694
7.85986	28.5842	0.4814815
9.124984	15.217949	0.16049382
6.2869477	12.443299	0.42
6.8289113	15.215989	0.375
11.509257	18.565928	0.22222222
7.708664	30.937553	0.37037036
6.050148	8.985402	0.25
9.248482	29.328907	0.4814815
4.5102086	6.6450553	0.26530612
5.1491385	8.724819	0.34375
5.93542	13.988268	0.75510204
3.583922	3.863438	0.46
3.7444549	10.946234	0.415
10.639612	16.695423	0.46875
9.048491	9.480851	0.625
7.330368	10.16835	0.33518004
4.7399626	8.494912	0.46875
7.318325	9.826755	0.42857143
11.530812	18.962572	0.25619835
13.089384	25.118856	0.15570934
7.956036	9.060473	0.39256197
11.636316	15.409368	0.28
9.241223	29.418268	0.54320985
11.190452	24.951895	0.18222222
6.816447	19.795444	0.625
9.05288	15.70821	0.25255102
20.514343	39.443768	0.39555556
4.636632	7.0052752	0.4
17.087378	36.746284	0.22
8.5938835	13.110963	0.2345679
8.566655	12.847215	0.28
12.194424	29.681547	0.32
7.5601444	16.135324	0.15789473
3.4100666	3.4457388	0.68
16.389267	16.389267	1.0
12.320007	15.188987	0.60330576
11.75212	11.75212	1.0
20.910503	33.386547	0.19444445
16.242352	22.445274	0.2777778
9.538766	18.978662	0.147929
11.633848	15.839307	0.5510204
9.488335	26.514402	0.25
13.588022	18.784662	0.17159763
12.894722	30.624285	0.22222222
6.0799427	6.0799427	1.0
4.3560886	14.749415	0.4861111
9.451521	11.398006	0.5
6.551778	6.685301	0.5
3.4005752	12.722607	0.6296296
9.05799	18.275913	0.26530612
3.233261	5.0468287	0.23966943
10.168209	19.077156	0.21875
3.8247678	10.828398	0.375
3.8204424	50.447002	0.5236295
4.726538	11.607114	0.24099723
6.382005	9.164508	0.5555556
6.2850204	10.695353	0.30666667
5.7526016	5.7526016	1.0
10.889127	16.014761	0.33333334
7.0693936	12.565077	0.26530612
5.1240296	5.1240296	1.0
3.8206928	7.8811193	0.26530612
10.969155	23.826199	0.20661157
11.047503	22.697662	0.11
10.906037	19.389847	0.20408164
4.6533537	4.6533537	1.0
10.2458105	26.571749	0.14814815
7.7552075	19.86327	0.14666666
6.983191	15.461432	0.33333334
5.1185517	5.2520986	0.5555556
3.60439	8.271523	0.44
7.411476	10.599007	0.42857143
10.193089	19.531282	0.6234568
8.303835	18.508768	0.68
3.8091657	8.800912	0.28512397
3.244617	5.722904	0.28
3.3573992	5.6737576	0.36888888
9.441451	17.736465	0.25
10.482854	18.167944	0.20987654
11.225749	11.225749	1.0
8.761041	17.046858	0.20408164
7.1942625	7.1942625	1.0
9.550282	14.875696	0.553719
13.342115	19.273123	0.375
12.140816	16.02584	0.2777778
9.386235	24.98109	0.11111111
4.8038864	9.340171	0.375
13.118364	15.126938	0.33333334
9.65576	12.395415	0.5
7.6849923	16.716805	0.24260356
9.206894	21.66929	0.26200274
6.108063	13.197798	0.3
7.6613216	27.826574	0.338843
6.2926993	10.104348	0.30612245
3.0922816	9.558176	0.2638889
11.952492	38.127514	0.23251417
9.438446	24.931463	0.17355372
7.5831513	16.1974	0.26
6.2628555	8.82982	0.25
7.6230907	14.020603	0.3580247
6.899829	23.444809	0.2249135
5.5528903	9.882951	0.25
15.350203	26.880476	0.2345679
9.461563	25.767061	0.2755102
8.221463	19.240004	0.23
10.118896	14.732838	0.3888889
9.311793	14.462855	0.44
8.750731	23.198326	0.24489796
9.395102	12.064799	0.52
6.498203	15.063253	0.18055555
7.9017286	21.692978	0.68
5.560717	14.962713	0.3877551
17.60472	17.60472	1.0
6.3408747	12.828239	0.42857143
12.200027	13.370849	0.32231405
11.61392	18.653023	0.2781065
6.3059926	15.887984	0.375
8.852595	12.169325	0.31944445
4.8333406	6.226712	0.25
9.9721985	33.373627	0.19111112
11.793334	23.867119	0.44801512
7.9745317	13.94758	0.19727892
8.918594	17.876884	0.25925925
13.125661	13.846531	0.7222222
3.2202892	8.420432	0.22222222
6.756051	14.769693	0.26
8.621889	12.899216	0.2
12.941739	15.063253	0.5
12.999079	19.87337	0.34375
11.640635	25.531225	0.12130178
5.963211	31.68383	0.38842976
10.667717	16.52408	0.2244898
7.1448717	12.763671	0.34375
7.4017377	11.658144	0.3877551
4.738856	17.370213	0.24489796
11.071697	18.6963	0.22222222
6.536543	14.901872	0.3580247
7.4275446	13.734568	0.38666666
NaN	0.0	NaN
4.9458823	13.996451	0.21799308
2.0702074	6.960168	0.8347107
3.6701887	13.229849	0.59375
7.4673877	13.719787	0.30864197
4.700037	6.111553	0.4074074
13.726909	22.706871	0.2345679
11.822481	20.948088	0.24
11.580435	17.269978	0.28125
4.1296115	5.615427	0.24
7.9925933	9.215564	0.3515625
9.328509	21.938705	0.20661157
4.4949565	18.752748	0.48444444
3.6371927	22.753704	0.80246913
3.8991973	7.1046915	0.37190083
6.471344	11.40036	0.22222222

7.379053	8.119557	0.5
12.412872	17.860537	0.46875
14.011495	28.607264	0.2361111
7.4389586	7.5784383	0.375
4.7910357	16.363504	0.31632653
2.7399035	9.529512	0.66
4.0605335	8.1079445	0.4861111
7.2025146	14.382241	0.4117647
5.1634583	7.3783655	0.375
10.069455	19.14882	0.19111112
10.795756	17.38263	0.28125
4.9572606	5.729186	0.375
10.207614	13.632995	0.33333334
1.4248074	1.5962564	0.5102041
12.458795	21.490772	0.22222222
7.9325905	25.805016	0.66
10.1851845	29.980095	0.296875
11.814171	17.691221	0.375
7.14386	10.288341	0.6296296
5.7183104	5.7183104	1.0
8.053715	12.619793	0.22666667
6.9931192	31.785316	0.3
4.112895	14.288374	0.42
20.044556	35.77709	0.44
8.414373	11.953385	0.30612245
2.7188692	8.112572	0.3553719
7.189969	9.773455	0.5041322
6.0583134	10.831467	0.7222222
6.3561807	18.351374	0.36094674
3.4650643	7.6003146	0.5555556
4.827729	5.7034245	0.25
13.16834	19.474766	0.44
11.098657	21.02101	0.2962963
12.811124	21.970732	0.21875
6.965336	8.388562	0.5
14.175781	47.349087	0.20408164
24.332266	30.302652	0.28
3.471433	4.7204885	0.5555556
17.327715	47.774563	0.22666667
6.467495	24.237106	0.26869807
15.236203	16.88119	0.28
10.243147	14.282287	0.375
14.733369	17.870787	0.36458334
NaN	0.0	NaN
13.884527	35.095886	0.23966943
7.4387517	13.8575115	0.20710059
15.784155	20.079899	0.28
13.665857	21.435371	0.36
9.762197	9.762197	1.0
9.926866	22.351027	0.3580247
15.878543	34.573578	0.26530612
4.499544	12.587302	0.39058173
11.936228	34.99461	0.41333333
5.3117204	6.03622	0.33673468
6.936333	20.597504	0.2781065
9.645393	23.76967	0.14878893
17.590473	31.296202	0.25
8.696453	8.757395	0.75510204
6.2948475	14.088307	0.30795848
9.774401	33.046947	0.21180555
6.1088305	15.633065	0.23076923
2.775695	12.483623	0.6796875
16.41141	29.5655	0.4489796
10.374359	15.395179	0.5
10.146914	14.254573	0.18
5.4875193	16.683931	0.2318339
6.9173393	13.704545	0.2777778
7.9639907	13.725056	0.32
8.5379925	25.10476	0.34375
9.664887	9.976414	0.7222222
6.444227	21.531822	0.24691358
9.296451	17.154531	0.33333334
10.6639385	21.997822	0.18518518
5.193021	14.441983	0.2962963
7.4134526	30.505445	0.25694445
3.6851373	9.067913	0.30612245
7.0079484	19.808548	0.23545706
5.8915105	28.443094	0.3515625
9.9991865	29.717247	0.45454547
5.9243035	11.150182	0.2777778
5.72734	9.635441	0.7222222
7.072678	10.665623	0.41666666
4.7911105	19.18157	0.41274238
7.2927494	9.47554	0.22222222
14.079783	16.669565	0.3877551
9.011799	15.957888	0.20661157
13.769559	32.894627	0.2064
5.76112	13.1618595	0.33333334
8.384042	24.439495	0.39100346
4.5515623	19.196886	0.2733564
16.255527	19.659939	0.30555555
8.9298725	9.969272	0.375
11.05036	27.718243	0.14
16.374952	25.416061	0.2777778
7.6040854	16.293251	0.34375
10.392589	17.13349	0.2777778
2.7672377	8.086737	0.78125
10.657349	14.689584	0.25
14.095575	28.37859	0.21893491
7.7391043	13.67035	0.25
7.2822833	14.31046	0.46875
7.3745794	10.205069	0.5
1.8436505	7.8439207	0.8347107
13.959554	32.39689	0.18518518
5.6432576	11.941696	0.5555556
5.4806805	18.113152	0.31360948
10.758737	14.857051	0.20661157
4.0216627	5.3032045	0.44378698
9.046411	12.959608	0.2244898
9.467836	24.05031	0.34
10.010974	26.067175	0.29411766
5.775777	6.3546867	0.375
4.6923	9.307233	0.68
5.3806324	12.165172	0.2265625
13.187952	15.59315	0.28
5.3017745	5.8841434	0.5
11.918246	24.759127	0.2654321
19.738508	29.162619	0.19526628
8.8447075	10.860709	0.22222222
7.308155	7.945323	0.52
5.4864283	12.467018	0.2421875
5.684888	36.853836	0.46
6.7151527	11.26929	0.28
5.0887246	12.596498	0.4
11.503027	16.886856	0.5
3.2000983	3.2000985	1.0
8.098893	38.257122	0.20987654
3.9880717	5.635254	0.5555556
5.3374104	14.612016	0.24260356
4.750567	17.035658	0.34375
6.7307663	9.968748	0.39795917
9.678036	17.903902	0.21893491
6.8686047	12.907025	0.43195266
4.227554	16.730839	0.43055555
9.986563	28.128206	0.28
11.976924	26.420017	0.15277778
9.947182	11.163096	0.36
6.1060333	18.707447	0.6533333
6.12878	21.244984	0.25259516
11.839226	22.874338	0.25510204
12.482682	19.822765	0.28395063
1.2786531	4.147488	0.82
17.280216	18.260315	0.5
11.242115	17.623857	0.2777778
11.225718	11.941696	0.33333334
4.024268	4.024268	1.0
10.831467	10.831467	1.0
8.567386	20.352678	0.2711111
8.7461605	22.46627	0.33673468
8.180869	15.581606	0.22222222
10.27016	27.299173	0.12962963
10.199406	14.884026	0.3553719
7.556663	16.922768	0.23966943
10.6863985	14.537186	0.44
4.938574	5.950666	0.36
7.1689053	10.467841	0.25
6.6431637	14.131307	0.28395063
3.6256251	16.637646	0.3125
13.818552	22.869207	0.36
13.986826	25.73119	0.26
8.636801	13.395004	0.18518518
5.6561656	10.951357	0.23555556
9.023789	13.379173	0.18055555
8.569729	11.263022	0.44
7.608631	8.433571	0.375
6.735829	12.702885	0.4375
13.256297	16.98488	0.33333334
11.156934	22.036829	0.18222222
5.306633	9.840663	0.40625
7.049469	22.906609	0.421875
7.7860656	13.445622	0.17
10.055094	16.517763	0.1388889
9.266425	18.450825	0.1734694
25.159111	33.905865	0.5
12.173272	17.879322	0.22222222
14.203036	25.484253	0.375
11.28753	20.419413	0.33333334
4.020578	16.316832	0.63265306
7.6407776	11.575443	0.30612245
6.7895126	13.457911	0.40625
6.830405	11.919678	0.45918366
8.7882395	16.985218	0.28
11.174517	24.725729	0.2345679
7.3528943	25.737785	0.26077098
7.890689	9.751923	0.625
4.6385264	11.712088	0.3046875
5.6918464	19.882183	0.22
13.111742	24.494516	0.1303155
13.020792	20.713055	0.25
10.512837	13.974502	0.20987654
21.702915	45.490154	0.42857143
7.2552466	20.144934	0.2
7.8894067	18.4725	0.18367347
5.895953	10.967125	0.34911242
15.848607	31.558924	0.2638889
11.800506	44.303955	0.21799308
9.997779	13.872	0.44044322
8.470149	16.91584	0.15789473
3.561309	7.6295295	0.68
8.224395	20.367247	0.1446281
6.1681237	8.842651	0.28
6.3953004	29.594755	0.45454547
11.472556	19.778498	0.2
8.78082	12.174659	0.1301939
12.710589	16.8986	0.33333334
7.1756887	18.4725	0.33333334
5.1541004	8.995837	0.25
14.874761	14.874761	1.0
9.888601	16.849724	0.25
5.5975995	10.110801	0.43209878
5.743719	19.535828	0.34375
12.727561	20.593956	0.27272728
10.365704	12.80471	0.3580247
2.5442538	2.5442538	1.0
4.1974516	7.3811717	0.52
10.666621	26.208166	0.140625
3.9326801	4.6771584	0.5
7.8338795	20.248976	0.3792
15.178614	25.359745	0.14878893
7.9633737	12.562219	0.19642857
6.6007304	13.659811	0.22222222
7.430435	15.367532	0.5
5.9009147	12.388585	0.4453125
9.904565	22.218336	0.285
10.253777	19.666674	0.26643598
10.282903	15.600179	0.52
8.015917	25.098433	0.1800554
4.2576885	17.563723	0.45328718
12.322122	21.762308	0.18055555
9.953748	9.953748	1.0
5.0712876	7.501004	0.31944445
8.976338	16.332186	0.2733564
9.3430395	21.136396	0.24489796
8.984239	23.092207	0.33333334
24.010458	53.784725	0.18367347
5.0424724	5.925955	0.5371901
NaN	0.0	NaN
10.3767605	17.068361	0.28
6.3555784	10.728704	0.36
7.6802387	14.487756	0.5
6.0957155	13.623694	0.25
8.768236	18.832262	0.34
6.2458353	9.820616	0.28125
17.905802	70.1481	0.2638889
10.521532	18.621063	0.25
6.568405	12.57632	0.203125
10.917108	18.201511	0.26
5.7273145	15.909029	0.2244898
6.939751	6.939751	1.0
8.570997	15.943519	0.3
9.675339	15.507884	0.25
4.9496865	7.3012805	0.37755102
2.7624352	15.794884	0.7229917
13.43472	16.238144	0.375
7.82225	15.398802	0.2
10.51445	35.944973	0.2361111
NaN	0.0	NaN
9.685176	20.47562	0.28
12.043765	20.610872	0.2777778
5.870628	17.574427	0.245
7.386747	9.602582	0.36
5.9185185	12.062214	0.2662722
7.3731117	15.279281	0.25761774
4.2231364	7.5643506	0.52
7.591146	11.609284	0.2244898
5.55094	22.289885	0.3611111
14.463094	18.835485	0.5555556
8.64655	11.545714	0.2
8.926301	16.322554	0.2777778
6.073016	27.273619	0.421875
7.612522	18.608187	0.2777778
6.2941737	21.988564	0.19387755
6.457341	16.038528	0.32
7.3938065	14.175217	0.38271606
7.2973585	16.052513	0.5510204
4.415492	12.210334	0.53061223
10.878357	17.206459	0.26
7.5706387	14.232369	0.2777778
3.487566	7.301841	0.5408163
9.375089	16.91952	0.25
8.58162	18.476715	0.2244898
10.6698885	17.049582	0.375
10.455703	37.409515	0.1388889
6.7719564	11.696518	0.2421875
9.609457	19.836454	0.24
19.839413	25.074041	0.21777777
6.9285517	11.324674	0.3580247
11.190008	18.336203	0.20987654
8.667954	14.170813	0.1764706
8.515649	21.425562	0.3888889
7.136603	7.3040237	0.52
7.1821103	8.940363	0.5
4.215033	14.988778	0.33333334
7.9885893	15.46569	0.2892562
12.812659	20.710873	0.22222222
16.035883	37.693546	0.32098764
10.910251	20.286896	0.33333334
10.244173	13.9886675	0.2
15.154073	15.399789	0.8472222
7.060547	10.552199	0.34072024
7.0701165	9.596232	0.36
12.763405	20.775957	0.25
7.0820923	24.230549	0.42857143
8.712877	15.294495	0.25
5.8221908	8.116627	0.203125
2.167378	2.874336	0.5

6.6772423	23.137663	0.5
7.5273614	13.449065	0.375
7.135189	9.539674	0.52
5.974181	14.644119	0.3964497
6.225509	13.361423	0.37755102
10.603668	27.180958	0.15306123
12.477214	27.12389	0.171875
6.4809036	19.458126	0.24691358
13.420456	51.196987	0.40444446
10.3701725	18.732664	0.18367347
3.915261	9.76034	0.8347107
8.3284445	18.709301	0.27272728
11.650918	17.147943	0.25
8.504981	20.825022	0.1796875
10.657069	22.627417	0.33333334
7.9255133	22.728094	0.5510204
8.429366	12.128118	0.2
13.848004	25.035978	0.26
6.4653625	16.0	0.625
8.872006	10.424714	0.25
6.870595	15.769634	0.24
12.202257	13.873696	0.36
9.041296	15.762995	0.19526628
10.804734	10.804734	1.0
10.429876	17.696241	0.1597633
6.120616	8.635306	0.5
11.682285	11.682285	1.0
8.549408	11.943729	0.375
6.9289207	14.992218	0.3
7.8410735	10.205259	0.5555556
10.537854	21.913546	0.21777777
8.191606	8.493119	0.375
5.9668236	8.212939	0.5
11.0443535	22.394543	0.3888889
12.20584	36.786175	0.1570248
12.57356	24.322311	0.30864197
7.001639	19.841497	0.1632653
7.8516865	22.57206	0.21893491
6.085094	10.093025	0.29777777
11.212302	19.15519	0.2777778
1.1847403	1.222631	0.5102041
6.5738273	12.292261	0.22222222
5.274507	13.542821	0.5
7.229997	16.459988	0.36507937
5.472588	5.472588	1.0
5.151505	17.935238	0.21107267
6.3599763	9.67512	0.3877551
10.221754	14.087619	0.23076923
12.943943	18.278595	0.30864197
4.296828	9.918847	0.22359397
6.9953113	14.459448	0.45454547
12.261142	18.173555	0.30612245
10.499978	10.499978	1.0
12.635137	36.54264	0.25
13.57548	20.610622	0.30612245
4.4463167	4.8782783	0.5555556
6.6185746	21.053701	0.36734694
21.339281	21.339281	1.0
13.593211	32.953278	0.2361111
10.807963	10.807963	1.0
10.092998	15.156884	0.20247933
9.407101	24.886328	0.18181819
13.468945	13.468945	1.0
8.552579	18.604929	0.19444445
4.2570148	7.8948092	0.3553719
10.290595	12.083214	0.36
11.839602	28.850632	0.22222222
6.553264	21.998507	0.4814815
11.806928	30.105652	0.25951558
6.0854583	6.0854583	1.0
8.36957	23.76738	0.4
12.888435	24.884663	0.24074075
9.824824	15.263043	0.20408164
10.441246	37.17643	0.15306123
13.595303	30.83434	0.2888889
9.0153265	16.801035	0.2244898
7.636259	28.791874	0.32098764
9.485179	15.717893	0.33333334
11.302401	18.699999	0.375
3.6080856	4.896825	0.5102041
11.08429	15.1363125	0.2244898
7.392906	15.405206	0.26
10.519935	18.19968	0.26222223
5.789019	7.4424644	0.22222222
10.675867	24.470736	0.17333333
4.530082	17.223637	0.19727892
8.858708	9.964633	0.5555556
10.739833	14.524768	0.19526628
15.832468	30.987257	0.18367347
7.424527	14.17755	0.44
12.251283	23.636677	0.42857143
4.3371177	11.223121	0.23555556
14.191071	31.464066	0.30612245
6.909202	23.72192	0.17355372
6.424831	9.926964	0.3553719
5.0655694	15.917833	0.3265306
13.476622	39.216873	0.59183675
5.208975	19.062344	0.6234568
6.6810575	7.9896035	0.375
3.802369	8.981877	0.36094674
11.796256	11.796256	1.0
2.970807	4.3562155	0.3553719
9.678609	13.688625	0.18367347
4.3146453	24.070059	0.30991736
10.069048	44.305927	0.3265306
6.333662	17.354729	0.3580247
5.632344	18.175661	0.375
10.763774	23.641325	0.16049382
10.278985	31.490112	0.2777778
11.1098995	16.291916	0.22666667
3.6424732	3.6424732	1.0
3.8435483	13.846316	0.32879817
9.264326	16.528921	0.33333334
10.066518	28.206553	0.21428572
4.86103	10.720934	0.60553634
4.888022	4.888022	1.0
2.0958264	6.350018	0.80246913
15.724868	15.724868	1.0
5.157843	7.9253173	0.80246913
9.9892	17.002323	0.21428572
11.339918	12.282783	0.5102041
13.781853	24.090578	0.18367347
5.743696	11.808341	0.3580247
3.5854738	15.863901	0.7222222
12.3390465	15.161917	0.2662722
11.102799	22.250692	0.23555556
4.561486	11.972392	0.625
5.652022	5.9444475	0.5
7.544197	11.852975	0.26530612
14.536619	24.704273	0.3696145
8.769236	20.803528	0.23
10.392926	15.59987	0.2
7.780679	8.812889	0.3888889
6.2803173	16.652521	0.2777778
8.733189	19.331429	0.15432099
9.566181	19.053835	0.24260356
6.923151	12.013061	0.30578512
5.9487104	6.7861977	0.36
3.8891919	4.9622793	0.34
7.9468255	14.826548	0.42
5.208436	5.208436	1.0
13.762301	19.193233	0.22222222
8.671404	16.37708	0.3125
9.90625	23.568926	0.121107265
4.494725	5.947657	0.41666666
8.802812	15.3489275	0.2777778
9.847849	24.05897	0.2888889
14.545966	26.950666	0.140625
8.013053	9.342694	0.5555556
17.22444	19.760199	0.625
8.142587	20.035788	0.18181819
3.9539676	7.177367	0.25443786
7.2203474	10.046888	0.21875
11.819569	53.52127	0.23076923
8.6739235	16.424793	0.50617284
9.304587	9.675904	0.625
9.507328	41.10237	0.37190083
7.7838345	16.061512	0.375
7.8952026	13.74496	0.28
3.1262558	5.446592	0.7222222
6.559746	16.048166	0.3553719
2.3763084	14.841509	0.8347107
6.236852	13.618881	0.5
8.551666	9.69777	0.625
3.634832	10.966439	0.43801653
7.366037	10.636885	0.2
2.318531	13.205253	0.4488889
6.3252645	25.590889	0.5763889
12.10252	19.492968	0.18518518
13.074362	26.54537	0.19526628
6.522513	9.281734	0.35640138
7.2876105	16.411798	0.20833333
6.3692803	10.3767185	0.18367347
1.8834827	11.796256	0.8828125
8.232234	13.275479	0.25333333
8.385859	15.006215	0.26530612
7.815904	7.815904	1.0
9.998391	16.161247	0.25
13.086862	15.627266	0.22839506
6.7763166	14.411704	0.14197531
9.463684	24.3605	0.18
7.2456827	17.615982	0.3372781
7.5871005	25.80207	0.2465374
2.906471	6.996874	0.26643598
10.716018	19.099764	0.23
4.9962707	6.343458	0.5555556
4.5915747	9.342694	0.34375
8.577003	17.995525	0.19444445
4.9213367	10.252517	0.3702422
8.207121	13.667623	0.30612245
8.304699	15.470446	0.21875
11.10563	17.209307	0.22666667
NaN	0.0	NaN
6.344388	10.464934	0.4488889
6.375237	21.506872	0.2781065
11.489658	14.792075	0.5
9.976435	19.983675	0.4375
11.8012905	21.594318	0.2
3.3563776	3.3563776	1.0
11.942989	21.596357	0.21875
7.2202935	14.500021	0.16
9.718593	12.902748	0.5
13.889014	13.889014	1.0
11.440714	12.902748	0.25443786
17.552425	18.997541	0.5
8.01959	37.06546	0.37037036
7.4832287	19.816397	0.8755556
10.764331	17.109514	0.19723183
9.756394	10.636885	0.5
5.319735	9.156708	0.5
5.55421	7.282086	0.5555556
2.7956097	4.8231406	0.5555556
13.244405	19.435377	0.3888889
4.374373	9.983879	0.64285713
8.738745	14.409715	0.2777778
8.758366	20.132132	0.1388889
9.85213	18.518524	0.19444445
8.561271	19.225971	0.52249134
7.2939324	12.728516	0.25761774
2.9328423	2.9328423	1.0
7.300416	8.69139	0.5
13.862189	20.655758	0.4027778
12.977973	17.16426	0.19008264
9.743008	25.616125	0.1989026
9.159586	20.820795	0.25
3.8431678	6.343458	0.26530612
12.875841	22.10432	0.20987654
5.283109	5.283109	1.0
5.077127	6.5927076	0.53125
10.370171	20.339346	0.15306123
6.6758046	13.267199	0.25510204
4.608103	9.983879	0.375
9.058762	23.378466	0.22
6.95439	17.784382	0.17355372
10.908896	30.341162	0.3580247
8.372519	23.677343	0.2962963
6.4044476	14.772529	0.3580247
6.443294	27.898855	0.2733564
13.238549	18.477064	0.30612245
5.579039	9.513495	0.33333334
9.219255	29.763865	0.359375
12.776387	25.22769	0.1736111
NaN	0.0	NaN
13.800944	17.164694	0.15555556
7.9253173	7.9253173	1.0
3.5067255	3.5067255	1.0
6.375631	18.48615	0.21995465
8.2525215	24.187597	0.3203125
6.5930395	9.189713	0.32544377
3.5226085	4.3798065	0.2734375
7.16273	11.187278	0.1875
6.210507	10.589936	0.3888889
6.3763194	17.102932	0.4814815
11.348119	18.107752	0.40828404
5.899308	15.214727	0.390625
5.7883124	7.6825433	0.5
4.9257684	6.792447	0.2244898
10.769796	20.064123	0.25
15.368626	36.492016	0.2109375
6.930382	15.360733	0.24691358
10.480295	18.014946	0.25
8.922209	33.208	0.17913832
8.4511595	19.291199	0.3888889
8.555828	15.223426	0.1875
7.51522	20.273037	0.25
9.199353	12.295628	0.5
5.6326127	10.030245	0.2777778
7.842706	11.439507	0.2797784
4.5434036	13.726729	0.23964497
4.885802	10.151608	0.36
6.7307677	9.414552	0.6296296
11.912372	27.271988	0.3
6.3675127	17.88227	0.25443786
10.3391075	16.015703	0.28395063
7.702887	44.320023	0.36
7.5545316	17.801493	0.3553719
7.3316984	12.502397	0.2733564
8.931242	19.219683	0.25925925
6.0064445	7.331831	0.3888889
8.680914	10.6919985	0.25
4.962788	5.418111	0.44
6.177983	23.276731	0.28395063
6.524206	19.75559	0.20661157
9.876546	21.654135	0.24
8.882118	27.881699	0.21107267
4.310025	14.878117	0.29777777
9.068734	19.122585	0.3015873
3.0471609	10.820487	0.61245674
7.7202287	24.180304	0.30612245
14.692581	29.898268	0.32
2.028824	2.0288248	1.0
12.342352	19.662676	0.4375
4.4337125	11.977568	0.35714287
7.345207	11.149742	0.5555556
7.261234	11.792015	0.59375
8.135004	13.748481	0.25925925
11.25734	42.763676	0.15680474
7.195784	26.351578	0.14583333
6.3097906	21.190807	0.43209878
9.674504	18.831858	0.4
12.288324	15.409599	0.28
6.9325233	13.201016	0.25
7.12528	22.157255	0.285
7.944293	9.940232	0.32
6.3583875	6.5678144	0.3
8.153534	22.081812	0.3372781

10.717355	22.627417	0.1953125
4.598482	10.560614	0.38842976
11.36625	19.910086	0.33333334
10.2462225	18.723333	0.2857143
4.917246	9.372742	0.29166666
10.822146	24.695736	0.2244898
7.610545	9.512333	0.5
3.2835445	3.5150611	0.36
6.5339003	17.922106	0.25
3.584757	4.231615	0.3888889
12.715842	25.73512	0.17355372
13.082324	35.43076	0.1953125
7.5786366	13.725073	0.625
3.647099	3.647099	1.0
9.637059	23.137875	0.3696145
9.993612	18.094584	0.2781065
8.647163	16.0	0.22222222
11.2917	15.357181	0.36
5.6451592	13.14362	0.34375
10.653703	25.906439	0.25333333
6.7808013	10.297444	0.2345679
9.880104	16.097374	0.25510204
9.048291	17.30966	0.20775624
3.9214785	4.473155	0.375
9.975005	19.664562	0.20408164
5.5857635	12.945972	0.625
1.8324268	1.8324269	1.0
14.715925	14.717443	0.5
17.112402	31.016033	0.14049587
9.790747	19.374252	0.18222222
3.0374482	9.207453	0.4861111
6.076015	33.09577	0.553719
10.491969	14.894923	0.37278107
8.141299	20.471514	0.17006803
9.9442005	20.249514	0.52
22.33817	36.770172	0.21875
6.8492546	13.483366	0.375
7.310225	7.3102226	1.0
4.0699964	6.403387	0.28395063
5.950495	6.9787984	0.3888889
7.426246	20.004885	0.28994083
6.4553742	11.309015	0.19444445
13.575794	40.511784	0.112426035
8.39393	12.853297	0.25
10.674366	20.649952	0.234375
10.629195	20.3986	0.15625
6.877232	11.63562	0.30612245
16.57055	34.487385	0.2132964
5.58086	12.616266	0.3605442
7.0442815	12.672161	0.5
7.005091	14.061361	0.20181406
7.253089	17.516811	0.25510204
7.112066	18.94622	0.2345679
NaN	0.0	NaN
11.690623	28.49523	0.31944445
13.386822	21.128956	0.2265625
6.1222534	19.37578	0.24489796
13.764291	13.798707	0.5555556
12.042226	18.422361	0.23469388
3.1099646	10.107554	0.25925925
5.9987063	5.9987063	1.0
7.029938	11.380283	0.42857143
2.572453	7.752637	0.78125
9.13906	12.7620945	0.33333334
8.078116	15.969572	0.20408164
3.1624782	3.846246	0.52
10.023296	21.726522	0.28395063
4.9383187	4.9383187	1.0
11.26071	29.371243	0.18367347
7.96295	14.686571	0.33333334
5.956353	5.956353	1.0
5.5711803	8.033428	0.18518518
12.032495	19.78517	0.23076923
4.4960103	13.81374	0.16115703
15.833922	31.342007	0.1597633
11.722321	26.384954	0.30612245
7.880408	11.764889	0.25
10.939795	13.575057	0.50617284
8.1306715	13.689335	0.33333334
10.924799	18.915758	0.1800554
9.119793	20.649261	0.2662722
7.442343	12.211369	0.553719
3.9207406	25.539932	0.5822222
14.293905	25.35778	0.21428572
3.9959219	8.469664	0.69550174
4.8459387	12.5323	0.4375
11.156701	22.350212	0.1597633
7.5590725	14.3302555	0.1388889
5.06737	6.5348425	0.2662722
6.4470987	16.8084	0.25
14.076661	25.979729	0.28395063
16.476675	20.746458	0.33333334
5.6725893	19.432388	0.19753087
4.4136844	9.3432865	0.3472222
12.611824	32.123127	0.18055555
NaN	0.0	NaN
15.012619	28.451561	0.147929
6.7352796	13.431436	0.33673468
2.6138346	2.6138346	1.0
10.763157	14.201713	0.2345679
14.408925	34.36246	0.3888889
9.853548	16.232718	0.3125
NaN	0.0	NaN
7.9709697	9.780895	0.22437674
5.657128	9.677186	0.5555556
6.8842854	11.373866	0.75510204
4.1705832	10.32958	0.5555556
12.11207	18.701614	0.32
5.689061	16.726578	0.359375
8.417427	18.756165	0.20221607
9.8941555	15.271915	0.34375
18.818136	34.24784	0.2777778
5.733279	12.588078	0.50617284
9.127891	9.127891	1.0
10.504036	23.874887	0.38321996
8.754663	9.370614	0.28
4.4209027	10.847447	0.41333333
9.487814	9.487814	1.0
5.897277	14.874697	0.4733728
6.486998	9.264872	0.30612245
5.1473684	24.344679	0.60544217
6.672254	7.8660693	0.375
10.353312	10.353312	1.0
8.910058	17.72458	0.20408164
20.600471	30.406857	0.5555556
5.9338713	17.348373	0.28719723
5.841918	25.31283	0.23875433
6.345941	10.849004	0.25951558
9.217735	15.2968	0.2892562
8.738453	32.44874	0.3888889
2.7027738	10.358254	0.6859504
13.555867	14.598455	0.5555556
NaN	0.0	NaN
8.315724	20.908083	0.42
7.7096395	15.010862	0.18367347
12.239541	19.485918	0.11418685
10.181429	25.24321	0.5510204
5.8810973	15.120327	0.25259516
6.452745	8.855862	0.68
6.345379	19.206915	0.4409722
13.322684	22.301668	0.2777778
5.719818	20.173464	0.37950137
9.366505	28.83704	0.4876033
7.2473392	9.888931	0.25
4.928609	17.400543	0.42
8.4799595	19.013222	0.31555554
4.867536	8.487612	0.25443786
6.1269674	23.613504	0.68
7.8310385	15.117403	0.6398892
9.483687	16.886572	0.25
8.956143	22.224228	0.2802768
7.9130893	10.097175	0.43209878
3.4068155	5.7616515	0.5555556
7.913596	26.116665	0.375
8.735617	20.181631	0.1484375
8.441099	19.546906	0.22666667
19.519722	26.517878	0.375
13.937477	16.338867	0.4814815
9.464264	21.197084	0.19
6.623424	7.53809	0.5
12.490398	25.43809	0.18222222
9.940528	13.289605	0.33333334
2.6987977	9.214236	0.5733333
3.4541655	3.4541652	1.0
9.071139	16.352434	0.25
6.606703	12.77034	0.2888889
8.366642	17.497387	0.3125
5.0726748	13.6105175	0.32544377
8.220648	23.446642	0.1488
3.3069155	3.3069155	1.0
18.138607	24.150606	0.2777778
6.4602695	18.901445	0.22666667
7.280034	32.50828	0.27272728
2.3962154	2.3962154	1.0
15.052414	29.377735	0.3125
7.4611197	17.119932	0.2244898
8.027591	22.573572	0.26643598
5.9278173	9.0234165	0.34
7.532262	16.301752	0.20775624
6.998118	15.514005	0.22222222
4.2741547	9.776907	0.4387755
6.924549	22.128098	0.19
7.919988	8.437042	0.375
3.5277362	8.487612	0.4375
10.256978	11.176575	0.4074074
13.43576	25.290192	0.21875
8.171824	12.513529	0.33333334
11.374587	23.476522	0.20408164
9.247031	21.745577	0.26
19.476618	28.376379	0.33333334
11.444338	36.93724	0.31
8.921055	17.900974	0.19526628
8.757951	13.533483	0.375
6.8493996	14.922382	0.5510204
12.931571	29.804323	0.20181406
NaN	0.0	NaN
4.3916125	10.158489	0.50617284
11.77765	18.175695	0.175
7.956383	34.851154	0.24380165
1.9563141	3.2208474	0.44
3.1712337	6.1850653	0.43195266
7.63368	15.139161	0.3877551
14.226688	38.629627	0.2892562
7.184953	16.064268	0.2847222
7.739437	12.020904	0.2777778
5.303906	17.366917	0.40444446
3.9646533	9.526342	0.37190083
6.5345526	23.780191	0.19
9.525072	18.054815	0.2244898
14.032653	26.464464	0.15625
21.390217	42.715363	0.375
12.693351	19.232601	0.25
10.100651	22.448053	0.36
10.845802	29.190037	0.2345679
7.8879724	7.9942355	0.5555556
11.189065	23.132162	0.82
9.891283	13.38477	0.3888889
5.7858233	12.542083	0.30555555
10.458521	17.342655	0.375
5.351518	15.479271	0.3888889
10.397249	17.082586	0.3877551
11.345102	17.412252	0.23555556
13.480443	25.92583	0.25
10.657113	12.778673	0.375
3.9350884	5.422255	0.2777778
9.963631	12.629708	0.5555556
8.054586	26.188284	0.2421875
14.130986	14.414392	0.5
9.848536	9.848536	1.0
9.139423	12.086824	0.3888889
10.091078	13.761035	0.3
3.7917473	7.8214164	0.2244898
7.182164	15.108053	0.25619835
5.8574457	19.246628	0.28395063
4.8871813	4.8871818	1.0
3.6895366	9.830018	0.54
4.2293887	10.32958	0.38842976
7.193441	13.14362	0.50617284
8.556338	23.163961	0.18343195
8.849558	21.261665	0.30864197
8.622445	15.326616	0.5555556
6.456559	15.767451	0.21088435
10.422684	29.739897	0.33333334
9.260202	18.94821	0.44
7.310502	7.8362713	0.59375
7.1696935	17.741076	0.20982987
10.311141	15.517441	0.28125
9.706361	19.091042	0.4861111
6.7267995	11.100495	0.24260356
7.3853827	9.63995	0.24260356
7.82152	10.974835	0.2638889
2.6138346	2.6138346	1.0
8.555632	19.925907	0.26222223
5.4693537	18.44109	0.537037
7.044647	7.044647	1.0
12.256434	30.10223	0.6296296
6.1027517	13.521265	0.365
18.041504	42.276276	0.28
3.0734637	5.9573226	0.625
10.529969	15.974862	0.25
11.618796	24.698181	0.17768595
7.665742	16.306875	0.19387755
9.948985	23.144297	0.34375
15.314872	29.160072	0.16262975
3.9788957	10.227328	0.4296875
8.588034	27.702927	0.1122449
7.540214	11.139673	0.22222222
11.600303	15.979031	0.27272728
4.5277386	8.872624	0.3739612
6.521592	14.571995	0.1734694
19.326149	29.356886	0.375
6.838328	14.973928	0.25333333
6.744058	11.658418	0.5408163
8.525846	19.580576	0.20710059
5.6899824	15.997506	0.28395063
19.418531	25.81073	0.19723183
7.3775506	17.051958	0.26643598
3.996739	9.643506	0.24
4.6989913	17.259762	0.4861111
5.8105264	13.578618	0.5493827
8.517128	17.618874	0.30612245
11.79518	20.585663	0.30578512
8.189062	16.685549	0.28
5.6796	16.724125	0.35640138
9.766367	17.622211	0.2892562
20.914001	22.918728	0.33333334
9.771861	11.192509	0.3877551
12.119496	20.525349	0.25
13.454918	15.382335	0.5
4.7150064	7.74057	0.30612245
9.10414	22.146374	0.2892562
4.724148	7.6127925	0.52
10.110926	20.805443	0.16
19.626005	36.768322	0.16955018
2.289827	3.0141954	0.5555556
9.761596	18.693506	0.22222222
15.488841	25.218096	0.5
6.788823	18.321087	0.54
8.750692	11.759825	0.5555556
6.425395	11.720277	0.16
6.80292	6.8444743	0.78125
13.763898	13.763898	1.0
5.347074	23.144348	0.40166205
10.373827	16.802666	0.34375
5.7249303	6.6030226	0.50617284
9.024335	17.16231	0.23469388

7.025589	17.85985	0.44
8.761597	12.433331	0.33333334
12.798773	28.588501	0.18820861
5.511043	13.495601	0.2231405
6.0612683	18.091555	0.328125
14.338823	15.546168	0.44
7.068852	16.557991	0.26530612
12.4667015	25.248014	0.22222222
6.1722817	9.109543	0.3888889
9.397035	16.0	0.3888889
7.8935633	11.958925	0.21777777
12.731725	24.709177	0.34911242
7.8819137	21.736284	0.24
7.5437193	12.50117	0.5
10.7239485	36.956017	0.24567474
8.046056	13.796172	0.33333334
6.5547543	16.0	0.23966943
6.952555	12.799034	0.4375
10.959646	16.0	0.3469388
3.7122982	14.742111	0.20408164
4.1968527	8.3688345	0.59375
7.195294	14.376054	0.50617284
4.828796	5.584545	0.3888889
11.991196	17.589375	0.26530612
3.2538414	6.063232	0.53846157
9.527342	33.07391	0.24489796
7.649959	21.59583	0.17913832
7.4094677	14.040666	0.5555556
7.3480964	19.511295	0.24691358
16.284752	18.466793	0.2777778
8.621689	8.621689	1.0
3.4488761	10.555385	0.29166666
7.7634587	14.274584	0.2244898
4.123855	10.801797	0.5644444
6.4663115	21.477695	0.553719
16.630262	16.630262	1.0
15.044597	20.270054	0.25259516
6.2371335	12.379458	0.45454547
7.330199	13.30113	0.1875
14.167924	28.60242	0.22222222
14.220378	19.212221	0.33333334
4.3491616	8.672853	0.2244898
16.11421	29.530796	0.3553719
6.6629567	17.98159	0.31944445
7.366379	14.873272	0.3888889
7.7839265	20.644453	0.28
5.7462873	16.13471	0.225
5.6402016	8.75963	0.22222222
3.7808826	11.196166	0.37278107
9.990638	26.054644	0.28395063
14.789492	27.950665	0.3125
4.402587	8.9577265	0.27891156
13.361522	22.89541	0.375
9.852554	13.011125	0.5
5.3873954	14.700567	0.23076923
3.744914	13.007025	0.37278107
6.936781	9.456205	0.3888889
11.711176	11.711176	1.0
10.836509	17.418966	0.34375
5.777288	10.054899	0.5102041
13.03634	39.273697	0.13265306
6.101626	13.707369	0.20987654
6.0479684	14.740889	0.5
6.659337	8.195582	0.625
4.338706	4.550134	0.59183675
6.083913	11.747245	0.42
8.821874	10.714167	0.2734375
11.505734	34.00599	0.14197531
5.7659698	11.882012	0.27272728
11.635128	27.670683	0.28395063
4.769866	15.033952	0.59375
6.544459	12.316505	0.3125
12.658148	15.657157	0.5510204
5.8194976	16.292892	0.654321
7.7026567	18.11365	0.14127424
10.322649	19.488731	0.1875
5.7857842	10.52501	0.26530612
15.236255	41.561543	0.13043478
2.644072	11.842574	0.7174515
3.3778262	5.7725263	0.80246913
10.37055	18.891878	0.22117202
NaN	0.0	NaN
5.457827	8.6286335	0.3888889
4.9736714	15.785607	0.70247936
16.341433	38.98824	0.25
6.385785	13.235473	0.36
NaN	0.0	NaN
9.092767	33.272106	0.21900827
4.925409	25.751656	0.26859504
12.091088	27.699986	0.1484375
8.309187	19.919502	0.2154195
10.173202	11.934722	0.7222222
8.608496	11.752506	0.375
5.075103	9.746866	0.625
12.105569	16.60173	0.33333334
9.385311	28.59361	0.15789473
10.958323	18.682999	0.30612245
7.9051895	13.22411	0.5
12.885553	12.885553	1.0
10.152512	19.503407	0.2244898
4.7314777	29.354893	0.2362949
9.334999	13.482896	0.2777778
11.112874	32.1753	0.138322
6.3394947	9.708236	0.32231405
11.290212	13.960321	0.28
5.63297	16.254112	0.3152
8.836809	10.732537	0.3888889
6.698474	16.054256	0.4
4.0665026	11.49774	0.3472222
7.2309914	10.248156	0.29166666
NaN	0.0	NaN
8.11039	12.042626	0.2834467
14.722046	15.8503	0.5555556
6.0201936	14.326372	0.32963988
15.426348	24.555147	0.18367347
10.92774	23.32493	0.2
4.2918234	4.445561	0.625
7.3719153	8.451748	0.5555556
NaN	0.0	NaN
11.898299	39.69512	0.17159763
8.8790455	13.248842	0.33333334
7.0070195	10.075175	0.147929
6.086998	12.940686	0.25207755
3.8961103	6.443958	0.3888889
9.218501	13.039746	0.44
6.7644987	11.625904	0.34
5.233059	12.669528	0.375
13.747945	30.852913	0.26222223
4.363313	6.982564	0.7222222
5.0470195	13.875791	0.25
9.807358	13.162641	0.30612245
4.0724344	13.590248	0.3553719
14.68434	24.857847	0.215
4.3804197	4.650899	0.5555556
10.629844	21.148891	0.18367347
NaN	0.0	NaN
7.7983594	13.723405	0.2421875
6.862554	8.403557	0.5555556
9.11254	19.571453	0.2361111
6.3356743	9.838299	0.4375
8.206901	17.356033	0.19008264
7.8027616	20.121754	0.328125
8.348361	19.922848	0.2777778
7.501349	17.659643	0.19008264
2.4081585	7.408479	0.76
6.7476683	13.7888565	0.2244898
11.085551	25.106775	0.18
6.488429	12.214103	0.44
4.6644797	17.86601	0.37755102
9.302185	22.848402	0.44
9.86144	25.855778	0.17355372
3.5856168	3.964876	0.5555556
NaN	0.0	NaN
6.6991057	11.337972	0.22437674
9.648797	11.666275	0.33333334
13.862829	18.597763	0.36
5.225801	12.141675	0.375
3.9330673	5.30423	0.68
4.560089	14.157844	0.28994083
5.694773	10.442764	0.2711111
5.999868	9.021297	0.53125
8.966205	19.12506	0.25
8.306372	19.701834	0.1800554
20.706995	27.106192	0.5555556
8.319274	16.378809	0.3515625
7.2952847	20.022104	0.5363322
4.6510286	8.151245	0.3888889
11.364322	17.850426	0.20408164
9.957005	37.51173	0.31360948
8.147672	10.631144	0.33333334
3.5415027	13.668855	0.35734072
6.409207	6.409207	1.0
7.769774	15.491898	0.54
9.459844	24.472614	0.33333334
9.439868	13.04609	0.375
7.3348637	9.831898	0.38271606
7.275585	11.276237	0.5
6.493035	22.579897	0.3472
4.3845305	6.7161875	0.5078125
6.2979374	15.212328	0.37190083
6.0749793	13.905887	0.2704
6.302054	12.50117	0.40625
10.448296	21.833273	0.21875
5.198548	9.314849	0.28
6.3500304	9.598326	0.4814815
6.544468	12.925155	0.29591838
3.5195365	9.873439	0.3553719
16.305292	34.60553	0.18055555
8.586675	17.170206	0.5555556
3.0426345	14.199968	0.7734375
6.8499856	20.860006	0.22222222
8.42946	17.700026	0.20661157
11.128049	18.983377	0.28395063
8.9200735	17.866764	0.1734694
5.7663183	31.01491	0.75510204
5.308312	13.352756	0.24444444
9.855359	17.282164	0.15625
8.771946	10.676252	0.35714287
6.4791822	9.965601	0.4090909
11.683762	19.133602	0.19
6.170675	7.316648	0.19526628
4.324812	16.557991	0.2544
6.2929206	11.63312	0.20833333
5.3583655	20.61457	0.34375
9.178562	23.435452	0.17355372
7.962186	13.651483	0.18222222
2.4746542	3.2610433	0.3580247
7.365948	13.306652	0.1953125
5.5511065	14.745753	0.50617284
11.7946615	23.876446	0.2892562
7.4537187	16.200998	0.22222222
6.069707	14.158037	0.2
6.01495	7.986477	0.5555556
3.8150275	9.466796	0.29777777
8.131594	9.4215765	0.26
13.395251	19.622192	0.18055555
13.109495	13.109495	1.0
5.5844097	8.7290125	0.37190083
9.575299	18.605185	0.19
7.7546706	23.419895	0.22437674
6.892615	9.8575325	0.52
10.479174	30.499159	0.3511111
13.333934	21.984753	0.2244898
3.7485058	4.7973747	0.5555556
10.198258	17.34249	0.14555766
6.9540095	13.796976	0.23553719
13.750688	20.100676	0.26530612
2.9721882	13.011125	0.4861111
15.376621	15.488725	0.60888886
5.8336325	14.342844	0.17159763
5.3544993	12.465851	0.21428572
NaN	0.0	NaN
9.949081	29.472954	0.34375
8.579548	17.972502	0.25
11.907767	22.518744	0.2
3.3533134	11.170658	0.40625
12.288744	38.83871	0.26530612
8.449927	13.322049	0.3125
6.529031	17.464796	0.2755102
4.3347063	14.630105	0.4609375
8.930805	18.439468	0.28395063
7.22806	29.165556	0.32871974
8.511998	19.129217	0.234375
8.69612	23.704966	0.5510204
7.106787	22.334032	0.36734694
9.469752	12.557837	0.3472222
10.491691	32.876507	0.2638889
6.110193	16.100533	0.25
13.942844	15.998897	0.33333334
6.33553	19.645369	0.23140496
11.104022	15.658485	0.2361111
8.374217	26.95539	0.21893491
8.902015	23.773998	0.1597633
10.498873	19.451923	0.12426036
8.847243	23.99533	0.255
3.8368716	8.119998	0.5102041
6.9534874	8.683277	0.52
7.353971	8.085198	0.5555556
10.635957	14.411668	0.3671875
16.445896	16.445896	1.0
7.951106	19.879705	0.22704081
9.177915	20.904379	0.16897507
12.2005205	26.592827	0.14177693
12.281653	40.24637	0.30177516
11.390163	14.701014	0.5
11.378373	11.719916	0.625
3.9727294	6.7413483	0.3472222
4.8061495	10.280765	0.2
12.077589	41.78343	0.2662722
10.625716	13.395473	0.1734694
7.0439496	14.563184	0.36734694
7.9620953	11.985629	0.2777778
6.2520604	17.06259	0.40123457
7.85755	25.64045	0.22222222
13.930439	30.457232	0.2361111
7.0028787	7.0028787	1.0
6.933797	32.6422	0.5661157
11.44977	20.394217	0.4
3.9680786	6.005346	0.40625
7.3574233	14.004109	0.20415226
14.556222	18.324257	0.18367347
9.525263	15.929332	0.22
5.3708096	15.981475	0.2
6.8383656	14.5906105	0.2231405
17.845406	20.933958	0.375
NaN	0.0	NaN
15.269163	30.590603	0.25
15.9452505	26.685991	0.63265306
8.449511	13.902848	0.625
3.6061778	8.175727	0.2797784
10.440874	19.927431	0.1597633
7.6213837	10.997363	0.30612245
7.3447976	17.856684	0.22
8.566576	15.429942	0.19135803
8.063803	16.664745	0.28994083
2.5194566	2.7228181	0.5555556
6.069337	21.804228	0.29639888
8.045755	17.866764	0.43801653
9.065014	18.50001	0.375
5.6833477	6.063232	0.5555556
6.3480525	10.555385	0.5
3.2939913	8.570331	0.56786704
8.216153	18.023708	0.25
12.787238	21.343044	0.23966943
3.1816316	3.8101342	0.53125
6.7581863	7.6846437	0.5

11.285441	17.392189	0.25925925
10.142294	13.965157	0.46712804
5.810694	11.630202	0.26
6.7679405	16.0	0.3125
10.696866	15.095686	0.2777778
4.0686154	6.53127	0.42
6.0646844	15.829871	0.4074074
8.660506	17.03097	0.18367347
11.155829	19.7285	0.16666667
7.3039093	10.3560295	0.42
9.307725	16.0	0.14049587
10.621521	21.105879	0.338843
5.9734015	11.2550535	0.25
9.461399	13.960149	0.2345679
8.168542	15.1702585	0.24489796
10.007943	22.488739	0.32
5.921692	14.737388	0.3877551
8.143592	16.0	0.5
4.6944156	10.353339	0.4602076
11.150406	16.487474	0.36
4.6906004	14.159931	0.16068053
12.35102	23.914474	0.2231405
14.123539	30.145025	0.21777777
6.730492	10.376429	0.203125
7.6090145	12.959941	0.375
5.5393744	17.097773	0.155
6.7395034	7.3734317	0.68
12.408176	16.752707	0.2
12.374636	12.374636	1.0
3.3431876	7.634886	0.38842976
8.017253	17.650793	0.27423823
8.056982	8.152009	0.625
8.557813	11.025076	0.5555556
9.420504	34.36019	0.35640138
13.323915	20.072668	0.5
9.092725	16.40897	0.16
3.3146536	4.138263	0.4074074
2.4380019	4.121373	0.37190083
10.473361	34.225983	0.42857143
5.944608	11.936956	0.23809524
3.9690557	9.758874	0.3265306
12.990186	24.204805	0.24385633
5.201154	17.23521	0.30555555
4.8485518	15.052353	0.43195266
5.0200458	8.97546	0.42222223
10.424461	16.139786	0.19135803
5.0473423	7.618318	0.20987654
3.820326	7.3627987	0.4453125
6.0010953	11.619434	0.25
5.721322	14.89783	0.24691358
6.6146426	20.359816	0.29591838
12.974487	19.875889	0.27272728
13.367488	25.274065	0.22222222
11.141429	14.597277	0.33333334
5.1110725	6.9075646	0.5555556
8.935646	19.122644	0.19444445
3.09445	3.09445	1.0
6.3557887	6.3557887	1.0
5.1132464	10.750131	0.18367347
4.5509386	10.333978	0.44
5.006392	11.817023	0.3553719
9.578616	20.14727	0.25
3.7852912	4.4690633	0.52
6.1161	7.7514606	0.44
8.619139	26.163692	0.17913832
13.914696	27.530903	0.345
7.464464	13.253443	0.3553719
5.230696	29.391972	0.30578512
5.4011407	26.796247	0.7083333
11.61606	19.341618	0.37278107
8.903118	19.262217	0.28
8.183348	13.894527	0.2892562
3.6524482	8.289321	0.40495867
6.189489	15.001814	0.3877551
21.275986	21.275986	1.0
8.629277	10.56748	0.5138889
7.4865894	32.141922	0.34375
3.94274	3.94274	1.0
NaN	0.0	NaN
3.0673215	5.9361525	0.74489796
5.4341283	11.940056	0.5555556
6.9070024	22.61261	0.2
7.849325	19.369505	0.40495867
6.5367513	14.961812	0.17333333
4.512637	8.352776	0.375
6.043065	17.811598	0.25333333
5.066328	11.177436	0.28395063
8.083142	17.639412	0.32871974
7.859955	10.622749	0.5555556
7.080926	10.259804	0.2244898
9.441729	27.433458	0.1446281
14.819426	39.40514	0.35734072
13.398829	42.32906	0.4814815
10.747762	16.600582	0.3
14.134285	19.080858	0.13573407
17.40756	27.295662	0.18
15.049727	16.344116	0.5
3.5687304	3.5687304	1.0
15.280076	25.013527	0.10222222
5.18385	5.2413588	0.5102041
9.088047	14.117652	0.33673468
9.682402	13.096543	0.17913832
8.227873	16.88324	0.26643598
7.8929086	11.261281	0.2345679
8.791004	21.08738	0.25443786
6.0474396	11.999507	0.3877551
4.396925	10.074883	0.27272728
6.7296524	19.843437	0.32544377
4.483119	6.428182	0.30864197
5.535089	10.860285	0.68
9.755374	19.230373	0.3888889
4.860107	7.304906	0.5
12.539104	14.446914	0.58
6.657122	15.55693	0.19444445
7.1695204	11.00859	0.37190083
8.818248	14.94951	0.16666667
5.4339337	12.113213	0.30612245
6.0642695	20.004286	0.4609375
7.2442236	19.151482	0.36
4.0550113	7.7210255	0.44
4.0132833	5.0046844	0.34375
8.81429	13.455294	0.375
6.2275167	9.471683	0.44
8.184236	11.6963415	0.5555556
7.055804	7.055804	1.0
9.109373	10.79064	0.5
12.509498	18.480885	0.2777778
12.671792	25.093987	0.30578512
6.3573837	11.405208	0.28
8.563736	11.385443	0.5555556
4.9477844	5.6077743	0.375
9.411492	14.459549	0.23966943
3.8790517	5.5933695	0.18367347
3.663978	11.150583	0.82312924
7.6110463	12.88415	0.23555556
8.012338	22.92978	0.2345679
3.9616897	10.745237	0.52
5.3718867	13.696087	0.2654321
7.112741	11.063105	0.3469388
4.789067	7.4904766	0.375
3.183378	3.9683886	0.3888889
12.752529	21.458282	0.22222222
3.05571	9.833277	0.5510204
8.749062	17.563957	0.3125
3.829385	9.894774	0.56122446
10.329486	13.921136	0.1875
6.2387753	31.381618	0.33333334
9.867995	25.58377	0.13609467
12.841272	30.420841	0.54
4.830394	5.3243318	0.44
12.75625	18.181734	0.18367347
6.8451552	14.005178	0.3877551
8.402406	15.794477	0.6296296
7.9671836	13.246604	0.36
5.097285	20.541748	0.18877551
7.0439267	18.744665	0.2361111
8.932314	15.124104	0.12396694
5.9420247	13.773646	0.30177516
10.739598	31.712849	0.24099723
3.0414112	4.3247943	0.5
10.156415	25.35313	0.30578512
7.073546	15.471178	0.38842976
10.851035	29.30818	0.20710059
7.6834927	9.432311	0.5
3.1242688	4.1551743	0.3964497
18.624502	47.611668	0.22222222
8.688779	24.073267	0.19444445
8.142011	17.429716	0.46694216
5.563752	21.299122	0.20987654
5.3749843	5.3749843	1.0
8.68535	11.82859	0.5
12.214955	29.071606	0.28395063
4.8533144	6.211443	0.40625
8.548774	8.958841	0.375
9.640823	16.95096	0.2345679
11.743993	13.403021	0.28
7.5862336	10.518637	0.45454547
11.740145	24.69705	0.2244898
6.2274547	16.566677	0.19111112
8.540238	28.655167	0.296875
4.8944354	5.8996205	0.4944
6.2471633	19.717386	0.2231405
9.481874	14.823995	0.28
4.3152714	7.8201795	0.7083333
7.3241487	12.548955	0.20833333
6.0045547	8.301353	0.44
7.446257	19.402935	0.24
5.0311003	5.6032214	0.5
5.685792	8.82995	0.31632653
11.530016	14.1770525	0.28
6.82873	9.431789	0.37755102
7.2943883	15.659771	0.2755102
9.855528	15.792286	0.2
7.8188834	13.900071	0.33333334
5.282947	14.480986	0.4375
8.63011	12.362198	0.5
6.038776	7.5589714	0.2
4.971217	17.774374	0.3837429
5.7358327	23.199566	0.53061223
7.187564	9.654068	0.28
7.776869	25.842505	0.2345679
8.359622	21.42842	0.17451523
4.725258	10.19908	0.52
3.1004307	22.66407	0.74489796
7.2457747	12.615033	0.18055555
5.2236958	11.248386	0.27272728
6.651996	10.275204	0.20661157
13.249695	28.023188	0.2578125
14.20853	24.204233	0.5
10.97188	22.18526	0.30177516
13.673539	22.890253	0.17159763
7.851193	19.11717	0.15789473
3.3916879	5.9090657	0.4463668
2.7262125	11.409786	0.39506173
7.1337585	16.013512	0.3877551
3.465367	15.518836	0.37755102
6.356312	13.875294	0.7222222
8.80087	32.139343	0.14814815
8.507968	23.571518	0.2777778
4.6194453	17.248907	0.25443786
16.719461	32.760994	0.3580247
2.9614725	2.9614725	1.0
9.889933	16.867867	0.2
6.789795	15.85318	0.537037
7.4090176	9.904902	0.375
5.7984467	10.62376	0.34
4.6067653	12.42402	0.33673468
3.779571	10.706447	0.37654322
5.9532237	14.456734	0.2654321
4.1232004	5.4460034	0.3
9.06104	15.311544	0.28
14.425119	15.776222	0.68
15.619791	22.596153	0.5
12.199032	14.117652	0.5555556
10.092303	11.619434	0.33333334
6.7295756	22.986547	0.20247933
11.987976	24.518581	0.22666667
6.230733	9.939948	0.36
4.8340783	13.951503	0.24489796
3.4592533	3.8782823	0.5
11.667628	18.193415	0.26530612
7.0955644	17.29116	0.22666667
4.569027	10.352205	0.2781065
4.5594215	20.52617	0.5
12.126055	28.255299	0.16444445
20.437618	32.93301	0.34
4.8104224	6.0304604	0.43209878
4.309207	10.561272	0.44378698
3.7476976	7.098163	0.32231405
9.574139	21.858278	0.18518518
3.9666173	19.636707	0.48347107
6.0250373	17.30833	0.2857143
5.064588	5.3749843	0.5555556
6.472523	21.47195	0.2318339
11.396109	30.22288	0.28
2.6993732	11.893313	0.5510204
5.3704877	10.637728	0.33
5.989393	13.5512495	0.66
10.023322	13.791045	0.2345679
7.100035	26.206198	0.29085872
6.708828	18.193415	0.32
6.4279423	13.454114	0.33333334
8.699761	19.888784	0.4861111
5.525577	7.7514606	0.405
4.6362624	6.599521	0.34911242
11.206342	31.172863	0.235
8.578099	10.883755	0.2777778
3.1298876	3.4541419	0.654321
7.053201	7.304906	0.52
6.52239	36.864784	0.7278106
12.342021	22.66716	0.2
6.088751	10.379824	0.1983471
17.056503	39.628212	0.18
14.063936	21.89763	0.22
15.493622	30.104885	0.23966943
10.21993	24.39594	0.2777778
10.584877	13.004999	0.5
10.56409	22.610909	0.25925925
8.27885	19.527138	0.4814815
7.1692767	10.711422	0.25
4.6474023	12.419801	0.68
4.4026093	7.055804	0.375
1.77121	1.77121	1.0
5.104836	28.579346	0.39506173
3.031392	3.031392	1.0
6.0149446	11.1673355	0.25925925
2.2407064	4.2446055	0.7278106
4.1099143	16.56792	0.53061223
13.542663	29.113619	0.27272728
4.352594	6.11525	0.3888889
5.2372127	9.132697	0.33333334
10.426107	11.2550535	0.78125
6.673298	8.762381	0.46875
5.1023836	5.1023836	1.0
9.593154	13.02338	0.25
2.319755	2.319755	1.0
13.503858	18.54061	0.5555556
14.310953	26.539537	0.14049587
3.7380404	13.3958025	0.28395063
13.045503	23.624727	0.1597633
9.12719	21.902945	0.44
7.1976624	20.624792	0.2890625
4.2252803	11.963748	0.20661157
6.4241705	7.714942	0.21428572
12.088617	31.494009	0.25443786
8.141875	16.396912	0.33333334

11.684705	20.022942	0.2777778
14.0145645	14.0145645	1.0
6.291134	22.951084	0.16
13.704077	15.174754	0.19008264
3.702417	13.04528	0.59375
11.161378	18.944359	0.14285715
10.534755	17.925716	0.3
NaN	0.0	NaN
7.563881	9.531794	0.28
8.240745	16.063604	0.26222223
6.006345	8.116631	0.50617284
10.405773	23.119068	0.2345679
10.673702	24.594685	0.1694215
7.3295064	14.627796	0.5555556
2.3217416	2.4149446	0.338843
18.884308	29.201494	0.2
2.449313	5.3678293	0.35714287
5.855656	10.066132	0.75510204
2.2287796	2.2287796	1.0
6.057433	22.560272	0.44378698
5.9090204	6.7637243	0.625
10.642499	31.649187	0.19387755
4.181339	9.839328	0.375
2.74351	16.0	0.76
9.237634	22.270586	0.1734694
8.972807	15.905631	0.28
5.376515	10.54679	0.375
8.666889	33.29878	0.50617284
8.440215	24.809637	0.34375
6.087382	11.553208	0.33333334
5.8189883	43.668262	0.43209878
5.2642927	10.534845	0.44
9.204393	13.518547	0.37278107
7.9769526	21.71923	0.25925925
12.251044	31.507408	0.25
11.305043	20.341516	0.26530612
8.051916	13.30028	0.25
10.956756	19.94293	0.19444445
2.5457847	2.545785	1.0
11.91478	36.708652	0.25925925
11.953939	21.525572	0.20710059
7.033432	26.508059	0.16049382
9.496064	20.153437	0.2361111
8.225637	31.791548	0.5510204
15.433727	24.197803	0.15277778
15.350621	30.74304	0.2345679
8.842458	11.650019	0.33333334
4.041528	7.458736	0.37190083
8.908642	18.756039	0.31944445
11.031712	23.28585	0.59375
6.9910316	7.733413	0.54
14.938388	14.938388	1.0
9.481781	14.746909	0.375
9.952402	17.52594	0.25
4.1867476	19.563375	0.23356009
1.6691352	9.031439	0.52
8.550299	15.665469	0.25761774
11.1120405	15.742219	0.26530612
4.350103	25.32019	0.3611111
4.375986	7.64946	0.1966759
7.999072	25.76621	0.22902495
6.1221304	18.793964	0.32544377
5.7222958	11.8467655	0.50617284
4.410646	6.7971697	0.68
7.022786	7.923483	0.44
4.3082333	8.824721	0.3125
7.940768	28.439535	0.3
7.6804204	14.5526905	0.1632653
13.993521	19.421045	0.175
7.512423	10.960326	0.2244898
5.2723317	17.974062	0.43209878
3.8638992	23.276304	0.76
9.050983	15.66994	0.22222222
11.682488	26.440268	0.23076923
7.5702295	11.767874	0.3
14.163083	19.145622	0.2777778
8.816651	26.490349	0.32
11.107695	18.064053	0.18367347
8.250469	19.55308	0.20415226
6.668418	15.634448	0.2244898
9.080802	18.541464	0.18367347
5.1201453	9.517084	0.38271606
5.7647753	27.97463	0.3856
3.849447	10.03355	0.40625
7.2093225	18.67696	0.22222222
20.34413	37.27072	0.14876033
6.794739	25.270649	0.25141776
8.887302	9.711115	0.33333334
8.867862	12.951932	0.28
8.200098	9.448571	0.42857143
2.9619505	15.241654	0.49716446
10.056893	44.728886	0.22222222
6.297904	10.00025	0.4074074
1.2241757	2.4168797	0.73964494
9.305107	23.226933	0.21893491
17.74101	35.759064	0.28
7.13653	13.502001	0.23966943
6.04601	17.607512	0.234375
3.7573993	15.078235	0.41828254
10.175722	21.65413	0.16343491
2.2298715	2.2298715	1.0
6.676191	19.424501	0.285
8.413107	17.723053	0.1800554
7.489181	12.810167	0.47555557
6.774869	21.548027	0.30864197
7.833728	9.471629	0.2892562
6.9595666	12.499427	0.22
6.3786826	9.4935	0.625
6.8274093	14.730429	0.2421875
10.986802	14.81667	0.33333334
16.344421	16.344421	1.0
9.635829	22.056334	0.15277778
6.3609567	18.693602	0.4814815
7.012995	21.192154	0.22222222
7.027496	23.521675	0.3422222
9.62107	34.61463	0.25
6.277066	8.058432	0.5
13.653783	33.553017	0.27160493
7.861033	13.468145	0.375
4.875055	17.93417	0.82
6.1518493	6.3871355	0.5
13.370939	22.687447	0.24444444
20.078012	32.23399	0.18336484
7.8220325	17.833345	0.43209878
7.2091618	9.453162	0.5
14.548289	18.861254	0.36
7.2573524	18.346811	0.2777778
7.495482	15.071591	0.44
4.7332845	6.0661836	0.625
11.141753	14.104536	0.23966943
12.828034	19.98362	0.33333334
10.177858	22.270096	0.15306123
9.22093	17.028584	0.33333334
12.382271	16.640785	0.21875
6.64384	18.845776	0.41
10.405376	34.21039	0.25
6.5081606	11.056457	0.2755102
7.021765	15.617589	0.36
4.4954596	7.1572266	0.3372781
8.05331	20.060762	0.3
13.924787	37.029102	0.28
8.392354	27.492687	0.22193877
15.722673	19.237143	0.375
5.910262	12.82469	0.2781065
10.269331	15.167359	0.375
12.71195	24.594685	0.375
9.714262	14.133101	0.5
8.106181	20.90296	0.46875
6.997502	19.059546	0.2638889
5.6394415	6.5270576	0.625
7.3652225	20.262218	0.20221607
7.5196595	17.758924	0.30103806
2.2524192	3.0045764	0.5555556
4.6261935	9.515514	0.36842105
8.076114	14.231813	0.33333334
6.9586267	16.4316	0.18714556
7.221934	14.637906	0.20833333
9.463489	14.354397	0.22222222
11.304122	24.968452	0.24260356
8.144665	9.172568	0.625
5.4573073	24.393446	0.578125
1.2966124	1.2966124	1.0
13.936158	22.431202	0.16068053
7.6695485	11.993897	0.4489796
9.28639	31.896479	0.38408303
15.970733	28.231909	0.1875
5.005154	9.414157	0.2662722
6.30214	15.030848	0.3877551
13.475825	25.967041	0.26530612
12.689277	30.29287	0.3469388
14.840906	39.54251	0.14933838
8.38126	19.190746	0.1744
7.906992	24.251667	0.37278107
7.581421	10.112254	0.26
6.5578732	28.645924	0.15789473
11.625434	16.597137	0.28
5.615096	14.308844	0.40444446
4.9244475	8.465893	0.2888889
8.927901	15.383459	0.32
3.308529	13.763435	0.7222222
8.329841	11.294249	0.40495867
3.426599	4.3533463	0.3877551
4.837621	14.874271	0.59375
6.4315133	11.671909	0.7083333
9.892033	22.982437	0.5555556
7.195633	12.634492	0.17355372
2.3191905	5.6241193	0.625
7.6472025	15.23258	0.25259516
11.515391	19.855915	0.29085872
7.974621	16.103378	0.22222222
6.2971697	15.447256	0.36
15.227936	37.31577	0.32
1.4428236	1.8763407	0.4739229
4.7988167	4.7988167	1.0
2.3576548	8.648675	0.7618148
8.451721	10.28899	0.5555556
23.440632	26.150778	0.5
5.23646	10.469114	0.44
4.5254283	11.2894125	0.25
3.2413793	6.6974406	0.625
5.719038	19.437979	0.2711111
9.2703495	24.735155	0.23966943
3.68508	9.020813	0.4296875
6.6239142	8.980178	0.3888889
5.9776435	17.304403	0.52
8.069907	18.445053	0.5
14.286413	18.559381	0.26530612
14.161977	20.595867	0.16666667
9.874361	10.786558	0.46
8.065039	23.425486	0.5833333
5.5788126	12.555913	0.44
4.399406	11.898371	0.44
7.0532722	12.067247	0.625
4.537949	13.57913	0.57024795
2.780923	2.780923	1.0
15.827296	20.708805	0.33333334
7.453028	7.458736	0.78125
3.249543	5.124024	0.68
7.845328	13.365984	0.2857143
5.914317	7.660459	0.5363322
11.404113	19.76809	0.18055555
13.430179	35.951225	0.28
6.340066	11.575942	0.3877551
8.391872	21.892178	0.30612245
9.8694725	13.175177	0.33333334
10.49721	12.808157	0.5
14.519812	37.06445	0.52
9.53919	15.329146	0.24260356
9.661738	15.3279505	0.25
6.7809825	11.348013	0.24099723
7.0083294	26.584932	0.2711111
3.5088701	6.4705043	0.3580247
9.036879	16.413155	0.33333334
4.982255	10.447468	0.29777777
5.2097006	14.488869	0.4375
4.6705065	12.04816	0.5510204
2.8821585	6.4267235	0.33333334
8.679366	13.663605	0.22222222
8.076842	18.431202	0.18518518
12.006769	30.127298	0.3553719
5.1959305	20.471722	0.5
6.4263744	10.475596	0.3888889
8.648785	21.097532	0.7083333
7.4526486	11.720705	0.23469388
2.5239167	4.92513	0.59183675
4.61899	4.61899	1.0
10.488136	19.305643	0.3125
NaN	0.0	NaN
8.988923	16.616488	0.25619835
12.796327	31.159475	0.1
11.0084715	14.739936	0.33333334
4.5705295	13.331698	0.29705215
8.980585	20.426321	0.18055555
8.982211	21.29662	0.3888889
13.38428	24.246048	0.2802768
9.942908	16.418903	0.13
4.0314407	12.8676815	0.5147929
5.143535	8.19428	0.3877551
5.3905306	5.9166517	0.5
5.758832	12.257125	0.36
7.9788947	13.443438	0.22222222
10.822889	30.45613	0.15306123
8.730035	28.769651	0.25510204
7.504839	9.400581	0.34375
9.212397	17.910557	0.25
7.551474	21.267714	0.68
9.212476	21.184608	0.2890625
15.107625	15.107625	1.0
11.546298	19.723606	0.19008264
9.214675	21.753887	0.3305785
2.5229893	2.5229893	1.0
4.2611437	10.519251	0.625
5.7490606	13.952657	0.3553719
7.2012205	8.69614	0.3
6.318539	11.947748	0.22
6.2163815	25.640533	0.3515625
11.015781	16.786652	0.27272728
10.960044	18.083994	0.23966943
6.3681936	16.286407	0.4463668
6.666606	14.587119	0.3553719
8.9971485	15.634448	0.2345679
9.153358	22.299118	0.19723183
2.084718	5.733722	0.78125
10.096643	10.702071	0.5
5.33662	19.034555	0.23469388
4.060013	11.045793	0.4214876
6.831479	27.053219	0.3877551
10.58869	19.755384	0.25619835
5.943028	12.292629	0.5644444
8.085439	13.784862	0.2638889
7.5432987	9.925824	0.5
13.33573	17.713274	0.25
6.448661	16.58612	0.20987654
13.660033	13.660033	1.0
6.226165	7.9000587	0.17159763
10.178659	22.226326	0.2361111
11.662976	25.247301	0.32
10.894336	22.478643	0.28531855
8.670873	13.358869	0.18367347
3.7510667	11.950586	0.3828125
11.906182	26.876957	0.23076923
12.76739	23.90932	0.28
5.635095	20.650278	0.42
2.5839534	5.3709292	0.415
11.150212	17.904467	0.2711111
5.676566	11.951564	0.5102041

9.480244	17.34896	0.1796875
10.759909	17.954504	0.23469388
8.493974	14.28474	0.3888889
5.365983	5.495601	0.28
12.150925	16.110088	0.375
3.2708213	5.272746	0.42857143
9.439792	21.244835	0.25925925
3.4981508	9.754088	0.2421875
4.879267	26.960197	0.46296296
5.6582413	15.5800085	0.375
10.638263	15.339527	0.3877551
7.0808554	30.455883	0.28125
4.557903	6.1846795	0.34375
6.423137	19.047146	0.19421488
8.3754835	16.244837	0.2
9.452234	13.83843	0.1875
5.946161	20.799522	0.3979239
11.987418	20.851288	0.18367347
2.598917	5.779422	0.33950618
11.354624	21.440266	0.28
7.6904173	11.279362	0.40625
7.083761	16.46933	0.2892562
13.4013405	21.53191	0.25
4.4781213	8.482938	0.3877551
13.157215	21.520224	0.2
8.397466	11.080497	0.23555556
5.957302	21.095175	0.3130194
10.154724	12.805846	0.5510204
10.288573	26.473473	0.225
3.315194	3.315194	1.0
3.2447956	8.826543	0.2781065
5.196626	8.618385	0.28395063
12.453905	12.809847	0.5
10.47164	21.59369	0.19526628
3.715226	9.265425	0.6493056
9.080044	31.435692	0.28395063
11.218314	15.213634	0.36
6.5887218	16.963049	0.25623584
10.277692	19.381283	0.30864197
8.353606	23.792356	0.33333334
5.7466846	11.8893795	0.30177516
6.72581	13.400849	0.33333334
7.900172	27.02945	0.4026465
8.498146	20.717928	0.335
3.9787357	18.8503	0.6296296
13.41843	15.264128	0.5555556
4.0297656	14.440801	0.5833333
9.176801	13.137773	0.19111112
4.676161	11.386771	0.24260356
9.477741	16.757456	0.17451523
9.886555	16.538126	0.1875
12.901402	17.378576	0.5555556
8.093132	15.413355	0.1953125
4.5383263	12.128306	0.23809524
8.317733	9.823027	0.32231405
6.8604965	16.941322	0.24380165
8.321576	12.095151	0.25510204
5.3612037	9.322777	0.42857143
6.8889484	12.801443	0.46875
6.9898734	13.862807	0.2109375
8.374914	37.04817	0.535
8.523461	10.056257	0.5555556
4.073323	7.2342315	0.68
7.1518455	18.476128	0.3877551
5.9228907	9.978313	0.25
6.0984488	19.412447	0.4375
10.731233	19.627787	0.24
16.191233	20.632416	0.25
3.085573	7.0394316	0.55709344
15.585341	36.994904	0.18595041
9.652289	11.193699	0.3877551
10.055548	28.518362	0.35185185
8.36606	12.831783	0.33333334
11.403569	24.338186	0.147929
7.4954314	13.372937	0.24444444
8.423511	13.085814	0.4
8.372624	9.84213	0.5555556
20.152905	25.435535	0.5
8.184178	12.396905	0.3877551
10.745614	25.583109	0.155
5.844388	8.170862	0.47959185
11.221534	30.348038	0.24
14.642751	24.768763	0.1875
5.0965605	11.97379	0.38271606
6.660047	6.891273	0.5555556
5.114828	12.346557	0.6183432
4.162333	15.329851	0.14666666
11.436056	28.87209	0.13580246
10.120413	25.968967	0.13799623
5.3969383	15.333037	0.4814815
5.0779457	23.844511	0.3877551
7.9166436	20.391474	0.42011833
12.142489	12.142489	1.0
15.114267	27.591665	0.1597633
6.072088	12.713018	0.3472222
6.221233	17.716864	0.19526628
6.9235864	11.522237	0.16666667
5.624884	11.623661	0.5
14.376457	53.120216	0.2834467
7.185915	8.947373	0.46875
4.3955555	16.350132	0.3469388
7.9352875	9.444266	0.2892562
6.84207	12.390302	0.42857143
12.524708	22.771656	0.41666666
2.8212123	20.328537	0.6234568
8.632765	20.009434	0.2244898
7.0242167	19.917116	0.33564013
9.558767	16.959646	0.42857143
2.244956	2.244956	1.0
11.863103	42.889046	0.18367347
6.1916275	13.96722	0.23966943
9.149955	11.578702	0.625
7.941261	15.197782	0.25619835
14.045519	14.045519	1.0
5.693792	21.16289	0.33333334
15.045293	37.701458	0.1388889
5.459749	10.825555	0.21875
20.911688	36.57039	0.12809917
5.951441	14.719986	0.34710744
9.579844	29.550785	0.22222222
8.712595	17.442858	0.44
4.69014	9.925552	0.625
4.4548726	33.35479	0.3305785
8.850403	9.800228	0.375
5.3894615	7.3785343	0.5555556
13.905472	20.315845	0.28
10.131625	19.866158	0.31555554
6.7128506	14.219351	0.38842976
6.6556478	8.379503	0.4453125
7.270257	20.225838	0.47555557
16.561192	20.278315	0.375
4.194041	17.577436	0.53061223
12.198177	19.250412	0.20661157
3.607933	8.939892	0.50617284
7.861227	17.388445	0.11983471
8.511897	25.550415	0.28798187
3.191275	8.380774	0.75510204
13.556043	20.147385	0.25141776
3.5040748	6.103405	0.68
6.461284	7.6261296	0.33333334
6.8576155	17.666111	0.1875
9.507257	17.785522	0.22
4.330691	18.05514	0.76
9.328477	18.271612	0.4876033
4.148075	12.815954	0.2777778
1.9190544	2.9705563	0.905
9.267111	19.223673	0.3
18.680162	38.52543	0.13043478
7.105799	15.210966	0.25925925
NaN	0.0	NaN
6.818171	10.694827	0.3611111
13.227082	20.41516	0.33333334
9.371917	23.349031	0.20888889
6.764526	24.706076	0.59375
4.966503	4.966503	1.0
6.138001	6.736798	0.375
7.7745366	9.694485	0.625
5.6441684	11.502911	0.3046875
17.758629	19.501966	0.32426304
7.0943756	17.500193	0.375
9.150899	12.655815	0.3
15.087943	28.245068	0.1570248
9.58251	16.954218	0.4
4.207905	10.639316	0.3472222
6.0911484	15.13756	0.2777778
19.910381	33.708694	0.28
6.832903	14.995592	0.32231405
6.3996124	10.810554	0.15277778
3.561524	11.397228	0.18047337
5.9030437	8.262365	0.43801653
5.2143106	19.241888	0.34
8.895561	31.35822	0.21428572
4.080328	19.239452	0.28125
3.4785304	3.4785302	1.0
3.4433615	3.4433615	1.0
7.720007	23.101204	0.37190083
6.549406	6.549406	1.0
6.7393947	18.19139	0.21428572
5.439194	22.271547	0.19444445
9.048265	19.358898	0.18055555
8.07287	13.450245	0.2249135
8.875495	10.237072	0.625
4.160081	18.709398	0.38842976
8.822178	15.942691	0.625
7.8447328	18.659836	0.15789473
18.872099	36.13234	0.33333334
5.787571	8.24384	0.5555556
14.751608	38.707363	0.09
14.20493	31.569532	0.2244898
6.2318964	6.231897	1.0
5.330922	8.846382	0.28395063
6.602101	10.353158	0.46875
6.652236	12.345904	0.26530612
16.471716	22.861986	0.296875
8.966644	22.250397	0.17708333
7.810016	8.318858	0.625
8.980007	33.310246	0.20710059
10.976626	19.683683	0.18518518
7.9057326	19.032335	0.15311909
7.969257	12.981547	0.375
10.10225	14.584814	0.16666667
1.9249862	2.7241468	0.5
12.672009	16.882545	0.23555556
3.0449898	3.0449896	1.0
7.378863	36.5559	0.24567474
8.130452	18.222042	0.2231405
4.517914	9.137728	0.38842976
7.915385	18.783785	0.2244898
3.4239902	8.319127	0.625
12.0815115	21.931822	0.19387755
7.5195417	11.767196	0.44
3.4926808	9.800228	0.2345679
9.7027235	12.6560545	0.21428572
2.6296499	11.737889	0.5138889
10.078875	19.121773	0.4074074
7.374054	10.819888	0.30864197
15.055185	29.321432	0.26222223
5.105585	6.2171035	0.5555556
11.551537	35.75225	0.2154195
1.3455602	1.3455602	1.0
5.0663104	22.059546	0.46666667
5.268612	31.443628	0.22193877
11.605516	21.659042	0.24
9.34305	15.897864	0.4074074
7.4813323	17.014442	0.25
10.64924	33.47583	0.28
8.568538	22.833658	0.34375
5.907277	30.32185	0.28994083
12.341363	16.37151	0.36
2.719841	10.05477	0.4488889
4.7407813	23.261917	0.5510204
6.703619	17.673784	0.47928995
4.1828275	9.17483	0.4814815
6.300092	18.65065	0.37868482
3.7680907	7.157105	0.70247936
11.83226	38.010105	0.16049382
7.0742016	14.732419	0.18343195
12.938309	22.689447	0.18367347
10.726114	13.078593	0.28
5.614722	5.614722	1.0
2.3575382	2.493038	0.68
7.13596	7.9498987	0.5555556
14.048757	22.225527	0.16
13.6112995	31.20684	0.18343195
14.300132	32.130272	0.28125
9.624962	18.160606	0.355
5.664857	6.8712234	0.44
3.8228638	12.345904	0.52
11.205772	22.85026	0.2244898
7.69988	28.264494	0.75510204
9.238006	26.69989	0.2244898
16.052238	16.052238	1.0
13.001499	38.995464	0.25925925
6.1917877	8.205966	0.375
14.393232	14.51788	0.5
7.527162	10.875672	0.33333334
10.813411	19.695484	0.12
7.7378592	14.955933	0.4
10.371756	18.8128	0.2345679
7.271949	8.773396	0.5
16.077602	23.210518	0.28
11.356439	22.941555	0.32231405
4.509956	4.509956	1.0
13.448288	23.224123	0.22222222
15.497037	30.167253	0.28
6.1347356	14.072473	0.553719
2.8321075	3.4433615	0.5555556
6.6157155	17.73401	0.21604939
6.347542	23.882296	0.41836736
4.6593413	9.193788	0.5
12.36425	28.049107	0.19
3.480355	5.47713	0.37716264
4.5337515	12.503439	0.1953125
3.367918	11.187721	0.3888
6.4095984	10.2769	0.25443786
5.752356	8.06807	0.33333334
4.3759017	14.344191	0.29777777
4.832948	7.3778114	0.36
6.827421	8.380774	0.375
4.1201763	6.2919254	0.23966943
10.83478	16.712524	0.1966759
6.6788006	16.124231	0.33333334
4.2890964	4.509956	0.6796875
6.724072	15.637028	0.19387755
7.9992514	14.852686	0.23555556
11.324224	12.424358	0.5
7.8369117	15.239521	0.26530612
8.08357	30.320093	0.553719
7.0807934	11.550915	0.5
20.884817	24.90139	0.18
11.290431	20.79704	0.19387755
4.691406	8.81844	0.40625
4.8015866	8.850401	0.34375
15.189771	55.5926	0.16666667
11.167477	11.9679	0.59375
9.54259	20.78894	0.17580341
5.488267	14.268584	0.625
13.18068	20.419626	0.1875
9.425245	13.93767	0.5
5.8396754	13.530414	0.41836736
9.300481	10.7540045	0.375
9.302051	31.47385	0.34375
7.4561257	21.619686	0.23809524
6.5200596	20.481054	0.37190083
5.677697	29.485853	0.48096886
3.1075053	16.344942	0.48096886

10.75486	20.49143	0.2777778
6.018033	15.555413	0.49333334
7.6863832	24.703506	0.26222223
6.9227653	11.062021	0.32
4.3045487	9.315832	0.2755102
4.555094	7.4347677	0.30177516
10.018312	16.72006	0.625
6.864895	13.420082	0.22222222
13.194677	18.58261	0.34375
2.030305	2.030305	1.0
9.998057	22.458328	0.2781065
3.8805828	10.622122	0.30612245
11.73033	17.579298	0.22222222
11.068465	20.657955	0.3877551
6.297891	13.315751	0.5555556
5.4203577	6.404076	0.68
10.946512	32.655857	0.23
6.262083	11.970367	0.2361111
9.510693	35.673443	0.3984375
8.194782	23.541697	0.19008264
2.943779	11.433331	0.6701389
5.279215	11.496254	0.43801653
6.53352	10.809085	0.31632653
8.252206	10.3957615	0.43801653
7.837607	14.623948	0.32
4.6090493	17.497791	0.86734694
16.763124	26.323093	0.22222222
13.651776	27.95106	0.15277778
6.4959493	8.039725	0.2755102
15.334921	37.825474	0.2890625
10.518978	16.695257	0.2777778
4.7944493	9.934826	0.2421875
8.578538	18.6682	0.2638889
9.461406	12.719154	0.36
4.0466266	10.544978	0.29166666
6.9982266	16.214125	0.19008264
5.8911614	22.783161	0.34072024
5.172547	18.203695	0.53846157
4.6728673	10.8310795	0.375
4.2368445	7.376426	0.32544377
5.024153	8.374904	0.2777778
6.019993	15.371805	0.3888889
5.231575	17.893272	0.3877551
12.05954	26.080315	0.25623584
11.261322	23.486942	0.23958333
8.211317	23.4897	0.3125
17.39341	34.28204	0.20710059
9.344798	18.764587	0.3877551
7.766698	12.4095335	0.3046875
6.887642	12.116458	0.625
13.58517	15.997196	0.21883656
9.9834385	10.226736	0.625
13.214652	23.63198	0.23469388
7.999687	14.769772	0.32
9.564463	17.235989	0.1183432
7.5227723	13.107187	0.26222223
6.275056	10.210543	0.33333334
8.658191	18.91202	0.33333334
7.2524705	8.813708	0.34375
9.296945	11.506284	0.25
7.5031934	14.776259	0.33333334
3.6250892	7.698766	0.3422222
9.091922	19.582901	0.2777778
11.23976	17.867336	0.22222222
6.027634	21.714077	0.41666666
7.74575	16.08308	0.2673611
10.176275	13.143679	0.34
4.336839	17.137796	0.5347222
5.2898736	10.444026	0.19526628
11.119864	18.50946	0.19111112
NaN	0.0	NaN
8.494628	13.86669	0.625
3.8636513	11.544482	0.59375
6.365565	11.074976	0.33333334
13.744661	33.051388	0.17159763
11.875585	16.927307	0.2777778
6.4527154	27.335995	0.33333334
5.4906163	7.8092937	0.5
15.590272	31.402353	0.30555555
5.229068	12.344895	0.45454547
6.803022	6.803022	1.0
10.842087	17.098236	0.25925925
7.3859005	10.928353	0.375
6.907958	11.234497	0.5
8.360515	22.11144	0.28
14.086955	26.7357	0.11728395
19.66659	26.015638	0.5
7.453567	16.508392	0.19526628
NaN	0.0	NaN
9.069096	10.042281	0.38271606
6.0018544	7.5052314	0.17355372
7.758838	14.209371	0.17355372
7.480506	9.001338	0.34375
7.1139007	9.964343	0.59375
10.51369	24.791855	0.5555556
6.5126348	8.46218	0.53125
9.694152	17.03496	0.27272728
6.5925016	14.68845	0.28
14.04917	28.826973	0.25
9.697125	23.893154	0.2231405
4.394808	4.394808	1.0
13.4158535	18.621243	0.46
5.8928146	7.6770587	0.30578512
6.5127397	11.539995	0.5
11.315384	13.250757	0.5555556
13.816161	13.816161	1.0
10.085321	15.253133	0.28
4.7712564	4.7712564	1.0
6.108583	12.6273775	0.2638889
13.772497	19.044748	0.5
3.6275494	15.107639	0.5510204
10.906317	28.002987	0.40444446
12.626505	15.325771	0.18367347
6.4017324	16.41487	0.1292517
24.942688	37.57851	0.28125
6.862271	17.191435	0.4074074
6.005323	7.7606463	0.38271606
15.755938	27.717466	0.44
9.846804	12.801114	0.30612245
10.7731285	27.367062	0.34375
7.6986785	16.00031	0.38
4.9103007	8.787828	0.52
6.8607774	15.377494	0.3203125
7.751878	15.568912	0.26530612
5.5220547	11.872315	0.40625
9.632096	21.50222	0.2231405
6.568595	11.8284445	0.36507937
8.158181	15.797816	0.6301775
13.879722	22.286694	0.33333334
10.328277	20.592384	0.3372781
7.884403	36.70894	0.3671875
7.008487	19.677406	0.30177516
6.717483	15.335914	0.25
11.510355	16.388987	0.18
8.575453	12.195792	0.28395063
14.347227	21.85922	0.22222222
6.300073	17.08307	0.33564013
9.552233	18.795042	0.145
2.5938618	6.263462	0.625
4.7277303	12.235919	0.3553719
13.480159	20.88197	0.2244898
6.3494735	13.110436	0.292517
5.776933	9.688269	0.28
14.146398	21.14344	0.5555556
14.645627	45.323605	0.19008264
7.7210183	25.28433	0.18518518
18.512674	26.608109	0.33333334
9.548274	16.906178	0.2654321
10.746214	19.659443	0.3046875
11.963093	17.568464	0.19444445
15.236376	21.201849	0.23469388
7.6117325	17.93009	0.43801653
6.7315526	10.736872	0.375
9.4810505	14.391545	0.21875
8.358928	15.296627	0.28
8.914574	11.416758	0.5
3.8721755	9.812344	0.33333334
11.164301	17.497547	0.23621228
6.453591	17.588434	0.46875
5.254319	12.175379	0.255
4.86686	11.46558	0.37278107
7.4504123	15.574949	0.33333334
6.1928654	16.51069	0.28994083
9.28824	14.479136	0.2755102
14.258181	20.361591	0.28
6.1861525	8.540295	0.3125
5.7874904	16.106642	0.37278107
10.064793	20.205488	0.16666667
5.5593467	5.5593467	1.0
12.678205	22.277922	0.31944445
10.18589	18.782053	0.19444445
10.129371	20.57928	0.22781065
8.72108	12.507826	0.22
8.30963	9.05447	0.31944445
6.6238503	16.839525	0.15625
9.565337	20.141457	0.32098764
4.7427216	12.28991	0.30193907
11.1602335	19.262348	0.1570248
10.568822	20.220621	0.5555556
7.2160006	7.2160006	1.0
10.864073	19.658558	0.18367347
3.7673545	12.353885	0.3125
9.644056	22.808655	0.1966759
10.10113	33.71537	0.25333333
6.5053377	8.6598835	0.43195266
4.703037	4.703037	1.0
11.93553	42.994793	0.14177693
4.585346	13.504262	0.3469388
7.1191945	10.204358	0.19387755
7.269687	9.774542	0.203125
17.246542	21.17554	0.5
12.614275	43.383667	0.20987654
13.791579	38.415783	0.234375
12.964993	27.20845	0.25443786
4.8638554	4.8638554	1.0
7.4221725	12.906515	0.25
8.98433	12.566115	0.5555556
7.7289677	12.897878	0.5555556
9.926252	19.76155	0.31487888
18.346558	21.784325	0.375
9.376868	13.335154	0.4375
6.6707625	23.359423	0.39058173
8.375575	8.4507265	0.5555556
13.015561	18.738226	0.22235434
10.605731	17.32454	0.4074074
13.492477	23.451544	0.33333334
5.605326	6.6772165	0.5555556
2.855969	11.2318735	0.75510204
9.266803	38.10667	0.25259516
5.704762	16.767557	0.3372781
8.428119	27.12322	0.22
13.534041	20.637669	0.2345679
7.0588913	12.513264	0.50617284
6.1947446	13.639196	0.63265306
5.616973	6.026664	0.50617284
9.381749	14.123217	0.22
8.893345	15.613799	0.45454547
7.6163545	10.071406	0.44
11.805422	22.817709	0.25
11.192638	11.479445	0.5555556
19.919952	23.188961	0.5
7.041796	18.67529	0.24263039
6.4849477	11.325668	0.17901234
9.426718	13.941194	0.37190083
8.792929	19.001434	0.2421875
16.389717	26.416777	0.24260356
8.147565	17.71199	0.5
11.98263	20.072739	0.3
9.659137	17.240114	0.2777778
10.513519	22.252367	0.19008264
4.798812	7.223588	0.625
10.917777	21.65403	0.22222222
9.102857	10.569667	0.59375
5.933612	15.795706	0.20710059
7.112721	19.590584	0.2777778
3.980406	14.661107	0.2465374
7.1657233	7.1657233	1.0
5.156299	6.6198926	0.5555556
8.395999	16.739271	0.42
9.379265	31.884855	0.28
8.58525	19.139349	0.17355372
7.9210753	18.782053	0.32
9.860568	12.9285345	0.34375
5.2155886	15.40295	0.625
9.843508	14.777841	0.2
10.669046	19.234049	0.28125
6.7585692	9.427914	0.44
8.812823	22.930595	0.3125
6.3901696	9.380463	0.5
6.5151606	14.237647	0.2733564
15.995047	29.226578	0.36
7.6762342	11.785355	0.42
6.1503367	13.28339	0.42011833
3.7753255	8.233397	0.42857143
4.909363	8.783163	0.25443786
12.311843	17.059818	0.28
6.1766787	17.559954	0.59375
7.8654118	18.614193	0.45454547
9.90062	26.034742	0.22222222
15.99566	24.225544	0.17355372
13.707061	20.289446	0.30612245
5.251567	16.903797	0.75510204
19.881393	41.023983	0.18714556
9.191706	15.543094	0.30612245
4.6194725	9.055644	0.3046875
4.9636426	4.9636426	1.0
4.3445544	9.158648	0.30864197
5.2169747	6.352896	0.40625
10.185499	22.97249	0.20408164
5.3443604	11.624229	0.33
6.9408116	14.942792	0.31568998
7.7186704	23.769459	0.30177516
7.5812597	14.4895935	0.34375
12.790127	30.363703	0.20415226
7.3879523	14.095722	0.2244898
2.8543816	6.8231764	0.6953125
10.250649	16.485342	0.3877551
8.43164	13.707052	0.1953125
8.313043	16.209755	0.2
12.073695	19.505095	0.24489796
13.035012	30.122398	0.19526628
6.997162	19.056993	0.3888889
8.732659	22.704155	0.75510204
4.859437	27.224302	0.25443786
8.783394	13.68223	0.2109375
12.018618	29.74212	0.2
7.1658373	9.428893	0.375
2.799924	7.709402	0.53846157
7.7633724	10.452632	0.2345679
NaN	0.0	NaN
8.675243	17.713802	0.32231405
6.695908	13.4604025	0.3888889
5.8994703	15.737437	0.3422222
10.753962	16.937794	0.24444444
6.826276	22.454342	0.28
4.976042	15.504987	0.3553719
8.43749	12.604909	0.25
4.7603087	5.463351	0.3877551
6.8582954	11.234682	0.26869807
8.998632	29.635963	0.23555556
3.0622237	7.5052314	0.5644444
3.630743	27.617403	0.21428572
8.7493515	42.643604	0.2244898
3.7340114	3.843275	0.7222222
5.1662254	8.424683	0.1968
9.699022	24.913832	0.375

