PollenDist	MaxPollenDist	WDivFathers
10.4166355	18.427565	0.52
3.133555	3.133555	1.0
17.34183	17.34183	1.0
8.761269	28.205677	0.46875
NaN	0.0	NaN
9.197416	13.609025	0.5
15.691918	16.0	0.5
6.4107842	19.42042	0.3888889
5.8897524	7.2246714	0.625
5.4851093	5.4851093	1.0
8.325367	17.636652	0.7222222
16.072256	17.194883	0.5555556
5.152865	10.133326	0.31944445
12.348228	16.0	0.5
5.183728	5.183728	1.0
11.5438385	22.560595	0.3888889
12.060543	16.0	0.68
22.06047	34.688183	0.2
30.544554	30.802237	0.5
6.0203114	6.0203114	1.0
12.499264	16.990353	0.5
10.404205	16.0	0.5
NaN	0.0	NaN
15.380047	19.282524	0.28395063
11.355699	16.0	0.5555556
8.869448	27.809097	0.26
9.4693575	9.4693575	1.0
9.362494	13.168286	0.33333334
15.058588	21.160921	0.375
9.269343	9.269343	1.0
3.6059346	5.6098022	0.75510204
11.940673	13.922005	0.654321
14.237531	17.984749	0.625
10.680133	25.232386	0.44
17.273975	21.436699	0.625
9.810773	13.93336	0.68
13.419408	33.17957	0.7222222
9.37099	12.129875	0.625
15.143919	15.143919	1.0
NaN	0.0	NaN
NaN	0.0	NaN
5.6972227	11.163864	0.28
10.109975	35.344788	0.38408303
8.680182	18.335106	0.30578512
23.165268	41.92996	0.375
12.621489	19.457912	0.5
9.916879	19.559034	0.375
10.936165	10.936165	1.0
7.389967	16.48336	0.50617284
8.920276	24.297321	0.68
10.578735	17.03004	0.28395063
9.263483	17.32034	0.234375
11.375364	22.305523	0.46875
11.709	18.903591	0.36
3.209779	3.209779	1.0
NaN	0.0	NaN
10.318865	10.486126	0.625
NaN	0.0	NaN
6.454576	6.454576	1.0
13.65437	13.65437	1.0
4.764156	4.764156	1.0
8.110963	8.110963	1.0
7.718704	15.526632	0.23555556
NaN	0.0	NaN
9.405066	32.52444	0.24
12.711853	13.607905	0.3888889
12.607121	12.6071205	1.0
26.22417	26.22417	1.0
18.06943	21.477154	0.50617284
10.269821	25.559042	0.5
10.352247	10.352247	1.0
17.427015	23.53243	0.30864197
13.464883	13.464883	1.0
NaN	0.0	NaN
7.221167	10.612341	0.5555556
NaN	0.0	NaN
NaN	0.0	NaN
26.03342	41.761738	0.5
4.9306636	5.134395	0.625
8.478526	13.394957	0.5555556
12.320284	29.02885	0.26
8.617204	8.617204	1.0
14.687407	15.199212	0.5
17.466318	17.466318	1.0
9.706103	13.805124	0.33333334
35.38529	35.38529	1.0
8.467601	21.746656	0.44
NaN	0.0	NaN
6.944537	14.896943	0.5510204
8.689793	15.865246	0.33564013
4.563915	13.607905	0.5972222
8.760016	8.760016	1.0
10.962711	10.962711	1.0
8.3131485	8.950337	0.5555556
NaN	0.0	NaN
6.8484097	8.292298	0.5
10.070842	13.858741	0.5
8.859862	10.562554	0.625
10.435465	10.435465	1.0
7.718023	28.454128	0.5
12.697794	17.800682	0.5
19.987171	19.987171	1.0

7.744988	7.744988	1.0
NaN	0.0	NaN
7.525795	8.686725	0.5555556
NaN	0.0	NaN
9.840463	12.995455	0.5
NaN	0.0	NaN
9.239395	9.239395	1.0
8.672317	22.627417	0.375
16.0	16.0	0.5
1.5771981	1.5771983	1.0
17.80309	27.732265	0.25
9.329586	9.329586	1.0
21.433853	26.880068	0.375
NaN	0.0	NaN
18.2741	18.2741	1.0
6.51863	16.0	0.39795917
3.8731096	3.8731096	1.0
5.201319	6.009694	0.7222222
17.135843	18.271687	0.5
3.7961829	11.046323	0.7222222
3.5759315	15.674109	0.59375
8.605823	23.010069	0.44
14.7001295	17.580505	0.2777778
9.224217	22.627417	0.50222224
NaN	0.0	NaN
9.530541	18.09898	0.68
4.5813737	8.336593	0.50617284
9.650704	22.914104	0.5
5.8191633	8.216283	0.80246913
NaN	0.0	NaN
9.202505	9.202505	1.0
10.315685	12.018189	0.5
3.236287	3.236287	1.0
15.03722	19.608606	0.40136054
11.112903	11.112903	1.0
3.4746907	3.4746907	1.0
7.8172393	18.669315	0.43055555
NaN	0.0	NaN
5.2161527	5.2161527	1.0
6.966447	6.966447	1.0
8.547999	8.924577	0.625
3.4811478	3.4811478	1.0
2.3018072	6.17355	0.56122446
NaN	0.0	NaN
12.235049	14.626909	0.21875
NaN	0.0	NaN
15.888347	15.888347	1.0
3.8731093	3.8731096	1.0
12.549236	19.055298	0.3472222
18.592104	23.315758	0.5555556
NaN	0.0	NaN
3.3230767	3.3230767	1.0
NaN	0.0	NaN
17.286783	22.84532	0.36
17.818882	30.749983	0.44
3.2810626	3.2810626	1.0
3.2546036	3.2546036	1.0
8.73057	8.73057	1.0
6.7751207	11.726511	0.44
NaN	0.0	NaN
13.750135	13.750135	1.0
11.603942	12.218563	0.45557657
22.327374	24.83786	0.625
17.548811	17.548811	1.0
0.5711026	0.5711026	1.0
4.6169553	5.205226	0.5371901
NaN	0.0	NaN
5.0531797	5.0531797	1.0
8.686725	8.686725	1.0
34.449764	34.449764	1.0
13.300421	13.300421	1.0
12.47037	27.739527	0.33333334
7.901079	16.078274	0.50617284
17.962412	23.592228	0.3888889
5.3626304	8.055852	0.78125
NaN	0.0	NaN
NaN	0.0	NaN
11.242209	19.190649	0.37190083
11.666514	11.666514	1.0
11.252378	11.252378	1.0
6.890905	6.890905	1.0
20.38817	24.921492	0.5555556
14.563219	18.137497	0.68
13.261893	20.947079	0.29338843
14.823741	21.138193	0.5555556
4.276295	9.517223	0.625
5.857567	5.857567	1.0
9.091523	9.999968	0.5555556
8.356401	20.08994	0.7222222
5.123979	5.123979	1.0
7.9810357	7.9810367	1.0
14.796322	16.838655	0.625
15.347239	18.761654	0.315
9.242155	12.261752	0.25
7.225064	7.2918963	0.7222222
7.8229423	9.513327	0.5
4.7548704	4.7548704	1.0
3.2672462	3.6284409	0.5
15.577858	18.271687	0.3888889
9.650124	28.075676	0.4
7.765045	16.842243	0.33333334
9.10031	10.439654	0.5510204

NaN	0.0	NaN
15.706233	29.705145	0.4074074
4.3002224	4.3002224	1.0
8.757701	16.0	0.52
11.220633	16.0	0.625
4.83617	5.7867165	0.625
13.373798	13.373798	1.0
11.944698	16.0	0.33333334
8.302795	16.0	0.5
10.533202	10.533202	1.0
13.45374	15.160757	0.5555556
9.399756	16.0	0.78125
5.162178	5.9208975	0.5510204
17.898832	35.77709	0.24305555
16.641472	17.822893	0.375
7.803215	17.040216	0.30612245
12.573679	13.39866	0.5
4.799754	4.799754	1.0
19.257761	22.627417	0.33333334
10.591224	20.950916	0.26530612
NaN	0.0	NaN
16.0	16.0	0.5555556
8.028436	8.028436	1.0
13.181439	20.832767	0.2777778
17.188448	17.188448	1.0
NaN	0.0	NaN
NaN	0.0	NaN
14.432839	14.432839	1.0
6.5584116	6.8386273	0.68
3.4523497	3.4523497	1.0
17.210047	25.434292	0.5
19.231417	19.231417	1.0
12.550346	13.295041	0.68
8.089214	11.629	0.68
5.817137	5.817137	1.0
20.95321	35.823692	0.34
11.030932	11.030932	1.0
3.5387442	3.5387442	1.0
5.791352	5.791352	1.0
11.632479	19.09558	0.34911242
NaN	0.0	NaN
8.030532	8.030532	1.0
8.0039	9.003981	0.5
8.518007	12.234198	0.46875
6.0845394	9.5270405	0.44
11.469253	11.469253	1.0
13.584406	21.918552	0.2
9.30333	11.20377	0.43055555
6.9774084	8.594735	0.5029586
3.0856295	11.19043	0.7037037
3.2751675	3.2751675	1.0
3.6924167	4.10099	0.58
10.210061	10.210061	1.0
12.254349	20.134863	0.625
4.31572	4.31572	1.0
10.030389	10.030389	1.0
2.7128859	2.7128859	1.0
3.6519604	12.725041	0.34
10.251234	13.726988	0.375
9.876115	15.670703	0.5555556
12.501949	16.484282	0.5
5.2011824	5.2011824	1.0
12.955568	12.955568	1.0
4.721298	8.99254	0.52
NaN	0.0	NaN
7.2120843	10.123946	0.5
10.61903	22.631811	0.625
NaN	0.0	NaN
9.77619	9.77619	1.0
12.983774	24.286848	0.40495867
8.748842	8.748842	1.0
18.512468	18.742508	0.625
5.6130447	9.961603	0.68
12.238165	22.930677	0.5510204
10.230336	13.320839	0.3877551
4.470401	5.5241995	0.5555556
5.6875443	15.337052	0.68
12.009122	25.200062	0.2777778
8.7497225	15.306794	0.34375
7.27199	13.667645	0.28395063
NaN	0.0	NaN
7.307696	8.741798	0.3877551
19.954702	24.219196	0.33333334
7.3304453	7.3304453	1.0
10.210061	10.210061	1.0
NaN	0.0	NaN
5.172117	5.172117	1.0
7.9253654	14.465497	0.625
5.8889995	8.615189	0.5555556
6.472333	9.809374	0.25
4.0308986	7.268875	0.36
7.955349	10.319569	0.5
3.1343675	25.173063	0.8347107
3.4523497	3.4523497	1.0
8.438246	13.305017	0.625
8.605286	8.605286	1.0
4.758993	10.812947	0.34375
15.90943	23.407759	0.44
8.576046	14.342367	0.30864197
20.902887	20.902887	1.0
10.812086	28.828606	0.68
3.5387444	3.5387442	1.0

3.4761949	3.4761949	1.0
2.9575458	2.9575458	1.0
2.2548075	2.2548075	1.0
20.072147	24.50987	0.68
6.3962936	10.409417	0.625
6.5753455	8.310932	0.68
8.348394	16.107538	0.68
NaN	0.0	NaN
10.383431	21.533676	0.5555556
8.4648485	8.4648485	1.0
4.0635242	5.5433793	0.52
3.3327012	18.767166	0.8755556
30.985586	30.985586	1.0
NaN	0.0	NaN
13.827809	13.827809	1.0
22.627417	22.627417	1.0
9.431141	10.879214	0.5555556
13.5198345	16.0	0.40625
14.604823	16.0	0.5555556
2.4558737	2.4558737	1.0
4.922595	17.4665	0.82
6.8591995	16.0	0.80246913
NaN	0.0	NaN
13.285242	35.716415	0.24
3.9158807	7.907018	0.68
5.5018387	7.8883114	0.46938777
NaN	0.0	NaN
9.311348	10.507141	0.5
15.098873	15.098873	1.0
9.972858	9.972858	1.0
12.431708	18.070662	0.2231405
19.564049	19.564049	1.0
NaN	0.0	NaN
8.769504	18.137024	0.52
NaN	0.0	NaN
5.455213	6.6079264	0.42
8.9532995	12.078063	0.60330576
NaN	0.0	NaN
9.391085	9.391085	1.0
13.986938	34.09692	0.36
13.177486	17.248613	0.5
2.2210734	16.033775	0.8472222
13.6746435	19.011219	0.375
11.091716	17.004549	0.44
NaN	0.0	NaN
8.552316	10.6751175	0.5555556
12.523108	14.633106	0.5
6.0567493	7.8883114	0.40625
NaN	0.0	NaN
10.017542	22.812449	0.68
9.165184	9.165184	1.0
7.540379	11.377916	0.42857143
19.761847	27.053808	0.33333334
3.078214	31.587233	0.86734694
14.450163	14.450163	1.0
NaN	0.0	NaN
NaN	0.0	NaN
12.64931	12.64931	1.0
12.4153385	30.781475	0.34375
5.8828993	11.414814	0.28395063
13.37848	15.069367	0.7222222
11.416391	17.56367	0.375
10.722453	12.221643	0.5555556
NaN	0.0	NaN
NaN	0.0	NaN
5.1817727	14.236481	0.68
NaN	0.0	NaN
NaN	0.0	NaN
21.4445	27.03623	0.5
1.8437412	1.8437412	1.0
4.3288264	10.385463	0.625
6.2270055	16.788593	0.3888889
11.357595	21.119942	0.3671875
8.883288	15.027296	0.36
6.508623	11.937474	0.43195266
7.899603	10.472247	0.375
NaN	0.0	NaN
NaN	0.0	NaN
9.748326	24.746216	0.33333334
4.389404	13.070851	0.75510204
21.824472	33.57116	0.25
4.7971263	11.685183	0.3877551
NaN	0.0	NaN
NaN	0.0	NaN
12.216122	15.061388	0.375
21.159967	22.61457	0.5
NaN	0.0	NaN
5.2752204	24.916094	0.7083333
8.2132435	8.310932	0.5
10.516757	12.443131	0.44
8.990799	9.1063595	0.5555556
13.069899	20.00518	0.36
5.138055	7.333614	0.5
NaN	0.0	NaN
6.4187884	14.471189	0.7222222
16.482466	22.972515	0.375
8.281882	8.906762	0.34375
NaN	0.0	NaN
6.607927	6.6079264	1.0
9.384504	12.116936	0.5
4.0622897	5.6372914	0.30612245
12.5426855	19.125324	0.18367347

14.09485	16.0	0.5555556
10.742629	10.742629	1.0
14.669787	25.96923	0.28
5.910519	13.218692	0.5555556
12.869563	30.797329	0.30612245
6.7891545	6.7891545	1.0
11.989638	16.0	0.5
8.989647	18.96123	0.625
10.673737	10.673737	1.0
2.6932259	2.6932259	1.0
NaN	0.0	NaN
13.7302065	17.976215	0.5
12.40868	18.625797	0.5
9.073245	16.0	0.34375
12.879706	21.067389	0.3877551
14.854668	16.0	0.625
16.0	16.0	0.625
12.380698	17.130463	0.375
12.037702	20.07802	0.5
22.627417	22.627417	1.0
7.3705816	7.3705816	1.0
NaN	0.0	NaN
14.200824	16.0	0.44
NaN	0.0	NaN
13.213666	16.274021	0.375
10.286121	27.743671	0.23966943
12.475016	19.856829	0.30612245
8.185843	21.667118	0.625
11.713962	28.160608	0.44
9.644129	9.644129	1.0
NaN	0.0	NaN
27.433178	47.581554	0.5
17.382414	17.382414	1.0
NaN	0.0	NaN
22.071568	32.17579	0.375
16.929728	22.168697	0.25
7.6239696	12.796238	0.31487888
9.723612	10.131409	0.5
18.432405	18.432405	1.0
NaN	0.0	NaN
12.180544	12.180544	1.0
11.749289	19.103466	0.26
9.678067	24.643023	0.59183675
15.594431	22.02529	0.28125
14.722654	18.136427	0.5
NaN	0.0	NaN
14.457726	14.457726	1.0
6.419221	6.419221	1.0
12.00034	20.91389	0.33333334
10.484916	10.547928	0.75510204
4.535257	8.28471	0.5555556
8.503441	24.651905	0.28
9.345121	21.07309	0.44
7.905351	9.238321	0.52
13.449691	25.305136	0.42857143
9.911615	10.673737	0.5
5.8469887	9.149494	0.5
13.377975	14.91302	0.5555556
8.322165	8.322165	1.0
18.995573	18.995573	1.0
8.758863	8.758863	1.0
11.524088	28.758455	0.44378698
NaN	0.0	NaN
6.6180415	6.6180415	1.0
7.3705816	7.3705816	1.0
4.392153	13.9711485	0.654321
17.676935	17.676935	1.0
4.4683185	4.4683185	1.0
8.953269	8.953269	1.0
6.465394	6.85892	0.43209878
NaN	0.0	NaN
NaN	0.0	NaN
7.8853507	11.914908	0.5
NaN	0.0	NaN
9.781384	10.733347	0.5555556
12.877017	18.795681	0.28
NaN	0.0	NaN
11.00947	11.00947	1.0
8.761408	21.844044	0.24
13.137938	29.184763	0.25
12.637925	17.153728	0.625
14.296408	20.88296	0.47928995
6.961106	12.855733	0.5555556
7.9201274	7.9201274	1.0
9.609303	10.965316	0.37278107
13.1112175	25.037811	0.4074074
7.4464765	7.7751374	0.5555556
7.1833553	7.1833553	1.0
6.620143	22.750345	0.5401662
19.937618	26.003578	0.375
13.167029	13.167029	1.0
13.178134	13.178134	1.0
13.887336	30.22019	0.2244898
8.105159	9.133605	0.625
NaN	0.0	NaN
15.652481	15.652481	1.0
13.441516	19.721891	0.33333334
14.292734	20.394478	0.375
3.5848656	3.8557925	0.52
4.483713	18.625797	0.7222222
19.612183	20.0056	0.5555556
8.444148	13.158418	0.3888889

6.5898743	8.969511	0.42857143
2.1527748	2.1527748	1.0
10.172608	10.172608	1.0
8.348007	11.3037615	0.44
NaN	0.0	NaN
NaN	0.0	NaN
NaN	0.0	NaN
16.0	16.0	1.0
9.814846	13.115168	0.5
3.842568	4.8312645	0.75510204
13.427935	13.427935	1.0
5.3849273	5.3849273	1.0
11.059417	16.0	0.59183675
16.910013	32.398823	0.28
9.958829	14.521493	0.5
14.242505	16.0	0.36
NaN	0.0	NaN
14.157941	18.90135	0.24691358
6.4799504	6.4799504	1.0
5.5238204	18.430103	0.4489796
13.009813	16.033346	0.5102041
NaN	0.0	NaN
16.0	16.0	1.0
8.276437	8.276437	1.0
10.946095	10.946095	1.0
11.3037615	11.3037615	1.0
5.938651	9.893247	0.3877551
4.4138846	14.202408	0.2244898
7.586747	19.064169	0.4375
4.519827	5.1908593	0.52
11.713374	17.800827	0.5555556
4.2336383	5.1908593	0.5
4.944048	4.944048	1.0
NaN	0.0	NaN
4.404292	6.5058584	0.25443786
7.5486684	8.72051	0.5
9.897957	17.786732	0.4602076
9.834131	15.649448	0.33333334
14.584397	17.320253	0.625
5.203047	15.626694	0.70247936
14.078815	23.510235	0.2777778
4.944048	4.944048	1.0
11.394252	15.1688795	0.375
9.414237	13.64068	0.29166666
5.634466	23.042923	0.7222222
12.148182	12.211461	0.625
3.8669608	11.409475	0.75510204
7.6703663	9.570393	0.5555556
14.683452	28.946074	0.375
13.137635	21.304682	0.3888889
11.038631	26.012213	0.5822222
10.297715	19.354706	0.3469388
12.873134	15.064837	0.375
8.208066	9.1186	0.52
NaN	0.0	NaN
5.2226596	5.222659	1.0
25.805765	36.788494	0.5
3.2574546	6.792788	0.52
10.710739	18.433405	0.36
13.71069	15.641142	0.5
12.30822	18.905182	0.5
8.667486	9.882586	0.5
NaN	0.0	NaN
NaN	0.0	NaN
7.2453995	12.059229	0.3
4.157058	9.083183	0.40828404
NaN	0.0	NaN
NaN	0.0	NaN
7.9540887	10.705079	0.5555556
24.82293	24.82293	1.0
10.485642	12.590124	0.33333334
5.4742575	10.175634	0.4214876
5.1190524	7.870794	0.7222222
7.45253	8.860518	0.52
15.666294	23.164528	0.5
20.518871	20.518871	1.0
4.8519077	5.216688	0.5555556
20.597256	20.597256	1.0
5.2765255	9.882586	0.625
9.778182	14.769561	0.654321
16.567308	27.938702	0.33333334
NaN	0.0	NaN
7.834499	7.834499	1.0
7.710638	8.842682	0.5
NaN	0.0	NaN
15.576756	32.922367	0.20661157
5.396165	5.396165	1.0
4.5925345	4.5925345	1.0
5.2440896	17.213993	0.7222222
13.561003	16.635956	0.375
6.064467	8.207372	0.52
15.847968	31.494864	0.41666666
NaN	0.0	NaN
13.160841	14.8838625	0.4375
NaN	0.0	NaN
6.9970303	24.464231	0.6859504
14.706921	17.80195	0.5555556
6.035398	6.035398	1.0
10.483345	12.8067	0.625
10.405061	17.10271	0.33333334
14.39092	21.655191	0.38271606
3.3939917	8.03456	0.4074074

9.092203	9.092203	1.0
0.6310995	0.6310995	1.0
11.276139	16.0	0.2777778
9.423933	9.976192	0.52
5.832289	16.369522	0.68
12.437618	18.047197	0.5
6.0112176	6.0112176	1.0
12.962865	22.627417	0.5
NaN	0.0	NaN
NaN	0.0	NaN
7.586386	22.113125	0.5972222
17.115	29.295048	0.18343195
6.9267454	16.0	0.18367347
6.800967	6.800967	1.0
6.4709826	6.4709826	1.0
8.861935	31.637596	0.30612245
4.3115497	10.405606	0.5833333
NaN	0.0	NaN
9.059594	9.384706	0.625
18.493216	24.335573	0.5555556
8.573009	13.846886	0.68
10.542251	23.064224	0.5555556
11.183019	34.453403	0.36734694
11.200052	17.46879	0.24
11.577976	11.577976	1.0
9.486547	19.665054	0.68
14.210185	14.210185	1.0
5.794918	7.103243	0.625
2.125233	2.125233	1.0
8.5924425	8.5924425	1.0
5.038265	5.038265	1.0
NaN	0.0	NaN
12.892119	16.056377	0.28125
13.56035	13.56035	1.0
8.518297	8.518297	1.0
NaN	0.0	NaN
13.620758	30.27126	0.68
3.0853634	3.0853634	1.0
5.9734316	10.169296	0.73964494
11.153833	18.434328	0.36
6.0013046	14.997153	0.5
3.0940692	6.27214	0.52662724
8.515617	21.296387	0.5555556
7.3066015	7.3066015	1.0
11.41097	20.796368	0.5
2.3496714	2.3496714	1.0
4.7797394	14.221763	0.37278107
NaN	0.0	NaN
9.826982	9.826982	1.0
17.307554	18.138758	0.5
6.4709826	6.4709826	1.0
5.8215413	13.711414	0.47928995
7.254539	7.254539	1.0
NaN	0.0	NaN
4.0060196	10.269482	0.625
12.266086	20.571724	0.5
10.891106	22.216845	0.46875
6.5966864	13.793354	0.3046875
9.070967	23.913284	0.625
3.3799615	3.392757	0.75510204
15.505599	18.640451	0.33333334
5.038265	5.038265	1.0
9.870596	9.870596	1.0
6.391031	6.391031	1.0
9.321618	17.847322	0.26
9.178328	11.888323	0.3888889
7.3078156	8.155768	0.33333334
14.6310425	28.320847	0.2
9.005644	21.871101	0.3
8.571085	18.611929	0.44
20.120678	20.120678	1.0
15.623172	21.33473	0.42857143
2.359297	5.6439457	0.75510204
1.9181987	1.9181987	1.0
2.8794727	2.8794727	1.0
3.1979814	3.1979809	1.0
10.003986	14.6974745	0.4876033
NaN	0.0	NaN
8.308493	13.254147	0.3877551
15.070277	17.71143	0.30612245
6.0254617	11.124885	0.40625
10.831346	10.831346	1.0
4.161977	11.14364	0.5510204
5.0491114	6.708727	0.5
12.38804	14.540611	0.68
8.5924425	8.5924425	1.0
9.804704	15.9659815	0.25619835
5.535208	12.648133	0.45918366
5.565166	10.985566	0.48765433
NaN	0.0	NaN
3.9650013	3.9650016	1.0
NaN	0.0	NaN
5.5533175	16.628311	0.5739645
15.221339	24.975348	0.3580247
10.396703	15.892779	0.3877551
3.7583349	3.7583349	1.0
14.083215	14.083215	1.0
6.8725624	23.046415	0.78125
10.86258	18.087551	0.375
12.659671	22.112726	0.5
19.678217	27.606943	0.28
8.431281	17.787205	0.28395063

10.359868	10.359868	1.0
19.783096	48.84666	0.3628809
9.326272	18.015514	0.50617284
7.3113527	10.147544	0.42
13.028707	16.29384	0.5
NaN	0.0	NaN
7.796112	7.796112	1.0
22.627417	22.627417	1.0
NaN	0.0	NaN
10.533331	16.0	0.44
7.7080407	24.661556	0.38271606
8.108336	16.0	0.44
21.865183	35.838432	0.2345679
9.986658	16.0	0.36
7.4620028	7.4620028	1.0
7.920367	16.711033	0.33333334
5.0505075	16.0	0.42
NaN	0.0	NaN
3.912603	8.94516	0.8347107
15.566014	16.0	0.5555556
8.620657	9.3323	0.5102041
11.324541	19.731676	0.3877551
16.351242	16.351242	1.0
3.0184999	8.623304	0.42
0.8938635	0.89386344	1.0
9.477607	9.477607	1.0
4.9478407	4.9478407	1.0
2.5470555	2.5470555	1.0
2.7718658	3.679509	0.58
10.637586	10.637586	1.0
13.685129	16.839117	0.5
3.7566757	4.829007	0.5
3.6653585	4.9478407	0.5
15.983001	17.22899	0.59183675
NaN	0.0	NaN
13.428355	16.19612	0.5555556
7.4893327	11.715509	0.5555556
11.510329	11.510329	1.0
7.2952204	12.426596	0.34375
10.212598	12.2232275	0.52
10.53114	10.53114	1.0
0.89386344	0.89386344	1.0
15.999246	24.67357	0.3877551
14.241114	31.78685	0.375
35.43755	51.396507	0.28
12.364758	15.54739	0.5555556
NaN	0.0	NaN
3.9937885	3.9937885	1.0
6.996296	7.392216	0.5510204
7.063423	7.3894796	0.625
6.152221	6.152221	1.0
7.384325	7.794232	0.57024795
6.976771	14.991297	0.5
10.510447	10.510447	1.0
2.9089456	4.081928	0.36
5.3054056	18.81496	0.75510204
7.496002	7.496002	1.0
11.495605	11.495605	1.0
15.214459	15.21446	1.0
9.2522	23.862152	0.75510204
14.476778	22.917952	0.30864197
15.498414	16.063593	0.5
10.307655	14.197524	0.5
7.0200005	14.15433	0.44
10.835469	10.835469	1.0
4.377298	4.377298	1.0
11.632114	27.186398	0.375
20.062239	28.985178	0.2777778
7.892826	7.892826	1.0
27.394142	27.394142	1.0
13.917741	13.917741	1.0
12.457358	19.210768	0.34240362
NaN	0.0	NaN
NaN	0.0	NaN
14.025985	29.579779	0.41666666
17.228699	17.228699	1.0
10.251621	10.251621	1.0
14.368454	18.084179	0.5555556
7.414761	11.03174	0.5
19.948887	27.47118	0.5
8.350155	12.152094	0.34375
3.053813	3.053813	1.0
7.618267	10.7769575	0.5555556
15.877533	46.640198	0.3
12.564356	13.502566	0.5510204
12.233987	20.474186	0.5
NaN	0.0	NaN
6.817209	6.817209	1.0
NaN	0.0	NaN
3.515726	3.515726	1.0
25.163355	28.87732	0.5555556
17.067734	20.19711	0.43055555
10.251621	10.251621	1.0
4.634521	4.634521	1.0
11.781052	29.236181	0.44
8.00975	8.00975	1.0
10.534584	14.987941	0.38271606
3.7231145	3.7231145	1.0
6.7005553	8.623304	0.68
6.2050934	8.312651	0.43209878
7.7369103	14.756142	0.53125
18.884218	18.884218	1.0

11.506593	16.0	0.5
7.724083	16.0	0.68
16.083464	16.083464	1.0
7.3710303	16.0	0.4074074
NaN	0.0	NaN
9.088284	9.088284	1.0
11.510195	16.0	0.5
9.295965	9.295965	1.0
9.549455	10.971606	0.2777778
10.076368	16.0	0.5
14.743314	26.693373	0.3877551
4.6989846	16.0	0.75510204
9.521316	16.0	0.20833333
12.731683	16.0	0.28
11.33452	11.33452	1.0
7.301022	7.301022	1.0
7.089273	16.0	0.34375
9.085928	9.085928	1.0
14.853856	16.0	0.5555556
NaN	0.0	NaN
9.116726	9.116726	1.0
17.23593	27.156942	0.2892562
16.604269	16.604269	1.0
2.8618689	3.4941826	0.5555556
8.915902	22.627417	0.5555556
4.270814	13.11349	0.68
8.070373	17.795822	0.30555555
12.948768	25.89721	0.46875
NaN	0.0	NaN
10.742475	10.742475	1.0
9.449532	18.147423	0.375
10.232961	13.718735	0.22222222
7.135996	7.135996	1.0
8.96348	15.067984	0.42857143
6.3603063	6.3603063	1.0
3.3370469	3.3370469	1.0
17.371996	17.371996	1.0
18.859905	37.701115	0.40625
12.219436	19.96363	0.28
NaN	0.0	NaN
1.9948415	4.3804398	0.75510204
10.116604	10.116604	1.0
9.332869	21.004078	0.3580247
5.0511956	5.0511956	1.0
4.6478896	4.6478896	1.0
5.0591097	5.342142	0.5
16.276442	16.276442	1.0
24.873526	24.873526	1.0
11.474095	37.478424	0.42857143
10.8338785	14.268185	0.5555556
13.007394	14.966749	0.5
9.503564	21.677807	0.5555556
4.854016	7.7291636	0.5555556
7.64208	7.64208	1.0
9.049264	12.175995	0.625
6.5911865	8.878909	0.5555556
10.369655	28.554804	0.30612245
12.611246	25.253336	0.3469388
12.920804	23.097616	0.33333334
9.917165	13.529939	0.33333334
NaN	0.0	NaN
12.891714	21.210865	0.28
5.6894054	5.6894054	1.0
8.176372	18.921297	0.5555556
6.3185954	19.38069	0.6859504
2.8062234	2.815482	0.68
NaN	0.0	NaN
3.0830607	3.0830607	1.0
NaN	0.0	NaN
11.290597	11.33452	0.68
14.600136	23.275381	0.5
12.093129	27.668314	0.6296296
11.159305	12.50096	0.5555556
5.6944513	7.135996	0.29591838
2.7870226	8.741832	0.8347107
8.084521	9.085928	0.5555556
6.001605	6.001605	1.0
8.509298	9.231381	0.42857143
NaN	0.0	NaN
NaN	0.0	NaN
12.414314	21.722364	0.54
12.954206	13.015858	0.68
17.71759	17.71759	1.0
NaN	0.0	NaN
5.3698845	5.3698845	1.0
16.083763	25.809795	0.16666667
6.9139457	11.323221	0.5555556
21.145254	28.265755	0.5
6.663025	9.18566	0.60330576
9.19244	14.361568	0.43055555
5.3698845	5.3698845	1.0
11.094987	11.094987	1.0
7.809654	11.841257	0.68
10.025069	11.742269	0.5555556
13.351677	21.979462	0.32
29.61231	29.69704	0.75510204
11.587503	11.587503	1.0
NaN	0.0	NaN
8.558277	12.044374	0.32231405
NaN	0.0	NaN
13.93237	27.49581	0.38842976
6.118633	12.686554	0.48096886

9.226435	15.240023	0.375
7.168373	9.035898	0.5
22.897865	22.897865	1.0
22.627417	22.627417	1.0
7.304325	7.304325	1.0
10.171054	10.171054	1.0
3.5446126	3.5446126	1.0
NaN	0.0	NaN
6.230558	6.230558	1.0
14.397043	16.0	0.5
12.387389	16.0	0.375
14.864914	14.864914	1.0
18.832773	22.627417	0.5555556
22.81098	26.703579	0.33333334
21.378017	21.378017	1.0
14.002486	22.61622	0.5555556
9.196159	16.0	0.59183675
NaN	0.0	NaN
5.1592917	5.1592917	1.0
11.429557	23.795263	0.20987654
8.191305	8.191305	1.0
14.16676	18.377266	0.33333334
8.003372	35.954605	0.66
4.010433	6.10212	0.5041322
8.559017	8.559017	1.0
11.092652	11.092652	1.0
9.313284	9.313284	1.0
NaN	0.0	NaN
10.313815	15.795241	0.5
6.455087	7.0808115	0.7222222
18.94664	24.245718	0.33333334
15.412433	27.619284	0.33333334
14.043275	46.50501	0.3553719
13.606615	23.541817	0.26530612
6.4176965	6.4176965	1.0
NaN	0.0	NaN
4.9958153	4.9958153	1.0
5.8408194	6.1971297	0.68
NaN	0.0	NaN
11.531774	11.531774	1.0
2.5811954	4.982168	0.6859504
9.896385	17.477488	0.5
11.245434	26.86403	0.46875
NaN	0.0	NaN
9.598183	11.884039	0.5
7.1692886	18.144522	0.34375
12.036855	12.036855	1.0
8.72522	20.157156	0.5510204
6.132811	18.89264	0.6859504
7.8960724	9.035898	0.33333334
16.307325	20.438158	0.375
16.229866	16.229866	1.0
12.448597	12.448597	1.0
16.580359	37.51451	0.44
7.7654076	22.733328	0.3125
7.523488	19.161827	0.3828125
15.215915	15.927537	0.44
8.720745	8.720745	1.0
NaN	0.0	NaN
4.9958153	4.9958153	1.0
8.511079	8.51108	1.0
22.912958	31.782104	0.3888889
8.054533	8.054533	1.0
11.022004	13.417402	0.5555556
18.175568	23.05996	0.80246913
NaN	0.0	NaN
8.629322	14.279004	0.5
15.633238	23.56926	0.5
11.555146	15.745091	0.5510204
NaN	0.0	NaN
NaN	0.0	NaN
8.745251	14.72219	0.5
3.0729086	4.489033	0.50222224
7.318189	14.095487	0.3472222
10.961336	12.794086	0.375
4.6527686	5.721577	0.654321
5.795617	5.795617	1.0
8.5118685	8.5118685	1.0
8.239045	9.533611	0.3888889
6.10212	6.10212	1.0
15.847179	25.544388	0.5
NaN	0.0	NaN
10.038328	18.054745	0.30555555
13.864889	23.268167	0.28
4.9936934	9.774193	0.59183675
11.132717	18.227203	0.5
9.313284	9.313284	1.0
8.068081	32.536263	0.59375
2.8809054	2.8809059	1.0
8.289078	14.951011	0.19031142
6.0102324	7.475503	0.2734375
16.159819	26.513988	0.22222222
3.827591	3.827591	1.0
8.720745	8.720745	1.0
9.586374	9.586374	1.0
4.299161	4.3473945	0.625
7.1361237	11.847128	0.5510204
9.643632	9.643632	1.0
6.8665323	22.094465	0.625
4.737707	11.697889	0.515625
9.364616	12.253569	0.5555556
18.329735	18.329735	1.0

